2024-05-07 21:52:02,780 - Using cuda
2024-05-07 21:52:10,401 - Epoch [5/250], Loss: -11.7523 (-15.0153, 0.1638, 3.0992)
2024-05-07 21:52:10,401 -      ETA: 00:01:14.62
2024-05-07 21:52:17,992 - Epoch [10/250], Loss: -17.6545 (-18.9576, 0.1512, 1.1520)
2024-05-07 21:52:17,992 -      ETA: 00:01:12.95
2024-05-07 21:52:25,611 - Epoch [15/250], Loss: -18.7405 (-19.7108, 0.1450, 0.8253)
2024-05-07 21:52:25,611 -      ETA: 00:01:11.86
2024-05-07 21:52:33,239 - Epoch [20/250], Loss: -21.0016 (-21.8123, 0.1396, 0.6712)
2024-05-07 21:52:33,239 -      ETA: 00:01:10.33
2024-05-07 21:52:40,893 - Epoch [25/250], Loss: -21.9638 (-22.6113, 0.1264, 0.5212)
2024-05-07 21:52:40,893 -      ETA: 00:01:09.21
2024-05-07 21:52:48,560 - Epoch [30/250], Loss: -22.1032 (-22.7613, 0.1377, 0.5204)
2024-05-07 21:52:48,560 -      ETA: 00:01:07.51
2024-05-07 21:52:56,223 - Epoch [35/250], Loss: -23.1180 (-23.7050, 0.1291, 0.4580)
2024-05-07 21:52:56,224 -      ETA: 00:01:05.98
2024-05-07 21:53:03,910 - Epoch [40/250], Loss: -23.0185 (-23.5907, 0.1219, 0.4503)
2024-05-07 21:53:03,910 -      ETA: 00:01:04.80
2024-05-07 21:53:11,612 - Epoch [45/250], Loss: -23.7403 (-24.2325, 0.1179, 0.3743)
2024-05-07 21:53:11,612 -      ETA: 00:01:03.24
2024-05-07 21:53:19,317 - Epoch [50/250], Loss: -23.0335 (-23.7731, 0.1314, 0.6081)
2024-05-07 21:53:19,317 -      ETA: 00:01:01.74
2024-05-07 21:53:19,350 - == NETWORK SAVED

2024-05-07 21:53:27,062 - Epoch [55/250], Loss: -24.8071 (-25.3724, 0.1344, 0.4309)
2024-05-07 21:53:27,062 -      ETA: 00:01:00.26
2024-05-07 21:53:34,784 - Epoch [60/250], Loss: -24.4881 (-25.1475, 0.1265, 0.5329)
2024-05-07 21:53:34,784 -      ETA: 00:00:58.77
2024-05-07 21:53:42,507 - Epoch [65/250], Loss: -24.6926 (-25.2231, 0.1178, 0.4128)
2024-05-07 21:53:42,507 -      ETA: 00:00:57.19
2024-05-07 21:53:50,234 - Epoch [70/250], Loss: -25.1012 (-25.6728, 0.1252, 0.4464)
2024-05-07 21:53:50,234 -      ETA: 00:00:55.57
2024-05-07 21:53:57,963 - Epoch [75/250], Loss: -25.5595 (-26.0860, 0.1107, 0.4158)
2024-05-07 21:53:57,963 -      ETA: 00:00:54.16
2024-05-07 21:54:05,692 - Epoch [80/250], Loss: -25.7957 (-26.3232, 0.1132, 0.4143)
2024-05-07 21:54:05,692 -      ETA: 00:00:52.66
2024-05-07 21:54:13,416 - Epoch [85/250], Loss: -25.3565 (-25.8761, 0.1107, 0.4088)
2024-05-07 21:54:13,416 -      ETA: 00:00:50.99
2024-05-07 21:54:21,135 - Epoch [90/250], Loss: -26.2035 (-26.7092, 0.1220, 0.3836)
2024-05-07 21:54:21,135 -      ETA: 00:00:49.35
2024-05-07 21:54:28,857 - Epoch [95/250], Loss: -26.4776 (-27.0185, 0.1176, 0.4234)
2024-05-07 21:54:28,857 -      ETA: 00:00:47.96
2024-05-07 21:54:36,580 - Epoch [100/250], Loss: -26.4045 (-26.9910, 0.1206, 0.4659)
2024-05-07 21:54:36,581 -      ETA: 00:00:46.35
2024-05-07 21:54:36,627 - == NETWORK SAVED

2024-05-07 21:54:44,347 - Epoch [105/250], Loss: -26.2122 (-26.7189, 0.1060, 0.4008)
2024-05-07 21:54:44,347 -      ETA: 00:00:44.93
2024-05-07 21:54:52,066 - Epoch [110/250], Loss: -26.5938 (-27.1169, 0.1160, 0.4071)
2024-05-07 21:54:52,066 -      ETA: 00:00:43.24
2024-05-07 21:54:59,792 - Epoch [115/250], Loss: -26.7032 (-27.1725, 0.1071, 0.3623)
2024-05-07 21:54:59,792 -      ETA: 00:00:41.67
2024-05-07 21:55:07,513 - Epoch [120/250], Loss: -27.2488 (-27.7686, 0.1137, 0.4061)
2024-05-07 21:55:07,513 -      ETA: 00:00:40.15
2024-05-07 21:55:15,232 - Epoch [125/250], Loss: -27.2763 (-27.7419, 0.1090, 0.3567)
2024-05-07 21:55:15,232 -      ETA: 00:00:38.60
2024-05-07 21:55:22,953 - Epoch [130/250], Loss: -27.2761 (-27.7579, 0.1107, 0.3711)
2024-05-07 21:55:22,953 -      ETA: 00:00:37.03
2024-05-07 21:55:30,677 - Epoch [135/250], Loss: -27.0127 (-27.4789, 0.1036, 0.3626)
2024-05-07 21:55:30,677 -      ETA: 00:00:35.52
2024-05-07 21:55:38,398 - Epoch [140/250], Loss: -27.8469 (-28.3234, 0.1078, 0.3686)
2024-05-07 21:55:38,398 -      ETA: 00:00:33.98
2024-05-07 21:55:46,123 - Epoch [145/250], Loss: -28.0663 (-28.5506, 0.1056, 0.3788)
2024-05-07 21:55:46,123 -      ETA: 00:00:32.45
2024-05-07 21:55:53,849 - Epoch [150/250], Loss: -27.8747 (-28.3207, 0.0993, 0.3467)
2024-05-07 21:55:53,849 -      ETA: 00:00:30.91
2024-05-07 21:55:53,910 - == NETWORK SAVED

2024-05-07 21:56:01,617 - Epoch [155/250], Loss: -28.2522 (-28.7214, 0.1035, 0.3657)
2024-05-07 21:56:01,617 -      ETA: 00:00:29.34
2024-05-07 21:56:09,341 - Epoch [160/250], Loss: -28.5048 (-28.9350, 0.0997, 0.3305)
2024-05-07 21:56:09,341 -      ETA: 00:00:27.80
2024-05-07 21:56:17,068 - Epoch [165/250], Loss: -28.3545 (-28.8190, 0.1025, 0.3621)
2024-05-07 21:56:17,069 -      ETA: 00:00:26.26
2024-05-07 21:56:24,796 - Epoch [170/250], Loss: -28.1082 (-28.5916, 0.1029, 0.3805)
2024-05-07 21:56:24,796 -      ETA: 00:00:24.75
2024-05-07 21:56:32,521 - Epoch [175/250], Loss: -28.2418 (-28.6978, 0.1003, 0.3557)
2024-05-07 21:56:32,521 -      ETA: 00:00:23.14
2024-05-07 21:56:40,252 - Epoch [180/250], Loss: -28.0686 (-28.5496, 0.0969, 0.3841)
2024-05-07 21:56:40,252 -      ETA: 00:00:21.61
2024-05-07 21:56:47,975 - Epoch [185/250], Loss: -28.9704 (-29.3844, 0.0945, 0.3194)
2024-05-07 21:56:47,976 -      ETA: 00:00:20.06
2024-05-07 21:56:55,698 - Epoch [190/250], Loss: -27.7418 (-28.2233, 0.0989, 0.3826)
2024-05-07 21:56:55,698 -      ETA: 00:00:18.53
2024-05-07 21:57:03,427 - Epoch [195/250], Loss: -29.0596 (-29.4794, 0.0972, 0.3226)
2024-05-07 21:57:03,428 -      ETA: 00:00:17.00
2024-05-07 21:57:11,166 - Epoch [200/250], Loss: -28.9702 (-29.3960, 0.0947, 0.3311)
2024-05-07 21:57:11,166 -      ETA: 00:00:15.46
2024-05-07 21:57:11,235 - == NETWORK SAVED

2024-05-07 21:57:18,949 - Epoch [205/250], Loss: -29.4950 (-29.8947, 0.0935, 0.3063)
2024-05-07 21:57:18,949 -      ETA: 00:00:13.91
2024-05-07 21:57:26,680 - Epoch [210/250], Loss: -29.2791 (-29.6942, 0.0927, 0.3224)
2024-05-07 21:57:26,680 -      ETA: 00:00:12.34
2024-05-07 21:57:34,408 - Epoch [215/250], Loss: -29.5687 (-29.9793, 0.0937, 0.3169)
2024-05-07 21:57:34,408 -      ETA: 00:00:10.81
2024-05-07 21:57:42,146 - Epoch [220/250], Loss: -29.3342 (-29.7550, 0.0907, 0.3301)
2024-05-07 21:57:42,146 -      ETA: 00:00:09.27
2024-05-07 21:57:49,886 - Epoch [225/250], Loss: -29.3544 (-29.7168, 0.0799, 0.2824)
2024-05-07 21:57:49,886 -      ETA: 00:00:07.72
2024-05-07 21:57:57,625 - Epoch [230/250], Loss: -29.5100 (-29.9252, 0.0909, 0.3243)
2024-05-07 21:57:57,625 -      ETA: 00:00:06.20
2024-05-07 21:58:05,362 - Epoch [235/250], Loss: -29.4142 (-29.8091, 0.0846, 0.3103)
2024-05-07 21:58:05,362 -      ETA: 00:00:04.63
2024-05-07 21:58:13,106 - Epoch [240/250], Loss: -29.4335 (-29.8322, 0.0882, 0.3105)
2024-05-07 21:58:13,106 -      ETA: 00:00:03.09
2024-05-07 21:58:20,848 - Epoch [245/250], Loss: -30.1181 (-30.5123, 0.0894, 0.3048)
2024-05-07 21:58:20,849 -      ETA: 00:00:01.54
2024-05-07 21:58:26,117 - Exception occurred at epoch 249. Expected parameter loc (Tensor of shape (256, 813, 5, 8)) of distribution Normal(loc: torch.Size([256, 813, 5, 8]), scale: torch.Size([256, 813, 5, 8])) to satisfy the constraint Real(), but found invalid values:
tensor([[[[nan, nan, nan,  ..., nan, nan, nan],
          [nan, nan, nan,  ..., nan, na
2024-05-07 21:58:26,117 - Restoring model from epoch 249
2024-05-07 21:58:33,851 - Epoch [250/250], Loss: -30.1576 (-30.5306, 0.0822, 0.2908)
2024-05-07 21:58:33,851 -      ETA: 00:00:00.00
2024-05-07 21:58:33,937 - == NETWORK SAVED

