2024-05-07 21:52:04,980 - Using cuda
2024-05-07 21:52:19,549 - Epoch [5/250], Loss: -14.3502 (-15.5951, 0.1437, 1.1012)
2024-05-07 21:52:19,551 -      ETA: 00:02:22.77
2024-05-07 21:52:34,081 - Epoch [10/250], Loss: -17.0703 (-17.9724, 0.1565, 0.7457)
2024-05-07 21:52:34,082 -      ETA: 00:02:20.03
2024-05-07 21:52:48,733 - Epoch [15/250], Loss: -18.7008 (-19.4364, 0.1500, 0.5856)
2024-05-07 21:52:48,733 -      ETA: 00:02:17.79
2024-05-07 21:53:03,389 - Epoch [20/250], Loss: -20.0884 (-20.7188, 0.1486, 0.4817)
2024-05-07 21:53:03,390 -      ETA: 00:02:15.50
2024-05-07 21:53:18,029 - Epoch [25/250], Loss: -21.3570 (-21.9091, 0.1519, 0.4001)
2024-05-07 21:53:18,029 -      ETA: 00:02:12.55
2024-05-07 21:53:32,692 - Epoch [30/250], Loss: -21.7931 (-22.2454, 0.1330, 0.3193)
2024-05-07 21:53:32,692 -      ETA: 00:02:09.76
2024-05-07 21:53:47,398 - Epoch [35/250], Loss: -21.9302 (-22.5764, 0.1385, 0.5077)
2024-05-07 21:53:47,399 -      ETA: 00:02:07.47
2024-05-07 21:54:02,276 - Epoch [40/250], Loss: -21.7677 (-22.1892, 0.1398, 0.2817)
2024-05-07 21:54:02,276 -      ETA: 00:02:05.10
2024-05-07 21:54:17,123 - Epoch [45/250], Loss: -23.4031 (-23.7928, 0.1393, 0.2504)
2024-05-07 21:54:17,123 -      ETA: 00:02:02.16
2024-05-07 21:54:31,907 - Epoch [50/250], Loss: -23.2107 (-23.5869, 0.1404, 0.2358)
2024-05-07 21:54:31,907 -      ETA: 00:01:58.24
2024-05-07 21:54:31,955 - == NETWORK SAVED

2024-05-07 21:54:46,700 - Epoch [55/250], Loss: -23.2603 (-23.6151, 0.1386, 0.2162)
2024-05-07 21:54:46,701 -      ETA: 00:01:56.23
2024-05-07 21:55:01,552 - Epoch [60/250], Loss: -23.7932 (-24.1284, 0.1373, 0.1979)
2024-05-07 21:55:01,552 -      ETA: 00:01:52.33
2024-05-07 21:55:16,418 - Epoch [65/250], Loss: -23.8709 (-24.2016, 0.1357, 0.1950)
2024-05-07 21:55:16,419 -      ETA: 00:01:50.15
2024-05-07 21:55:31,240 - Epoch [70/250], Loss: -24.1647 (-24.4628, 0.1216, 0.1765)
2024-05-07 21:55:31,240 -      ETA: 00:01:47.26
2024-05-07 21:55:46,032 - Epoch [75/250], Loss: -24.9988 (-25.2997, 0.1337, 0.1672)
2024-05-07 21:55:46,032 -      ETA: 00:01:43.45
2024-05-07 21:56:00,924 - Epoch [80/250], Loss: -24.8360 (-25.1224, 0.1213, 0.1651)
2024-05-07 21:56:00,924 -      ETA: 00:01:41.20
2024-05-07 21:56:15,937 - Epoch [85/250], Loss: -25.5742 (-25.8502, 0.1172, 0.1588)
2024-05-07 21:56:15,938 -      ETA: 00:01:39.23
2024-05-07 21:56:30,931 - Epoch [90/250], Loss: -25.3376 (-25.6067, 0.1186, 0.1506)
2024-05-07 21:56:30,932 -      ETA: 00:01:36.32
2024-05-07 21:56:45,920 - Epoch [95/250], Loss: -25.4455 (-25.7225, 0.1238, 0.1532)
2024-05-07 21:56:45,920 -      ETA: 00:01:32.91
2024-05-07 21:57:00,930 - Epoch [100/250], Loss: -25.2128 (-25.4691, 0.1124, 0.1439)
2024-05-07 21:57:00,930 -      ETA: 00:01:30.01
2024-05-07 21:57:00,994 - == NETWORK SAVED

2024-05-07 21:57:15,965 - Epoch [105/250], Loss: -26.1232 (-26.4040, 0.1298, 0.1509)
2024-05-07 21:57:15,966 -      ETA: 00:01:27.30
2024-05-07 21:57:30,928 - Epoch [110/250], Loss: -26.0391 (-26.2893, 0.1136, 0.1367)
2024-05-07 21:57:30,928 -      ETA: 00:01:23.74
2024-05-07 21:57:45,905 - Epoch [115/250], Loss: -25.7999 (-26.0415, 0.1095, 0.1321)
2024-05-07 21:57:45,906 -      ETA: 00:01:21.16
2024-05-07 21:58:00,880 - Epoch [120/250], Loss: -26.7975 (-27.0515, 0.1196, 0.1344)
2024-05-07 21:58:00,880 -      ETA: 00:01:17.74
2024-05-07 21:58:15,772 - Epoch [125/250], Loss: -26.6193 (-26.8481, 0.1109, 0.1179)
2024-05-07 21:58:15,773 -      ETA: 00:01:14.10
2024-05-07 21:58:30,754 - Epoch [130/250], Loss: -26.9065 (-27.1437, 0.1133, 0.1239)
2024-05-07 21:58:30,755 -      ETA: 00:01:11.89
2024-05-07 21:58:45,748 - Epoch [135/250], Loss: -26.9050 (-27.1353, 0.1106, 0.1197)
2024-05-07 21:58:45,748 -      ETA: 00:01:09.03
2024-05-07 21:59:00,739 - Epoch [140/250], Loss: -26.9545 (-27.1822, 0.1120, 0.1157)
2024-05-07 21:59:00,739 -      ETA: 00:01:05.79
2024-05-07 21:59:15,717 - Epoch [145/250], Loss: -27.0240 (-27.2434, 0.1084, 0.1110)
2024-05-07 21:59:15,717 -      ETA: 00:01:02.64
2024-05-07 21:59:30,574 - Epoch [150/250], Loss: -27.9009 (-28.1304, 0.1140, 0.1155)
2024-05-07 21:59:30,574 -      ETA: 00:00:59.48
2024-05-07 21:59:30,661 - == NETWORK SAVED

2024-05-07 21:59:45,611 - Epoch [155/250], Loss: -27.7088 (-27.9327, 0.1124, 0.1116)
2024-05-07 21:59:45,612 -      ETA: 00:00:57.18
2024-05-07 22:00:00,604 - Epoch [160/250], Loss: -26.7954 (-27.0117, 0.1146, 0.1018)
2024-05-07 22:00:00,605 -      ETA: 00:00:53.88
2024-05-07 22:00:15,604 - Epoch [165/250], Loss: -28.1749 (-28.3957, 0.1103, 0.1105)
2024-05-07 22:00:15,604 -      ETA: 00:00:50.87
2024-05-07 22:00:30,622 - Epoch [170/250], Loss: -28.0993 (-28.3036, 0.1067, 0.0976)
2024-05-07 22:00:30,623 -      ETA: 00:00:48.07
2024-05-07 22:00:45,516 - Epoch [175/250], Loss: -27.6383 (-27.8618, 0.1100, 0.1135)
2024-05-07 22:00:45,517 -      ETA: 00:00:44.72
2024-05-07 22:01:00,370 - Epoch [180/250], Loss: -27.4154 (-27.6107, 0.0985, 0.0969)
2024-05-07 22:01:00,370 -      ETA: 00:00:41.58
2024-05-07 22:01:15,262 - Epoch [185/250], Loss: -27.8424 (-28.0359, 0.0997, 0.0938)
2024-05-07 22:01:15,262 -      ETA: 00:00:38.83
2024-05-07 22:01:30,114 - Epoch [190/250], Loss: -28.3831 (-28.5746, 0.0972, 0.0943)
2024-05-07 22:01:30,114 -      ETA: 00:00:35.64
2024-05-07 22:01:44,939 - Epoch [195/250], Loss: -28.0944 (-28.2895, 0.1043, 0.0908)
2024-05-07 22:01:44,940 -      ETA: 00:00:32.56
2024-05-07 22:01:59,714 - Epoch [200/250], Loss: -28.4992 (-28.6902, 0.0974, 0.0935)
2024-05-07 22:01:59,714 -      ETA: 00:00:29.79
2024-05-07 22:01:59,804 - == NETWORK SAVED

2024-05-07 22:02:03,995 - Exception occurred at epoch 202. Expected parameter loc (Tensor of shape (256, 503, 5, 8)) of distribution Normal(loc: torch.Size([256, 503, 5, 8]), scale: torch.Size([256, 503, 5, 8])) to satisfy the constraint Real(), but found invalid values:
tensor([[[[nan, nan, nan,  ..., nan, nan, nan],
          [nan, nan, nan,  ..., nan, na
2024-05-07 22:02:03,995 - Restoring model from epoch 202
2024-05-07 22:02:19,014 - Epoch [205/250], Loss: -27.7015 (-27.9029, 0.1033, 0.0980)
2024-05-07 22:02:19,015 -      ETA: 00:00:26.87
2024-05-07 22:02:34,025 - Epoch [210/250], Loss: -29.2406 (-29.4315, 0.1009, 0.0900)
2024-05-07 22:02:34,025 -      ETA: 00:00:24.04
2024-05-07 22:02:36,948 - Exception occurred at epoch 211. Expected parameter loc (Tensor of shape (256, 516, 5, 8)) of distribution Normal(loc: torch.Size([256, 516, 5, 8]), scale: torch.Size([256, 516, 5, 8])) to satisfy the constraint Real(), but found invalid values:
tensor([[[[nan, nan, nan,  ..., nan, nan, nan],
          [nan, nan, nan,  ..., nan, na
2024-05-07 22:02:36,948 - Restoring model from epoch 211
2024-05-07 22:02:48,497 - Exception occurred at epoch 214. Expected parameter loc (Tensor of shape (256, 503, 5, 8)) of distribution Normal(loc: torch.Size([256, 503, 5, 8]), scale: torch.Size([256, 503, 5, 8])) to satisfy the constraint Real(), but found invalid values:
tensor([[[[nan, nan, nan,  ..., nan, nan, nan],
          [nan, nan, nan,  ..., nan, na
2024-05-07 22:02:48,498 - Restoring model from epoch 214
2024-05-07 22:03:03,415 - Epoch [215/250], Loss: nan (nan, 0.1021, 0.0928)
2024-05-07 22:03:03,415 -      ETA: 00:00:20.85
2024-05-07 22:03:03,490 - Exception occurred at epoch 216. Expected parameter loc (Tensor of shape (256, 594, 5, 8)) of distribution Normal(loc: torch.Size([256, 594, 5, 8]), scale: torch.Size([256, 594, 5, 8])) to satisfy the constraint Real(), but found invalid values:
tensor([[[[nan, nan, nan,  ..., nan, nan, nan],
          [nan, nan, nan,  ..., nan, na
2024-05-07 22:03:03,490 - Restoring model from epoch 216
2024-05-07 22:03:03,587 - Exception occurred at epoch 216. Expected parameter loc (Tensor of shape (256, 391, 5, 8)) of distribution Normal(loc: torch.Size([256, 391, 5, 8]), scale: torch.Size([256, 391, 5, 8])) to satisfy the constraint Real(), but found invalid values:
tensor([[[[nan, nan, nan,  ..., nan, nan, nan],
          [nan, nan, nan,  ..., nan, na
2024-05-07 22:03:03,588 - Restoring model from epoch 216
2024-05-07 22:03:03,663 - Exception occurred at epoch 216. Expected parameter loc (Tensor of shape (256, 813, 5, 8)) of distribution Normal(loc: torch.Size([256, 813, 5, 8]), scale: torch.Size([256, 813, 5, 8])) to satisfy the constraint Real(), but found invalid values:
tensor([[[[nan, nan, nan,  ..., nan, nan, nan],
          [nan, nan, nan,  ..., nan, na
2024-05-07 22:03:03,663 - Restoring model from epoch 216
2024-05-07 22:03:03,731 - Exception occurred at epoch 216. Expected parameter loc (Tensor of shape (256, 625, 5, 8)) of distribution Normal(loc: torch.Size([256, 625, 5, 8]), scale: torch.Size([256, 625, 5, 8])) to satisfy the constraint Real(), but found invalid values:
tensor([[[[nan, nan, nan,  ..., nan, nan, nan],
          [nan, nan, nan,  ..., nan, na
2024-05-07 22:03:03,731 - Restoring model from epoch 216
2024-05-07 22:03:18,712 - Epoch [215/250], Loss: -28.7747 (-28.9828, 0.1025, 0.1056)
2024-05-07 22:03:18,713 -      ETA: 00:00:21.02
2024-05-07 22:03:22,429 - Exception occurred at epoch 217. Expected parameter loc (Tensor of shape (256, 552, 5, 8)) of distribution Normal(loc: torch.Size([256, 552, 5, 8]), scale: torch.Size([256, 552, 5, 8])) to satisfy the constraint Real(), but found invalid values:
tensor([[[[nan, nan, nan,  ..., nan, nan, nan],
          [nan, nan, nan,  ..., nan, na
2024-05-07 22:03:22,429 - Restoring model from epoch 217
2024-05-07 22:03:24,713 - Exception occurred at epoch 216. Expected parameter loc (Tensor of shape (256, 631, 5, 8)) of distribution Normal(loc: torch.Size([256, 631, 5, 8]), scale: torch.Size([256, 631, 5, 8])) to satisfy the constraint Real(), but found invalid values:
tensor([[[[nan, nan, nan,  ..., nan, nan, nan],
          [nan, nan, nan,  ..., nan, na
2024-05-07 22:03:24,713 - Restoring model from epoch 216
2024-05-07 22:03:25,123 - Exception occurred at epoch 216. Expected parameter loc (Tensor of shape (256, 801, 5, 8)) of distribution Normal(loc: torch.Size([256, 801, 5, 8]), scale: torch.Size([256, 801, 5, 8])) to satisfy the constraint Real(), but found invalid values:
tensor([[[[nan, nan, nan,  ..., nan, nan, nan],
          [nan, nan, nan,  ..., nan, na
2024-05-07 22:03:25,124 - Restoring model from epoch 216
2024-05-07 22:03:31,031 - Exception occurred at epoch 217. Expected parameter loc (Tensor of shape (256, 610, 5, 8)) of distribution Normal(loc: torch.Size([256, 610, 5, 8]), scale: torch.Size([256, 610, 5, 8])) to satisfy the constraint Real(), but found invalid values:
tensor([[[[nan, nan, nan,  ..., nan, nan, nan],
          [nan, nan, nan,  ..., nan, na
2024-05-07 22:03:31,032 - Restoring model from epoch 217
2024-05-07 22:03:41,714 - Exception occurred at epoch 209. Expected parameter loc (Tensor of shape (256, 625, 5, 8)) of distribution Normal(loc: torch.Size([256, 625, 5, 8]), scale: torch.Size([256, 625, 5, 8])) to satisfy the constraint Real(), but found invalid values:
tensor([[[[nan, nan, nan,  ..., nan, nan, nan],
          [nan, nan, nan,  ..., nan, na
2024-05-07 22:03:41,714 - Restoring model from epoch 209
2024-05-07 22:03:52,755 - Exception occurred at epoch 209. Expected parameter loc (Tensor of shape (256, 552, 5, 8)) of distribution Normal(loc: torch.Size([256, 552, 5, 8]), scale: torch.Size([256, 552, 5, 8])) to satisfy the constraint Real(), but found invalid values:
tensor([[[[nan, nan, nan,  ..., nan, nan, nan],
          [nan, nan, nan,  ..., nan, na
2024-05-07 22:03:52,755 - Restoring model from epoch 209
2024-05-07 22:03:59,665 - Exception occurred at epoch 208. Expected parameter loc (Tensor of shape (256, 813, 5, 8)) of distribution Normal(loc: torch.Size([256, 813, 5, 8]), scale: torch.Size([256, 813, 5, 8])) to satisfy the constraint Real(), but found invalid values:
tensor([[[[nan, nan, nan,  ..., nan, nan, nan],
          [nan, nan, nan,  ..., nan, na
2024-05-07 22:03:59,665 - Restoring model from epoch 208
2024-05-07 22:04:15,026 - Epoch [205/250], Loss: -28.8728 (-29.0822, 0.1095, 0.0999)
2024-05-07 22:04:15,027 -      ETA: 00:00:27.62
2024-05-07 22:04:28,713 - Exception occurred at epoch 210. Expected parameter loc (Tensor of shape (256, 970, 5, 8)) of distribution Normal(loc: torch.Size([256, 970, 5, 8]), scale: torch.Size([256, 970, 5, 8])) to satisfy the constraint Real(), but found invalid values:
tensor([[[[nan, nan, nan,  ..., nan, nan, nan],
          [nan, nan, nan,  ..., nan, na
2024-05-07 22:04:28,714 - Restoring model from epoch 210
2024-05-07 22:04:43,796 - Epoch [210/250], Loss: -28.9419 (-29.1343, 0.0989, 0.0936)
2024-05-07 22:04:43,797 -      ETA: 00:00:24.13
2024-05-07 22:04:58,857 - Epoch [215/250], Loss: -28.8748 (-29.0700, 0.1017, 0.0935)
2024-05-07 22:04:58,858 -      ETA: 00:00:21.14
2024-05-07 22:05:13,901 - Epoch [220/250], Loss: -28.2707 (-28.4608, 0.0982, 0.0919)
2024-05-07 22:05:13,901 -      ETA: 00:00:17.96
2024-05-07 22:05:18,574 - Exception occurred at epoch 222. Expected parameter loc (Tensor of shape (256, 440, 5, 8)) of distribution Normal(loc: torch.Size([256, 440, 5, 8]), scale: torch.Size([256, 440, 5, 8])) to satisfy the constraint Real(), but found invalid values:
tensor([[[[nan, nan, nan,  ..., nan, nan, nan],
          [nan, nan, nan,  ..., nan, na
2024-05-07 22:05:18,574 - Restoring model from epoch 222
2024-05-07 22:05:24,163 - Exception occurred at epoch 222. Expected parameter loc (Tensor of shape (256, 854, 5, 8)) of distribution Normal(loc: torch.Size([256, 854, 5, 8]), scale: torch.Size([256, 854, 5, 8])) to satisfy the constraint Real(), but found invalid values:
tensor([[[[nan, nan, nan,  ..., nan, nan, nan],
          [nan, nan, nan,  ..., nan, na
2024-05-07 22:05:24,164 - Restoring model from epoch 222
2024-05-07 22:05:28,051 - Exception occurred at epoch 222. Expected parameter loc (Tensor of shape (256, 503, 5, 8)) of distribution Normal(loc: torch.Size([256, 503, 5, 8]), scale: torch.Size([256, 503, 5, 8])) to satisfy the constraint Real(), but found invalid values:
tensor([[[[nan, nan, nan,  ..., nan, nan, nan],
          [nan, nan, nan,  ..., nan, na
2024-05-07 22:05:28,052 - Restoring model from epoch 222
2024-05-07 22:05:33,560 - Exception occurred at epoch 222. Expected parameter loc (Tensor of shape (256, 631, 5, 8)) of distribution Normal(loc: torch.Size([256, 631, 5, 8]), scale: torch.Size([256, 631, 5, 8])) to satisfy the constraint Real(), but found invalid values:
tensor([[[[nan, nan, nan,  ..., nan, nan, nan],
          [nan, nan, nan,  ..., nan, na
2024-05-07 22:05:33,560 - Restoring model from epoch 222
2024-05-07 22:05:35,484 - Exception occurred at epoch 216. Expected parameter loc (Tensor of shape (256, 631, 5, 8)) of distribution Normal(loc: torch.Size([256, 631, 5, 8]), scale: torch.Size([256, 631, 5, 8])) to satisfy the constraint Real(), but found invalid values:
tensor([[[[nan, nan, nan,  ..., nan, nan, nan],
          [nan, nan, nan,  ..., nan, na
2024-05-07 22:05:35,484 - Restoring model from epoch 216
2024-05-07 22:05:43,481 - Exception occurred at epoch 218. Expected parameter loc (Tensor of shape (256, 660, 5, 8)) of distribution Normal(loc: torch.Size([256, 660, 5, 8]), scale: torch.Size([256, 660, 5, 8])) to satisfy the constraint Real(), but found invalid values:
tensor([[[[nan, nan, nan,  ..., nan, nan, nan],
          [nan, nan, nan,  ..., nan, na
2024-05-07 22:05:43,481 - Restoring model from epoch 218
2024-05-07 22:05:56,457 - Exception occurred at epoch 220. Expected parameter loc (Tensor of shape (256, 592, 5, 8)) of distribution Normal(loc: torch.Size([256, 592, 5, 8]), scale: torch.Size([256, 592, 5, 8])) to satisfy the constraint Real(), but found invalid values:
tensor([[[[nan, nan, nan,  ..., nan, nan, nan],
          [nan, nan, nan,  ..., nan, na
2024-05-07 22:05:56,458 - Restoring model from epoch 220
2024-05-07 22:06:11,317 - Epoch [215/250], Loss: -28.8469 (-29.0248, 0.1011, 0.0768)
2024-05-07 22:06:11,318 -      ETA: 00:00:20.81
2024-05-07 22:06:17,649 - Exception occurred at epoch 218. Expected parameter loc (Tensor of shape (256, 660, 5, 8)) of distribution Normal(loc: torch.Size([256, 660, 5, 8]), scale: torch.Size([256, 660, 5, 8])) to satisfy the constraint Real(), but found invalid values:
tensor([[[[nan, nan, nan,  ..., nan, nan, nan],
          [nan, nan, nan,  ..., nan, na
2024-05-07 22:06:17,649 - Restoring model from epoch 218
2024-05-07 22:06:32,635 - Epoch [220/250], Loss: -27.9569 (-28.1508, 0.1009, 0.0930)
2024-05-07 22:06:32,635 -      ETA: 00:00:17.96
2024-05-07 22:06:35,062 - Exception occurred at epoch 221. Expected parameter loc (Tensor of shape (256, 625, 5, 8)) of distribution Normal(loc: torch.Size([256, 625, 5, 8]), scale: torch.Size([256, 625, 5, 8])) to satisfy the constraint Real(), but found invalid values:
tensor([[[[nan, nan, nan,  ..., nan, nan, nan],
          [nan, nan, nan,  ..., nan, na
2024-05-07 22:06:35,063 - Restoring model from epoch 221
2024-05-07 22:06:41,024 - Exception occurred at epoch 222. Expected parameter loc (Tensor of shape (256, 914, 5, 8)) of distribution Normal(loc: torch.Size([256, 914, 5, 8]), scale: torch.Size([256, 914, 5, 8])) to satisfy the constraint Real(), but found invalid values:
tensor([[[[nan, nan, nan,  ..., nan, nan, nan],
          [nan, nan, nan,  ..., nan, na
2024-05-07 22:06:41,024 - Restoring model from epoch 222
2024-05-07 22:06:43,191 - Exception occurred at epoch 221. Expected parameter loc (Tensor of shape (256, 594, 5, 8)) of distribution Normal(loc: torch.Size([256, 594, 5, 8]), scale: torch.Size([256, 594, 5, 8])) to satisfy the constraint Real(), but found invalid values:
tensor([[[[nan, nan, nan,  ..., nan, nan, nan],
          [nan, nan, nan,  ..., nan, na
2024-05-07 22:06:43,191 - Restoring model from epoch 221
2024-05-07 22:06:45,120 - Exception occurred at epoch 221. Expected parameter loc (Tensor of shape (256, 503, 5, 8)) of distribution Normal(loc: torch.Size([256, 503, 5, 8]), scale: torch.Size([256, 503, 5, 8])) to satisfy the constraint Real(), but found invalid values:
tensor([[[[nan, nan, nan,  ..., nan, nan, nan],
          [nan, nan, nan,  ..., nan, na
2024-05-07 22:06:45,120 - Restoring model from epoch 221
2024-05-07 22:07:00,013 - Exception occurred at epoch 220. Expected parameter loc (Tensor of shape (256, 503, 5, 8)) of distribution Normal(loc: torch.Size([256, 503, 5, 8]), scale: torch.Size([256, 503, 5, 8])) to satisfy the constraint Real(), but found invalid values:
tensor([[[[nan, nan, nan,  ..., nan, nan, nan],
          [nan, nan, nan,  ..., nan, na
2024-05-07 22:07:00,013 - Restoring model from epoch 220
2024-05-07 22:07:10,007 - Exception occurred at epoch 219. Expected parameter loc (Tensor of shape (256, 552, 5, 8)) of distribution Normal(loc: torch.Size([256, 552, 5, 8]), scale: torch.Size([256, 552, 5, 8])) to satisfy the constraint Real(), but found invalid values:
tensor([[[[nan, nan, nan,  ..., nan, nan, nan],
          [nan, nan, nan,  ..., nan, na
2024-05-07 22:07:10,008 - Restoring model from epoch 219
2024-05-07 22:07:24,900 - Epoch [215/250], Loss: -28.2985 (-28.4792, 0.0945, 0.0861)
2024-05-07 22:07:24,901 -      ETA: 00:00:20.82
2024-05-07 22:07:29,057 - Exception occurred at epoch 217. Expected parameter loc (Tensor of shape (256, 659, 5, 8)) of distribution Normal(loc: torch.Size([256, 659, 5, 8]), scale: torch.Size([256, 659, 5, 8])) to satisfy the constraint Real(), but found invalid values:
tensor([[[[nan, nan, nan,  ..., nan, nan, nan],
          [nan, nan, nan,  ..., nan, na
2024-05-07 22:07:29,058 - Restoring model from epoch 217
2024-05-07 22:07:32,630 - Exception occurred at epoch 217. Expected parameter loc (Tensor of shape (256, 440, 5, 8)) of distribution Normal(loc: torch.Size([256, 440, 5, 8]), scale: torch.Size([256, 440, 5, 8])) to satisfy the constraint Real(), but found invalid values:
tensor([[[[nan, nan, nan,  ..., nan, nan, nan],
          [nan, nan, nan,  ..., nan, na
2024-05-07 22:07:32,630 - Restoring model from epoch 217
2024-05-07 22:07:36,157 - Exception occurred at epoch 217. Expected parameter loc (Tensor of shape (256, 631, 5, 8)) of distribution Normal(loc: torch.Size([256, 631, 5, 8]), scale: torch.Size([256, 631, 5, 8])) to satisfy the constraint Real(), but found invalid values:
tensor([[[[nan, nan, nan,  ..., nan, nan, nan],
          [nan, nan, nan,  ..., nan, na
2024-05-07 22:07:36,157 - Restoring model from epoch 217
2024-05-07 22:07:39,135 - Exception occurred at epoch 216. Expected parameter loc (Tensor of shape (256, 801, 5, 8)) of distribution Normal(loc: torch.Size([256, 801, 5, 8]), scale: torch.Size([256, 801, 5, 8])) to satisfy the constraint Real(), but found invalid values:
tensor([[[[nan, nan, nan,  ..., nan, nan, nan],
          [nan, nan, nan,  ..., nan, na
2024-05-07 22:07:39,135 - Restoring model from epoch 216
2024-05-07 22:07:54,020 - Epoch [215/250], Loss: -28.8809 (-29.0788, 0.1027, 0.0952)
2024-05-07 22:07:54,020 -      ETA: 00:00:20.81
2024-05-07 22:08:02,472 - Exception occurred at epoch 218. Expected parameter loc (Tensor of shape (256, 592, 5, 8)) of distribution Normal(loc: torch.Size([256, 592, 5, 8]), scale: torch.Size([256, 592, 5, 8])) to satisfy the constraint Real(), but found invalid values:
tensor([[[[nan, nan, nan,  ..., nan, nan, nan],
          [nan, nan, nan,  ..., nan, na
2024-05-07 22:08:02,472 - Restoring model from epoch 218
2024-05-07 22:08:05,522 - Exception occurred at epoch 217. Expected parameter loc (Tensor of shape (256, 575, 5, 8)) of distribution Normal(loc: torch.Size([256, 575, 5, 8]), scale: torch.Size([256, 575, 5, 8])) to satisfy the constraint Real(), but found invalid values:
tensor([[[[nan, nan, nan,  ..., nan, nan, nan],
          [nan, nan, nan,  ..., nan, na
2024-05-07 22:08:05,522 - Restoring model from epoch 217
2024-05-07 22:08:08,765 - Exception occurred at epoch 217. Expected parameter loc (Tensor of shape (256, 476, 5, 8)) of distribution Normal(loc: torch.Size([256, 476, 5, 8]), scale: torch.Size([256, 476, 5, 8])) to satisfy the constraint Real(), but found invalid values:
tensor([[[[nan, nan, nan,  ..., nan, nan, nan],
          [nan, nan, nan,  ..., nan, na
2024-05-07 22:08:08,765 - Restoring model from epoch 217
2024-05-07 22:08:14,921 - Exception occurred at epoch 218. Expected parameter loc (Tensor of shape (256, 594, 5, 8)) of distribution Normal(loc: torch.Size([256, 594, 5, 8]), scale: torch.Size([256, 594, 5, 8])) to satisfy the constraint Real(), but found invalid values:
tensor([[[[nan, nan, nan,  ..., nan, nan, nan],
          [nan, nan, nan,  ..., nan, na
2024-05-07 22:08:14,921 - Restoring model from epoch 218
2024-05-07 22:08:17,439 - Exception occurred at epoch 206. Expected parameter loc (Tensor of shape (256, 659, 5, 8)) of distribution Normal(loc: torch.Size([256, 659, 5, 8]), scale: torch.Size([256, 659, 5, 8])) to satisfy the constraint Real(), but found invalid values:
tensor([[[[nan, nan, nan,  ..., nan, nan, nan],
          [nan, nan, nan,  ..., nan, na
2024-05-07 22:08:17,440 - Restoring model from epoch 206
2024-05-07 22:08:32,667 - Epoch [210/250], Loss: -28.0925 (-28.2852, 0.1006, 0.0920)
2024-05-07 22:08:32,667 -      ETA: 00:00:24.25
2024-05-07 22:08:47,922 - Epoch [215/250], Loss: -28.9099 (-29.0834, 0.0897, 0.0839)
2024-05-07 22:08:47,923 -      ETA: 00:00:21.32
2024-05-07 22:09:00,817 - Exception occurred at epoch 220. Expected parameter loc (Tensor of shape (256, 594, 5, 8)) of distribution Normal(loc: torch.Size([256, 594, 5, 8]), scale: torch.Size([256, 594, 5, 8])) to satisfy the constraint Real(), but found invalid values:
tensor([[[[nan, nan, nan,  ..., nan, nan, nan],
          [nan, nan, nan,  ..., nan, na
2024-05-07 22:09:00,817 - Restoring model from epoch 220
2024-05-07 22:09:15,713 - Epoch [220/250], Loss: -28.7692 (-28.9653, 0.0992, 0.0968)
2024-05-07 22:09:15,713 -      ETA: 00:00:17.96
2024-05-07 22:09:21,380 - Exception occurred at epoch 222. Expected parameter loc (Tensor of shape (256, 592, 5, 8)) of distribution Normal(loc: torch.Size([256, 592, 5, 8]), scale: torch.Size([256, 592, 5, 8])) to satisfy the constraint Real(), but found invalid values:
tensor([[[[nan, nan, nan,  ..., nan, nan, nan],
          [nan, nan, nan,  ..., nan, na
2024-05-07 22:09:21,381 - Restoring model from epoch 222
2024-05-07 22:09:29,271 - Exception occurred at epoch 223. Expected parameter loc (Tensor of shape (256, 516, 5, 8)) of distribution Normal(loc: torch.Size([256, 516, 5, 8]), scale: torch.Size([256, 516, 5, 8])) to satisfy the constraint Real(), but found invalid values:
tensor([[[[nan, nan, nan,  ..., nan, nan, nan],
          [nan, nan, nan,  ..., nan, na
2024-05-07 22:09:29,271 - Restoring model from epoch 223
2024-05-07 22:09:37,043 - Exception occurred at epoch 223. Expected parameter loc (Tensor of shape (256, 440, 5, 8)) of distribution Normal(loc: torch.Size([256, 440, 5, 8]), scale: torch.Size([256, 440, 5, 8])) to satisfy the constraint Real(), but found invalid values:
tensor([[[[nan, nan, nan,  ..., nan, nan, nan],
          [nan, nan, nan,  ..., nan, na
2024-05-07 22:09:37,043 - Restoring model from epoch 223
2024-05-07 22:09:51,900 - Epoch [225/250], Loss: -29.2560 (-29.4392, 0.0973, 0.0859)
2024-05-07 22:09:51,900 -      ETA: 00:00:14.71
2024-05-07 22:10:03,212 - Exception occurred at epoch 229. Expected parameter loc (Tensor of shape (256, 854, 5, 8)) of distribution Normal(loc: torch.Size([256, 854, 5, 8]), scale: torch.Size([256, 854, 5, 8])) to satisfy the constraint Real(), but found invalid values:
tensor([[[[nan, nan, nan,  ..., nan, nan, nan],
          [nan, nan, nan,  ..., nan, na
2024-05-07 22:10:03,212 - Restoring model from epoch 229
2024-05-07 22:10:14,457 - Exception occurred at epoch 229. Expected parameter loc (Tensor of shape (256, 518, 5, 8)) of distribution Normal(loc: torch.Size([256, 518, 5, 8]), scale: torch.Size([256, 518, 5, 8])) to satisfy the constraint Real(), but found invalid values:
tensor([[[[nan, nan, nan,  ..., nan, nan, nan],
          [nan, nan, nan,  ..., nan, na
2024-05-07 22:10:14,457 - Restoring model from epoch 229
2024-05-07 22:10:22,760 - Exception occurred at epoch 228. Expected parameter loc (Tensor of shape (256, 577, 5, 8)) of distribution Normal(loc: torch.Size([256, 577, 5, 8]), scale: torch.Size([256, 577, 5, 8])) to satisfy the constraint Real(), but found invalid values:
tensor([[[[nan, nan, nan,  ..., nan, nan, nan],
          [nan, nan, nan,  ..., nan, na
2024-05-07 22:10:22,760 - Restoring model from epoch 228
2024-05-07 22:10:30,467 - Exception occurred at epoch 228. Expected parameter loc (Tensor of shape (256, 577, 5, 8)) of distribution Normal(loc: torch.Size([256, 577, 5, 8]), scale: torch.Size([256, 577, 5, 8])) to satisfy the constraint Real(), but found invalid values:
tensor([[[[nan, nan, nan,  ..., nan, nan, nan],
          [nan, nan, nan,  ..., nan, na
2024-05-07 22:10:30,468 - Restoring model from epoch 228
2024-05-07 22:10:45,386 - Epoch [220/250], Loss: -28.5564 (-28.7497, 0.0976, 0.0957)
2024-05-07 22:10:45,386 -      ETA: 00:00:17.81
2024-05-07 22:11:00,274 - Epoch [225/250], Loss: -28.6509 (-28.8279, 0.0999, 0.0771)
2024-05-07 22:11:00,274 -      ETA: 00:00:14.92
2024-05-07 22:11:03,982 - Exception occurred at epoch 227. Expected parameter loc (Tensor of shape (256, 854, 5, 8)) of distribution Normal(loc: torch.Size([256, 854, 5, 8]), scale: torch.Size([256, 854, 5, 8])) to satisfy the constraint Real(), but found invalid values:
tensor([[[[nan, nan, nan,  ..., nan, nan, nan],
          [nan, nan, nan,  ..., nan, na
2024-05-07 22:11:03,982 - Restoring model from epoch 227
2024-05-07 22:11:05,843 - Exception occurred at epoch 226. Expected parameter loc (Tensor of shape (256, 813, 5, 8)) of distribution Normal(loc: torch.Size([256, 813, 5, 8]), scale: torch.Size([256, 813, 5, 8])) to satisfy the constraint Real(), but found invalid values:
tensor([[[[nan, nan, nan,  ..., nan, nan, nan],
          [nan, nan, nan,  ..., nan, na
2024-05-07 22:11:05,843 - Restoring model from epoch 226
2024-05-07 22:11:06,153 - Exception occurred at epoch 226. Expected parameter loc (Tensor of shape (256, 518, 5, 8)) of distribution Normal(loc: torch.Size([256, 518, 5, 8]), scale: torch.Size([256, 518, 5, 8])) to satisfy the constraint Real(), but found invalid values:
tensor([[[[nan, nan, nan,  ..., nan, nan, nan],
          [nan, nan, nan,  ..., nan, na
2024-05-07 22:11:06,153 - Restoring model from epoch 226
2024-05-07 22:11:07,219 - Exception occurred at epoch 226. Expected parameter loc (Tensor of shape (256, 631, 5, 8)) of distribution Normal(loc: torch.Size([256, 631, 5, 8]), scale: torch.Size([256, 631, 5, 8])) to satisfy the constraint Real(), but found invalid values:
tensor([[[[nan, nan, nan,  ..., nan, nan, nan],
          [nan, nan, nan,  ..., nan, na
2024-05-07 22:11:07,220 - Restoring model from epoch 226
2024-05-07 22:11:22,124 - Epoch [225/250], Loss: -28.6490 (-28.8472, 0.0983, 0.0999)
2024-05-07 22:11:22,124 -      ETA: 00:00:14.85
2024-05-07 22:11:31,449 - Exception occurred at epoch 229. Expected parameter loc (Tensor of shape (256, 631, 5, 8)) of distribution Normal(loc: torch.Size([256, 631, 5, 8]), scale: torch.Size([256, 631, 5, 8])) to satisfy the constraint Real(), but found invalid values:
tensor([[[[nan, nan, nan,  ..., nan, nan, nan],
          [nan, nan, nan,  ..., nan, na
2024-05-07 22:11:31,449 - Restoring model from epoch 229
2024-05-07 22:11:46,333 - Epoch [230/250], Loss: -28.8222 (-29.0148, 0.0985, 0.0940)
2024-05-07 22:11:46,333 -      ETA: 00:00:11.88
2024-05-07 22:12:01,212 - Epoch [235/250], Loss: -29.1897 (-29.3618, 0.0887, 0.0834)
2024-05-07 22:12:01,212 -      ETA: 00:00:08.90
2024-05-07 22:12:16,082 - Epoch [240/250], Loss: -28.9486 (-29.1330, 0.0960, 0.0884)
2024-05-07 22:12:16,082 -      ETA: 00:00:05.96
2024-05-07 22:12:27,781 - Exception occurred at epoch 244. Expected parameter loc (Tensor of shape (256, 462, 5, 8)) of distribution Normal(loc: torch.Size([256, 462, 5, 8]), scale: torch.Size([256, 462, 5, 8])) to satisfy the constraint Real(), but found invalid values:
tensor([[[[nan, nan, nan,  ..., nan, nan, nan],
          [nan, nan, nan,  ..., nan, na
2024-05-07 22:12:27,782 - Restoring model from epoch 244
2024-05-07 22:12:42,531 - Epoch [245/250], Loss: -29.6927 (-29.8822, 0.0987, 0.0908)
2024-05-07 22:12:42,531 -      ETA: 00:00:02.93
2024-05-07 22:12:46,781 - Exception occurred at epoch 247. Expected parameter loc (Tensor of shape (256, 440, 5, 8)) of distribution Normal(loc: torch.Size([256, 440, 5, 8]), scale: torch.Size([256, 440, 5, 8])) to satisfy the constraint Real(), but found invalid values:
tensor([[[[nan, nan, nan,  ..., nan, nan, nan],
          [nan, nan, nan,  ..., nan, na
2024-05-07 22:12:46,781 - Restoring model from epoch 247
2024-05-07 22:12:47,597 - Exception occurred at epoch 246. Expected parameter loc (Tensor of shape (256, 631, 5, 8)) of distribution Normal(loc: torch.Size([256, 631, 5, 8]), scale: torch.Size([256, 631, 5, 8])) to satisfy the constraint Real(), but found invalid values:
tensor([[[[nan, nan, nan,  ..., nan, nan, nan],
          [nan, nan, nan,  ..., nan, na
2024-05-07 22:12:47,597 - Restoring model from epoch 246
2024-05-07 22:12:52,889 - Exception occurred at epoch 247. Expected parameter loc (Tensor of shape (256, 631, 5, 8)) of distribution Normal(loc: torch.Size([256, 631, 5, 8]), scale: torch.Size([256, 631, 5, 8])) to satisfy the constraint Real(), but found invalid values:
tensor([[[[nan, nan, nan,  ..., nan, nan, nan],
          [nan, nan, nan,  ..., nan, na
2024-05-07 22:12:52,889 - Restoring model from epoch 247
2024-05-07 22:13:00,938 - Exception occurred at epoch 248. Expected parameter loc (Tensor of shape (256, 777, 5, 8)) of distribution Normal(loc: torch.Size([256, 777, 5, 8]), scale: torch.Size([256, 777, 5, 8])) to satisfy the constraint Real(), but found invalid values:
tensor([[[[nan, nan, nan,  ..., nan, nan, nan],
          [nan, nan, nan,  ..., nan, na
2024-05-07 22:13:00,938 - Restoring model from epoch 248
2024-05-07 22:13:15,816 - Epoch [245/250], Loss: -29.3290 (-29.4937, 0.0859, 0.0788)
2024-05-07 22:13:15,816 -      ETA: 00:00:02.97
2024-05-07 22:13:17,427 - Exception occurred at epoch 246. Expected parameter loc (Tensor of shape (256, 552, 5, 8)) of distribution Normal(loc: torch.Size([256, 552, 5, 8]), scale: torch.Size([256, 552, 5, 8])) to satisfy the constraint Real(), but found invalid values:
tensor([[[[nan, nan, nan,  ..., nan, nan, nan],
          [nan, nan, nan,  ..., nan, na
2024-05-07 22:13:17,427 - Restoring model from epoch 246
2024-05-07 22:13:18,407 - Exception occurred at epoch 246. Expected parameter loc (Tensor of shape (256, 914, 5, 8)) of distribution Normal(loc: torch.Size([256, 914, 5, 8]), scale: torch.Size([256, 914, 5, 8])) to satisfy the constraint Real(), but found invalid values:
tensor([[[[nan, nan, nan,  ..., nan, nan, nan],
          [nan, nan, nan,  ..., nan, na
2024-05-07 22:13:18,407 - Restoring model from epoch 246
2024-05-07 22:13:18,628 - Exception occurred at epoch 246. Expected parameter loc (Tensor of shape (256, 594, 5, 8)) of distribution Normal(loc: torch.Size([256, 594, 5, 8]), scale: torch.Size([256, 594, 5, 8])) to satisfy the constraint Real(), but found invalid values:
tensor([[[[nan, nan, nan,  ..., nan, nan, nan],
          [nan, nan, nan,  ..., nan, na
2024-05-07 22:13:18,628 - Restoring model from epoch 246
2024-05-07 22:13:19,083 - Exception occurred at epoch 246. Expected parameter loc (Tensor of shape (256, 665, 5, 8)) of distribution Normal(loc: torch.Size([256, 665, 5, 8]), scale: torch.Size([256, 665, 5, 8])) to satisfy the constraint Real(), but found invalid values:
tensor([[[[nan, nan, nan,  ..., nan, nan, nan],
          [nan, nan, nan,  ..., nan, na
2024-05-07 22:13:19,083 - Restoring model from epoch 246
2024-05-07 22:13:29,209 - Exception occurred at epoch 244. Expected parameter loc (Tensor of shape (256, 665, 5, 8)) of distribution Normal(loc: torch.Size([256, 665, 5, 8]), scale: torch.Size([256, 665, 5, 8])) to satisfy the constraint Real(), but found invalid values:
tensor([[[[nan, nan, nan,  ..., nan, nan, nan],
          [nan, nan, nan,  ..., nan, na
2024-05-07 22:13:29,210 - Restoring model from epoch 244
2024-05-07 22:13:44,038 - Epoch [240/250], Loss: -28.3019 (-28.4885, 0.0958, 0.0907)
2024-05-07 22:13:44,038 -      ETA: 00:00:05.96
2024-05-07 22:13:58,911 - Epoch [245/250], Loss: -29.7821 (-29.9678, 0.0981, 0.0876)
2024-05-07 22:13:58,911 -      ETA: 00:00:02.96
2024-05-07 22:14:03,834 - Exception occurred at epoch 247. Expected parameter loc (Tensor of shape (256, 594, 5, 8)) of distribution Normal(loc: torch.Size([256, 594, 5, 8]), scale: torch.Size([256, 594, 5, 8])) to satisfy the constraint Real(), but found invalid values:
tensor([[[[nan, nan, nan,  ..., nan, nan, nan],
          [nan, nan, nan,  ..., nan, na
2024-05-07 22:14:03,834 - Restoring model from epoch 247
2024-05-07 22:14:18,647 - Epoch [250/250], Loss: -29.7237 (-29.8970, 0.0906, 0.0827)
2024-05-07 22:14:18,647 -      ETA: 00:00:00.00
2024-05-07 22:14:18,751 - == NETWORK SAVED

