2024-05-07 21:52:15,050 - Using cuda
2024-05-07 21:52:29,222 - Epoch [5/250], Loss: -13.4552 (-14.8710, 0.1582, 1.2576)
2024-05-07 21:52:29,223 -      ETA: 00:02:16.70
2024-05-07 21:52:43,145 - Epoch [10/250], Loss: -16.7819 (-17.7904, 0.1569, 0.8516)
2024-05-07 21:52:43,146 -      ETA: 00:02:14.18
2024-05-07 21:52:57,108 - Epoch [15/250], Loss: -15.8542 (-17.6531, 0.1401, 1.6588)
2024-05-07 21:52:57,108 -      ETA: 00:02:11.95
2024-05-07 21:53:11,133 - Epoch [20/250], Loss: -19.3544 (-19.9393, 0.1436, 0.4413)
2024-05-07 21:53:11,134 -      ETA: 00:02:09.50
2024-05-07 21:53:25,155 - Epoch [25/250], Loss: -20.4811 (-20.9582, 0.1338, 0.3433)
2024-05-07 21:53:25,155 -      ETA: 00:02:06.55
2024-05-07 21:53:39,188 - Epoch [30/250], Loss: -20.3796 (-20.8134, 0.1411, 0.2927)
2024-05-07 21:53:39,189 -      ETA: 00:02:03.77
2024-05-07 21:53:53,236 - Epoch [35/250], Loss: -21.1804 (-21.5524, 0.1288, 0.2432)
2024-05-07 21:53:53,236 -      ETA: 00:02:01.06
2024-05-07 21:54:07,282 - Epoch [40/250], Loss: -22.0430 (-22.3876, 0.1270, 0.2175)
2024-05-07 21:54:07,282 -      ETA: 00:01:58.26
2024-05-07 21:54:21,384 - Epoch [45/250], Loss: -21.8358 (-22.2033, 0.1408, 0.2266)
2024-05-07 21:54:21,384 -      ETA: 00:01:55.93
2024-05-07 21:54:35,509 - Epoch [50/250], Loss: -22.5474 (-22.9557, 0.1276, 0.2807)
2024-05-07 21:54:35,509 -      ETA: 00:01:54.11
2024-05-07 21:54:35,562 - == NETWORK SAVED

2024-05-07 21:54:49,722 - Epoch [55/250], Loss: -22.5830 (-22.9106, 0.1343, 0.1932)
2024-05-07 21:54:49,722 -      ETA: 00:01:51.44
2024-05-07 21:55:03,941 - Epoch [60/250], Loss: -23.5431 (-23.8748, 0.1342, 0.1975)
2024-05-07 21:55:03,941 -      ETA: 00:01:48.34
2024-05-07 21:55:18,223 - Epoch [65/250], Loss: -23.2321 (-23.5729, 0.1359, 0.2049)
2024-05-07 21:55:18,223 -      ETA: 00:01:47.64
2024-05-07 21:55:32,499 - Epoch [70/250], Loss: -24.0938 (-24.3958, 0.1295, 0.1726)
2024-05-07 21:55:32,499 -      ETA: 00:01:43.05
2024-05-07 21:55:46,797 - Epoch [75/250], Loss: -24.0344 (-24.3303, 0.1219, 0.1740)
2024-05-07 21:55:46,797 -      ETA: 00:01:40.35
2024-05-07 21:56:01,228 - Epoch [80/250], Loss: -24.4604 (-24.7635, 0.1298, 0.1732)
2024-05-07 21:56:01,228 -      ETA: 00:01:38.08
2024-05-07 21:56:15,619 - Epoch [85/250], Loss: -23.9593 (-24.2663, 0.1281, 0.1789)
2024-05-07 21:56:15,619 -      ETA: 00:01:36.88
2024-05-07 21:56:30,171 - Epoch [90/250], Loss: -25.0744 (-25.3696, 0.1276, 0.1676)
2024-05-07 21:56:30,171 -      ETA: 00:01:32.85
2024-05-07 21:56:44,532 - Epoch [95/250], Loss: -25.2265 (-25.5243, 0.1251, 0.1727)
2024-05-07 21:56:44,532 -      ETA: 00:01:30.10
2024-05-07 21:56:58,991 - Epoch [100/250], Loss: -25.1709 (-25.4403, 0.1145, 0.1549)
2024-05-07 21:56:58,991 -      ETA: 00:01:26.16
2024-05-07 21:56:59,135 - == NETWORK SAVED

2024-05-07 21:57:13,537 - Epoch [105/250], Loss: -23.2859 (-23.9457, 0.1195, 0.5404)
2024-05-07 21:57:13,537 -      ETA: 00:01:22.75
2024-05-07 21:57:28,063 - Epoch [110/250], Loss: -24.2590 (-24.5278, 0.1193, 0.1495)
2024-05-07 21:57:28,063 -      ETA: 00:01:21.76
2024-05-07 21:57:42,505 - Epoch [115/250], Loss: -25.8369 (-26.1001, 0.1104, 0.1528)
2024-05-07 21:57:42,506 -      ETA: 00:01:19.36
2024-05-07 21:57:57,040 - Epoch [120/250], Loss: -25.7405 (-25.9930, 0.1100, 0.1426)
2024-05-07 21:57:57,040 -      ETA: 00:01:16.47
2024-05-07 21:58:11,580 - Epoch [125/250], Loss: -25.1633 (-25.4173, 0.1108, 0.1432)
2024-05-07 21:58:11,580 -      ETA: 00:01:13.03
2024-05-07 21:58:20,564 - Exception occurred at epoch 129. Expected parameter loc (Tensor of shape (256, 660, 5, 8)) of distribution Normal(loc: torch.Size([256, 660, 5, 8]), scale: torch.Size([256, 660, 5, 8])) to satisfy the constraint Real(), but found invalid values:
tensor([[[[nan, nan, nan,  ..., nan, nan, nan],
          [nan, nan, nan,  ..., nan, na
2024-05-07 21:58:20,565 - Restoring model from epoch 129
2024-05-07 21:58:23,754 - Exception occurred at epoch 127. Expected parameter loc (Tensor of shape (256, 777, 5, 8)) of distribution Normal(loc: torch.Size([256, 777, 5, 8]), scale: torch.Size([256, 777, 5, 8])) to satisfy the constraint Real(), but found invalid values:
tensor([[[[nan, nan, nan,  ..., nan, nan, nan],
          [nan, nan, nan,  ..., nan, na
2024-05-07 21:58:23,754 - Restoring model from epoch 127
2024-05-07 21:58:38,214 - Exception occurred at epoch 130. Expected parameter loc (Tensor of shape (256, 616, 5, 8)) of distribution Normal(loc: torch.Size([256, 616, 5, 8]), scale: torch.Size([256, 616, 5, 8])) to satisfy the constraint Real(), but found invalid values:
tensor([[[[nan, nan, nan,  ..., nan, nan, nan],
          [nan, nan, nan,  ..., nan, na
2024-05-07 21:58:38,214 - Restoring model from epoch 130
2024-05-07 21:58:51,819 - Exception occurred at epoch 130. Expected parameter loc (Tensor of shape (256, 481, 5, 8)) of distribution Normal(loc: torch.Size([256, 481, 5, 8]), scale: torch.Size([256, 481, 5, 8])) to satisfy the constraint Real(), but found invalid values:
tensor([[[[nan, nan, nan,  ..., nan, nan, nan],
          [nan, nan, nan,  ..., nan, na
2024-05-07 21:58:51,819 - Restoring model from epoch 130
2024-05-07 21:59:06,414 - Epoch [125/250], Loss: -26.0247 (-26.3092, 0.1180, 0.1665)
2024-05-07 21:59:06,415 -      ETA: 00:01:13.47
2024-05-07 21:59:11,984 - Exception occurred at epoch 127. Expected parameter loc (Tensor of shape (256, 914, 5, 8)) of distribution Normal(loc: torch.Size([256, 914, 5, 8]), scale: torch.Size([256, 914, 5, 8])) to satisfy the constraint Real(), but found invalid values:
tensor([[[[nan, nan, nan,  ..., nan, nan, nan],
          [nan, nan, nan,  ..., nan, na
2024-05-07 21:59:11,985 - Restoring model from epoch 127
2024-05-07 21:59:22,720 - Exception occurred at epoch 129. Expected parameter loc (Tensor of shape (256, 801, 5, 8)) of distribution Normal(loc: torch.Size([256, 801, 5, 8]), scale: torch.Size([256, 801, 5, 8])) to satisfy the constraint Real(), but found invalid values:
tensor([[[[nan, nan, nan,  ..., nan, nan, nan],
          [nan, nan, nan,  ..., nan, na
2024-05-07 21:59:22,720 - Restoring model from epoch 129
2024-05-07 21:59:33,289 - Exception occurred at epoch 129. Expected parameter loc (Tensor of shape (256, 729, 5, 8)) of distribution Normal(loc: torch.Size([256, 729, 5, 8]), scale: torch.Size([256, 729, 5, 8])) to satisfy the constraint Real(), but found invalid values:
tensor([[[[nan, nan, nan,  ..., nan, nan, nan],
          [nan, nan, nan,  ..., nan, na
2024-05-07 21:59:33,289 - Restoring model from epoch 129
2024-05-07 21:59:47,857 - Epoch [130/250], Loss: -26.3378 (-26.5951, 0.1179, 0.1395)
2024-05-07 21:59:47,857 -      ETA: 00:01:10.48
2024-05-07 21:59:49,965 - Exception occurred at epoch 131. Expected parameter loc (Tensor of shape (256, 729, 5, 8)) of distribution Normal(loc: torch.Size([256, 729, 5, 8]), scale: torch.Size([256, 729, 5, 8])) to satisfy the constraint Real(), but found invalid values:
tensor([[[[nan, nan, nan,  ..., nan, nan, nan],
          [nan, nan, nan,  ..., nan, na
2024-05-07 21:59:49,966 - Restoring model from epoch 131
2024-05-07 21:59:55,568 - Exception occurred at epoch 132. Expected parameter loc (Tensor of shape (256, 540, 5, 8)) of distribution Normal(loc: torch.Size([256, 540, 5, 8]), scale: torch.Size([256, 540, 5, 8])) to satisfy the constraint Real(), but found invalid values:
tensor([[[[nan, nan, nan,  ..., nan, nan, nan],
          [nan, nan, nan,  ..., nan, na
2024-05-07 21:59:55,568 - Restoring model from epoch 132
2024-05-07 21:59:55,795 - Exception occurred at epoch 131. Expected parameter loc (Tensor of shape (256, 631, 5, 8)) of distribution Normal(loc: torch.Size([256, 631, 5, 8]), scale: torch.Size([256, 631, 5, 8])) to satisfy the constraint Real(), but found invalid values:
tensor([[[[nan, nan, nan,  ..., nan, nan, nan],
          [nan, nan, nan,  ..., nan, na
2024-05-07 21:59:55,795 - Restoring model from epoch 131
2024-05-07 21:59:58,956 - Exception occurred at epoch 132. Expected parameter loc (Tensor of shape (256, 801, 5, 8)) of distribution Normal(loc: torch.Size([256, 801, 5, 8]), scale: torch.Size([256, 801, 5, 8])) to satisfy the constraint Real(), but found invalid values:
tensor([[[[nan, nan, nan,  ..., nan, nan, nan],
          [nan, nan, nan,  ..., nan, na
2024-05-07 21:59:58,957 - Restoring model from epoch 132
2024-05-07 22:00:13,552 - Epoch [125/250], Loss: -26.0853 (-26.3466, 0.1158, 0.1455)
2024-05-07 22:00:13,552 -      ETA: 00:01:14.38
2024-05-07 22:00:27,633 - Exception occurred at epoch 130. Expected parameter loc (Tensor of shape (256, 652, 5, 8)) of distribution Normal(loc: torch.Size([256, 652, 5, 8]), scale: torch.Size([256, 652, 5, 8])) to satisfy the constraint Real(), but found invalid values:
tensor([[[[nan, nan, nan,  ..., nan, nan, nan],
          [nan, nan, nan,  ..., nan, na
2024-05-07 22:00:27,633 - Restoring model from epoch 130
2024-05-07 22:00:37,599 - Exception occurred at epoch 129. Expected parameter loc (Tensor of shape (256, 914, 5, 8)) of distribution Normal(loc: torch.Size([256, 914, 5, 8]), scale: torch.Size([256, 914, 5, 8])) to satisfy the constraint Real(), but found invalid values:
tensor([[[[nan, nan, nan,  ..., nan, nan, nan],
          [nan, nan, nan,  ..., nan, na
2024-05-07 22:00:37,599 - Restoring model from epoch 129
2024-05-07 22:00:47,892 - Exception occurred at epoch 129. Expected parameter loc (Tensor of shape (256, 801, 5, 8)) of distribution Normal(loc: torch.Size([256, 801, 5, 8]), scale: torch.Size([256, 801, 5, 8])) to satisfy the constraint Real(), but found invalid values:
tensor([[[[nan, nan, nan,  ..., nan, nan, nan],
          [nan, nan, nan,  ..., nan, na
2024-05-07 22:00:47,892 - Restoring model from epoch 129
2024-05-07 22:01:02,239 - Exception occurred at epoch 130. Expected parameter loc (Tensor of shape (256, 625, 5, 8)) of distribution Normal(loc: torch.Size([256, 625, 5, 8]), scale: torch.Size([256, 625, 5, 8])) to satisfy the constraint Real(), but found invalid values:
tensor([[[[nan, nan, nan,  ..., nan, nan, nan],
          [nan, nan, nan,  ..., nan, na
2024-05-07 22:01:02,239 - Restoring model from epoch 130
2024-05-07 22:01:16,847 - Epoch [125/250], Loss: -26.2263 (-26.4810, 0.1119, 0.1428)
2024-05-07 22:01:16,847 -      ETA: 00:01:13.48
2024-05-07 22:01:18,094 - Exception occurred at epoch 126. Expected parameter loc (Tensor of shape (256, 440, 5, 8)) of distribution Normal(loc: torch.Size([256, 440, 5, 8]), scale: torch.Size([256, 440, 5, 8])) to satisfy the constraint Real(), but found invalid values:
tensor([[[[nan, nan, nan,  ..., nan, nan, nan],
          [nan, nan, nan,  ..., nan, na
2024-05-07 22:01:18,094 - Restoring model from epoch 126
2024-05-07 22:01:28,178 - Exception occurred at epoch 129. Expected parameter loc (Tensor of shape (256, 540, 5, 8)) of distribution Normal(loc: torch.Size([256, 540, 5, 8]), scale: torch.Size([256, 540, 5, 8])) to satisfy the constraint Real(), but found invalid values:
tensor([[[[nan, nan, nan,  ..., nan, nan, nan],
          [nan, nan, nan,  ..., nan, na
2024-05-07 22:01:28,178 - Restoring model from epoch 129
2024-05-07 22:01:34,272 - Exception occurred at epoch 128. Expected parameter loc (Tensor of shape (256, 575, 5, 8)) of distribution Normal(loc: torch.Size([256, 575, 5, 8]), scale: torch.Size([256, 575, 5, 8])) to satisfy the constraint Real(), but found invalid values:
tensor([[[[nan, nan, nan,  ..., nan, nan, nan],
          [nan, nan, nan,  ..., nan, na
2024-05-07 22:01:34,272 - Restoring model from epoch 128
2024-05-07 22:01:35,652 - Exception occurred at epoch 126. Expected parameter loc (Tensor of shape (256, 970, 5, 8)) of distribution Normal(loc: torch.Size([256, 970, 5, 8]), scale: torch.Size([256, 970, 5, 8])) to satisfy the constraint Real(), but found invalid values:
tensor([[[[nan, nan, nan,  ..., nan, nan, nan],
          [nan, nan, nan,  ..., nan, na
2024-05-07 22:01:35,652 - Restoring model from epoch 126
2024-05-07 22:01:50,161 - Epoch [120/250], Loss: -26.2188 (-26.4893, 0.1170, 0.1535)
2024-05-07 22:01:50,161 -      ETA: 00:01:14.85
2024-05-07 22:02:04,766 - Epoch [125/250], Loss: -25.6950 (-25.9482, 0.1154, 0.1377)
2024-05-07 22:02:04,766 -      ETA: 00:01:12.92
2024-05-07 22:02:06,399 - Exception occurred at epoch 126. Expected parameter loc (Tensor of shape (256, 462, 5, 8)) of distribution Normal(loc: torch.Size([256, 462, 5, 8]), scale: torch.Size([256, 462, 5, 8])) to satisfy the constraint Real(), but found invalid values:
tensor([[[[nan, nan, nan,  ..., nan, nan, nan],
          [nan, nan, nan,  ..., nan, na
2024-05-07 22:02:06,399 - Restoring model from epoch 126
2024-05-07 22:02:13,060 - Exception occurred at epoch 128. Expected parameter loc (Tensor of shape (256, 440, 5, 8)) of distribution Normal(loc: torch.Size([256, 440, 5, 8]), scale: torch.Size([256, 440, 5, 8])) to satisfy the constraint Real(), but found invalid values:
tensor([[[[nan, nan, nan,  ..., nan, nan, nan],
          [nan, nan, nan,  ..., nan, na
2024-05-07 22:02:13,061 - Restoring model from epoch 128
2024-05-07 22:02:20,393 - Exception occurred at epoch 128. Expected parameter loc (Tensor of shape (256, 631, 5, 8)) of distribution Normal(loc: torch.Size([256, 631, 5, 8]), scale: torch.Size([256, 631, 5, 8])) to satisfy the constraint Real(), but found invalid values:
tensor([[[[nan, nan, nan,  ..., nan, nan, nan],
          [nan, nan, nan,  ..., nan, na
2024-05-07 22:02:20,393 - Restoring model from epoch 128
2024-05-07 22:02:25,643 - Exception occurred at epoch 127. Expected parameter loc (Tensor of shape (256, 813, 5, 8)) of distribution Normal(loc: torch.Size([256, 813, 5, 8]), scale: torch.Size([256, 813, 5, 8])) to satisfy the constraint Real(), but found invalid values:
tensor([[[[nan, nan, nan,  ..., nan, nan, nan],
          [nan, nan, nan,  ..., nan, na
2024-05-07 22:02:25,643 - Restoring model from epoch 127
2024-05-07 22:02:40,182 - Epoch [125/250], Loss: -24.9460 (-25.2206, 0.1178, 0.1568)
2024-05-07 22:02:40,182 -      ETA: 00:01:13.53
2024-05-07 22:02:44,515 - Exception occurred at epoch 127. Expected parameter loc (Tensor of shape (256, 854, 5, 8)) of distribution Normal(loc: torch.Size([256, 854, 5, 8]), scale: torch.Size([256, 854, 5, 8])) to satisfy the constraint Real(), but found invalid values:
tensor([[[[nan, nan, nan,  ..., nan, nan, nan],
          [nan, nan, nan,  ..., nan, na
2024-05-07 22:02:44,515 - Restoring model from epoch 127
2024-05-07 22:02:55,491 - Exception occurred at epoch 129. Expected parameter loc (Tensor of shape (256, 729, 5, 8)) of distribution Normal(loc: torch.Size([256, 729, 5, 8]), scale: torch.Size([256, 729, 5, 8])) to satisfy the constraint Real(), but found invalid values:
tensor([[[[nan, nan, nan,  ..., nan, nan, nan],
          [nan, nan, nan,  ..., nan, na
2024-05-07 22:02:55,491 - Restoring model from epoch 129
2024-05-07 22:03:05,447 - Exception occurred at epoch 129. Expected parameter loc (Tensor of shape (256, 540, 5, 8)) of distribution Normal(loc: torch.Size([256, 540, 5, 8]), scale: torch.Size([256, 540, 5, 8])) to satisfy the constraint Real(), but found invalid values:
tensor([[[[nan, nan, nan,  ..., nan, nan, nan],
          [nan, nan, nan,  ..., nan, na
2024-05-07 22:03:05,447 - Restoring model from epoch 129
2024-05-07 22:03:11,212 - Exception occurred at epoch 127. Expected parameter loc (Tensor of shape (256, 623, 5, 8)) of distribution Normal(loc: torch.Size([256, 623, 5, 8]), scale: torch.Size([256, 623, 5, 8])) to satisfy the constraint Real(), but found invalid values:
tensor([[[[nan, nan, nan,  ..., nan, nan, nan],
          [nan, nan, nan,  ..., nan, na
2024-05-07 22:03:11,212 - Restoring model from epoch 127
2024-05-07 22:03:25,743 - Epoch [125/250], Loss: -25.9260 (-26.1641, 0.1065, 0.1316)
2024-05-07 22:03:25,743 -      ETA: 00:01:11.74
2024-05-07 22:03:36,009 - Exception occurred at epoch 129. Expected parameter loc (Tensor of shape (256, 462, 5, 8)) of distribution Normal(loc: torch.Size([256, 462, 5, 8]), scale: torch.Size([256, 462, 5, 8])) to satisfy the constraint Real(), but found invalid values:
tensor([[[[nan, nan, nan,  ..., nan, nan, nan],
          [nan, nan, nan,  ..., nan, na
2024-05-07 22:03:36,009 - Restoring model from epoch 129
2024-05-07 22:03:42,616 - Exception occurred at epoch 128. Expected parameter loc (Tensor of shape (256, 631, 5, 8)) of distribution Normal(loc: torch.Size([256, 631, 5, 8]), scale: torch.Size([256, 631, 5, 8])) to satisfy the constraint Real(), but found invalid values:
tensor([[[[nan, nan, nan,  ..., nan, nan, nan],
          [nan, nan, nan,  ..., nan, na
2024-05-07 22:03:42,616 - Restoring model from epoch 128
2024-05-07 22:03:56,757 - Exception occurred at epoch 130. Expected parameter loc (Tensor of shape (256, 592, 5, 8)) of distribution Normal(loc: torch.Size([256, 592, 5, 8]), scale: torch.Size([256, 592, 5, 8])) to satisfy the constraint Real(), but found invalid values:
tensor([[[[nan, nan, nan,  ..., nan, nan, nan],
          [nan, nan, nan,  ..., nan, na
2024-05-07 22:03:56,757 - Restoring model from epoch 130
2024-05-07 22:03:58,507 - Exception occurred at epoch 126. Expected parameter loc (Tensor of shape (256, 729, 5, 8)) of distribution Normal(loc: torch.Size([256, 729, 5, 8]), scale: torch.Size([256, 729, 5, 8])) to satisfy the constraint Real(), but found invalid values:
tensor([[[[nan, nan, nan,  ..., nan, nan, nan],
          [nan, nan, nan,  ..., nan, na
2024-05-07 22:03:58,507 - Restoring model from epoch 126
2024-05-07 22:04:13,251 - Epoch [125/250], Loss: -26.1490 (-26.4113, 0.1105, 0.1517)
2024-05-07 22:04:13,251 -      ETA: 00:01:13.47
2024-05-07 22:04:20,743 - Exception occurred at epoch 128. Expected parameter loc (Tensor of shape (256, 580, 5, 8)) of distribution Normal(loc: torch.Size([256, 580, 5, 8]), scale: torch.Size([256, 580, 5, 8])) to satisfy the constraint Real(), but found invalid values:
tensor([[[[nan, nan, nan,  ..., nan, nan, nan],
          [nan, nan, nan,  ..., nan, na
2024-05-07 22:04:20,743 - Restoring model from epoch 128
2024-05-07 22:04:24,607 - Exception occurred at epoch 127. Expected parameter loc (Tensor of shape (256, 540, 5, 8)) of distribution Normal(loc: torch.Size([256, 540, 5, 8]), scale: torch.Size([256, 540, 5, 8])) to satisfy the constraint Real(), but found invalid values:
tensor([[[[nan, nan, nan,  ..., nan, nan, nan],
          [nan, nan, nan,  ..., nan, na
2024-05-07 22:04:24,608 - Restoring model from epoch 127
2024-05-07 22:04:33,863 - Exception occurred at epoch 129. Expected parameter loc (Tensor of shape (256, 476, 5, 8)) of distribution Normal(loc: torch.Size([256, 476, 5, 8]), scale: torch.Size([256, 476, 5, 8])) to satisfy the constraint Real(), but found invalid values:
tensor([[[[nan, nan, nan,  ..., nan, nan, nan],
          [nan, nan, nan,  ..., nan, na
2024-05-07 22:04:33,863 - Restoring model from epoch 129
2024-05-07 22:04:36,540 - Exception occurred at epoch 126. Expected parameter loc (Tensor of shape (256, 503, 5, 8)) of distribution Normal(loc: torch.Size([256, 503, 5, 8]), scale: torch.Size([256, 503, 5, 8])) to satisfy the constraint Real(), but found invalid values:
tensor([[[[nan, nan, nan,  ..., nan, nan, nan],
          [nan, nan, nan,  ..., nan, na
2024-05-07 22:04:36,540 - Restoring model from epoch 126
2024-05-07 22:04:51,017 - Epoch [120/250], Loss: -26.2435 (-26.4892, 0.1059, 0.1398)
2024-05-07 22:04:51,017 -      ETA: 00:01:16.63
2024-05-07 22:04:55,929 - Exception occurred at epoch 122. Expected parameter loc (Tensor of shape (256, 506, 5, 8)) of distribution Normal(loc: torch.Size([256, 506, 5, 8]), scale: torch.Size([256, 506, 5, 8])) to satisfy the constraint Real(), but found invalid values:
tensor([[[[nan, nan, nan,  ..., nan, nan, nan],
          [nan, nan, nan,  ..., nan, na
2024-05-07 22:04:55,930 - Restoring model from epoch 122
2024-05-07 22:05:10,349 - Epoch [125/250], Loss: -26.0249 (-26.2922, 0.1230, 0.1443)
2024-05-07 22:05:10,349 -      ETA: 00:01:12.45
2024-05-07 22:05:13,550 - Exception occurred at epoch 127. Expected parameter loc (Tensor of shape (256, 575, 5, 8)) of distribution Normal(loc: torch.Size([256, 575, 5, 8]), scale: torch.Size([256, 575, 5, 8])) to satisfy the constraint Real(), but found invalid values:
tensor([[[[nan, nan, nan,  ..., nan, nan, nan],
          [nan, nan, nan,  ..., nan, na
2024-05-07 22:05:13,550 - Restoring model from epoch 127
2024-05-07 22:05:18,743 - Exception occurred at epoch 127. Expected parameter loc (Tensor of shape (256, 516, 5, 8)) of distribution Normal(loc: torch.Size([256, 516, 5, 8]), scale: torch.Size([256, 516, 5, 8])) to satisfy the constraint Real(), but found invalid values:
tensor([[[[nan, nan, nan,  ..., nan, nan, nan],
          [nan, nan, nan,  ..., nan, na
2024-05-07 22:05:18,743 - Restoring model from epoch 127
2024-05-07 22:05:26,211 - Exception occurred at epoch 128. Expected parameter loc (Tensor of shape (256, 481, 5, 8)) of distribution Normal(loc: torch.Size([256, 481, 5, 8]), scale: torch.Size([256, 481, 5, 8])) to satisfy the constraint Real(), but found invalid values:
tensor([[[[nan, nan, nan,  ..., nan, nan, nan],
          [nan, nan, nan,  ..., nan, na
2024-05-07 22:05:26,211 - Restoring model from epoch 128
2024-05-07 22:05:29,619 - Exception occurred at epoch 127. Expected parameter loc (Tensor of shape (256, 625, 5, 8)) of distribution Normal(loc: torch.Size([256, 625, 5, 8]), scale: torch.Size([256, 625, 5, 8])) to satisfy the constraint Real(), but found invalid values:
tensor([[[[nan, nan, nan,  ..., nan, nan, nan],
          [nan, nan, nan,  ..., nan, na
2024-05-07 22:05:29,619 - Restoring model from epoch 127
2024-05-07 22:05:44,299 - Epoch [125/250], Loss: -26.1882 (-26.4479, 0.1158, 0.1438)
2024-05-07 22:05:44,300 -      ETA: 00:01:12.02
2024-05-07 22:05:49,229 - Exception occurred at epoch 127. Expected parameter loc (Tensor of shape (256, 506, 5, 8)) of distribution Normal(loc: torch.Size([256, 506, 5, 8]), scale: torch.Size([256, 506, 5, 8])) to satisfy the constraint Real(), but found invalid values:
tensor([[[[nan, nan, nan,  ..., nan, nan, nan],
          [nan, nan, nan,  ..., nan, na
2024-05-07 22:05:49,229 - Restoring model from epoch 127
2024-05-07 22:05:51,463 - Exception occurred at epoch 126. Expected parameter loc (Tensor of shape (256, 665, 5, 8)) of distribution Normal(loc: torch.Size([256, 665, 5, 8]), scale: torch.Size([256, 665, 5, 8])) to satisfy the constraint Real(), but found invalid values:
tensor([[[[nan, nan, nan,  ..., nan, nan, nan],
          [nan, nan, nan,  ..., nan, na
2024-05-07 22:05:51,463 - Restoring model from epoch 126
2024-05-07 22:05:53,747 - Exception occurred at epoch 126. Expected parameter loc (Tensor of shape (256, 652, 5, 8)) of distribution Normal(loc: torch.Size([256, 652, 5, 8]), scale: torch.Size([256, 652, 5, 8])) to satisfy the constraint Real(), but found invalid values:
tensor([[[[nan, nan, nan,  ..., nan, nan, nan],
          [nan, nan, nan,  ..., nan, na
2024-05-07 22:05:53,747 - Restoring model from epoch 126
2024-05-07 22:05:55,678 - Exception occurred at epoch 126. Expected parameter loc (Tensor of shape (256, 577, 5, 8)) of distribution Normal(loc: torch.Size([256, 577, 5, 8]), scale: torch.Size([256, 577, 5, 8])) to satisfy the constraint Real(), but found invalid values:
tensor([[[[nan, nan, nan,  ..., nan, nan, nan],
          [nan, nan, nan,  ..., nan, na
2024-05-07 22:05:55,679 - Restoring model from epoch 126
2024-05-07 22:06:03,556 - Exception occurred at epoch 123. Expected parameter loc (Tensor of shape (256, 625, 5, 8)) of distribution Normal(loc: torch.Size([256, 625, 5, 8]), scale: torch.Size([256, 625, 5, 8])) to satisfy the constraint Real(), but found invalid values:
tensor([[[[nan, nan, nan,  ..., nan, nan, nan],
          [nan, nan, nan,  ..., nan, na
2024-05-07 22:06:03,556 - Restoring model from epoch 123
2024-05-07 22:06:18,210 - Epoch [120/250], Loss: -26.0620 (-26.3219, 0.1104, 0.1496)
2024-05-07 22:06:18,210 -      ETA: 00:01:16.43
2024-05-07 22:06:32,597 - Epoch [125/250], Loss: -26.1453 (-26.3860, 0.1049, 0.1358)
2024-05-07 22:06:32,598 -      ETA: 00:01:12.90
2024-05-07 22:06:37,519 - Exception occurred at epoch 127. Expected parameter loc (Tensor of shape (256, 631, 5, 8)) of distribution Normal(loc: torch.Size([256, 631, 5, 8]), scale: torch.Size([256, 631, 5, 8])) to satisfy the constraint Real(), but found invalid values:
tensor([[[[nan, nan, nan,  ..., nan, nan, nan],
          [nan, nan, nan,  ..., nan, na
2024-05-07 22:06:37,519 - Restoring model from epoch 127
2024-05-07 22:06:50,357 - Exception occurred at epoch 130. Expected parameter loc (Tensor of shape (256, 777, 5, 8)) of distribution Normal(loc: torch.Size([256, 777, 5, 8]), scale: torch.Size([256, 777, 5, 8])) to satisfy the constraint Real(), but found invalid values:
tensor([[[[nan, nan, nan,  ..., nan, nan, nan],
          [nan, nan, nan,  ..., nan, na
2024-05-07 22:06:50,357 - Restoring model from epoch 130
2024-05-07 22:06:52,471 - Exception occurred at epoch 126. Expected parameter loc (Tensor of shape (256, 481, 5, 8)) of distribution Normal(loc: torch.Size([256, 481, 5, 8]), scale: torch.Size([256, 481, 5, 8])) to satisfy the constraint Real(), but found invalid values:
tensor([[[[nan, nan, nan,  ..., nan, nan, nan],
          [nan, nan, nan,  ..., nan, na
2024-05-07 22:06:52,472 - Restoring model from epoch 126
2024-05-07 22:07:00,359 - Exception occurred at epoch 128. Expected parameter loc (Tensor of shape (256, 481, 5, 8)) of distribution Normal(loc: torch.Size([256, 481, 5, 8]), scale: torch.Size([256, 481, 5, 8])) to satisfy the constraint Real(), but found invalid values:
tensor([[[[nan, nan, nan,  ..., nan, nan, nan],
          [nan, nan, nan,  ..., nan, na
2024-05-07 22:07:00,360 - Restoring model from epoch 128
2024-05-07 22:07:10,469 - Exception occurred at epoch 124. Expected parameter loc (Tensor of shape (256, 660, 5, 8)) of distribution Normal(loc: torch.Size([256, 660, 5, 8]), scale: torch.Size([256, 660, 5, 8])) to satisfy the constraint Real(), but found invalid values:
tensor([[[[nan, nan, nan,  ..., nan, nan, nan],
          [nan, nan, nan,  ..., nan, na
2024-05-07 22:07:10,470 - Restoring model from epoch 124
2024-05-07 22:07:16,935 - Exception occurred at epoch 123. Expected parameter loc (Tensor of shape (256, 914, 5, 8)) of distribution Normal(loc: torch.Size([256, 914, 5, 8]), scale: torch.Size([256, 914, 5, 8])) to satisfy the constraint Real(), but found invalid values:
tensor([[[[nan, nan, nan,  ..., nan, nan, nan],
          [nan, nan, nan,  ..., nan, na
2024-05-07 22:07:16,935 - Restoring model from epoch 123
2024-05-07 22:07:28,081 - Exception occurred at epoch 124. Expected parameter loc (Tensor of shape (256, 610, 5, 8)) of distribution Normal(loc: torch.Size([256, 610, 5, 8]), scale: torch.Size([256, 610, 5, 8])) to satisfy the constraint Real(), but found invalid values:
tensor([[[[nan, nan, nan,  ..., nan, nan, nan],
          [nan, nan, nan,  ..., nan, na
2024-05-07 22:07:28,082 - Restoring model from epoch 124
2024-05-07 22:07:42,516 - Epoch [115/250], Loss: -25.7848 (-26.0583, 0.1224, 0.1511)
2024-05-07 22:07:42,516 -      ETA: 00:01:18.75
2024-05-07 22:07:56,906 - Epoch [120/250], Loss: -26.4165 (-26.6815, 0.1190, 0.1460)
2024-05-07 22:07:56,906 -      ETA: 00:01:15.00
2024-05-07 22:08:11,390 - Epoch [125/250], Loss: -24.9232 (-25.1918, 0.1183, 0.1503)
2024-05-07 22:08:11,390 -      ETA: 00:01:12.64
2024-05-07 22:08:19,370 - Exception occurred at epoch 128. Expected parameter loc (Tensor of shape (256, 665, 5, 8)) of distribution Normal(loc: torch.Size([256, 665, 5, 8]), scale: torch.Size([256, 665, 5, 8])) to satisfy the constraint Real(), but found invalid values:
tensor([[[[nan, nan, nan,  ..., nan, nan, nan],
          [nan, nan, nan,  ..., nan, na
2024-05-07 22:08:19,370 - Restoring model from epoch 128
2024-05-07 22:08:29,314 - Exception occurred at epoch 129. Expected parameter loc (Tensor of shape (256, 631, 5, 8)) of distribution Normal(loc: torch.Size([256, 631, 5, 8]), scale: torch.Size([256, 631, 5, 8])) to satisfy the constraint Real(), but found invalid values:
tensor([[[[nan, nan, nan,  ..., nan, nan, nan],
          [nan, nan, nan,  ..., nan, na
2024-05-07 22:08:29,314 - Restoring model from epoch 129
2024-05-07 22:08:40,215 - Exception occurred at epoch 129. Expected parameter loc (Tensor of shape (256, 592, 5, 8)) of distribution Normal(loc: torch.Size([256, 592, 5, 8]), scale: torch.Size([256, 592, 5, 8])) to satisfy the constraint Real(), but found invalid values:
tensor([[[[nan, nan, nan,  ..., nan, nan, nan],
          [nan, nan, nan,  ..., nan, na
2024-05-07 22:08:40,216 - Restoring model from epoch 129
2024-05-07 22:08:49,839 - Exception occurred at epoch 129. Expected parameter loc (Tensor of shape (256, 575, 5, 8)) of distribution Normal(loc: torch.Size([256, 575, 5, 8]), scale: torch.Size([256, 575, 5, 8])) to satisfy the constraint Real(), but found invalid values:
tensor([[[[nan, nan, nan,  ..., nan, nan, nan],
          [nan, nan, nan,  ..., nan, na
2024-05-07 22:08:49,839 - Restoring model from epoch 129
2024-05-07 22:09:04,300 - Epoch [125/250], Loss: -25.8345 (-26.0847, 0.1078, 0.1424)
2024-05-07 22:09:04,300 -      ETA: 00:01:13.00
2024-05-07 22:09:11,885 - Exception occurred at epoch 128. Expected parameter loc (Tensor of shape (256, 516, 5, 8)) of distribution Normal(loc: torch.Size([256, 516, 5, 8]), scale: torch.Size([256, 516, 5, 8])) to satisfy the constraint Real(), but found invalid values:
tensor([[[[nan, nan, nan,  ..., nan, nan, nan],
          [nan, nan, nan,  ..., nan, na
2024-05-07 22:09:11,886 - Restoring model from epoch 128
2024-05-07 22:09:16,802 - Exception occurred at epoch 127. Expected parameter loc (Tensor of shape (256, 476, 5, 8)) of distribution Normal(loc: torch.Size([256, 476, 5, 8]), scale: torch.Size([256, 476, 5, 8])) to satisfy the constraint Real(), but found invalid values:
tensor([[[[nan, nan, nan,  ..., nan, nan, nan],
          [nan, nan, nan,  ..., nan, na
2024-05-07 22:09:16,802 - Restoring model from epoch 127
2024-05-07 22:09:17,811 - Exception occurred at epoch 126. Expected parameter loc (Tensor of shape (256, 625, 5, 8)) of distribution Normal(loc: torch.Size([256, 625, 5, 8]), scale: torch.Size([256, 625, 5, 8])) to satisfy the constraint Real(), but found invalid values:
tensor([[[[nan, nan, nan,  ..., nan, nan, nan],
          [nan, nan, nan,  ..., nan, na
2024-05-07 22:09:17,812 - Restoring model from epoch 126
2024-05-07 22:09:18,580 - Exception occurred at epoch 126. Expected parameter loc (Tensor of shape (256, 462, 5, 8)) of distribution Normal(loc: torch.Size([256, 462, 5, 8]), scale: torch.Size([256, 462, 5, 8])) to satisfy the constraint Real(), but found invalid values:
tensor([[[[nan, nan, nan,  ..., nan, nan, nan],
          [nan, nan, nan,  ..., nan, na
2024-05-07 22:09:18,580 - Restoring model from epoch 126
2024-05-07 22:09:33,150 - Epoch [125/250], Loss: -25.8714 (-26.1369, 0.1181, 0.1474)
2024-05-07 22:09:33,150 -      ETA: 00:01:11.62
2024-05-07 22:09:43,321 - Exception occurred at epoch 129. Expected parameter loc (Tensor of shape (256, 777, 5, 8)) of distribution Normal(loc: torch.Size([256, 777, 5, 8]), scale: torch.Size([256, 777, 5, 8])) to satisfy the constraint Real(), but found invalid values:
tensor([[[[nan, nan, nan,  ..., nan, nan, nan],
          [nan, nan, nan,  ..., nan, na
2024-05-07 22:09:43,321 - Restoring model from epoch 129
2024-05-07 22:09:48,888 - Exception occurred at epoch 127. Expected parameter loc (Tensor of shape (256, 914, 5, 8)) of distribution Normal(loc: torch.Size([256, 914, 5, 8]), scale: torch.Size([256, 914, 5, 8])) to satisfy the constraint Real(), but found invalid values:
tensor([[[[nan, nan, nan,  ..., nan, nan, nan],
          [nan, nan, nan,  ..., nan, na
2024-05-07 22:09:48,888 - Restoring model from epoch 127
2024-05-07 22:10:02,943 - Exception occurred at epoch 130. Expected parameter loc (Tensor of shape (256, 729, 5, 8)) of distribution Normal(loc: torch.Size([256, 729, 5, 8]), scale: torch.Size([256, 729, 5, 8])) to satisfy the constraint Real(), but found invalid values:
tensor([[[[nan, nan, nan,  ..., nan, nan, nan],
          [nan, nan, nan,  ..., nan, na
2024-05-07 22:10:02,943 - Restoring model from epoch 130
2024-05-07 22:10:13,925 - Exception occurred at epoch 129. Expected parameter loc (Tensor of shape (256, 610, 5, 8)) of distribution Normal(loc: torch.Size([256, 610, 5, 8]), scale: torch.Size([256, 610, 5, 8])) to satisfy the constraint Real(), but found invalid values:
tensor([[[[nan, nan, nan,  ..., nan, nan, nan],
          [nan, nan, nan,  ..., nan, na
2024-05-07 22:10:13,926 - Restoring model from epoch 129
2024-05-07 22:10:28,352 - Epoch [125/250], Loss: -26.3228 (-26.5936, 0.1209, 0.1499)
2024-05-07 22:10:28,352 -      ETA: 00:01:12.28
2024-05-07 22:10:34,249 - Exception occurred at epoch 128. Expected parameter loc (Tensor of shape (256, 777, 5, 8)) of distribution Normal(loc: torch.Size([256, 777, 5, 8]), scale: torch.Size([256, 777, 5, 8])) to satisfy the constraint Real(), but found invalid values:
tensor([[[[nan, nan, nan,  ..., nan, nan, nan],
          [nan, nan, nan,  ..., nan, na
2024-05-07 22:10:34,249 - Restoring model from epoch 128
2024-05-07 22:10:41,884 - Exception occurred at epoch 128. Expected parameter loc (Tensor of shape (256, 553, 5, 8)) of distribution Normal(loc: torch.Size([256, 553, 5, 8]), scale: torch.Size([256, 553, 5, 8])) to satisfy the constraint Real(), but found invalid values:
tensor([[[[nan, nan, nan,  ..., nan, nan, nan],
          [nan, nan, nan,  ..., nan, na
2024-05-07 22:10:41,884 - Restoring model from epoch 128
2024-05-07 22:10:48,676 - Exception occurred at epoch 128. Expected parameter loc (Tensor of shape (256, 813, 5, 8)) of distribution Normal(loc: torch.Size([256, 813, 5, 8]), scale: torch.Size([256, 813, 5, 8])) to satisfy the constraint Real(), but found invalid values:
tensor([[[[nan, nan, nan,  ..., nan, nan, nan],
          [nan, nan, nan,  ..., nan, na
2024-05-07 22:10:48,676 - Restoring model from epoch 128
2024-05-07 22:10:58,698 - Exception occurred at epoch 129. Expected parameter loc (Tensor of shape (256, 801, 5, 8)) of distribution Normal(loc: torch.Size([256, 801, 5, 8]), scale: torch.Size([256, 801, 5, 8])) to satisfy the constraint Real(), but found invalid values:
tensor([[[[nan, nan, nan,  ..., nan, nan, nan],
          [nan, nan, nan,  ..., nan, na
2024-05-07 22:10:58,698 - Restoring model from epoch 129
2024-05-07 22:11:13,158 - Epoch [120/250], Loss: -26.7070 (-26.9707, 0.1194, 0.1444)
2024-05-07 22:11:13,158 -      ETA: 00:01:15.95
2024-05-07 22:11:27,541 - Epoch [125/250], Loss: -26.4439 (-26.7053, 0.1207, 0.1407)
2024-05-07 22:11:27,542 -      ETA: 00:01:11.40
2024-05-07 22:11:32,978 - Exception occurred at epoch 127. Expected parameter loc (Tensor of shape (256, 625, 5, 8)) of distribution Normal(loc: torch.Size([256, 625, 5, 8]), scale: torch.Size([256, 625, 5, 8])) to satisfy the constraint Real(), but found invalid values:
tensor([[[[nan, nan, nan,  ..., nan, nan, nan],
          [nan, nan, nan,  ..., nan, na
2024-05-07 22:11:32,978 - Restoring model from epoch 127
2024-05-07 22:11:40,159 - Exception occurred at epoch 128. Expected parameter loc (Tensor of shape (256, 914, 5, 8)) of distribution Normal(loc: torch.Size([256, 914, 5, 8]), scale: torch.Size([256, 914, 5, 8])) to satisfy the constraint Real(), but found invalid values:
tensor([[[[nan, nan, nan,  ..., nan, nan, nan],
          [nan, nan, nan,  ..., nan, na
2024-05-07 22:11:40,159 - Restoring model from epoch 128
2024-05-07 22:11:43,878 - Exception occurred at epoch 127. Expected parameter loc (Tensor of shape (256, 516, 5, 8)) of distribution Normal(loc: torch.Size([256, 516, 5, 8]), scale: torch.Size([256, 516, 5, 8])) to satisfy the constraint Real(), but found invalid values:
tensor([[[[nan, nan, nan,  ..., nan, nan, nan],
          [nan, nan, nan,  ..., nan, na
2024-05-07 22:11:43,878 - Restoring model from epoch 127
2024-05-07 22:11:48,789 - Exception occurred at epoch 127. Expected parameter loc (Tensor of shape (256, 652, 5, 8)) of distribution Normal(loc: torch.Size([256, 652, 5, 8]), scale: torch.Size([256, 652, 5, 8])) to satisfy the constraint Real(), but found invalid values:
tensor([[[[nan, nan, nan,  ..., nan, nan, nan],
          [nan, nan, nan,  ..., nan, na
2024-05-07 22:11:48,789 - Restoring model from epoch 127
2024-05-07 22:12:01,725 - Exception occurred at epoch 125. Expected parameter loc (Tensor of shape (256, 631, 5, 8)) of distribution Normal(loc: torch.Size([256, 631, 5, 8]), scale: torch.Size([256, 631, 5, 8])) to satisfy the constraint Real(), but found invalid values:
tensor([[[[nan, nan, nan,  ..., nan, nan, nan],
          [nan, nan, nan,  ..., nan, na
2024-05-07 22:12:01,726 - Restoring model from epoch 125
2024-05-07 22:12:16,200 - Epoch [125/250], Loss: -26.4427 (-26.7074, 0.1196, 0.1451)
2024-05-07 22:12:16,200 -      ETA: 00:01:12.87
2024-05-07 22:12:19,638 - Exception occurred at epoch 127. Expected parameter loc (Tensor of shape (256, 914, 5, 8)) of distribution Normal(loc: torch.Size([256, 914, 5, 8]), scale: torch.Size([256, 914, 5, 8])) to satisfy the constraint Real(), but found invalid values:
tensor([[[[nan, nan, nan,  ..., nan, nan, nan],
          [nan, nan, nan,  ..., nan, na
2024-05-07 22:12:19,638 - Restoring model from epoch 127
2024-05-07 22:12:23,353 - Exception occurred at epoch 127. Expected parameter loc (Tensor of shape (256, 506, 5, 8)) of distribution Normal(loc: torch.Size([256, 506, 5, 8]), scale: torch.Size([256, 506, 5, 8])) to satisfy the constraint Real(), but found invalid values:
tensor([[[[nan, nan, nan,  ..., nan, nan, nan],
          [nan, nan, nan,  ..., nan, na
2024-05-07 22:12:23,354 - Restoring model from epoch 127
2024-05-07 22:12:30,794 - Exception occurred at epoch 128. Expected parameter loc (Tensor of shape (256, 610, 5, 8)) of distribution Normal(loc: torch.Size([256, 610, 5, 8]), scale: torch.Size([256, 610, 5, 8])) to satisfy the constraint Real(), but found invalid values:
tensor([[[[nan, nan, nan,  ..., nan, nan, nan],
          [nan, nan, nan,  ..., nan, na
2024-05-07 22:12:30,795 - Restoring model from epoch 128
2024-05-07 22:12:36,820 - Exception occurred at epoch 128. Expected parameter loc (Tensor of shape (256, 616, 5, 8)) of distribution Normal(loc: torch.Size([256, 616, 5, 8]), scale: torch.Size([256, 616, 5, 8])) to satisfy the constraint Real(), but found invalid values:
tensor([[[[nan, nan, nan,  ..., nan, nan, nan],
          [nan, nan, nan,  ..., nan, na
2024-05-07 22:12:36,820 - Restoring model from epoch 128
2024-05-07 22:12:51,204 - Epoch [125/250], Loss: -26.5593 (-26.8348, 0.1273, 0.1483)
2024-05-07 22:12:51,204 -      ETA: 00:01:12.65
2024-05-07 22:13:03,982 - Exception occurred at epoch 130. Expected parameter loc (Tensor of shape (256, 610, 5, 8)) of distribution Normal(loc: torch.Size([256, 610, 5, 8]), scale: torch.Size([256, 610, 5, 8])) to satisfy the constraint Real(), but found invalid values:
tensor([[[[nan, nan, nan,  ..., nan, nan, nan],
          [nan, nan, nan,  ..., nan, na
2024-05-07 22:13:03,982 - Restoring model from epoch 130
2024-05-07 22:13:07,216 - Exception occurred at epoch 127. Expected parameter loc (Tensor of shape (256, 801, 5, 8)) of distribution Normal(loc: torch.Size([256, 801, 5, 8]), scale: torch.Size([256, 801, 5, 8])) to satisfy the constraint Real(), but found invalid values:
tensor([[[[nan, nan, nan,  ..., nan, nan, nan],
          [nan, nan, nan,  ..., nan, na
2024-05-07 22:13:07,216 - Restoring model from epoch 127
2024-05-07 22:13:18,024 - Exception occurred at epoch 129. Expected parameter loc (Tensor of shape (256, 503, 5, 8)) of distribution Normal(loc: torch.Size([256, 503, 5, 8]), scale: torch.Size([256, 503, 5, 8])) to satisfy the constraint Real(), but found invalid values:
tensor([[[[nan, nan, nan,  ..., nan, nan, nan],
          [nan, nan, nan,  ..., nan, na
2024-05-07 22:13:18,024 - Restoring model from epoch 129
2024-05-07 22:13:24,146 - Exception occurred at epoch 128. Expected parameter loc (Tensor of shape (256, 616, 5, 8)) of distribution Normal(loc: torch.Size([256, 616, 5, 8]), scale: torch.Size([256, 616, 5, 8])) to satisfy the constraint Real(), but found invalid values:
tensor([[[[nan, nan, nan,  ..., nan, nan, nan],
          [nan, nan, nan,  ..., nan, na
2024-05-07 22:13:24,146 - Restoring model from epoch 128
2024-05-07 22:13:38,615 - Epoch [120/250], Loss: -25.3622 (-25.6745, 0.1155, 0.1967)
2024-05-07 22:13:38,615 -      ETA: 00:01:15.15
2024-05-07 22:13:52,940 - Epoch [125/250], Loss: -26.5795 (-26.8189, 0.1050, 0.1344)
2024-05-07 22:13:52,940 -      ETA: 00:01:13.16
2024-05-07 22:13:58,339 - Exception occurred at epoch 127. Expected parameter loc (Tensor of shape (256, 660, 5, 8)) of distribution Normal(loc: torch.Size([256, 660, 5, 8]), scale: torch.Size([256, 660, 5, 8])) to satisfy the constraint Real(), but found invalid values:
tensor([[[[nan, nan, nan,  ..., nan, nan, nan],
          [nan, nan, nan,  ..., nan, na
2024-05-07 22:13:58,339 - Restoring model from epoch 127
2024-05-07 22:14:05,483 - Exception occurred at epoch 128. Expected parameter loc (Tensor of shape (256, 553, 5, 8)) of distribution Normal(loc: torch.Size([256, 553, 5, 8]), scale: torch.Size([256, 553, 5, 8])) to satisfy the constraint Real(), but found invalid values:
tensor([[[[nan, nan, nan,  ..., nan, nan, nan],
          [nan, nan, nan,  ..., nan, na
2024-05-07 22:14:05,483 - Restoring model from epoch 128
2024-05-07 22:14:13,215 - Exception occurred at epoch 128. Expected parameter loc (Tensor of shape (256, 659, 5, 8)) of distribution Normal(loc: torch.Size([256, 659, 5, 8]), scale: torch.Size([256, 659, 5, 8])) to satisfy the constraint Real(), but found invalid values:
tensor([[[[nan, nan, nan,  ..., nan, nan, nan],
          [nan, nan, nan,  ..., nan, na
2024-05-07 22:14:13,215 - Restoring model from epoch 128
2024-05-07 22:14:20,077 - Exception occurred at epoch 128. Expected parameter loc (Tensor of shape (256, 970, 5, 8)) of distribution Normal(loc: torch.Size([256, 970, 5, 8]), scale: torch.Size([256, 970, 5, 8])) to satisfy the constraint Real(), but found invalid values:
tensor([[[[nan, nan, nan,  ..., nan, nan, nan],
          [nan, nan, nan,  ..., nan, na
2024-05-07 22:14:20,077 - Restoring model from epoch 128
2024-05-07 22:14:34,561 - Epoch [125/250], Loss: -26.0699 (-26.3259, 0.1113, 0.1448)
2024-05-07 22:14:34,561 -      ETA: 00:01:12.43
2024-05-07 22:14:40,846 - Exception occurred at epoch 128. Expected parameter loc (Tensor of shape (256, 631, 5, 8)) of distribution Normal(loc: torch.Size([256, 631, 5, 8]), scale: torch.Size([256, 631, 5, 8])) to satisfy the constraint Real(), but found invalid values:
tensor([[[[nan, nan, nan,  ..., nan, nan, nan],
          [nan, nan, nan,  ..., nan, na
2024-05-07 22:14:40,846 - Restoring model from epoch 128
2024-05-07 22:14:51,419 - Exception occurred at epoch 129. Expected parameter loc (Tensor of shape (256, 623, 5, 8)) of distribution Normal(loc: torch.Size([256, 623, 5, 8]), scale: torch.Size([256, 623, 5, 8])) to satisfy the constraint Real(), but found invalid values:
tensor([[[[nan, nan, nan,  ..., nan, nan, nan],
          [nan, nan, nan,  ..., nan, na
2024-05-07 22:14:51,420 - Restoring model from epoch 129
2024-05-07 22:15:01,274 - Exception occurred at epoch 129. Expected parameter loc (Tensor of shape (256, 631, 5, 8)) of distribution Normal(loc: torch.Size([256, 631, 5, 8]), scale: torch.Size([256, 631, 5, 8])) to satisfy the constraint Real(), but found invalid values:
tensor([[[[nan, nan, nan,  ..., nan, nan, nan],
          [nan, nan, nan,  ..., nan, na
2024-05-07 22:15:01,274 - Restoring model from epoch 129
2024-05-07 22:15:09,839 - Exception occurred at epoch 128. Expected parameter loc (Tensor of shape (256, 503, 5, 8)) of distribution Normal(loc: torch.Size([256, 503, 5, 8]), scale: torch.Size([256, 503, 5, 8])) to satisfy the constraint Real(), but found invalid values:
tensor([[[[nan, nan, nan,  ..., nan, nan, nan],
          [nan, nan, nan,  ..., nan, na
2024-05-07 22:15:09,839 - Restoring model from epoch 128
2024-05-07 22:15:24,310 - Epoch [125/250], Loss: -25.7685 (-26.0258, 0.1161, 0.1412)
2024-05-07 22:15:24,310 -      ETA: 00:01:11.73
2024-05-07 22:15:29,515 - Exception occurred at epoch 127. Expected parameter loc (Tensor of shape (256, 540, 5, 8)) of distribution Normal(loc: torch.Size([256, 540, 5, 8]), scale: torch.Size([256, 540, 5, 8])) to satisfy the constraint Real(), but found invalid values:
tensor([[[[nan, nan, nan,  ..., nan, nan, nan],
          [nan, nan, nan,  ..., nan, na
2024-05-07 22:15:29,515 - Restoring model from epoch 127
2024-05-07 22:15:33,848 - Exception occurred at epoch 127. Expected parameter loc (Tensor of shape (256, 481, 5, 8)) of distribution Normal(loc: torch.Size([256, 481, 5, 8]), scale: torch.Size([256, 481, 5, 8])) to satisfy the constraint Real(), but found invalid values:
tensor([[[[nan, nan, nan,  ..., nan, nan, nan],
          [nan, nan, nan,  ..., nan, na
2024-05-07 22:15:33,848 - Restoring model from epoch 127
2024-05-07 22:15:42,529 - Exception occurred at epoch 128. Expected parameter loc (Tensor of shape (256, 801, 5, 8)) of distribution Normal(loc: torch.Size([256, 801, 5, 8]), scale: torch.Size([256, 801, 5, 8])) to satisfy the constraint Real(), but found invalid values:
tensor([[[[nan, nan, nan,  ..., nan, nan, nan],
          [nan, nan, nan,  ..., nan, na
2024-05-07 22:15:42,529 - Restoring model from epoch 128
2024-05-07 22:15:47,656 - Exception occurred at epoch 127. Expected parameter loc (Tensor of shape (256, 503, 5, 8)) of distribution Normal(loc: torch.Size([256, 503, 5, 8]), scale: torch.Size([256, 503, 5, 8])) to satisfy the constraint Real(), but found invalid values:
tensor([[[[nan, nan, nan,  ..., nan, nan, nan],
          [nan, nan, nan,  ..., nan, na
2024-05-07 22:15:47,657 - Restoring model from epoch 127
2024-05-07 22:16:02,374 - Epoch [125/250], Loss: -26.2674 (-26.5388, 0.1184, 0.1530)
2024-05-07 22:16:02,374 -      ETA: 00:01:12.85
2024-05-07 22:16:10,893 - Exception occurred at epoch 128. Expected parameter loc (Tensor of shape (256, 516, 5, 8)) of distribution Normal(loc: torch.Size([256, 516, 5, 8]), scale: torch.Size([256, 516, 5, 8])) to satisfy the constraint Real(), but found invalid values:
tensor([[[[nan, nan, nan,  ..., nan, nan, nan],
          [nan, nan, nan,  ..., nan, na
2024-05-07 22:16:10,893 - Restoring model from epoch 128
2024-05-07 22:16:16,774 - Exception occurred at epoch 128. Expected parameter loc (Tensor of shape (256, 518, 5, 8)) of distribution Normal(loc: torch.Size([256, 518, 5, 8]), scale: torch.Size([256, 518, 5, 8])) to satisfy the constraint Real(), but found invalid values:
tensor([[[[nan, nan, nan,  ..., nan, nan, nan],
          [nan, nan, nan,  ..., nan, na
2024-05-07 22:16:16,775 - Restoring model from epoch 128
2024-05-07 22:16:31,209 - Exception occurred at epoch 130. Expected parameter loc (Tensor of shape (256, 391, 5, 8)) of distribution Normal(loc: torch.Size([256, 391, 5, 8]), scale: torch.Size([256, 391, 5, 8])) to satisfy the constraint Real(), but found invalid values:
tensor([[[[nan, nan, nan,  ..., nan, nan, nan],
          [nan, nan, nan,  ..., nan, na
2024-05-07 22:16:31,209 - Restoring model from epoch 130
2024-05-07 22:16:45,266 - Exception occurred at epoch 130. Expected parameter loc (Tensor of shape (256, 592, 5, 8)) of distribution Normal(loc: torch.Size([256, 592, 5, 8]), scale: torch.Size([256, 592, 5, 8])) to satisfy the constraint Real(), but found invalid values:
tensor([[[[nan, nan, nan,  ..., nan, nan, nan],
          [nan, nan, nan,  ..., nan, na
2024-05-07 22:16:45,267 - Restoring model from epoch 130
2024-05-07 22:16:59,675 - Epoch [120/250], Loss: -25.7897 (-26.0603, 0.1208, 0.1498)
2024-05-07 22:16:59,676 -      ETA: 00:01:15.43
2024-05-07 22:17:13,438 - Exception occurred at epoch 125. Expected parameter loc (Tensor of shape (256, 777, 5, 8)) of distribution Normal(loc: torch.Size([256, 777, 5, 8]), scale: torch.Size([256, 777, 5, 8])) to satisfy the constraint Real(), but found invalid values:
tensor([[[[nan, nan, nan,  ..., nan, nan, nan],
          [nan, nan, nan,  ..., nan, na
2024-05-07 22:17:13,438 - Restoring model from epoch 125
2024-05-07 22:17:28,000 - Epoch [125/250], Loss: -26.0435 (-26.2964, 0.1126, 0.1404)
2024-05-07 22:17:28,000 -      ETA: 00:01:12.39
2024-05-07 22:17:33,964 - Exception occurred at epoch 128. Expected parameter loc (Tensor of shape (256, 503, 5, 8)) of distribution Normal(loc: torch.Size([256, 503, 5, 8]), scale: torch.Size([256, 503, 5, 8])) to satisfy the constraint Real(), but found invalid values:
tensor([[[[nan, nan, nan,  ..., nan, nan, nan],
          [nan, nan, nan,  ..., nan, na
2024-05-07 22:17:33,964 - Restoring model from epoch 128
2024-05-07 22:17:40,567 - Exception occurred at epoch 128. Expected parameter loc (Tensor of shape (256, 970, 5, 8)) of distribution Normal(loc: torch.Size([256, 970, 5, 8]), scale: torch.Size([256, 970, 5, 8])) to satisfy the constraint Real(), but found invalid values:
tensor([[[[nan, nan, nan,  ..., nan, nan, nan],
          [nan, nan, nan,  ..., nan, na
2024-05-07 22:17:40,567 - Restoring model from epoch 128
2024-05-07 22:17:49,233 - Exception occurred at epoch 128. Expected parameter loc (Tensor of shape (256, 801, 5, 8)) of distribution Normal(loc: torch.Size([256, 801, 5, 8]), scale: torch.Size([256, 801, 5, 8])) to satisfy the constraint Real(), but found invalid values:
tensor([[[[nan, nan, nan,  ..., nan, nan, nan],
          [nan, nan, nan,  ..., nan, na
2024-05-07 22:17:49,233 - Restoring model from epoch 128
2024-05-07 22:17:58,818 - Exception occurred at epoch 129. Expected parameter loc (Tensor of shape (256, 476, 5, 8)) of distribution Normal(loc: torch.Size([256, 476, 5, 8]), scale: torch.Size([256, 476, 5, 8])) to satisfy the constraint Real(), but found invalid values:
tensor([[[[nan, nan, nan,  ..., nan, nan, nan],
          [nan, nan, nan,  ..., nan, na
2024-05-07 22:17:58,819 - Restoring model from epoch 129
2024-05-07 22:18:13,362 - Epoch [125/250], Loss: -26.3704 (-26.6215, 0.1156, 0.1355)
2024-05-07 22:18:13,362 -      ETA: 00:01:12.74
2024-05-07 22:18:18,733 - Exception occurred at epoch 127. Expected parameter loc (Tensor of shape (256, 513, 5, 8)) of distribution Normal(loc: torch.Size([256, 513, 5, 8]), scale: torch.Size([256, 513, 5, 8])) to satisfy the constraint Real(), but found invalid values:
tensor([[[[nan, nan, nan,  ..., nan, nan, nan],
          [nan, nan, nan,  ..., nan, na
2024-05-07 22:18:18,733 - Restoring model from epoch 127
2024-05-07 22:18:32,736 - Exception occurred at epoch 130. Expected parameter loc (Tensor of shape (256, 729, 5, 8)) of distribution Normal(loc: torch.Size([256, 729, 5, 8]), scale: torch.Size([256, 729, 5, 8])) to satisfy the constraint Real(), but found invalid values:
tensor([[[[nan, nan, nan,  ..., nan, nan, nan],
          [nan, nan, nan,  ..., nan, na
2024-05-07 22:18:32,736 - Restoring model from epoch 130
2024-05-07 22:18:40,617 - Exception occurred at epoch 128. Expected parameter loc (Tensor of shape (256, 652, 5, 8)) of distribution Normal(loc: torch.Size([256, 652, 5, 8]), scale: torch.Size([256, 652, 5, 8])) to satisfy the constraint Real(), but found invalid values:
tensor([[[[nan, nan, nan,  ..., nan, nan, nan],
          [nan, nan, nan,  ..., nan, na
2024-05-07 22:18:40,617 - Restoring model from epoch 128
2024-05-07 22:18:51,645 - Exception occurred at epoch 129. Expected parameter loc (Tensor of shape (256, 506, 5, 8)) of distribution Normal(loc: torch.Size([256, 506, 5, 8]), scale: torch.Size([256, 506, 5, 8])) to satisfy the constraint Real(), but found invalid values:
tensor([[[[nan, nan, nan,  ..., nan, nan, nan],
          [nan, nan, nan,  ..., nan, na
2024-05-07 22:18:51,645 - Restoring model from epoch 129
2024-05-07 22:19:05,972 - Epoch [125/250], Loss: -26.3188 (-26.5903, 0.1183, 0.1533)
2024-05-07 22:19:05,973 -      ETA: 00:01:11.95
2024-05-07 22:19:07,712 - Exception occurred at epoch 126. Expected parameter loc (Tensor of shape (256, 625, 5, 8)) of distribution Normal(loc: torch.Size([256, 625, 5, 8]), scale: torch.Size([256, 625, 5, 8])) to satisfy the constraint Real(), but found invalid values:
tensor([[[[nan, nan, nan,  ..., nan, nan, nan],
          [nan, nan, nan,  ..., nan, na
2024-05-07 22:19:07,712 - Restoring model from epoch 126
2024-05-07 22:19:15,516 - Exception occurred at epoch 128. Expected parameter loc (Tensor of shape (256, 623, 5, 8)) of distribution Normal(loc: torch.Size([256, 623, 5, 8]), scale: torch.Size([256, 623, 5, 8])) to satisfy the constraint Real(), but found invalid values:
tensor([[[[nan, nan, nan,  ..., nan, nan, nan],
          [nan, nan, nan,  ..., nan, na
2024-05-07 22:19:15,517 - Restoring model from epoch 128
2024-05-07 22:19:17,171 - Exception occurred at epoch 126. Expected parameter loc (Tensor of shape (256, 729, 5, 8)) of distribution Normal(loc: torch.Size([256, 729, 5, 8]), scale: torch.Size([256, 729, 5, 8])) to satisfy the constraint Real(), but found invalid values:
tensor([[[[nan, nan, nan,  ..., nan, nan, nan],
          [nan, nan, nan,  ..., nan, na
2024-05-07 22:19:17,172 - Restoring model from epoch 126
2024-05-07 22:19:27,878 - Exception occurred at epoch 129. Expected parameter loc (Tensor of shape (256, 481, 5, 8)) of distribution Normal(loc: torch.Size([256, 481, 5, 8]), scale: torch.Size([256, 481, 5, 8])) to satisfy the constraint Real(), but found invalid values:
tensor([[[[nan, nan, nan,  ..., nan, nan, nan],
          [nan, nan, nan,  ..., nan, na
2024-05-07 22:19:27,879 - Restoring model from epoch 129
2024-05-07 22:19:42,393 - Epoch [115/250], Loss: -25.6588 (-25.9198, 0.1143, 0.1467)
2024-05-07 22:19:42,393 -      ETA: 00:01:17.80
2024-05-07 22:19:56,833 - Epoch [120/250], Loss: -26.0220 (-26.2878, 0.1187, 0.1471)
2024-05-07 22:19:56,833 -      ETA: 00:01:14.28
2024-05-07 22:20:10,777 - Exception occurred at epoch 125. Expected parameter loc (Tensor of shape (256, 631, 5, 8)) of distribution Normal(loc: torch.Size([256, 631, 5, 8]), scale: torch.Size([256, 631, 5, 8])) to satisfy the constraint Real(), but found invalid values:
tensor([[[[nan, nan, nan,  ..., nan, nan, nan],
          [nan, nan, nan,  ..., nan, na
2024-05-07 22:20:10,777 - Restoring model from epoch 125
2024-05-07 22:20:25,239 - Epoch [125/250], Loss: -26.1694 (-26.4264, 0.1117, 0.1453)
2024-05-07 22:20:25,239 -      ETA: 00:01:12.91
2024-05-07 22:20:30,221 - Exception occurred at epoch 127. Expected parameter loc (Tensor of shape (256, 623, 5, 8)) of distribution Normal(loc: torch.Size([256, 623, 5, 8]), scale: torch.Size([256, 623, 5, 8])) to satisfy the constraint Real(), but found invalid values:
tensor([[[[nan, nan, nan,  ..., nan, nan, nan],
          [nan, nan, nan,  ..., nan, na
2024-05-07 22:20:30,221 - Restoring model from epoch 127
2024-05-07 22:20:39,636 - Exception occurred at epoch 129. Expected parameter loc (Tensor of shape (256, 552, 5, 8)) of distribution Normal(loc: torch.Size([256, 552, 5, 8]), scale: torch.Size([256, 552, 5, 8])) to satisfy the constraint Real(), but found invalid values:
tensor([[[[nan, nan, nan,  ..., nan, nan, nan],
          [nan, nan, nan,  ..., nan, na
2024-05-07 22:20:39,636 - Restoring model from epoch 129
2024-05-07 22:20:54,134 - Epoch [130/250], Loss: nan (nan, 0.1183, 0.1389)
2024-05-07 22:20:54,134 -      ETA: 00:01:10.04
2024-05-07 22:20:54,199 - Exception occurred at epoch 131. Expected parameter loc (Tensor of shape (256, 659, 5, 8)) of distribution Normal(loc: torch.Size([256, 659, 5, 8]), scale: torch.Size([256, 659, 5, 8])) to satisfy the constraint Real(), but found invalid values:
tensor([[[[nan, nan, nan,  ..., nan, nan, nan],
          [nan, nan, nan,  ..., nan, na
2024-05-07 22:20:54,199 - Restoring model from epoch 131
2024-05-07 22:20:54,277 - Exception occurred at epoch 131. Expected parameter loc (Tensor of shape (256, 440, 5, 8)) of distribution Normal(loc: torch.Size([256, 440, 5, 8]), scale: torch.Size([256, 440, 5, 8])) to satisfy the constraint Real(), but found invalid values:
tensor([[[[nan, nan, nan,  ..., nan, nan, nan],
          [nan, nan, nan,  ..., nan, na
2024-05-07 22:20:54,277 - Restoring model from epoch 131
2024-05-07 22:20:54,332 - Exception occurred at epoch 131. Expected parameter loc (Tensor of shape (256, 540, 5, 8)) of distribution Normal(loc: torch.Size([256, 540, 5, 8]), scale: torch.Size([256, 540, 5, 8])) to satisfy the constraint Real(), but found invalid values:
tensor([[[[nan, nan, nan,  ..., nan, nan, nan],
          [nan, nan, nan,  ..., nan, na
2024-05-07 22:20:54,332 - Restoring model from epoch 131
2024-05-07 22:20:54,386 - Exception occurred at epoch 131. Expected parameter loc (Tensor of shape (256, 516, 5, 8)) of distribution Normal(loc: torch.Size([256, 516, 5, 8]), scale: torch.Size([256, 516, 5, 8])) to satisfy the constraint Real(), but found invalid values:
tensor([[[[nan, nan, nan,  ..., nan, nan, nan],
          [nan, nan, nan,  ..., nan, na
2024-05-07 22:20:54,386 - Restoring model from epoch 131
2024-05-07 22:21:06,963 - Exception occurred at epoch 130. Expected parameter loc (Tensor of shape (256, 854, 5, 8)) of distribution Normal(loc: torch.Size([256, 854, 5, 8]), scale: torch.Size([256, 854, 5, 8])) to satisfy the constraint Real(), but found invalid values:
tensor([[[[nan, nan, nan,  ..., nan, nan, nan],
          [nan, nan, nan,  ..., nan, na
2024-05-07 22:21:06,963 - Restoring model from epoch 130
2024-05-07 22:21:16,045 - Exception occurred at epoch 124. Expected parameter loc (Tensor of shape (256, 729, 5, 8)) of distribution Normal(loc: torch.Size([256, 729, 5, 8]), scale: torch.Size([256, 729, 5, 8])) to satisfy the constraint Real(), but found invalid values:
tensor([[[[nan, nan, nan,  ..., nan, nan, nan],
          [nan, nan, nan,  ..., nan, na
2024-05-07 22:21:16,046 - Restoring model from epoch 124
2024-05-07 22:21:30,621 - Epoch [125/250], Loss: -26.0590 (-26.3065, 0.1076, 0.1399)
2024-05-07 22:21:30,622 -      ETA: 00:01:13.39
2024-05-07 22:21:41,112 - Exception occurred at epoch 129. Expected parameter loc (Tensor of shape (256, 518, 5, 8)) of distribution Normal(loc: torch.Size([256, 518, 5, 8]), scale: torch.Size([256, 518, 5, 8])) to satisfy the constraint Real(), but found invalid values:
tensor([[[[nan, nan, nan,  ..., nan, nan, nan],
          [nan, nan, nan,  ..., nan, na
2024-05-07 22:21:41,112 - Restoring model from epoch 129
2024-05-07 22:21:52,161 - Exception occurred at epoch 129. Expected parameter loc (Tensor of shape (256, 516, 5, 8)) of distribution Normal(loc: torch.Size([256, 516, 5, 8]), scale: torch.Size([256, 516, 5, 8])) to satisfy the constraint Real(), but found invalid values:
tensor([[[[nan, nan, nan,  ..., nan, nan, nan],
          [nan, nan, nan,  ..., nan, na
2024-05-07 22:21:52,162 - Restoring model from epoch 129
2024-05-07 22:22:04,530 - Exception occurred at epoch 130. Expected parameter loc (Tensor of shape (256, 665, 5, 8)) of distribution Normal(loc: torch.Size([256, 665, 5, 8]), scale: torch.Size([256, 665, 5, 8])) to satisfy the constraint Real(), but found invalid values:
tensor([[[[nan, nan, nan,  ..., nan, nan, nan],
          [nan, nan, nan,  ..., nan, na
2024-05-07 22:22:04,530 - Restoring model from epoch 130
2024-05-07 22:22:10,181 - Exception occurred at epoch 127. Expected parameter loc (Tensor of shape (256, 594, 5, 8)) of distribution Normal(loc: torch.Size([256, 594, 5, 8]), scale: torch.Size([256, 594, 5, 8])) to satisfy the constraint Real(), but found invalid values:
tensor([[[[nan, nan, nan,  ..., nan, nan, nan],
          [nan, nan, nan,  ..., nan, na
2024-05-07 22:22:10,182 - Restoring model from epoch 127
2024-05-07 22:22:24,718 - Epoch [120/250], Loss: -25.7923 (-26.0613, 0.1151, 0.1539)
2024-05-07 22:22:24,718 -      ETA: 00:01:15.08
2024-05-07 22:22:39,122 - Epoch [125/250], Loss: -26.0483 (-26.3298, 0.1195, 0.1620)
2024-05-07 22:22:39,122 -      ETA: 00:01:13.04
2024-05-07 22:22:47,058 - Exception occurred at epoch 128. Expected parameter loc (Tensor of shape (256, 914, 5, 8)) of distribution Normal(loc: torch.Size([256, 914, 5, 8]), scale: torch.Size([256, 914, 5, 8])) to satisfy the constraint Real(), but found invalid values:
tensor([[[[nan, nan, nan,  ..., nan, nan, nan],
          [nan, nan, nan,  ..., nan, na
2024-05-07 22:22:47,058 - Restoring model from epoch 128
2024-05-07 22:22:48,754 - Exception occurred at epoch 126. Expected parameter loc (Tensor of shape (256, 575, 5, 8)) of distribution Normal(loc: torch.Size([256, 575, 5, 8]), scale: torch.Size([256, 575, 5, 8])) to satisfy the constraint Real(), but found invalid values:
tensor([[[[nan, nan, nan,  ..., nan, nan, nan],
          [nan, nan, nan,  ..., nan, na
2024-05-07 22:22:48,754 - Restoring model from epoch 126
2024-05-07 22:22:56,682 - Exception occurred at epoch 128. Expected parameter loc (Tensor of shape (256, 575, 5, 8)) of distribution Normal(loc: torch.Size([256, 575, 5, 8]), scale: torch.Size([256, 575, 5, 8])) to satisfy the constraint Real(), but found invalid values:
tensor([[[[nan, nan, nan,  ..., nan, nan, nan],
          [nan, nan, nan,  ..., nan, na
2024-05-07 22:22:56,682 - Restoring model from epoch 128
2024-05-07 22:23:07,801 - Exception occurred at epoch 129. Expected parameter loc (Tensor of shape (256, 506, 5, 8)) of distribution Normal(loc: torch.Size([256, 506, 5, 8]), scale: torch.Size([256, 506, 5, 8])) to satisfy the constraint Real(), but found invalid values:
tensor([[[[nan, nan, nan,  ..., nan, nan, nan],
          [nan, nan, nan,  ..., nan, na
2024-05-07 22:23:07,801 - Restoring model from epoch 129
2024-05-07 22:23:21,135 - Exception occurred at epoch 125. Expected parameter loc (Tensor of shape (256, 631, 5, 8)) of distribution Normal(loc: torch.Size([256, 631, 5, 8]), scale: torch.Size([256, 631, 5, 8])) to satisfy the constraint Real(), but found invalid values:
tensor([[[[nan, nan, nan,  ..., nan, nan, nan],
          [nan, nan, nan,  ..., nan, na
2024-05-07 22:23:21,135 - Restoring model from epoch 125
2024-05-07 22:23:35,664 - Epoch [125/250], Loss: -26.1694 (-26.4395, 0.1201, 0.1499)
2024-05-07 22:23:35,664 -      ETA: 00:01:13.01
2024-05-07 22:23:50,130 - Exception occurred at epoch 130. Expected parameter loc (Tensor of shape (256, 391, 5, 8)) of distribution Normal(loc: torch.Size([256, 391, 5, 8]), scale: torch.Size([256, 391, 5, 8])) to satisfy the constraint Real(), but found invalid values:
tensor([[[[nan, nan, nan,  ..., nan, nan, nan],
          [nan, nan, nan,  ..., nan, na
2024-05-07 22:23:50,130 - Restoring model from epoch 130
2024-05-07 22:23:54,636 - Exception occurred at epoch 127. Expected parameter loc (Tensor of shape (256, 506, 5, 8)) of distribution Normal(loc: torch.Size([256, 506, 5, 8]), scale: torch.Size([256, 506, 5, 8])) to satisfy the constraint Real(), but found invalid values:
tensor([[[[nan, nan, nan,  ..., nan, nan, nan],
          [nan, nan, nan,  ..., nan, na
2024-05-07 22:23:54,636 - Restoring model from epoch 127
2024-05-07 22:24:09,126 - Epoch [130/250], Loss: -26.7643 (-27.0251, 0.1181, 0.1428)
2024-05-07 22:24:09,126 -      ETA: 00:01:09.39
2024-05-07 22:24:11,480 - Exception occurred at epoch 131. Expected parameter loc (Tensor of shape (256, 462, 5, 8)) of distribution Normal(loc: torch.Size([256, 462, 5, 8]), scale: torch.Size([256, 462, 5, 8])) to satisfy the constraint Real(), but found invalid values:
tensor([[[[nan, nan, nan,  ..., nan, nan, nan],
          [nan, nan, nan,  ..., nan, na
2024-05-07 22:24:11,480 - Restoring model from epoch 131
2024-05-07 22:24:13,034 - Exception occurred at epoch 131. Expected parameter loc (Tensor of shape (256, 552, 5, 8)) of distribution Normal(loc: torch.Size([256, 552, 5, 8]), scale: torch.Size([256, 552, 5, 8])) to satisfy the constraint Real(), but found invalid values:
tensor([[[[nan, nan, nan,  ..., nan, nan, nan],
          [nan, nan, nan,  ..., nan, na
2024-05-07 22:24:13,034 - Restoring model from epoch 131
2024-05-07 22:24:14,893 - Exception occurred at epoch 131. Expected parameter loc (Tensor of shape (256, 801, 5, 8)) of distribution Normal(loc: torch.Size([256, 801, 5, 8]), scale: torch.Size([256, 801, 5, 8])) to satisfy the constraint Real(), but found invalid values:
tensor([[[[nan, nan, nan,  ..., nan, nan, nan],
          [nan, nan, nan,  ..., nan, na
2024-05-07 22:24:14,894 - Restoring model from epoch 131
2024-05-07 22:24:17,470 - Exception occurred at epoch 131. Expected parameter loc (Tensor of shape (256, 580, 5, 8)) of distribution Normal(loc: torch.Size([256, 580, 5, 8]), scale: torch.Size([256, 580, 5, 8])) to satisfy the constraint Real(), but found invalid values:
tensor([[[[nan, nan, nan,  ..., nan, nan, nan],
          [nan, nan, nan,  ..., nan, na
2024-05-07 22:24:17,470 - Restoring model from epoch 131
2024-05-07 22:24:22,135 - Exception occurred at epoch 127. Expected parameter loc (Tensor of shape (256, 594, 5, 8)) of distribution Normal(loc: torch.Size([256, 594, 5, 8]), scale: torch.Size([256, 594, 5, 8])) to satisfy the constraint Real(), but found invalid values:
tensor([[[[nan, nan, nan,  ..., nan, nan, nan],
          [nan, nan, nan,  ..., nan, na
2024-05-07 22:24:22,135 - Restoring model from epoch 127
2024-05-07 22:24:36,692 - Epoch [125/250], Loss: -26.3711 (-26.6308, 0.1181, 0.1416)
2024-05-07 22:24:36,692 -      ETA: 00:01:12.54
2024-05-07 22:24:40,562 - Exception occurred at epoch 127. Expected parameter loc (Tensor of shape (256, 659, 5, 8)) of distribution Normal(loc: torch.Size([256, 659, 5, 8]), scale: torch.Size([256, 659, 5, 8])) to satisfy the constraint Real(), but found invalid values:
tensor([[[[nan, nan, nan,  ..., nan, nan, nan],
          [nan, nan, nan,  ..., nan, na
2024-05-07 22:24:40,562 - Restoring model from epoch 127
2024-05-07 22:24:44,561 - Exception occurred at epoch 127. Expected parameter loc (Tensor of shape (256, 610, 5, 8)) of distribution Normal(loc: torch.Size([256, 610, 5, 8]), scale: torch.Size([256, 610, 5, 8])) to satisfy the constraint Real(), but found invalid values:
tensor([[[[nan, nan, nan,  ..., nan, nan, nan],
          [nan, nan, nan,  ..., nan, na
2024-05-07 22:24:44,561 - Restoring model from epoch 127
