2024-05-07 21:52:15,049 - Using cuda
2024-05-07 21:52:29,269 - Epoch [5/250], Loss: -13.8887 (-15.7345, 0.1598, 1.6861)
2024-05-07 21:52:29,269 -      ETA: 00:02:16.55
2024-05-07 21:52:43,195 - Epoch [10/250], Loss: -17.6638 (-18.9885, 0.1592, 1.1655)
2024-05-07 21:52:43,196 -      ETA: 00:02:14.25
2024-05-07 21:52:57,161 - Epoch [15/250], Loss: -18.9960 (-19.8947, 0.1342, 0.7645)
2024-05-07 21:52:57,161 -      ETA: 00:02:11.95
2024-05-07 21:53:11,193 - Epoch [20/250], Loss: -20.5134 (-21.2730, 0.1378, 0.6218)
2024-05-07 21:53:11,194 -      ETA: 00:02:09.55
2024-05-07 21:53:25,212 - Epoch [25/250], Loss: -21.6192 (-22.4250, 0.1382, 0.6677)
2024-05-07 21:53:25,212 -      ETA: 00:02:06.30
2024-05-07 21:53:39,245 - Epoch [30/250], Loss: -21.8244 (-22.4114, 0.1450, 0.4419)
2024-05-07 21:53:39,245 -      ETA: 00:02:03.70
2024-05-07 21:53:53,305 - Epoch [35/250], Loss: -23.1350 (-23.6356, 0.1280, 0.3726)
2024-05-07 21:53:53,306 -      ETA: 00:02:01.12
2024-05-07 21:54:07,345 - Epoch [40/250], Loss: -21.7887 (-22.2891, 0.1287, 0.3717)
2024-05-07 21:54:07,346 -      ETA: 00:01:58.10
2024-05-07 21:54:21,393 - Epoch [45/250], Loss: -23.5701 (-24.0400, 0.1327, 0.3372)
2024-05-07 21:54:21,393 -      ETA: 00:01:55.40
2024-05-07 21:54:35,447 - Epoch [50/250], Loss: -23.3309 (-23.9912, 0.1338, 0.5265)
2024-05-07 21:54:35,448 -      ETA: 00:01:52.79
2024-05-07 21:54:35,502 - == NETWORK SAVED

2024-05-07 21:54:49,559 - Epoch [55/250], Loss: -24.3046 (-24.7759, 0.1324, 0.3390)
2024-05-07 21:54:49,559 -      ETA: 00:01:49.92
2024-05-07 21:55:03,620 - Epoch [60/250], Loss: -24.6242 (-25.0811, 0.1275, 0.3294)
2024-05-07 21:55:03,620 -      ETA: 00:01:47.14
2024-05-07 21:55:17,687 - Epoch [65/250], Loss: -24.9224 (-25.3477, 0.1294, 0.2959)
2024-05-07 21:55:17,687 -      ETA: 00:01:43.99
2024-05-07 21:55:31,694 - Epoch [70/250], Loss: -24.7393 (-25.1610, 0.1305, 0.2912)
2024-05-07 21:55:31,694 -      ETA: 00:01:40.71
2024-05-07 21:55:38,985 - Exception occurred at epoch 73. Expected parameter loc (Tensor of shape (256, 516, 5, 8)) of distribution Normal(loc: torch.Size([256, 516, 5, 8]), scale: torch.Size([256, 516, 5, 8])) to satisfy the constraint Real(), but found invalid values:
tensor([[[[nan, nan, nan,  ..., nan, nan, nan],
          [nan, nan, nan,  ..., nan, na
2024-05-07 21:55:38,985 - Restoring model from epoch 73
2024-05-07 21:55:52,853 - Exception occurred at epoch 75. Expected parameter loc (Tensor of shape (256, 914, 5, 8)) of distribution Normal(loc: torch.Size([256, 914, 5, 8]), scale: torch.Size([256, 914, 5, 8])) to satisfy the constraint Real(), but found invalid values:
tensor([[[[nan, nan, nan,  ..., nan, nan, nan],
          [nan, nan, nan,  ..., nan, na
2024-05-07 21:55:52,853 - Restoring model from epoch 75
2024-05-07 21:56:06,980 - Epoch [75/250], Loss: -24.8527 (-25.2891, 0.1298, 0.3066)
2024-05-07 21:56:06,981 -      ETA: 00:01:38.74
2024-05-07 21:56:21,075 - Epoch [80/250], Loss: -25.6759 (-26.1023, 0.1354, 0.2910)
2024-05-07 21:56:21,075 -      ETA: 00:01:35.94
2024-05-07 21:56:35,168 - Epoch [85/250], Loss: -23.9178 (-24.3212, 0.1172, 0.2862)
2024-05-07 21:56:35,168 -      ETA: 00:01:33.27
2024-05-07 21:56:49,261 - Epoch [90/250], Loss: -26.2584 (-26.6603, 0.1312, 0.2707)
2024-05-07 21:56:49,261 -      ETA: 00:01:30.47
2024-05-07 21:57:03,364 - Epoch [95/250], Loss: -26.0482 (-26.3829, 0.1126, 0.2221)
2024-05-07 21:57:03,364 -      ETA: 00:01:27.56
2024-05-07 21:57:15,733 - Exception occurred at epoch 100. Expected parameter loc (Tensor of shape (256, 513, 5, 8)) of distribution Normal(loc: torch.Size([256, 513, 5, 8]), scale: torch.Size([256, 513, 5, 8])) to satisfy the constraint Real(), but found invalid values:
tensor([[[[nan, nan, nan,  ..., nan, nan, nan],
          [nan, nan, nan,  ..., nan, na
2024-05-07 21:57:15,734 - Restoring model from epoch 100
2024-05-07 21:57:29,364 - Exception occurred at epoch 100. Expected parameter loc (Tensor of shape (256, 854, 5, 8)) of distribution Normal(loc: torch.Size([256, 854, 5, 8]), scale: torch.Size([256, 854, 5, 8])) to satisfy the constraint Real(), but found invalid values:
tensor([[[[nan, nan, nan,  ..., nan, nan, nan],
          [nan, nan, nan,  ..., nan, na
2024-05-07 21:57:29,365 - Restoring model from epoch 100
2024-05-07 21:57:43,465 - Epoch [100/250], Loss: -25.9818 (-26.3222, 0.1109, 0.2295)
2024-05-07 21:57:43,465 -      ETA: 00:01:24.45
2024-05-07 21:57:43,539 - == NETWORK SAVED

2024-05-07 21:57:46,030 - Exception occurred at epoch 101. Expected parameter loc (Tensor of shape (256, 580, 5, 8)) of distribution Normal(loc: torch.Size([256, 580, 5, 8]), scale: torch.Size([256, 580, 5, 8])) to satisfy the constraint Real(), but found invalid values:
tensor([[[[nan, nan, nan,  ..., nan, nan, nan],
          [nan, nan, nan,  ..., nan, na
2024-05-07 21:57:46,030 - Restoring model from epoch 101
2024-05-07 21:57:46,828 - Exception occurred at epoch 101. Expected parameter loc (Tensor of shape (256, 552, 5, 8)) of distribution Normal(loc: torch.Size([256, 552, 5, 8]), scale: torch.Size([256, 552, 5, 8])) to satisfy the constraint Real(), but found invalid values:
tensor([[[[nan, nan, nan,  ..., nan, nan, nan],
          [nan, nan, nan,  ..., nan, na
2024-05-07 21:57:46,828 - Restoring model from epoch 101
2024-05-07 21:57:49,340 - Exception occurred at epoch 101. Expected parameter loc (Tensor of shape (256, 580, 5, 8)) of distribution Normal(loc: torch.Size([256, 580, 5, 8]), scale: torch.Size([256, 580, 5, 8])) to satisfy the constraint Real(), but found invalid values:
tensor([[[[nan, nan, nan,  ..., nan, nan, nan],
          [nan, nan, nan,  ..., nan, na
2024-05-07 21:57:49,340 - Restoring model from epoch 101
2024-05-07 21:57:50,551 - Exception occurred at epoch 101. Expected parameter loc (Tensor of shape (256, 552, 5, 8)) of distribution Normal(loc: torch.Size([256, 552, 5, 8]), scale: torch.Size([256, 552, 5, 8])) to satisfy the constraint Real(), but found invalid values:
tensor([[[[nan, nan, nan,  ..., nan, nan, nan],
          [nan, nan, nan,  ..., nan, na
2024-05-07 21:57:50,552 - Restoring model from epoch 101
2024-05-07 21:58:03,975 - Exception occurred at epoch 100. Expected parameter loc (Tensor of shape (256, 592, 5, 8)) of distribution Normal(loc: torch.Size([256, 592, 5, 8]), scale: torch.Size([256, 592, 5, 8])) to satisfy the constraint Real(), but found invalid values:
tensor([[[[nan, nan, nan,  ..., nan, nan, nan],
          [nan, nan, nan,  ..., nan, na
2024-05-07 21:58:03,976 - Restoring model from epoch 100
2024-05-07 21:58:18,038 - Epoch [95/250], Loss: -25.1548 (-25.5259, 0.1221, 0.2491)
2024-05-07 21:58:18,038 -      ETA: 00:01:27.00
2024-05-07 21:58:32,115 - Epoch [100/250], Loss: -26.2425 (-26.6242, 0.1257, 0.2560)
2024-05-07 21:58:32,115 -      ETA: 00:01:24.38
2024-05-07 21:58:32,189 - == NETWORK SAVED

2024-05-07 21:58:37,442 - Exception occurred at epoch 102. Expected parameter loc (Tensor of shape (256, 518, 5, 8)) of distribution Normal(loc: torch.Size([256, 518, 5, 8]), scale: torch.Size([256, 518, 5, 8])) to satisfy the constraint Real(), but found invalid values:
tensor([[[[nan, nan, nan,  ..., nan, nan, nan],
          [nan, nan, nan,  ..., nan, na
2024-05-07 21:58:37,442 - Restoring model from epoch 102
2024-05-07 21:58:43,455 - Exception occurred at epoch 103. Expected parameter loc (Tensor of shape (256, 652, 5, 8)) of distribution Normal(loc: torch.Size([256, 652, 5, 8]), scale: torch.Size([256, 652, 5, 8])) to satisfy the constraint Real(), but found invalid values:
tensor([[[[nan, nan, nan,  ..., nan, nan, nan],
          [nan, nan, nan,  ..., nan, na
2024-05-07 21:58:43,456 - Restoring model from epoch 103
2024-05-07 21:58:54,380 - Exception occurred at epoch 104. Expected parameter loc (Tensor of shape (256, 462, 5, 8)) of distribution Normal(loc: torch.Size([256, 462, 5, 8]), scale: torch.Size([256, 462, 5, 8])) to satisfy the constraint Real(), but found invalid values:
tensor([[[[nan, nan, nan,  ..., nan, nan, nan],
          [nan, nan, nan,  ..., nan, na
2024-05-07 21:58:54,381 - Restoring model from epoch 104
2024-05-07 21:58:58,316 - Exception occurred at epoch 102. Expected parameter loc (Tensor of shape (256, 518, 5, 8)) of distribution Normal(loc: torch.Size([256, 518, 5, 8]), scale: torch.Size([256, 518, 5, 8])) to satisfy the constraint Real(), but found invalid values:
tensor([[[[nan, nan, nan,  ..., nan, nan, nan],
          [nan, nan, nan,  ..., nan, na
2024-05-07 21:58:58,317 - Restoring model from epoch 102
2024-05-07 21:59:12,472 - Epoch [100/250], Loss: nan (nan, 0.1232, 0.2476)
2024-05-07 21:59:12,472 -      ETA: 00:01:24.66
2024-05-07 21:59:12,539 - == NETWORK SAVED

2024-05-07 21:59:12,577 - Exception occurred at epoch 101. Expected parameter loc (Tensor of shape (256, 652, 5, 8)) of distribution Normal(loc: torch.Size([256, 652, 5, 8]), scale: torch.Size([256, 652, 5, 8])) to satisfy the constraint Real(), but found invalid values:
tensor([[[[nan, nan, nan,  ..., nan, nan, nan],
          [nan, nan, nan,  ..., nan, na
2024-05-07 21:59:12,577 - Restoring model from epoch 101
2024-05-07 21:59:12,681 - Exception occurred at epoch 101. Expected parameter loc (Tensor of shape (256, 854, 5, 8)) of distribution Normal(loc: torch.Size([256, 854, 5, 8]), scale: torch.Size([256, 854, 5, 8])) to satisfy the constraint Real(), but found invalid values:
tensor([[[[nan, nan, nan,  ..., nan, nan, nan],
          [nan, nan, nan,  ..., nan, na
2024-05-07 21:59:12,681 - Restoring model from epoch 101
2024-05-07 21:59:12,736 - Exception occurred at epoch 101. Expected parameter loc (Tensor of shape (256, 506, 5, 8)) of distribution Normal(loc: torch.Size([256, 506, 5, 8]), scale: torch.Size([256, 506, 5, 8])) to satisfy the constraint Real(), but found invalid values:
tensor([[[[nan, nan, nan,  ..., nan, nan, nan],
          [nan, nan, nan,  ..., nan, na
2024-05-07 21:59:12,736 - Restoring model from epoch 101
2024-05-07 21:59:12,790 - Exception occurred at epoch 101. Expected parameter loc (Tensor of shape (256, 481, 5, 8)) of distribution Normal(loc: torch.Size([256, 481, 5, 8]), scale: torch.Size([256, 481, 5, 8])) to satisfy the constraint Real(), but found invalid values:
tensor([[[[nan, nan, nan,  ..., nan, nan, nan],
          [nan, nan, nan,  ..., nan, na
2024-05-07 21:59:12,790 - Restoring model from epoch 101
2024-05-07 21:59:26,897 - Epoch [100/250], Loss: -26.1993 (-26.5556, 0.1136, 0.2426)
2024-05-07 21:59:26,897 -      ETA: 00:01:24.72
2024-05-07 21:59:26,957 - == NETWORK SAVED

2024-05-07 21:59:34,050 - Exception occurred at epoch 103. Expected parameter loc (Tensor of shape (256, 813, 5, 8)) of distribution Normal(loc: torch.Size([256, 813, 5, 8]), scale: torch.Size([256, 813, 5, 8])) to satisfy the constraint Real(), but found invalid values:
tensor([[[[nan, nan, nan,  ..., nan, nan, nan],
          [nan, nan, nan,  ..., nan, na
2024-05-07 21:59:34,050 - Restoring model from epoch 103
2024-05-07 21:59:38,234 - Exception occurred at epoch 102. Expected parameter loc (Tensor of shape (256, 391, 5, 8)) of distribution Normal(loc: torch.Size([256, 391, 5, 8]), scale: torch.Size([256, 391, 5, 8])) to satisfy the constraint Real(), but found invalid values:
tensor([[[[nan, nan, nan,  ..., nan, nan, nan],
          [nan, nan, nan,  ..., nan, na
2024-05-07 21:59:38,234 - Restoring model from epoch 102
2024-05-07 21:59:45,548 - Exception occurred at epoch 103. Expected parameter loc (Tensor of shape (256, 580, 5, 8)) of distribution Normal(loc: torch.Size([256, 580, 5, 8]), scale: torch.Size([256, 580, 5, 8])) to satisfy the constraint Real(), but found invalid values:
tensor([[[[nan, nan, nan,  ..., nan, nan, nan],
          [nan, nan, nan,  ..., nan, na
2024-05-07 21:59:45,549 - Restoring model from epoch 103
2024-05-07 21:59:49,110 - Exception occurred at epoch 102. Expected parameter loc (Tensor of shape (256, 594, 5, 8)) of distribution Normal(loc: torch.Size([256, 594, 5, 8]), scale: torch.Size([256, 594, 5, 8])) to satisfy the constraint Real(), but found invalid values:
tensor([[[[nan, nan, nan,  ..., nan, nan, nan],
          [nan, nan, nan,  ..., nan, na
2024-05-07 21:59:49,110 - Restoring model from epoch 102
2024-05-07 22:00:03,564 - Epoch [100/250], Loss: -26.5924 (-26.9861, 0.1227, 0.2709)
2024-05-07 22:00:03,564 -      ETA: 00:01:26.47
2024-05-07 22:00:03,633 - == NETWORK SAVED

2024-05-07 22:00:07,686 - Exception occurred at epoch 102. Expected parameter loc (Tensor of shape (256, 552, 5, 8)) of distribution Normal(loc: torch.Size([256, 552, 5, 8]), scale: torch.Size([256, 552, 5, 8])) to satisfy the constraint Real(), but found invalid values:
tensor([[[[nan, nan, nan,  ..., nan, nan, nan],
          [nan, nan, nan,  ..., nan, na
2024-05-07 22:00:07,686 - Restoring model from epoch 102
2024-05-07 22:00:09,704 - Exception occurred at epoch 101. Expected parameter loc (Tensor of shape (256, 777, 5, 8)) of distribution Normal(loc: torch.Size([256, 777, 5, 8]), scale: torch.Size([256, 777, 5, 8])) to satisfy the constraint Real(), but found invalid values:
tensor([[[[nan, nan, nan,  ..., nan, nan, nan],
          [nan, nan, nan,  ..., nan, na
2024-05-07 22:00:09,704 - Restoring model from epoch 101
2024-05-07 22:00:13,759 - Exception occurred at epoch 102. Expected parameter loc (Tensor of shape (256, 476, 5, 8)) of distribution Normal(loc: torch.Size([256, 476, 5, 8]), scale: torch.Size([256, 476, 5, 8])) to satisfy the constraint Real(), but found invalid values:
tensor([[[[nan, nan, nan,  ..., nan, nan, nan],
          [nan, nan, nan,  ..., nan, na
2024-05-07 22:00:13,759 - Restoring model from epoch 102
2024-05-07 22:00:15,067 - Exception occurred at epoch 101. Expected parameter loc (Tensor of shape (256, 729, 5, 8)) of distribution Normal(loc: torch.Size([256, 729, 5, 8]), scale: torch.Size([256, 729, 5, 8])) to satisfy the constraint Real(), but found invalid values:
tensor([[[[nan, nan, nan,  ..., nan, nan, nan],
          [nan, nan, nan,  ..., nan, na
2024-05-07 22:00:15,067 - Restoring model from epoch 101
2024-05-07 22:00:29,199 - Epoch [95/250], Loss: -26.1785 (-26.5437, 0.1145, 0.2507)
2024-05-07 22:00:29,200 -      ETA: 00:01:27.53
2024-05-07 22:00:43,311 - Epoch [100/250], Loss: -26.1132 (-26.4989, 0.1258, 0.2598)
2024-05-07 22:00:43,311 -      ETA: 00:01:24.60
2024-05-07 22:00:43,374 - == NETWORK SAVED

2024-05-07 22:00:46,137 - Exception occurred at epoch 101. Expected parameter loc (Tensor of shape (256, 813, 5, 8)) of distribution Normal(loc: torch.Size([256, 813, 5, 8]), scale: torch.Size([256, 813, 5, 8])) to satisfy the constraint Real(), but found invalid values:
tensor([[[[nan, nan, nan,  ..., nan, nan, nan],
          [nan, nan, nan,  ..., nan, na
2024-05-07 22:00:46,137 - Restoring model from epoch 101
2024-05-07 22:00:52,257 - Exception occurred at epoch 103. Expected parameter loc (Tensor of shape (256, 481, 5, 8)) of distribution Normal(loc: torch.Size([256, 481, 5, 8]), scale: torch.Size([256, 481, 5, 8])) to satisfy the constraint Real(), but found invalid values:
tensor([[[[nan, nan, nan,  ..., nan, nan, nan],
          [nan, nan, nan,  ..., nan, na
2024-05-07 22:00:52,257 - Restoring model from epoch 103
2024-05-07 22:00:54,462 - Exception occurred at epoch 101. Expected parameter loc (Tensor of shape (256, 552, 5, 8)) of distribution Normal(loc: torch.Size([256, 552, 5, 8]), scale: torch.Size([256, 552, 5, 8])) to satisfy the constraint Real(), but found invalid values:
tensor([[[[nan, nan, nan,  ..., nan, nan, nan],
          [nan, nan, nan,  ..., nan, na
2024-05-07 22:00:54,462 - Restoring model from epoch 101
2024-05-07 22:01:02,905 - Exception occurred at epoch 103. Expected parameter loc (Tensor of shape (256, 854, 5, 8)) of distribution Normal(loc: torch.Size([256, 854, 5, 8]), scale: torch.Size([256, 854, 5, 8])) to satisfy the constraint Real(), but found invalid values:
tensor([[[[nan, nan, nan,  ..., nan, nan, nan],
          [nan, nan, nan,  ..., nan, na
2024-05-07 22:01:02,905 - Restoring model from epoch 103
2024-05-07 22:01:14,872 - Exception occurred at epoch 100. Expected parameter loc (Tensor of shape (256, 553, 5, 8)) of distribution Normal(loc: torch.Size([256, 553, 5, 8]), scale: torch.Size([256, 553, 5, 8])) to satisfy the constraint Real(), but found invalid values:
tensor([[[[nan, nan, nan,  ..., nan, nan, nan],
          [nan, nan, nan,  ..., nan, na
2024-05-07 22:01:14,872 - Restoring model from epoch 100
2024-05-07 22:01:28,960 - Epoch [100/250], Loss: -26.5839 (-26.9556, 0.1206, 0.2512)
2024-05-07 22:01:28,961 -      ETA: 00:01:24.49
2024-05-07 22:01:29,036 - == NETWORK SAVED

2024-05-07 22:01:37,970 - Exception occurred at epoch 104. Expected parameter loc (Tensor of shape (256, 813, 5, 8)) of distribution Normal(loc: torch.Size([256, 813, 5, 8]), scale: torch.Size([256, 813, 5, 8])) to satisfy the constraint Real(), but found invalid values:
tensor([[[[nan, nan, nan,  ..., nan, nan, nan],
          [nan, nan, nan,  ..., nan, na
2024-05-07 22:01:37,970 - Restoring model from epoch 104
2024-05-07 22:01:42,760 - Exception occurred at epoch 102. Expected parameter loc (Tensor of shape (256, 625, 5, 8)) of distribution Normal(loc: torch.Size([256, 625, 5, 8]), scale: torch.Size([256, 625, 5, 8])) to satisfy the constraint Real(), but found invalid values:
tensor([[[[nan, nan, nan,  ..., nan, nan, nan],
          [nan, nan, nan,  ..., nan, na
2024-05-07 22:01:42,760 - Restoring model from epoch 102
2024-05-07 22:01:45,102 - Exception occurred at epoch 101. Expected parameter loc (Tensor of shape (256, 575, 5, 8)) of distribution Normal(loc: torch.Size([256, 575, 5, 8]), scale: torch.Size([256, 575, 5, 8])) to satisfy the constraint Real(), but found invalid values:
tensor([[[[nan, nan, nan,  ..., nan, nan, nan],
          [nan, nan, nan,  ..., nan, na
2024-05-07 22:01:45,102 - Restoring model from epoch 101
2024-05-07 22:01:51,872 - Exception occurred at epoch 103. Expected parameter loc (Tensor of shape (256, 575, 5, 8)) of distribution Normal(loc: torch.Size([256, 575, 5, 8]), scale: torch.Size([256, 575, 5, 8])) to satisfy the constraint Real(), but found invalid values:
tensor([[[[nan, nan, nan,  ..., nan, nan, nan],
          [nan, nan, nan,  ..., nan, na
2024-05-07 22:01:51,872 - Restoring model from epoch 103
2024-05-07 22:02:06,039 - Epoch [100/250], Loss: -26.5066 (-26.8531, 0.1127, 0.2338)
2024-05-07 22:02:06,039 -      ETA: 00:01:24.89
2024-05-07 22:02:06,101 - == NETWORK SAVED

2024-05-07 22:02:06,531 - Exception occurred at epoch 101. Expected parameter loc (Tensor of shape (256, 391, 5, 8)) of distribution Normal(loc: torch.Size([256, 391, 5, 8]), scale: torch.Size([256, 391, 5, 8])) to satisfy the constraint Real(), but found invalid values:
tensor([[[[nan, nan, nan,  ..., nan, nan, nan],
          [nan, nan, nan,  ..., nan, na
2024-05-07 22:02:06,532 - Restoring model from epoch 101
2024-05-07 22:02:10,585 - Exception occurred at epoch 102. Expected parameter loc (Tensor of shape (256, 660, 5, 8)) of distribution Normal(loc: torch.Size([256, 660, 5, 8]), scale: torch.Size([256, 660, 5, 8])) to satisfy the constraint Real(), but found invalid values:
tensor([[[[nan, nan, nan,  ..., nan, nan, nan],
          [nan, nan, nan,  ..., nan, na
2024-05-07 22:02:10,585 - Restoring model from epoch 102
2024-05-07 22:02:11,276 - Exception occurred at epoch 101. Expected parameter loc (Tensor of shape (256, 580, 5, 8)) of distribution Normal(loc: torch.Size([256, 580, 5, 8]), scale: torch.Size([256, 580, 5, 8])) to satisfy the constraint Real(), but found invalid values:
tensor([[[[nan, nan, nan,  ..., nan, nan, nan],
          [nan, nan, nan,  ..., nan, na
2024-05-07 22:02:11,276 - Restoring model from epoch 101
2024-05-07 22:02:14,938 - Exception occurred at epoch 102. Expected parameter loc (Tensor of shape (256, 616, 5, 8)) of distribution Normal(loc: torch.Size([256, 616, 5, 8]), scale: torch.Size([256, 616, 5, 8])) to satisfy the constraint Real(), but found invalid values:
tensor([[[[nan, nan, nan,  ..., nan, nan, nan],
          [nan, nan, nan,  ..., nan, na
2024-05-07 22:02:14,939 - Restoring model from epoch 102
2024-05-07 22:02:29,032 - Epoch [95/250], Loss: -25.7498 (-26.1333, 0.1196, 0.2640)
2024-05-07 22:02:29,033 -      ETA: 00:01:27.21
2024-05-07 22:02:43,097 - Epoch [100/250], Loss: -26.0202 (-26.4013, 0.1234, 0.2577)
2024-05-07 22:02:43,097 -      ETA: 00:01:24.41
2024-05-07 22:02:43,156 - == NETWORK SAVED

2024-05-07 22:02:49,930 - Exception occurred at epoch 103. Expected parameter loc (Tensor of shape (256, 577, 5, 8)) of distribution Normal(loc: torch.Size([256, 577, 5, 8]), scale: torch.Size([256, 577, 5, 8])) to satisfy the constraint Real(), but found invalid values:
tensor([[[[nan, nan, nan,  ..., nan, nan, nan],
          [nan, nan, nan,  ..., nan, na
2024-05-07 22:02:49,930 - Restoring model from epoch 103
2024-05-07 22:02:54,916 - Exception occurred at epoch 102. Expected parameter loc (Tensor of shape (256, 462, 5, 8)) of distribution Normal(loc: torch.Size([256, 462, 5, 8]), scale: torch.Size([256, 462, 5, 8])) to satisfy the constraint Real(), but found invalid values:
tensor([[[[nan, nan, nan,  ..., nan, nan, nan],
          [nan, nan, nan,  ..., nan, na
2024-05-07 22:02:54,917 - Restoring model from epoch 102
2024-05-07 22:02:56,839 - Exception occurred at epoch 101. Expected parameter loc (Tensor of shape (256, 625, 5, 8)) of distribution Normal(loc: torch.Size([256, 625, 5, 8]), scale: torch.Size([256, 625, 5, 8])) to satisfy the constraint Real(), but found invalid values:
tensor([[[[nan, nan, nan,  ..., nan, nan, nan],
          [nan, nan, nan,  ..., nan, na
2024-05-07 22:02:56,839 - Restoring model from epoch 101
2024-05-07 22:03:04,487 - Exception occurred at epoch 103. Expected parameter loc (Tensor of shape (256, 391, 5, 8)) of distribution Normal(loc: torch.Size([256, 391, 5, 8]), scale: torch.Size([256, 391, 5, 8])) to satisfy the constraint Real(), but found invalid values:
tensor([[[[nan, nan, nan,  ..., nan, nan, nan],
          [nan, nan, nan,  ..., nan, na
2024-05-07 22:03:04,488 - Restoring model from epoch 103
2024-05-07 22:03:13,892 - Exception occurred at epoch 99. Expected parameter loc (Tensor of shape (256, 914, 5, 8)) of distribution Normal(loc: torch.Size([256, 914, 5, 8]), scale: torch.Size([256, 914, 5, 8])) to satisfy the constraint Real(), but found invalid values:
tensor([[[[nan, nan, nan,  ..., nan, nan, nan],
          [nan, nan, nan,  ..., nan, na
2024-05-07 22:03:13,892 - Restoring model from epoch 99
2024-05-07 22:03:27,984 - Epoch [100/250], Loss: -25.5814 (-25.9598, 0.1237, 0.2547)
2024-05-07 22:03:27,984 -      ETA: 00:01:24.34
2024-05-07 22:03:28,045 - == NETWORK SAVED

2024-05-07 22:03:30,085 - Exception occurred at epoch 101. Expected parameter loc (Tensor of shape (256, 462, 5, 8)) of distribution Normal(loc: torch.Size([256, 462, 5, 8]), scale: torch.Size([256, 462, 5, 8])) to satisfy the constraint Real(), but found invalid values:
tensor([[[[nan, nan, nan,  ..., nan, nan, nan],
          [nan, nan, nan,  ..., nan, na
2024-05-07 22:03:30,086 - Restoring model from epoch 101
2024-05-07 22:03:35,117 - Exception occurred at epoch 102. Expected parameter loc (Tensor of shape (256, 503, 5, 8)) of distribution Normal(loc: torch.Size([256, 503, 5, 8]), scale: torch.Size([256, 503, 5, 8])) to satisfy the constraint Real(), but found invalid values:
tensor([[[[nan, nan, nan,  ..., nan, nan, nan],
          [nan, nan, nan,  ..., nan, na
2024-05-07 22:03:35,118 - Restoring model from epoch 102
2024-05-07 22:03:36,494 - Exception occurred at epoch 101. Expected parameter loc (Tensor of shape (256, 580, 5, 8)) of distribution Normal(loc: torch.Size([256, 580, 5, 8]), scale: torch.Size([256, 580, 5, 8])) to satisfy the constraint Real(), but found invalid values:
tensor([[[[nan, nan, nan,  ..., nan, nan, nan],
          [nan, nan, nan,  ..., nan, na
2024-05-07 22:03:36,494 - Restoring model from epoch 101
2024-05-07 22:03:41,935 - Exception occurred at epoch 102. Expected parameter loc (Tensor of shape (256, 813, 5, 8)) of distribution Normal(loc: torch.Size([256, 813, 5, 8]), scale: torch.Size([256, 813, 5, 8])) to satisfy the constraint Real(), but found invalid values:
tensor([[[[nan, nan, nan,  ..., nan, nan, nan],
          [nan, nan, nan,  ..., nan, na
2024-05-07 22:03:41,935 - Restoring model from epoch 102
2024-05-07 22:03:51,137 - Exception occurred at epoch 99. Expected parameter loc (Tensor of shape (256, 503, 5, 8)) of distribution Normal(loc: torch.Size([256, 503, 5, 8]), scale: torch.Size([256, 503, 5, 8])) to satisfy the constraint Real(), but found invalid values:
tensor([[[[nan, nan, nan,  ..., nan, nan, nan],
          [nan, nan, nan,  ..., nan, na
2024-05-07 22:03:51,137 - Restoring model from epoch 99
2024-05-07 22:04:05,256 - Epoch [90/250], Loss: -25.9493 (-26.3212, 0.1217, 0.2502)
2024-05-07 22:04:05,257 -      ETA: 00:01:30.25
2024-05-07 22:04:19,328 - Epoch [95/250], Loss: -25.2080 (-25.6113, 0.1268, 0.2765)
2024-05-07 22:04:19,328 -      ETA: 00:01:27.32
2024-05-07 22:04:33,417 - Epoch [100/250], Loss: -26.3413 (-26.7242, 0.1248, 0.2581)
2024-05-07 22:04:33,417 -      ETA: 00:01:24.71
2024-05-07 22:04:33,491 - == NETWORK SAVED

2024-05-07 22:04:41,522 - Exception occurred at epoch 103. Expected parameter loc (Tensor of shape (256, 503, 5, 8)) of distribution Normal(loc: torch.Size([256, 503, 5, 8]), scale: torch.Size([256, 503, 5, 8])) to satisfy the constraint Real(), but found invalid values:
tensor([[[[nan, nan, nan,  ..., nan, nan, nan],
          [nan, nan, nan,  ..., nan, na
2024-05-07 22:04:41,523 - Restoring model from epoch 103
2024-05-07 22:04:43,943 - Exception occurred at epoch 101. Expected parameter loc (Tensor of shape (256, 631, 5, 8)) of distribution Normal(loc: torch.Size([256, 631, 5, 8]), scale: torch.Size([256, 631, 5, 8])) to satisfy the constraint Real(), but found invalid values:
tensor([[[[nan, nan, nan,  ..., nan, nan, nan],
          [nan, nan, nan,  ..., nan, na
2024-05-07 22:04:43,944 - Restoring model from epoch 101
2024-05-07 22:04:48,092 - Exception occurred at epoch 102. Expected parameter loc (Tensor of shape (256, 854, 5, 8)) of distribution Normal(loc: torch.Size([256, 854, 5, 8]), scale: torch.Size([256, 854, 5, 8])) to satisfy the constraint Real(), but found invalid values:
tensor([[[[nan, nan, nan,  ..., nan, nan, nan],
          [nan, nan, nan,  ..., nan, na
2024-05-07 22:04:48,092 - Restoring model from epoch 102
2024-05-07 22:04:52,088 - Exception occurred at epoch 102. Expected parameter loc (Tensor of shape (256, 575, 5, 8)) of distribution Normal(loc: torch.Size([256, 575, 5, 8]), scale: torch.Size([256, 575, 5, 8])) to satisfy the constraint Real(), but found invalid values:
tensor([[[[nan, nan, nan,  ..., nan, nan, nan],
          [nan, nan, nan,  ..., nan, na
2024-05-07 22:04:52,088 - Restoring model from epoch 102
2024-05-07 22:05:06,177 - Epoch [100/250], Loss: -26.2555 (-26.6035, 0.1128, 0.2352)
2024-05-07 22:05:06,177 -      ETA: 00:01:24.44
2024-05-07 22:05:06,239 - == NETWORK SAVED

2024-05-07 22:05:14,640 - Exception occurred at epoch 103. Expected parameter loc (Tensor of shape (256, 440, 5, 8)) of distribution Normal(loc: torch.Size([256, 440, 5, 8]), scale: torch.Size([256, 440, 5, 8])) to satisfy the constraint Real(), but found invalid values:
tensor([[[[nan, nan, nan,  ..., nan, nan, nan],
          [nan, nan, nan,  ..., nan, na
2024-05-07 22:05:14,640 - Restoring model from epoch 103
2024-05-07 22:05:20,500 - Exception occurred at epoch 103. Expected parameter loc (Tensor of shape (256, 631, 5, 8)) of distribution Normal(loc: torch.Size([256, 631, 5, 8]), scale: torch.Size([256, 631, 5, 8])) to satisfy the constraint Real(), but found invalid values:
tensor([[[[nan, nan, nan,  ..., nan, nan, nan],
          [nan, nan, nan,  ..., nan, na
2024-05-07 22:05:20,500 - Restoring model from epoch 103
2024-05-07 22:05:25,021 - Exception occurred at epoch 102. Expected parameter loc (Tensor of shape (256, 631, 5, 8)) of distribution Normal(loc: torch.Size([256, 631, 5, 8]), scale: torch.Size([256, 631, 5, 8])) to satisfy the constraint Real(), but found invalid values:
tensor([[[[nan, nan, nan,  ..., nan, nan, nan],
          [nan, nan, nan,  ..., nan, na
2024-05-07 22:05:25,022 - Restoring model from epoch 102
2024-05-07 22:05:31,961 - Exception occurred at epoch 103. Expected parameter loc (Tensor of shape (256, 625, 5, 8)) of distribution Normal(loc: torch.Size([256, 625, 5, 8]), scale: torch.Size([256, 625, 5, 8])) to satisfy the constraint Real(), but found invalid values:
tensor([[[[nan, nan, nan,  ..., nan, nan, nan],
          [nan, nan, nan,  ..., nan, na
2024-05-07 22:05:31,962 - Restoring model from epoch 103
2024-05-07 22:05:39,843 - Exception occurred at epoch 98. Expected parameter loc (Tensor of shape (256, 580, 5, 8)) of distribution Normal(loc: torch.Size([256, 580, 5, 8]), scale: torch.Size([256, 580, 5, 8])) to satisfy the constraint Real(), but found invalid values:
tensor([[[[nan, nan, nan,  ..., nan, nan, nan],
          [nan, nan, nan,  ..., nan, na
2024-05-07 22:05:39,843 - Restoring model from epoch 98
2024-05-07 22:05:51,103 - Exception occurred at epoch 99. Expected parameter loc (Tensor of shape (256, 610, 5, 8)) of distribution Normal(loc: torch.Size([256, 610, 5, 8]), scale: torch.Size([256, 610, 5, 8])) to satisfy the constraint Real(), but found invalid values:
tensor([[[[nan, nan, nan,  ..., nan, nan, nan],
          [nan, nan, nan,  ..., nan, na
2024-05-07 22:05:51,103 - Restoring model from epoch 99
2024-05-07 22:06:05,331 - Epoch [95/250], Loss: -25.8615 (-26.2465, 0.1245, 0.2604)
2024-05-07 22:06:05,331 -      ETA: 00:01:28.03
2024-05-07 22:06:19,482 - Epoch [100/250], Loss: -26.8122 (-27.1745, 0.1169, 0.2455)
2024-05-07 22:06:19,482 -      ETA: 00:01:24.91
2024-05-07 22:06:19,550 - == NETWORK SAVED

2024-05-07 22:06:19,639 - Exception occurred at epoch 101. Expected parameter loc (Tensor of shape (256, 518, 5, 8)) of distribution Normal(loc: torch.Size([256, 518, 5, 8]), scale: torch.Size([256, 518, 5, 8])) to satisfy the constraint Real(), but found invalid values:
tensor([[[[nan, nan, nan,  ..., nan, nan, nan],
          [nan, nan, nan,  ..., nan, na
2024-05-07 22:06:19,639 - Restoring model from epoch 101
2024-05-07 22:06:26,560 - Exception occurred at epoch 103. Expected parameter loc (Tensor of shape (256, 625, 5, 8)) of distribution Normal(loc: torch.Size([256, 625, 5, 8]), scale: torch.Size([256, 625, 5, 8])) to satisfy the constraint Real(), but found invalid values:
tensor([[[[nan, nan, nan,  ..., nan, nan, nan],
          [nan, nan, nan,  ..., nan, na
2024-05-07 22:06:26,560 - Restoring model from epoch 103
2024-05-07 22:06:33,453 - Exception occurred at epoch 103. Expected parameter loc (Tensor of shape (256, 616, 5, 8)) of distribution Normal(loc: torch.Size([256, 616, 5, 8]), scale: torch.Size([256, 616, 5, 8])) to satisfy the constraint Real(), but found invalid values:
tensor([[[[nan, nan, nan,  ..., nan, nan, nan],
          [nan, nan, nan,  ..., nan, na
2024-05-07 22:06:33,453 - Restoring model from epoch 103
2024-05-07 22:06:41,701 - Exception occurred at epoch 103. Expected parameter loc (Tensor of shape (256, 516, 5, 8)) of distribution Normal(loc: torch.Size([256, 516, 5, 8]), scale: torch.Size([256, 516, 5, 8])) to satisfy the constraint Real(), but found invalid values:
tensor([[[[nan, nan, nan,  ..., nan, nan, nan],
          [nan, nan, nan,  ..., nan, na
2024-05-07 22:06:41,702 - Restoring model from epoch 103
2024-05-07 22:06:55,795 - Epoch [100/250], Loss: -26.1769 (-26.5565, 0.1261, 0.2535)
2024-05-07 22:06:55,796 -      ETA: 00:01:24.35
2024-05-07 22:06:55,862 - == NETWORK SAVED

2024-05-07 22:07:00,005 - Exception occurred at epoch 102. Expected parameter loc (Tensor of shape (256, 503, 5, 8)) of distribution Normal(loc: torch.Size([256, 503, 5, 8]), scale: torch.Size([256, 503, 5, 8])) to satisfy the constraint Real(), but found invalid values:
tensor([[[[nan, nan, nan,  ..., nan, nan, nan],
          [nan, nan, nan,  ..., nan, na
2024-05-07 22:07:00,006 - Restoring model from epoch 102
2024-05-07 22:07:07,419 - Exception occurred at epoch 103. Expected parameter loc (Tensor of shape (256, 506, 5, 8)) of distribution Normal(loc: torch.Size([256, 506, 5, 8]), scale: torch.Size([256, 506, 5, 8])) to satisfy the constraint Real(), but found invalid values:
tensor([[[[nan, nan, nan,  ..., nan, nan, nan],
          [nan, nan, nan,  ..., nan, na
2024-05-07 22:07:07,419 - Restoring model from epoch 103
2024-05-07 22:07:10,110 - Exception occurred at epoch 101. Expected parameter loc (Tensor of shape (256, 577, 5, 8)) of distribution Normal(loc: torch.Size([256, 577, 5, 8]), scale: torch.Size([256, 577, 5, 8])) to satisfy the constraint Real(), but found invalid values:
tensor([[[[nan, nan, nan,  ..., nan, nan, nan],
          [nan, nan, nan,  ..., nan, na
2024-05-07 22:07:10,111 - Restoring model from epoch 101
2024-05-07 22:07:13,486 - Exception occurred at epoch 102. Expected parameter loc (Tensor of shape (256, 513, 5, 8)) of distribution Normal(loc: torch.Size([256, 513, 5, 8]), scale: torch.Size([256, 513, 5, 8])) to satisfy the constraint Real(), but found invalid values:
tensor([[[[nan, nan, nan,  ..., nan, nan, nan],
          [nan, nan, nan,  ..., nan, na
2024-05-07 22:07:13,486 - Restoring model from epoch 102
2024-05-07 22:07:24,917 - Exception occurred at epoch 100. Expected parameter loc (Tensor of shape (256, 577, 5, 8)) of distribution Normal(loc: torch.Size([256, 577, 5, 8]), scale: torch.Size([256, 577, 5, 8])) to satisfy the constraint Real(), but found invalid values:
tensor([[[[nan, nan, nan,  ..., nan, nan, nan],
          [nan, nan, nan,  ..., nan, na
2024-05-07 22:07:24,917 - Restoring model from epoch 100
2024-05-07 22:07:39,122 - Epoch [100/250], Loss: -26.0591 (-26.4476, 0.1247, 0.2638)
2024-05-07 22:07:39,123 -      ETA: 00:01:24.98
2024-05-07 22:07:39,189 - == NETWORK SAVED

2024-05-07 22:07:45,214 - Exception occurred at epoch 103. Expected parameter loc (Tensor of shape (256, 854, 5, 8)) of distribution Normal(loc: torch.Size([256, 854, 5, 8]), scale: torch.Size([256, 854, 5, 8])) to satisfy the constraint Real(), but found invalid values:
tensor([[[[nan, nan, nan,  ..., nan, nan, nan],
          [nan, nan, nan,  ..., nan, na
2024-05-07 22:07:45,215 - Restoring model from epoch 103
2024-05-07 22:07:48,585 - Exception occurred at epoch 102. Expected parameter loc (Tensor of shape (256, 660, 5, 8)) of distribution Normal(loc: torch.Size([256, 660, 5, 8]), scale: torch.Size([256, 660, 5, 8])) to satisfy the constraint Real(), but found invalid values:
tensor([[[[nan, nan, nan,  ..., nan, nan, nan],
          [nan, nan, nan,  ..., nan, na
2024-05-07 22:07:48,585 - Restoring model from epoch 102
2024-05-07 22:07:54,061 - Exception occurred at epoch 102. Expected parameter loc (Tensor of shape (256, 575, 5, 8)) of distribution Normal(loc: torch.Size([256, 575, 5, 8]), scale: torch.Size([256, 575, 5, 8])) to satisfy the constraint Real(), but found invalid values:
tensor([[[[nan, nan, nan,  ..., nan, nan, nan],
          [nan, nan, nan,  ..., nan, na
2024-05-07 22:07:54,062 - Restoring model from epoch 102
2024-05-07 22:07:54,826 - Exception occurred at epoch 101. Expected parameter loc (Tensor of shape (256, 659, 5, 8)) of distribution Normal(loc: torch.Size([256, 659, 5, 8]), scale: torch.Size([256, 659, 5, 8])) to satisfy the constraint Real(), but found invalid values:
tensor([[[[nan, nan, nan,  ..., nan, nan, nan],
          [nan, nan, nan,  ..., nan, na
2024-05-07 22:07:54,827 - Restoring model from epoch 101
2024-05-07 22:08:08,898 - Epoch [95/250], Loss: -25.3202 (-25.6458, 0.1107, 0.2148)
2024-05-07 22:08:08,898 -      ETA: 00:01:27.21
2024-05-07 22:08:22,957 - Epoch [100/250], Loss: -25.7808 (-26.1668, 0.1239, 0.2621)
2024-05-07 22:08:22,957 -      ETA: 00:01:24.44
2024-05-07 22:08:23,020 - == NETWORK SAVED

2024-05-07 22:08:31,182 - Exception occurred at epoch 103. Expected parameter loc (Tensor of shape (256, 506, 5, 8)) of distribution Normal(loc: torch.Size([256, 506, 5, 8]), scale: torch.Size([256, 506, 5, 8])) to satisfy the constraint Real(), but found invalid values:
tensor([[[[nan, nan, nan,  ..., nan, nan, nan],
          [nan, nan, nan,  ..., nan, na
2024-05-07 22:08:31,182 - Restoring model from epoch 103
2024-05-07 22:08:37,680 - Exception occurred at epoch 103. Expected parameter loc (Tensor of shape (256, 594, 5, 8)) of distribution Normal(loc: torch.Size([256, 594, 5, 8]), scale: torch.Size([256, 594, 5, 8])) to satisfy the constraint Real(), but found invalid values:
tensor([[[[nan, nan, nan,  ..., nan, nan, nan],
          [nan, nan, nan,  ..., nan, na
2024-05-07 22:08:37,680 - Restoring model from epoch 103
2024-05-07 22:08:42,014 - Exception occurred at epoch 102. Expected parameter loc (Tensor of shape (256, 660, 5, 8)) of distribution Normal(loc: torch.Size([256, 660, 5, 8]), scale: torch.Size([256, 660, 5, 8])) to satisfy the constraint Real(), but found invalid values:
tensor([[[[nan, nan, nan,  ..., nan, nan, nan],
          [nan, nan, nan,  ..., nan, na
2024-05-07 22:08:42,015 - Restoring model from epoch 102
2024-05-07 22:08:44,331 - Exception occurred at epoch 101. Expected parameter loc (Tensor of shape (256, 631, 5, 8)) of distribution Normal(loc: torch.Size([256, 631, 5, 8]), scale: torch.Size([256, 631, 5, 8])) to satisfy the constraint Real(), but found invalid values:
tensor([[[[nan, nan, nan,  ..., nan, nan, nan],
          [nan, nan, nan,  ..., nan, na
2024-05-07 22:08:44,331 - Restoring model from epoch 101
2024-05-07 22:08:58,474 - Epoch [100/250], Loss: -26.3804 (-26.7356, 0.1138, 0.2414)
2024-05-07 22:08:58,474 -      ETA: 00:01:24.75
2024-05-07 22:08:58,538 - == NETWORK SAVED

2024-05-07 22:09:05,487 - Exception occurred at epoch 103. Expected parameter loc (Tensor of shape (256, 631, 5, 8)) of distribution Normal(loc: torch.Size([256, 631, 5, 8]), scale: torch.Size([256, 631, 5, 8])) to satisfy the constraint Real(), but found invalid values:
tensor([[[[nan, nan, nan,  ..., nan, nan, nan],
          [nan, nan, nan,  ..., nan, na
2024-05-07 22:09:05,487 - Restoring model from epoch 103
2024-05-07 22:09:11,337 - Exception occurred at epoch 103. Expected parameter loc (Tensor of shape (256, 610, 5, 8)) of distribution Normal(loc: torch.Size([256, 610, 5, 8]), scale: torch.Size([256, 610, 5, 8])) to satisfy the constraint Real(), but found invalid values:
tensor([[[[nan, nan, nan,  ..., nan, nan, nan],
          [nan, nan, nan,  ..., nan, na
2024-05-07 22:09:11,337 - Restoring model from epoch 103
2024-05-07 22:09:21,356 - Exception occurred at epoch 104. Expected parameter loc (Tensor of shape (256, 610, 5, 8)) of distribution Normal(loc: torch.Size([256, 610, 5, 8]), scale: torch.Size([256, 610, 5, 8])) to satisfy the constraint Real(), but found invalid values:
tensor([[[[nan, nan, nan,  ..., nan, nan, nan],
          [nan, nan, nan,  ..., nan, na
2024-05-07 22:09:21,356 - Restoring model from epoch 104
2024-05-07 22:09:32,220 - Exception occurred at epoch 104. Expected parameter loc (Tensor of shape (256, 914, 5, 8)) of distribution Normal(loc: torch.Size([256, 914, 5, 8]), scale: torch.Size([256, 914, 5, 8])) to satisfy the constraint Real(), but found invalid values:
tensor([[[[nan, nan, nan,  ..., nan, nan, nan],
          [nan, nan, nan,  ..., nan, na
2024-05-07 22:09:32,220 - Restoring model from epoch 104
2024-05-07 22:09:35,979 - Exception occurred at epoch 97. Expected parameter loc (Tensor of shape (256, 729, 5, 8)) of distribution Normal(loc: torch.Size([256, 729, 5, 8]), scale: torch.Size([256, 729, 5, 8])) to satisfy the constraint Real(), but found invalid values:
tensor([[[[nan, nan, nan,  ..., nan, nan, nan],
          [nan, nan, nan,  ..., nan, na
2024-05-07 22:09:35,980 - Restoring model from epoch 97
2024-05-07 22:09:50,074 - Epoch [100/250], Loss: -26.3050 (-26.6900, 0.1240, 0.2611)
2024-05-07 22:09:50,074 -      ETA: 00:01:24.33
2024-05-07 22:09:50,135 - == NETWORK SAVED

2024-05-07 22:09:59,907 - Exception occurred at epoch 104. Expected parameter loc (Tensor of shape (256, 631, 5, 8)) of distribution Normal(loc: torch.Size([256, 631, 5, 8]), scale: torch.Size([256, 631, 5, 8])) to satisfy the constraint Real(), but found invalid values:
tensor([[[[nan, nan, nan,  ..., nan, nan, nan],
          [nan, nan, nan,  ..., nan, na
2024-05-07 22:09:59,907 - Restoring model from epoch 104
2024-05-07 22:10:06,060 - Exception occurred at epoch 103. Expected parameter loc (Tensor of shape (256, 777, 5, 8)) of distribution Normal(loc: torch.Size([256, 777, 5, 8]), scale: torch.Size([256, 777, 5, 8])) to satisfy the constraint Real(), but found invalid values:
tensor([[[[nan, nan, nan,  ..., nan, nan, nan],
          [nan, nan, nan,  ..., nan, na
2024-05-07 22:10:06,061 - Restoring model from epoch 103
2024-05-07 22:10:10,112 - Exception occurred at epoch 102. Expected parameter loc (Tensor of shape (256, 777, 5, 8)) of distribution Normal(loc: torch.Size([256, 777, 5, 8]), scale: torch.Size([256, 777, 5, 8])) to satisfy the constraint Real(), but found invalid values:
tensor([[[[nan, nan, nan,  ..., nan, nan, nan],
          [nan, nan, nan,  ..., nan, na
2024-05-07 22:10:10,112 - Restoring model from epoch 102
2024-05-07 22:10:20,655 - Exception occurred at epoch 104. Expected parameter loc (Tensor of shape (256, 553, 5, 8)) of distribution Normal(loc: torch.Size([256, 553, 5, 8]), scale: torch.Size([256, 553, 5, 8])) to satisfy the constraint Real(), but found invalid values:
tensor([[[[nan, nan, nan,  ..., nan, nan, nan],
          [nan, nan, nan,  ..., nan, na
2024-05-07 22:10:20,655 - Restoring model from epoch 104
2024-05-07 22:10:34,791 - Epoch [95/250], Loss: -25.9790 (-26.3561, 0.1257, 0.2514)
2024-05-07 22:10:34,791 -      ETA: 00:01:27.49
2024-05-07 22:10:48,908 - Epoch [100/250], Loss: -24.7673 (-25.1663, 0.1294, 0.2696)
2024-05-07 22:10:48,908 -      ETA: 00:01:24.72
2024-05-07 22:10:48,970 - == NETWORK SAVED

2024-05-07 22:10:51,900 - Exception occurred at epoch 102. Expected parameter loc (Tensor of shape (256, 594, 5, 8)) of distribution Normal(loc: torch.Size([256, 594, 5, 8]), scale: torch.Size([256, 594, 5, 8])) to satisfy the constraint Real(), but found invalid values:
tensor([[[[nan, nan, nan,  ..., nan, nan, nan],
          [nan, nan, nan,  ..., nan, na
2024-05-07 22:10:51,900 - Restoring model from epoch 102
2024-05-07 22:10:55,117 - Exception occurred at epoch 102. Expected parameter loc (Tensor of shape (256, 506, 5, 8)) of distribution Normal(loc: torch.Size([256, 506, 5, 8]), scale: torch.Size([256, 506, 5, 8])) to satisfy the constraint Real(), but found invalid values:
tensor([[[[nan, nan, nan,  ..., nan, nan, nan],
          [nan, nan, nan,  ..., nan, na
2024-05-07 22:10:55,117 - Restoring model from epoch 102
2024-05-07 22:10:58,512 - Exception occurred at epoch 102. Expected parameter loc (Tensor of shape (256, 440, 5, 8)) of distribution Normal(loc: torch.Size([256, 440, 5, 8]), scale: torch.Size([256, 440, 5, 8])) to satisfy the constraint Real(), but found invalid values:
tensor([[[[nan, nan, nan,  ..., nan, nan, nan],
          [nan, nan, nan,  ..., nan, na
2024-05-07 22:10:58,513 - Restoring model from epoch 102
2024-05-07 22:11:00,633 - Exception occurred at epoch 101. Expected parameter loc (Tensor of shape (256, 481, 5, 8)) of distribution Normal(loc: torch.Size([256, 481, 5, 8]), scale: torch.Size([256, 481, 5, 8])) to satisfy the constraint Real(), but found invalid values:
tensor([[[[nan, nan, nan,  ..., nan, nan, nan],
          [nan, nan, nan,  ..., nan, na
2024-05-07 22:11:00,633 - Restoring model from epoch 101
2024-05-07 22:11:13,806 - Exception occurred at epoch 100. Expected parameter loc (Tensor of shape (256, 552, 5, 8)) of distribution Normal(loc: torch.Size([256, 552, 5, 8]), scale: torch.Size([256, 552, 5, 8])) to satisfy the constraint Real(), but found invalid values:
tensor([[[[nan, nan, nan,  ..., nan, nan, nan],
          [nan, nan, nan,  ..., nan, na
2024-05-07 22:11:13,806 - Restoring model from epoch 100
2024-05-07 22:11:24,296 - Exception occurred at epoch 99. Expected parameter loc (Tensor of shape (256, 729, 5, 8)) of distribution Normal(loc: torch.Size([256, 729, 5, 8]), scale: torch.Size([256, 729, 5, 8])) to satisfy the constraint Real(), but found invalid values:
tensor([[[[nan, nan, nan,  ..., nan, nan, nan],
          [nan, nan, nan,  ..., nan, na
2024-05-07 22:11:24,296 - Restoring model from epoch 99
2024-05-07 22:11:35,542 - Exception occurred at epoch 99. Expected parameter loc (Tensor of shape (256, 391, 5, 8)) of distribution Normal(loc: torch.Size([256, 391, 5, 8]), scale: torch.Size([256, 391, 5, 8])) to satisfy the constraint Real(), but found invalid values:
tensor([[[[nan, nan, nan,  ..., nan, nan, nan],
          [nan, nan, nan,  ..., nan, na
2024-05-07 22:11:35,542 - Restoring model from epoch 99
2024-05-07 22:11:49,691 - Epoch [90/250], Loss: -25.7699 (-26.1654, 0.1266, 0.2689)
2024-05-07 22:11:49,691 -      ETA: 00:01:30.17
2024-05-07 22:12:03,796 - Epoch [95/250], Loss: -25.7961 (-26.1708, 0.1198, 0.2550)
2024-05-07 22:12:03,796 -      ETA: 00:01:27.50
2024-05-07 22:12:17,951 - Epoch [100/250], Loss: -25.9796 (-26.3850, 0.1320, 0.2734)
2024-05-07 22:12:17,951 -      ETA: 00:01:24.79
2024-05-07 22:12:18,017 - == NETWORK SAVED

2024-05-07 22:12:20,994 - Exception occurred at epoch 102. Expected parameter loc (Tensor of shape (256, 594, 5, 8)) of distribution Normal(loc: torch.Size([256, 594, 5, 8]), scale: torch.Size([256, 594, 5, 8])) to satisfy the constraint Real(), but found invalid values:
tensor([[[[nan, nan, nan,  ..., nan, nan, nan],
          [nan, nan, nan,  ..., nan, na
2024-05-07 22:12:20,994 - Restoring model from epoch 102
2024-05-07 22:12:24,424 - Exception occurred at epoch 102. Expected parameter loc (Tensor of shape (256, 503, 5, 8)) of distribution Normal(loc: torch.Size([256, 503, 5, 8]), scale: torch.Size([256, 503, 5, 8])) to satisfy the constraint Real(), but found invalid values:
tensor([[[[nan, nan, nan,  ..., nan, nan, nan],
          [nan, nan, nan,  ..., nan, na
2024-05-07 22:12:24,424 - Restoring model from epoch 102
2024-05-07 22:12:28,859 - Exception occurred at epoch 102. Expected parameter loc (Tensor of shape (256, 540, 5, 8)) of distribution Normal(loc: torch.Size([256, 540, 5, 8]), scale: torch.Size([256, 540, 5, 8])) to satisfy the constraint Real(), but found invalid values:
tensor([[[[nan, nan, nan,  ..., nan, nan, nan],
          [nan, nan, nan,  ..., nan, na
2024-05-07 22:12:28,859 - Restoring model from epoch 102
2024-05-07 22:12:32,401 - Exception occurred at epoch 102. Expected parameter loc (Tensor of shape (256, 462, 5, 8)) of distribution Normal(loc: torch.Size([256, 462, 5, 8]), scale: torch.Size([256, 462, 5, 8])) to satisfy the constraint Real(), but found invalid values:
tensor([[[[nan, nan, nan,  ..., nan, nan, nan],
          [nan, nan, nan,  ..., nan, na
2024-05-07 22:12:32,401 - Restoring model from epoch 102
2024-05-07 22:12:46,500 - Epoch [100/250], Loss: -25.7684 (-26.1500, 0.1294, 0.2522)
2024-05-07 22:12:46,500 -      ETA: 00:01:24.22
2024-05-07 22:12:46,571 - == NETWORK SAVED

2024-05-07 22:12:49,608 - Exception occurred at epoch 102. Expected parameter loc (Tensor of shape (256, 631, 5, 8)) of distribution Normal(loc: torch.Size([256, 631, 5, 8]), scale: torch.Size([256, 631, 5, 8])) to satisfy the constraint Real(), but found invalid values:
tensor([[[[nan, nan, nan,  ..., nan, nan, nan],
          [nan, nan, nan,  ..., nan, na
2024-05-07 22:12:49,608 - Restoring model from epoch 102
2024-05-07 22:12:57,139 - Exception occurred at epoch 103. Expected parameter loc (Tensor of shape (256, 552, 5, 8)) of distribution Normal(loc: torch.Size([256, 552, 5, 8]), scale: torch.Size([256, 552, 5, 8])) to satisfy the constraint Real(), but found invalid values:
tensor([[[[nan, nan, nan,  ..., nan, nan, nan],
          [nan, nan, nan,  ..., nan, na
2024-05-07 22:12:57,140 - Restoring model from epoch 103
2024-05-07 22:12:58,671 - Exception occurred at epoch 101. Expected parameter loc (Tensor of shape (256, 631, 5, 8)) of distribution Normal(loc: torch.Size([256, 631, 5, 8]), scale: torch.Size([256, 631, 5, 8])) to satisfy the constraint Real(), but found invalid values:
tensor([[[[nan, nan, nan,  ..., nan, nan, nan],
          [nan, nan, nan,  ..., nan, na
2024-05-07 22:12:58,671 - Restoring model from epoch 101
2024-05-07 22:13:00,491 - Exception occurred at epoch 101. Expected parameter loc (Tensor of shape (256, 914, 5, 8)) of distribution Normal(loc: torch.Size([256, 914, 5, 8]), scale: torch.Size([256, 914, 5, 8])) to satisfy the constraint Real(), but found invalid values:
tensor([[[[nan, nan, nan,  ..., nan, nan, nan],
          [nan, nan, nan,  ..., nan, na
2024-05-07 22:13:00,492 - Restoring model from epoch 101
2024-05-07 22:13:06,315 - Exception occurred at epoch 98. Expected parameter loc (Tensor of shape (256, 623, 5, 8)) of distribution Normal(loc: torch.Size([256, 623, 5, 8]), scale: torch.Size([256, 623, 5, 8])) to satisfy the constraint Real(), but found invalid values:
tensor([[[[nan, nan, nan,  ..., nan, nan, nan],
          [nan, nan, nan,  ..., nan, na
2024-05-07 22:13:06,315 - Restoring model from epoch 98
2024-05-07 22:13:20,470 - Epoch [100/250], Loss: -26.0859 (-26.4629, 0.1238, 0.2532)
2024-05-07 22:13:20,470 -      ETA: 00:01:24.91
2024-05-07 22:13:20,533 - == NETWORK SAVED

2024-05-07 22:13:23,392 - Exception occurred at epoch 102. Expected parameter loc (Tensor of shape (256, 610, 5, 8)) of distribution Normal(loc: torch.Size([256, 610, 5, 8]), scale: torch.Size([256, 610, 5, 8])) to satisfy the constraint Real(), but found invalid values:
tensor([[[[nan, nan, nan,  ..., nan, nan, nan],
          [nan, nan, nan,  ..., nan, na
2024-05-07 22:13:23,393 - Restoring model from epoch 102
2024-05-07 22:13:24,763 - Exception occurred at epoch 101. Expected parameter loc (Tensor of shape (256, 625, 5, 8)) of distribution Normal(loc: torch.Size([256, 625, 5, 8]), scale: torch.Size([256, 625, 5, 8])) to satisfy the constraint Real(), but found invalid values:
tensor([[[[nan, nan, nan,  ..., nan, nan, nan],
          [nan, nan, nan,  ..., nan, na
2024-05-07 22:13:24,763 - Restoring model from epoch 101
2024-05-07 22:13:33,622 - Exception occurred at epoch 104. Expected parameter loc (Tensor of shape (256, 503, 5, 8)) of distribution Normal(loc: torch.Size([256, 503, 5, 8]), scale: torch.Size([256, 503, 5, 8])) to satisfy the constraint Real(), but found invalid values:
tensor([[[[nan, nan, nan,  ..., nan, nan, nan],
          [nan, nan, nan,  ..., nan, na
2024-05-07 22:13:33,622 - Restoring model from epoch 104
2024-05-07 22:13:41,195 - Exception occurred at epoch 103. Expected parameter loc (Tensor of shape (256, 659, 5, 8)) of distribution Normal(loc: torch.Size([256, 659, 5, 8]), scale: torch.Size([256, 659, 5, 8])) to satisfy the constraint Real(), but found invalid values:
tensor([[[[nan, nan, nan,  ..., nan, nan, nan],
          [nan, nan, nan,  ..., nan, na
2024-05-07 22:13:41,195 - Restoring model from epoch 103
2024-05-07 22:13:55,338 - Epoch [95/250], Loss: -25.9625 (-26.3401, 0.1198, 0.2578)
2024-05-07 22:13:55,338 -      ETA: 00:01:27.65
2024-05-07 22:14:09,479 - Epoch [100/250], Loss: -26.1242 (-26.5287, 0.1293, 0.2751)
2024-05-07 22:14:09,480 -      ETA: 00:01:24.73
2024-05-07 22:14:09,542 - == NETWORK SAVED

2024-05-07 22:14:13,906 - Exception occurred at epoch 102. Expected parameter loc (Tensor of shape (256, 592, 5, 8)) of distribution Normal(loc: torch.Size([256, 592, 5, 8]), scale: torch.Size([256, 592, 5, 8])) to satisfy the constraint Real(), but found invalid values:
tensor([[[[nan, nan, nan,  ..., nan, nan, nan],
          [nan, nan, nan,  ..., nan, na
2024-05-07 22:14:13,907 - Restoring model from epoch 102
2024-05-07 22:14:18,964 - Exception occurred at epoch 102. Expected parameter loc (Tensor of shape (256, 577, 5, 8)) of distribution Normal(loc: torch.Size([256, 577, 5, 8]), scale: torch.Size([256, 577, 5, 8])) to satisfy the constraint Real(), but found invalid values:
tensor([[[[nan, nan, nan,  ..., nan, nan, nan],
          [nan, nan, nan,  ..., nan, na
2024-05-07 22:14:18,964 - Restoring model from epoch 102
2024-05-07 22:14:29,998 - Exception occurred at epoch 104. Expected parameter loc (Tensor of shape (256, 391, 5, 8)) of distribution Normal(loc: torch.Size([256, 391, 5, 8]), scale: torch.Size([256, 391, 5, 8])) to satisfy the constraint Real(), but found invalid values:
tensor([[[[nan, nan, nan,  ..., nan, nan, nan],
          [nan, nan, nan,  ..., nan, na
2024-05-07 22:14:29,998 - Restoring model from epoch 104
2024-05-07 22:14:31,897 - Exception occurred at epoch 101. Expected parameter loc (Tensor of shape (256, 575, 5, 8)) of distribution Normal(loc: torch.Size([256, 575, 5, 8]), scale: torch.Size([256, 575, 5, 8])) to satisfy the constraint Real(), but found invalid values:
tensor([[[[nan, nan, nan,  ..., nan, nan, nan],
          [nan, nan, nan,  ..., nan, na
2024-05-07 22:14:31,898 - Restoring model from epoch 101
2024-05-07 22:14:46,026 - Epoch [100/250], Loss: -26.4135 (-26.7608, 0.1127, 0.2347)
2024-05-07 22:14:46,026 -      ETA: 00:01:24.66
2024-05-07 22:14:46,101 - == NETWORK SAVED

2024-05-07 22:14:51,625 - Exception occurred at epoch 102. Expected parameter loc (Tensor of shape (256, 854, 5, 8)) of distribution Normal(loc: torch.Size([256, 854, 5, 8]), scale: torch.Size([256, 854, 5, 8])) to satisfy the constraint Real(), but found invalid values:
tensor([[[[nan, nan, nan,  ..., nan, nan, nan],
          [nan, nan, nan,  ..., nan, na
2024-05-07 22:14:51,625 - Restoring model from epoch 102
2024-05-07 22:14:58,100 - Exception occurred at epoch 103. Expected parameter loc (Tensor of shape (256, 476, 5, 8)) of distribution Normal(loc: torch.Size([256, 476, 5, 8]), scale: torch.Size([256, 476, 5, 8])) to satisfy the constraint Real(), but found invalid values:
tensor([[[[nan, nan, nan,  ..., nan, nan, nan],
          [nan, nan, nan,  ..., nan, na
2024-05-07 22:14:58,100 - Restoring model from epoch 103
2024-05-07 22:15:01,921 - Exception occurred at epoch 102. Expected parameter loc (Tensor of shape (256, 503, 5, 8)) of distribution Normal(loc: torch.Size([256, 503, 5, 8]), scale: torch.Size([256, 503, 5, 8])) to satisfy the constraint Real(), but found invalid values:
tensor([[[[nan, nan, nan,  ..., nan, nan, nan],
          [nan, nan, nan,  ..., nan, na
2024-05-07 22:15:01,921 - Restoring model from epoch 102
2024-05-07 22:15:10,544 - Exception occurred at epoch 104. Expected parameter loc (Tensor of shape (256, 440, 5, 8)) of distribution Normal(loc: torch.Size([256, 440, 5, 8]), scale: torch.Size([256, 440, 5, 8])) to satisfy the constraint Real(), but found invalid values:
tensor([[[[nan, nan, nan,  ..., nan, nan, nan],
          [nan, nan, nan,  ..., nan, na
2024-05-07 22:15:10,545 - Restoring model from epoch 104
2024-05-07 22:15:24,716 - Epoch [100/250], Loss: -26.0860 (-26.4333, 0.1128, 0.2345)
2024-05-07 22:15:24,716 -      ETA: 00:01:25.02
2024-05-07 22:15:24,782 - == NETWORK SAVED

2024-05-07 22:15:36,968 - Exception occurred at epoch 105. Expected parameter loc (Tensor of shape (256, 631, 5, 8)) of distribution Normal(loc: torch.Size([256, 631, 5, 8]), scale: torch.Size([256, 631, 5, 8])) to satisfy the constraint Real(), but found invalid values:
tensor([[[[nan, nan, nan,  ..., nan, nan, nan],
          [nan, nan, nan,  ..., nan, na
2024-05-07 22:15:36,968 - Restoring model from epoch 105
2024-05-07 22:15:44,953 - Exception occurred at epoch 103. Expected parameter loc (Tensor of shape (256, 914, 5, 8)) of distribution Normal(loc: torch.Size([256, 914, 5, 8]), scale: torch.Size([256, 914, 5, 8])) to satisfy the constraint Real(), but found invalid values:
tensor([[[[nan, nan, nan,  ..., nan, nan, nan],
          [nan, nan, nan,  ..., nan, na
2024-05-07 22:15:44,953 - Restoring model from epoch 103
2024-05-07 22:15:54,020 - Exception occurred at epoch 104. Expected parameter loc (Tensor of shape (256, 481, 5, 8)) of distribution Normal(loc: torch.Size([256, 481, 5, 8]), scale: torch.Size([256, 481, 5, 8])) to satisfy the constraint Real(), but found invalid values:
tensor([[[[nan, nan, nan,  ..., nan, nan, nan],
          [nan, nan, nan,  ..., nan, na
2024-05-07 22:15:54,020 - Restoring model from epoch 104
2024-05-07 22:15:56,408 - Exception occurred at epoch 101. Expected parameter loc (Tensor of shape (256, 801, 5, 8)) of distribution Normal(loc: torch.Size([256, 801, 5, 8]), scale: torch.Size([256, 801, 5, 8])) to satisfy the constraint Real(), but found invalid values:
tensor([[[[nan, nan, nan,  ..., nan, nan, nan],
          [nan, nan, nan,  ..., nan, na
2024-05-07 22:15:56,408 - Restoring model from epoch 101
2024-05-07 22:16:10,637 - Epoch [100/250], Loss: -26.7389 (-27.0917, 0.1101, 0.2427)
2024-05-07 22:16:10,637 -      ETA: 00:01:25.35
2024-05-07 22:16:10,700 - == NETWORK SAVED

2024-05-07 22:16:11,485 - Exception occurred at epoch 101. Expected parameter loc (Tensor of shape (256, 631, 5, 8)) of distribution Normal(loc: torch.Size([256, 631, 5, 8]), scale: torch.Size([256, 631, 5, 8])) to satisfy the constraint Real(), but found invalid values:
tensor([[[[nan, nan, nan,  ..., nan, nan, nan],
          [nan, nan, nan,  ..., nan, na
2024-05-07 22:16:11,485 - Restoring model from epoch 101
2024-05-07 22:16:15,578 - Exception occurred at epoch 102. Expected parameter loc (Tensor of shape (256, 476, 5, 8)) of distribution Normal(loc: torch.Size([256, 476, 5, 8]), scale: torch.Size([256, 476, 5, 8])) to satisfy the constraint Real(), but found invalid values:
tensor([[[[nan, nan, nan,  ..., nan, nan, nan],
          [nan, nan, nan,  ..., nan, na
2024-05-07 22:16:15,578 - Restoring model from epoch 102
2024-05-07 22:16:23,099 - Exception occurred at epoch 103. Expected parameter loc (Tensor of shape (256, 391, 5, 8)) of distribution Normal(loc: torch.Size([256, 391, 5, 8]), scale: torch.Size([256, 391, 5, 8])) to satisfy the constraint Real(), but found invalid values:
tensor([[[[nan, nan, nan,  ..., nan, nan, nan],
          [nan, nan, nan,  ..., nan, na
2024-05-07 22:16:23,100 - Restoring model from epoch 103
2024-05-07 22:16:29,377 - Exception occurred at epoch 103. Expected parameter loc (Tensor of shape (256, 652, 5, 8)) of distribution Normal(loc: torch.Size([256, 652, 5, 8]), scale: torch.Size([256, 652, 5, 8])) to satisfy the constraint Real(), but found invalid values:
tensor([[[[nan, nan, nan,  ..., nan, nan, nan],
          [nan, nan, nan,  ..., nan, na
2024-05-07 22:16:29,377 - Restoring model from epoch 103
2024-05-07 22:16:43,563 - Epoch [95/250], Loss: -25.3191 (-25.7055, 0.1240, 0.2625)
2024-05-07 22:16:43,563 -      ETA: 00:01:27.78
2024-05-07 22:16:57,723 - Epoch [100/250], Loss: -25.7280 (-26.0854, 0.1164, 0.2410)
2024-05-07 22:16:57,723 -      ETA: 00:01:24.92
2024-05-07 22:16:57,790 - == NETWORK SAVED

2024-05-07 22:17:05,683 - Exception occurred at epoch 103. Expected parameter loc (Tensor of shape (256, 970, 5, 8)) of distribution Normal(loc: torch.Size([256, 970, 5, 8]), scale: torch.Size([256, 970, 5, 8])) to satisfy the constraint Real(), but found invalid values:
tensor([[[[nan, nan, nan,  ..., nan, nan, nan],
          [nan, nan, nan,  ..., nan, na
2024-05-07 22:17:05,683 - Restoring model from epoch 103
2024-05-07 22:17:13,467 - Exception occurred at epoch 103. Expected parameter loc (Tensor of shape (256, 660, 5, 8)) of distribution Normal(loc: torch.Size([256, 660, 5, 8]), scale: torch.Size([256, 660, 5, 8])) to satisfy the constraint Real(), but found invalid values:
tensor([[[[nan, nan, nan,  ..., nan, nan, nan],
          [nan, nan, nan,  ..., nan, na
2024-05-07 22:17:13,467 - Restoring model from epoch 103
2024-05-07 22:17:19,858 - Exception occurred at epoch 103. Expected parameter loc (Tensor of shape (256, 513, 5, 8)) of distribution Normal(loc: torch.Size([256, 513, 5, 8]), scale: torch.Size([256, 513, 5, 8])) to satisfy the constraint Real(), but found invalid values:
tensor([[[[nan, nan, nan,  ..., nan, nan, nan],
          [nan, nan, nan,  ..., nan, na
2024-05-07 22:17:19,858 - Restoring model from epoch 103
2024-05-07 22:17:24,288 - Exception occurred at epoch 102. Expected parameter loc (Tensor of shape (256, 970, 5, 8)) of distribution Normal(loc: torch.Size([256, 970, 5, 8]), scale: torch.Size([256, 970, 5, 8])) to satisfy the constraint Real(), but found invalid values:
tensor([[[[nan, nan, nan,  ..., nan, nan, nan],
          [nan, nan, nan,  ..., nan, na
2024-05-07 22:17:24,288 - Restoring model from epoch 102
2024-05-07 22:17:36,700 - Exception occurred at epoch 100. Expected parameter loc (Tensor of shape (256, 506, 5, 8)) of distribution Normal(loc: torch.Size([256, 506, 5, 8]), scale: torch.Size([256, 506, 5, 8])) to satisfy the constraint Real(), but found invalid values:
tensor([[[[nan, nan, nan,  ..., nan, nan, nan],
          [nan, nan, nan,  ..., nan, na
2024-05-07 22:17:36,700 - Restoring model from epoch 100
2024-05-07 22:17:50,818 - Epoch [100/250], Loss: -26.0383 (-26.4052, 0.1140, 0.2529)
2024-05-07 22:17:50,819 -      ETA: 00:01:24.71
2024-05-07 22:17:50,886 - == NETWORK SAVED

2024-05-07 22:18:01,586 - Exception occurred at epoch 104. Expected parameter loc (Tensor of shape (256, 513, 5, 8)) of distribution Normal(loc: torch.Size([256, 513, 5, 8]), scale: torch.Size([256, 513, 5, 8])) to satisfy the constraint Real(), but found invalid values:
tensor([[[[nan, nan, nan,  ..., nan, nan, nan],
          [nan, nan, nan,  ..., nan, na
2024-05-07 22:18:01,586 - Restoring model from epoch 104
2024-05-07 22:18:04,434 - Exception occurred at epoch 101. Expected parameter loc (Tensor of shape (256, 665, 5, 8)) of distribution Normal(loc: torch.Size([256, 665, 5, 8]), scale: torch.Size([256, 665, 5, 8])) to satisfy the constraint Real(), but found invalid values:
tensor([[[[nan, nan, nan,  ..., nan, nan, nan],
          [nan, nan, nan,  ..., nan, na
2024-05-07 22:18:04,434 - Restoring model from epoch 101
2024-05-07 22:18:12,891 - Exception occurred at epoch 103. Expected parameter loc (Tensor of shape (256, 540, 5, 8)) of distribution Normal(loc: torch.Size([256, 540, 5, 8]), scale: torch.Size([256, 540, 5, 8])) to satisfy the constraint Real(), but found invalid values:
tensor([[[[nan, nan, nan,  ..., nan, nan, nan],
          [nan, nan, nan,  ..., nan, na
2024-05-07 22:18:12,891 - Restoring model from epoch 103
2024-05-07 22:18:24,013 - Exception occurred at epoch 104. Expected parameter loc (Tensor of shape (256, 462, 5, 8)) of distribution Normal(loc: torch.Size([256, 462, 5, 8]), scale: torch.Size([256, 462, 5, 8])) to satisfy the constraint Real(), but found invalid values:
tensor([[[[nan, nan, nan,  ..., nan, nan, nan],
          [nan, nan, nan,  ..., nan, na
2024-05-07 22:18:24,013 - Restoring model from epoch 104
2024-05-07 22:18:38,438 - Exception occurred at epoch 100. Expected parameter loc (Tensor of shape (256, 440, 5, 8)) of distribution Normal(loc: torch.Size([256, 440, 5, 8]), scale: torch.Size([256, 440, 5, 8])) to satisfy the constraint Real(), but found invalid values:
tensor([[[[nan, nan, nan,  ..., nan, nan, nan],
          [nan, nan, nan,  ..., nan, na
2024-05-07 22:18:38,438 - Restoring model from epoch 100
2024-05-07 22:18:52,611 - Epoch [95/250], Loss: -26.0179 (-26.3934, 0.1219, 0.2536)
2024-05-07 22:18:52,612 -      ETA: 00:01:27.81
2024-05-07 22:19:01,630 - Exception occurred at epoch 99. Expected parameter loc (Tensor of shape (256, 625, 5, 8)) of distribution Normal(loc: torch.Size([256, 625, 5, 8]), scale: torch.Size([256, 625, 5, 8])) to satisfy the constraint Real(), but found invalid values:
tensor([[[[nan, nan, nan,  ..., nan, nan, nan],
          [nan, nan, nan,  ..., nan, na
2024-05-07 22:19:01,630 - Restoring model from epoch 99
2024-05-07 22:19:09,901 - Exception occurred at epoch 98. Expected parameter loc (Tensor of shape (256, 594, 5, 8)) of distribution Normal(loc: torch.Size([256, 594, 5, 8]), scale: torch.Size([256, 594, 5, 8])) to satisfy the constraint Real(), but found invalid values:
tensor([[[[nan, nan, nan,  ..., nan, nan, nan],
          [nan, nan, nan,  ..., nan, na
2024-05-07 22:19:09,901 - Restoring model from epoch 98
2024-05-07 22:19:13,485 - Exception occurred at epoch 97. Expected parameter loc (Tensor of shape (256, 631, 5, 8)) of distribution Normal(loc: torch.Size([256, 631, 5, 8]), scale: torch.Size([256, 631, 5, 8])) to satisfy the constraint Real(), but found invalid values:
tensor([[[[nan, nan, nan,  ..., nan, nan, nan],
          [nan, nan, nan,  ..., nan, na
2024-05-07 22:19:13,485 - Restoring model from epoch 97
2024-05-07 22:19:21,734 - Exception occurred at epoch 98. Expected parameter loc (Tensor of shape (256, 553, 5, 8)) of distribution Normal(loc: torch.Size([256, 553, 5, 8]), scale: torch.Size([256, 553, 5, 8])) to satisfy the constraint Real(), but found invalid values:
tensor([[[[nan, nan, nan,  ..., nan, nan, nan],
          [nan, nan, nan,  ..., nan, na
2024-05-07 22:19:21,734 - Restoring model from epoch 98
2024-05-07 22:19:35,903 - Epoch [90/250], Loss: -26.0192 (-26.3932, 0.1164, 0.2577)
2024-05-07 22:19:35,903 -      ETA: 00:01:30.50
2024-05-07 22:19:50,047 - Epoch [95/250], Loss: -25.4948 (-25.8877, 0.1304, 0.2626)
2024-05-07 22:19:50,047 -      ETA: 00:01:27.78
2024-05-07 22:19:53,764 - Exception occurred at epoch 97. Expected parameter loc (Tensor of shape (256, 616, 5, 8)) of distribution Normal(loc: torch.Size([256, 616, 5, 8]), scale: torch.Size([256, 616, 5, 8])) to satisfy the constraint Real(), but found invalid values:
tensor([[[[nan, nan, nan,  ..., nan, nan, nan],
          [nan, nan, nan,  ..., nan, na
2024-05-07 22:19:53,764 - Restoring model from epoch 97
2024-05-07 22:19:57,403 - Exception occurred at epoch 97. Expected parameter loc (Tensor of shape (256, 540, 5, 8)) of distribution Normal(loc: torch.Size([256, 540, 5, 8]), scale: torch.Size([256, 540, 5, 8])) to satisfy the constraint Real(), but found invalid values:
tensor([[[[nan, nan, nan,  ..., nan, nan, nan],
          [nan, nan, nan,  ..., nan, na
2024-05-07 22:19:57,404 - Restoring model from epoch 97
2024-05-07 22:20:11,545 - Epoch [100/250], Loss: -25.8743 (-26.2497, 0.1174, 0.2580)
2024-05-07 22:20:11,546 -      ETA: 00:01:24.63
2024-05-07 22:20:11,611 - == NETWORK SAVED

2024-05-07 22:20:15,866 - Exception occurred at epoch 102. Expected parameter loc (Tensor of shape (256, 729, 5, 8)) of distribution Normal(loc: torch.Size([256, 729, 5, 8]), scale: torch.Size([256, 729, 5, 8])) to satisfy the constraint Real(), but found invalid values:
tensor([[[[nan, nan, nan,  ..., nan, nan, nan],
          [nan, nan, nan,  ..., nan, na
2024-05-07 22:20:15,866 - Restoring model from epoch 102
2024-05-07 22:20:25,310 - Exception occurred at epoch 104. Expected parameter loc (Tensor of shape (256, 580, 5, 8)) of distribution Normal(loc: torch.Size([256, 580, 5, 8]), scale: torch.Size([256, 580, 5, 8])) to satisfy the constraint Real(), but found invalid values:
tensor([[[[nan, nan, nan,  ..., nan, nan, nan],
          [nan, nan, nan,  ..., nan, na
2024-05-07 22:20:25,310 - Restoring model from epoch 104
2024-05-07 22:20:33,306 - Exception occurred at epoch 103. Expected parameter loc (Tensor of shape (256, 623, 5, 8)) of distribution Normal(loc: torch.Size([256, 623, 5, 8]), scale: torch.Size([256, 623, 5, 8])) to satisfy the constraint Real(), but found invalid values:
tensor([[[[nan, nan, nan,  ..., nan, nan, nan],
          [nan, nan, nan,  ..., nan, na
2024-05-07 22:20:33,306 - Restoring model from epoch 103
2024-05-07 22:20:43,449 - Exception occurred at epoch 104. Expected parameter loc (Tensor of shape (256, 659, 5, 8)) of distribution Normal(loc: torch.Size([256, 659, 5, 8]), scale: torch.Size([256, 659, 5, 8])) to satisfy the constraint Real(), but found invalid values:
tensor([[[[nan, nan, nan,  ..., nan, nan, nan],
          [nan, nan, nan,  ..., nan, na
2024-05-07 22:20:43,449 - Restoring model from epoch 104
2024-05-07 22:20:57,629 - Epoch [100/250], Loss: -26.2810 (-26.6303, 0.1128, 0.2365)
2024-05-07 22:20:57,629 -      ETA: 00:01:24.97
2024-05-07 22:20:57,722 - == NETWORK SAVED

2024-05-07 22:21:01,939 - Exception occurred at epoch 102. Expected parameter loc (Tensor of shape (256, 540, 5, 8)) of distribution Normal(loc: torch.Size([256, 540, 5, 8]), scale: torch.Size([256, 540, 5, 8])) to satisfy the constraint Real(), but found invalid values:
tensor([[[[nan, nan, nan,  ..., nan, nan, nan],
          [nan, nan, nan,  ..., nan, na
2024-05-07 22:21:01,939 - Restoring model from epoch 102
2024-05-07 22:21:06,103 - Exception occurred at epoch 102. Expected parameter loc (Tensor of shape (256, 481, 5, 8)) of distribution Normal(loc: torch.Size([256, 481, 5, 8]), scale: torch.Size([256, 481, 5, 8])) to satisfy the constraint Real(), but found invalid values:
tensor([[[[nan, nan, nan,  ..., nan, nan, nan],
          [nan, nan, nan,  ..., nan, na
2024-05-07 22:21:06,103 - Restoring model from epoch 102
2024-05-07 22:21:11,850 - Exception occurred at epoch 102. Expected parameter loc (Tensor of shape (256, 665, 5, 8)) of distribution Normal(loc: torch.Size([256, 665, 5, 8]), scale: torch.Size([256, 665, 5, 8])) to satisfy the constraint Real(), but found invalid values:
tensor([[[[nan, nan, nan,  ..., nan, nan, nan],
          [nan, nan, nan,  ..., nan, na
2024-05-07 22:21:11,850 - Restoring model from epoch 102
2024-05-07 22:21:22,577 - Exception occurred at epoch 104. Expected parameter loc (Tensor of shape (256, 914, 5, 8)) of distribution Normal(loc: torch.Size([256, 914, 5, 8]), scale: torch.Size([256, 914, 5, 8])) to satisfy the constraint Real(), but found invalid values:
tensor([[[[nan, nan, nan,  ..., nan, nan, nan],
          [nan, nan, nan,  ..., nan, na
2024-05-07 22:21:22,577 - Restoring model from epoch 104
2024-05-07 22:21:36,698 - Epoch [95/250], Loss: -26.2700 (-26.6572, 0.1214, 0.2657)
2024-05-07 22:21:36,698 -      ETA: 00:01:27.47
2024-05-07 22:21:50,805 - Epoch [100/250], Loss: -26.2105 (-26.6014, 0.1235, 0.2674)
2024-05-07 22:21:50,806 -      ETA: 00:01:24.61
2024-05-07 22:21:50,875 - == NETWORK SAVED

2024-05-07 22:21:51,352 - Exception occurred at epoch 101. Expected parameter loc (Tensor of shape (256, 577, 5, 8)) of distribution Normal(loc: torch.Size([256, 577, 5, 8]), scale: torch.Size([256, 577, 5, 8])) to satisfy the constraint Real(), but found invalid values:
tensor([[[[nan, nan, nan,  ..., nan, nan, nan],
          [nan, nan, nan,  ..., nan, na
2024-05-07 22:21:51,352 - Restoring model from epoch 101
2024-05-07 22:21:52,404 - Exception occurred at epoch 101. Expected parameter loc (Tensor of shape (256, 577, 5, 8)) of distribution Normal(loc: torch.Size([256, 577, 5, 8]), scale: torch.Size([256, 577, 5, 8])) to satisfy the constraint Real(), but found invalid values:
tensor([[[[nan, nan, nan,  ..., nan, nan, nan],
          [nan, nan, nan,  ..., nan, na
2024-05-07 22:21:52,404 - Restoring model from epoch 101
2024-05-07 22:21:52,869 - Exception occurred at epoch 101. Expected parameter loc (Tensor of shape (256, 616, 5, 8)) of distribution Normal(loc: torch.Size([256, 616, 5, 8]), scale: torch.Size([256, 616, 5, 8])) to satisfy the constraint Real(), but found invalid values:
tensor([[[[nan, nan, nan,  ..., nan, nan, nan],
          [nan, nan, nan,  ..., nan, na
2024-05-07 22:21:52,869 - Restoring model from epoch 101
2024-05-07 22:21:54,063 - Exception occurred at epoch 101. Expected parameter loc (Tensor of shape (256, 914, 5, 8)) of distribution Normal(loc: torch.Size([256, 914, 5, 8]), scale: torch.Size([256, 914, 5, 8])) to satisfy the constraint Real(), but found invalid values:
tensor([[[[nan, nan, nan,  ..., nan, nan, nan],
          [nan, nan, nan,  ..., nan, na
2024-05-07 22:21:54,063 - Restoring model from epoch 101
2024-05-07 22:22:00,994 - Exception occurred at epoch 98. Expected parameter loc (Tensor of shape (256, 777, 5, 8)) of distribution Normal(loc: torch.Size([256, 777, 5, 8]), scale: torch.Size([256, 777, 5, 8])) to satisfy the constraint Real(), but found invalid values:
tensor([[[[nan, nan, nan,  ..., nan, nan, nan],
          [nan, nan, nan,  ..., nan, na
2024-05-07 22:22:00,994 - Restoring model from epoch 98
2024-05-07 22:22:11,365 - Exception occurred at epoch 99. Expected parameter loc (Tensor of shape (256, 777, 5, 8)) of distribution Normal(loc: torch.Size([256, 777, 5, 8]), scale: torch.Size([256, 777, 5, 8])) to satisfy the constraint Real(), but found invalid values:
tensor([[[[nan, nan, nan,  ..., nan, nan, nan],
          [nan, nan, nan,  ..., nan, na
2024-05-07 22:22:11,366 - Restoring model from epoch 99
2024-05-07 22:22:16,311 - Exception occurred at epoch 97. Expected parameter loc (Tensor of shape (256, 592, 5, 8)) of distribution Normal(loc: torch.Size([256, 592, 5, 8]), scale: torch.Size([256, 592, 5, 8])) to satisfy the constraint Real(), but found invalid values:
tensor([[[[nan, nan, nan,  ..., nan, nan, nan],
          [nan, nan, nan,  ..., nan, na
2024-05-07 22:22:16,312 - Restoring model from epoch 97
2024-05-07 22:22:30,446 - Epoch [95/250], Loss: -26.1809 (-26.5436, 0.1147, 0.2480)
2024-05-07 22:22:30,446 -      ETA: 00:01:27.86
2024-05-07 22:22:44,586 - Epoch [100/250], Loss: -26.7051 (-27.0793, 0.1229, 0.2513)
2024-05-07 22:22:44,586 -      ETA: 00:01:24.82
2024-05-07 22:22:44,654 - == NETWORK SAVED

2024-05-07 22:22:54,391 - Exception occurred at epoch 104. Expected parameter loc (Tensor of shape (256, 616, 5, 8)) of distribution Normal(loc: torch.Size([256, 616, 5, 8]), scale: torch.Size([256, 616, 5, 8])) to satisfy the constraint Real(), but found invalid values:
tensor([[[[nan, nan, nan,  ..., nan, nan, nan],
          [nan, nan, nan,  ..., nan, na
2024-05-07 22:22:54,392 - Restoring model from epoch 104
2024-05-07 22:23:03,895 - Exception occurred at epoch 104. Expected parameter loc (Tensor of shape (256, 391, 5, 8)) of distribution Normal(loc: torch.Size([256, 391, 5, 8]), scale: torch.Size([256, 391, 5, 8])) to satisfy the constraint Real(), but found invalid values:
tensor([[[[nan, nan, nan,  ..., nan, nan, nan],
          [nan, nan, nan,  ..., nan, na
2024-05-07 22:23:03,896 - Restoring model from epoch 104
2024-05-07 22:23:10,099 - Exception occurred at epoch 103. Expected parameter loc (Tensor of shape (256, 660, 5, 8)) of distribution Normal(loc: torch.Size([256, 660, 5, 8]), scale: torch.Size([256, 660, 5, 8])) to satisfy the constraint Real(), but found invalid values:
tensor([[[[nan, nan, nan,  ..., nan, nan, nan],
          [nan, nan, nan,  ..., nan, na
2024-05-07 22:23:10,100 - Restoring model from epoch 103
2024-05-07 22:23:14,734 - Exception occurred at epoch 102. Expected parameter loc (Tensor of shape (256, 440, 5, 8)) of distribution Normal(loc: torch.Size([256, 440, 5, 8]), scale: torch.Size([256, 440, 5, 8])) to satisfy the constraint Real(), but found invalid values:
tensor([[[[nan, nan, nan,  ..., nan, nan, nan],
          [nan, nan, nan,  ..., nan, na
2024-05-07 22:23:14,735 - Restoring model from epoch 102
2024-05-07 22:23:29,257 - Epoch [100/250], Loss: -26.0451 (-26.4331, 0.1237, 0.2643)
2024-05-07 22:23:29,257 -      ETA: 00:01:26.95
2024-05-07 22:23:29,337 - == NETWORK SAVED

2024-05-07 22:23:33,551 - Exception occurred at epoch 102. Expected parameter loc (Tensor of shape (256, 503, 5, 8)) of distribution Normal(loc: torch.Size([256, 503, 5, 8]), scale: torch.Size([256, 503, 5, 8])) to satisfy the constraint Real(), but found invalid values:
tensor([[[[nan, nan, nan,  ..., nan, nan, nan],
          [nan, nan, nan,  ..., nan, na
2024-05-07 22:23:33,551 - Restoring model from epoch 102
2024-05-07 22:23:43,078 - Exception occurred at epoch 104. Expected parameter loc (Tensor of shape (256, 503, 5, 8)) of distribution Normal(loc: torch.Size([256, 503, 5, 8]), scale: torch.Size([256, 503, 5, 8])) to satisfy the constraint Real(), but found invalid values:
tensor([[[[nan, nan, nan,  ..., nan, nan, nan],
          [nan, nan, nan,  ..., nan, na
2024-05-07 22:23:43,078 - Restoring model from epoch 104
2024-05-07 22:23:49,826 - Exception occurred at epoch 103. Expected parameter loc (Tensor of shape (256, 594, 5, 8)) of distribution Normal(loc: torch.Size([256, 594, 5, 8]), scale: torch.Size([256, 594, 5, 8])) to satisfy the constraint Real(), but found invalid values:
tensor([[[[nan, nan, nan,  ..., nan, nan, nan],
          [nan, nan, nan,  ..., nan, na
2024-05-07 22:23:49,826 - Restoring model from epoch 103
2024-05-07 22:23:58,355 - Exception occurred at epoch 104. Expected parameter loc (Tensor of shape (256, 476, 5, 8)) of distribution Normal(loc: torch.Size([256, 476, 5, 8]), scale: torch.Size([256, 476, 5, 8])) to satisfy the constraint Real(), but found invalid values:
tensor([[[[nan, nan, nan,  ..., nan, nan, nan],
          [nan, nan, nan,  ..., nan, na
2024-05-07 22:23:58,355 - Restoring model from epoch 104
2024-05-07 22:24:07,179 - Exception occurred at epoch 99. Expected parameter loc (Tensor of shape (256, 623, 5, 8)) of distribution Normal(loc: torch.Size([256, 623, 5, 8]), scale: torch.Size([256, 623, 5, 8])) to satisfy the constraint Real(), but found invalid values:
tensor([[[[nan, nan, nan,  ..., nan, nan, nan],
          [nan, nan, nan,  ..., nan, na
2024-05-07 22:24:07,179 - Restoring model from epoch 99
2024-05-07 22:24:21,433 - Epoch [100/250], Loss: -26.6859 (-27.0395, 0.1230, 0.2307)
2024-05-07 22:24:21,434 -      ETA: 00:01:25.37
2024-05-07 22:24:21,498 - == NETWORK SAVED

2024-05-07 22:24:22,507 - Exception occurred at epoch 101. Expected parameter loc (Tensor of shape (256, 516, 5, 8)) of distribution Normal(loc: torch.Size([256, 516, 5, 8]), scale: torch.Size([256, 516, 5, 8])) to satisfy the constraint Real(), but found invalid values:
tensor([[[[nan, nan, nan,  ..., nan, nan, nan],
          [nan, nan, nan,  ..., nan, na
2024-05-07 22:24:22,507 - Restoring model from epoch 101
2024-05-07 22:24:27,257 - Exception occurred at epoch 102. Expected parameter loc (Tensor of shape (256, 440, 5, 8)) of distribution Normal(loc: torch.Size([256, 440, 5, 8]), scale: torch.Size([256, 440, 5, 8])) to satisfy the constraint Real(), but found invalid values:
tensor([[[[nan, nan, nan,  ..., nan, nan, nan],
          [nan, nan, nan,  ..., nan, na
2024-05-07 22:24:27,258 - Restoring model from epoch 102
2024-05-07 22:24:30,192 - Exception occurred at epoch 102. Expected parameter loc (Tensor of shape (256, 914, 5, 8)) of distribution Normal(loc: torch.Size([256, 914, 5, 8]), scale: torch.Size([256, 914, 5, 8])) to satisfy the constraint Real(), but found invalid values:
tensor([[[[nan, nan, nan,  ..., nan, nan, nan],
          [nan, nan, nan,  ..., nan, na
2024-05-07 22:24:30,192 - Restoring model from epoch 102
2024-05-07 22:24:31,516 - Exception occurred at epoch 101. Expected parameter loc (Tensor of shape (256, 610, 5, 8)) of distribution Normal(loc: torch.Size([256, 610, 5, 8]), scale: torch.Size([256, 610, 5, 8])) to satisfy the constraint Real(), but found invalid values:
tensor([[[[nan, nan, nan,  ..., nan, nan, nan],
          [nan, nan, nan,  ..., nan, na
2024-05-07 22:24:31,517 - Restoring model from epoch 101
2024-05-07 22:24:45,647 - Epoch [95/250], Loss: -25.0975 (-25.6123, 0.1250, 0.3898)
2024-05-07 22:24:45,647 -      ETA: 00:01:27.64
