2024-05-07 21:52:04,924 - Using cuda
2024-05-07 21:52:18,427 - Epoch [5/250], Loss: -14.4642 (-14.6134, 0.1492, 0.0000)
2024-05-07 21:52:18,429 -      ETA: 00:02:12.21
2024-05-07 21:52:31,918 - Epoch [10/250], Loss: -17.5035 (-17.6613, 0.1578, 0.0000)
2024-05-07 21:52:31,920 -      ETA: 00:02:10.31
2024-05-07 21:52:45,465 - Epoch [15/250], Loss: -18.7722 (-18.9253, 0.1531, 0.0000)
2024-05-07 21:52:45,466 -      ETA: 00:02:07.59
2024-05-07 21:52:59,009 - Epoch [20/250], Loss: -19.6321 (-19.7794, 0.1473, 0.0000)
2024-05-07 21:52:59,009 -      ETA: 00:02:04.79
2024-05-07 21:53:12,556 - Epoch [25/250], Loss: -20.4406 (-20.5938, 0.1532, 0.0000)
2024-05-07 21:53:12,556 -      ETA: 00:02:01.90
2024-05-07 21:53:26,101 - Epoch [30/250], Loss: -20.1437 (-20.2840, 0.1404, 0.0000)
2024-05-07 21:53:26,101 -      ETA: 00:01:59.46
2024-05-07 21:53:39,653 - Epoch [35/250], Loss: -21.6498 (-21.7854, 0.1357, 0.0000)
2024-05-07 21:53:39,654 -      ETA: 00:01:56.87
2024-05-07 21:53:53,220 - Epoch [40/250], Loss: -21.3998 (-21.5499, 0.1502, 0.0000)
2024-05-07 21:53:53,221 -      ETA: 00:01:54.08
2024-05-07 21:54:06,792 - Epoch [45/250], Loss: -20.4216 (-20.5721, 0.1505, 0.0000)
2024-05-07 21:54:06,793 -      ETA: 00:01:51.57
2024-05-07 21:54:20,375 - Epoch [50/250], Loss: -22.2888 (-22.4319, 0.1432, 0.0000)
2024-05-07 21:54:20,376 -      ETA: 00:01:48.83
2024-05-07 21:54:20,416 - == NETWORK SAVED

2024-05-07 21:54:33,976 - Epoch [55/250], Loss: -22.2841 (-22.4190, 0.1349, 0.0000)
2024-05-07 21:54:33,977 -      ETA: 00:01:45.93
2024-05-07 21:54:47,563 - Epoch [60/250], Loss: -22.4380 (-22.5812, 0.1432, 0.0000)
2024-05-07 21:54:47,564 -      ETA: 00:01:43.45
2024-05-07 21:55:01,144 - Epoch [65/250], Loss: -23.5541 (-23.6996, 0.1455, 0.0000)
2024-05-07 21:55:01,144 -      ETA: 00:01:40.62
2024-05-07 21:55:14,720 - Epoch [70/250], Loss: -22.9886 (-23.1141, 0.1255, 0.0000)
2024-05-07 21:55:14,720 -      ETA: 00:01:37.87
2024-05-07 21:55:28,315 - Epoch [75/250], Loss: -23.5402 (-23.6838, 0.1436, 0.0000)
2024-05-07 21:55:28,316 -      ETA: 00:01:35.25
2024-05-07 21:55:36,602 - Exception occurred at epoch 79. Expected parameter loc (Tensor of shape (256, 801, 5, 8)) of distribution Normal(loc: torch.Size([256, 801, 5, 8]), scale: torch.Size([256, 801, 5, 8])) to satisfy the constraint Real(), but found invalid values:
tensor([[[[nan, nan, nan,  ..., nan, nan, nan],
          [nan, nan, nan,  ..., nan, na
2024-05-07 21:55:36,602 - Restoring model from epoch 79
2024-05-07 21:55:50,274 - Epoch [80/250], Loss: -23.5151 (-23.6614, 0.1464, 0.0000)
2024-05-07 21:55:50,274 -      ETA: 00:01:32.84
2024-05-07 21:56:03,901 - Epoch [85/250], Loss: -23.9899 (-24.1371, 0.1472, 0.0000)
2024-05-07 21:56:03,901 -      ETA: 00:01:30.06
2024-05-07 21:56:05,029 - Exception occurred at epoch 86. Expected parameter loc (Tensor of shape (256, 580, 5, 8)) of distribution Normal(loc: torch.Size([256, 580, 5, 8]), scale: torch.Size([256, 580, 5, 8])) to satisfy the constraint Real(), but found invalid values:
tensor([[[[nan, nan, nan,  ..., nan, nan, nan],
          [nan, nan, nan,  ..., nan, na
2024-05-07 21:56:05,029 - Restoring model from epoch 86
2024-05-07 21:56:10,049 - Exception occurred at epoch 87. Expected parameter loc (Tensor of shape (256, 553, 5, 8)) of distribution Normal(loc: torch.Size([256, 553, 5, 8]), scale: torch.Size([256, 553, 5, 8])) to satisfy the constraint Real(), but found invalid values:
tensor([[[[nan, nan, nan,  ..., nan, nan, nan],
          [nan, nan, nan,  ..., nan, na
2024-05-07 21:56:10,049 - Restoring model from epoch 87
2024-05-07 21:56:17,588 - Exception occurred at epoch 88. Expected parameter loc (Tensor of shape (256, 575, 5, 8)) of distribution Normal(loc: torch.Size([256, 575, 5, 8]), scale: torch.Size([256, 575, 5, 8])) to satisfy the constraint Real(), but found invalid values:
tensor([[[[nan, nan, nan,  ..., nan, nan, nan],
          [nan, nan, nan,  ..., nan, na
2024-05-07 21:56:17,589 - Restoring model from epoch 88
2024-05-07 21:56:18,700 - Exception occurred at epoch 86. Expected parameter loc (Tensor of shape (256, 503, 5, 8)) of distribution Normal(loc: torch.Size([256, 503, 5, 8]), scale: torch.Size([256, 503, 5, 8])) to satisfy the constraint Real(), but found invalid values:
tensor([[[[nan, nan, nan,  ..., nan, nan, nan],
          [nan, nan, nan,  ..., nan, na
2024-05-07 21:56:18,700 - Restoring model from epoch 86
2024-05-07 21:56:32,318 - Epoch [85/250], Loss: -24.1816 (-24.3226, 0.1410, 0.0000)
2024-05-07 21:56:32,318 -      ETA: 00:01:29.82
2024-05-07 21:56:45,908 - Epoch [90/250], Loss: -23.9959 (-24.1358, 0.1400, 0.0000)
2024-05-07 21:56:45,909 -      ETA: 00:01:27.07
2024-05-07 21:56:55,300 - Exception occurred at epoch 94. Expected parameter loc (Tensor of shape (256, 391, 5, 8)) of distribution Normal(loc: torch.Size([256, 391, 5, 8]), scale: torch.Size([256, 391, 5, 8])) to satisfy the constraint Real(), but found invalid values:
tensor([[[[nan, nan, nan,  ..., nan, nan, nan],
          [nan, nan, nan,  ..., nan, na
2024-05-07 21:56:55,300 - Restoring model from epoch 94
2024-05-07 21:56:57,918 - Exception occurred at epoch 91. Expected parameter loc (Tensor of shape (256, 652, 5, 8)) of distribution Normal(loc: torch.Size([256, 652, 5, 8]), scale: torch.Size([256, 652, 5, 8])) to satisfy the constraint Real(), but found invalid values:
tensor([[[[nan, nan, nan,  ..., nan, nan, nan],
          [nan, nan, nan,  ..., nan, na
2024-05-07 21:56:57,918 - Restoring model from epoch 91
2024-05-07 21:57:11,526 - Epoch [95/250], Loss: -24.8871 (-25.0097, 0.1226, 0.0000)
2024-05-07 21:57:11,527 -      ETA: 00:01:24.30
2024-05-07 21:57:12,994 - Exception occurred at epoch 96. Expected parameter loc (Tensor of shape (256, 575, 5, 8)) of distribution Normal(loc: torch.Size([256, 575, 5, 8]), scale: torch.Size([256, 575, 5, 8])) to satisfy the constraint Real(), but found invalid values:
tensor([[[[nan, nan, nan,  ..., nan, nan, nan],
          [nan, nan, nan,  ..., nan, na
2024-05-07 21:57:12,994 - Restoring model from epoch 96
2024-05-07 21:57:15,132 - Exception occurred at epoch 96. Expected parameter loc (Tensor of shape (256, 552, 5, 8)) of distribution Normal(loc: torch.Size([256, 552, 5, 8]), scale: torch.Size([256, 552, 5, 8])) to satisfy the constraint Real(), but found invalid values:
tensor([[[[nan, nan, nan,  ..., nan, nan, nan],
          [nan, nan, nan,  ..., nan, na
2024-05-07 21:57:15,132 - Restoring model from epoch 96
2024-05-07 21:57:17,800 - Exception occurred at epoch 96. Expected parameter loc (Tensor of shape (256, 660, 5, 8)) of distribution Normal(loc: torch.Size([256, 660, 5, 8]), scale: torch.Size([256, 660, 5, 8])) to satisfy the constraint Real(), but found invalid values:
tensor([[[[nan, nan, nan,  ..., nan, nan, nan],
          [nan, nan, nan,  ..., nan, na
2024-05-07 21:57:17,800 - Restoring model from epoch 96
2024-05-07 21:57:19,768 - Exception occurred at epoch 96. Expected parameter loc (Tensor of shape (256, 777, 5, 8)) of distribution Normal(loc: torch.Size([256, 777, 5, 8]), scale: torch.Size([256, 777, 5, 8])) to satisfy the constraint Real(), but found invalid values:
tensor([[[[nan, nan, nan,  ..., nan, nan, nan],
          [nan, nan, nan,  ..., nan, na
2024-05-07 21:57:19,768 - Restoring model from epoch 96
2024-05-07 21:57:30,534 - Exception occurred at epoch 94. Expected parameter loc (Tensor of shape (256, 652, 5, 8)) of distribution Normal(loc: torch.Size([256, 652, 5, 8]), scale: torch.Size([256, 652, 5, 8])) to satisfy the constraint Real(), but found invalid values:
tensor([[[[nan, nan, nan,  ..., nan, nan, nan],
          [nan, nan, nan,  ..., nan, na
2024-05-07 21:57:30,534 - Restoring model from epoch 94
2024-05-07 21:57:39,888 - Exception occurred at epoch 89. Expected parameter loc (Tensor of shape (256, 580, 5, 8)) of distribution Normal(loc: torch.Size([256, 580, 5, 8]), scale: torch.Size([256, 580, 5, 8])) to satisfy the constraint Real(), but found invalid values:
tensor([[[[nan, nan, nan,  ..., nan, nan, nan],
          [nan, nan, nan,  ..., nan, na
2024-05-07 21:57:39,888 - Restoring model from epoch 89
2024-05-07 21:57:44,240 - Exception occurred at epoch 87. Expected parameter loc (Tensor of shape (256, 652, 5, 8)) of distribution Normal(loc: torch.Size([256, 652, 5, 8]), scale: torch.Size([256, 652, 5, 8])) to satisfy the constraint Real(), but found invalid values:
tensor([[[[nan, nan, nan,  ..., nan, nan, nan],
          [nan, nan, nan,  ..., nan, na
2024-05-07 21:57:44,240 - Restoring model from epoch 87
2024-05-07 21:57:58,252 - Epoch [90/250], Loss: -24.1751 (-24.3150, 0.1399, 0.0000)
2024-05-07 21:57:58,252 -      ETA: 00:01:29.68
2024-05-07 21:57:58,535 - Exception occurred at epoch 91. Expected parameter loc (Tensor of shape (256, 631, 5, 8)) of distribution Normal(loc: torch.Size([256, 631, 5, 8]), scale: torch.Size([256, 631, 5, 8])) to satisfy the constraint Real(), but found invalid values:
tensor([[[[nan, nan, nan,  ..., nan, nan, nan],
          [nan, nan, nan,  ..., nan, na
2024-05-07 21:57:58,535 - Restoring model from epoch 91
2024-05-07 21:58:11,071 - Exception occurred at epoch 95. Expected parameter loc (Tensor of shape (256, 914, 5, 8)) of distribution Normal(loc: torch.Size([256, 914, 5, 8]), scale: torch.Size([256, 914, 5, 8])) to satisfy the constraint Real(), but found invalid values:
tensor([[[[nan, nan, nan,  ..., nan, nan, nan],
          [nan, nan, nan,  ..., nan, na
2024-05-07 21:58:11,072 - Restoring model from epoch 95
2024-05-07 21:58:25,056 - Epoch [95/250], Loss: -24.5660 (-24.7080, 0.1420, 0.0000)
2024-05-07 21:58:25,056 -      ETA: 00:01:26.43
2024-05-07 21:58:27,103 - Exception occurred at epoch 96. Expected parameter loc (Tensor of shape (256, 391, 5, 8)) of distribution Normal(loc: torch.Size([256, 391, 5, 8]), scale: torch.Size([256, 391, 5, 8])) to satisfy the constraint Real(), but found invalid values:
tensor([[[[nan, nan, nan,  ..., nan, nan, nan],
          [nan, nan, nan,  ..., nan, na
2024-05-07 21:58:27,104 - Restoring model from epoch 96
2024-05-07 21:58:28,809 - Exception occurred at epoch 96. Expected parameter loc (Tensor of shape (256, 476, 5, 8)) of distribution Normal(loc: torch.Size([256, 476, 5, 8]), scale: torch.Size([256, 476, 5, 8])) to satisfy the constraint Real(), but found invalid values:
tensor([[[[nan, nan, nan,  ..., nan, nan, nan],
          [nan, nan, nan,  ..., nan, na
2024-05-07 21:58:28,809 - Restoring model from epoch 96
2024-05-07 21:58:28,954 - Exception occurred at epoch 96. Expected parameter loc (Tensor of shape (256, 516, 5, 8)) of distribution Normal(loc: torch.Size([256, 516, 5, 8]), scale: torch.Size([256, 516, 5, 8])) to satisfy the constraint Real(), but found invalid values:
tensor([[[[nan, nan, nan,  ..., nan, nan, nan],
          [nan, nan, nan,  ..., nan, na
2024-05-07 21:58:28,955 - Restoring model from epoch 96
2024-05-07 21:58:32,117 - Exception occurred at epoch 97. Expected parameter loc (Tensor of shape (256, 777, 5, 8)) of distribution Normal(loc: torch.Size([256, 777, 5, 8]), scale: torch.Size([256, 777, 5, 8])) to satisfy the constraint Real(), but found invalid values:
tensor([[[[nan, nan, nan,  ..., nan, nan, nan],
          [nan, nan, nan,  ..., nan, na
2024-05-07 21:58:32,117 - Restoring model from epoch 97
2024-05-07 21:58:36,831 - Exception occurred at epoch 92. Expected parameter loc (Tensor of shape (256, 440, 5, 8)) of distribution Normal(loc: torch.Size([256, 440, 5, 8]), scale: torch.Size([256, 440, 5, 8])) to satisfy the constraint Real(), but found invalid values:
tensor([[[[nan, nan, nan,  ..., nan, nan, nan],
          [nan, nan, nan,  ..., nan, na
2024-05-07 21:58:36,831 - Restoring model from epoch 92
2024-05-07 21:58:50,530 - Epoch [85/250], Loss: -24.5204 (-24.6613, 0.1409, 0.0000)
2024-05-07 21:58:50,530 -      ETA: 00:01:30.27
2024-05-07 21:59:04,180 - Epoch [90/250], Loss: -24.2796 (-24.4161, 0.1365, 0.0000)
2024-05-07 21:59:04,180 -      ETA: 00:01:27.38
2024-05-07 21:59:17,455 - Exception occurred at epoch 95. Expected parameter loc (Tensor of shape (256, 518, 5, 8)) of distribution Normal(loc: torch.Size([256, 518, 5, 8]), scale: torch.Size([256, 518, 5, 8])) to satisfy the constraint Real(), but found invalid values:
tensor([[[[nan, nan, nan,  ..., nan, nan, nan],
          [nan, nan, nan,  ..., nan, na
2024-05-07 21:59:17,456 - Restoring model from epoch 95
2024-05-07 21:59:25,594 - Exception occurred at epoch 93. Expected parameter loc (Tensor of shape (256, 476, 5, 8)) of distribution Normal(loc: torch.Size([256, 476, 5, 8]), scale: torch.Size([256, 476, 5, 8])) to satisfy the constraint Real(), but found invalid values:
tensor([[[[nan, nan, nan,  ..., nan, nan, nan],
          [nan, nan, nan,  ..., nan, na
2024-05-07 21:59:25,594 - Restoring model from epoch 93
2024-05-07 21:59:38,430 - Exception occurred at epoch 95. Expected parameter loc (Tensor of shape (256, 813, 5, 8)) of distribution Normal(loc: torch.Size([256, 813, 5, 8]), scale: torch.Size([256, 813, 5, 8])) to satisfy the constraint Real(), but found invalid values:
tensor([[[[nan, nan, nan,  ..., nan, nan, nan],
          [nan, nan, nan,  ..., nan, na
2024-05-07 21:59:38,430 - Restoring model from epoch 95
2024-05-07 21:59:52,105 - Epoch [95/250], Loss: -23.7968 (-23.9371, 0.1403, 0.0000)
2024-05-07 21:59:52,105 -      ETA: 00:01:24.84
2024-05-07 22:00:00,404 - Exception occurred at epoch 99. Expected parameter loc (Tensor of shape (256, 665, 5, 8)) of distribution Normal(loc: torch.Size([256, 665, 5, 8]), scale: torch.Size([256, 665, 5, 8])) to satisfy the constraint Real(), but found invalid values:
tensor([[[[nan, nan, nan,  ..., nan, nan, nan],
          [nan, nan, nan,  ..., nan, na
2024-05-07 22:00:00,404 - Restoring model from epoch 99
2024-05-07 22:00:05,544 - Exception occurred at epoch 97. Expected parameter loc (Tensor of shape (256, 777, 5, 8)) of distribution Normal(loc: torch.Size([256, 777, 5, 8]), scale: torch.Size([256, 777, 5, 8])) to satisfy the constraint Real(), but found invalid values:
tensor([[[[nan, nan, nan,  ..., nan, nan, nan],
          [nan, nan, nan,  ..., nan, na
2024-05-07 22:00:05,545 - Restoring model from epoch 97
2024-05-07 22:00:10,608 - Exception occurred at epoch 97. Expected parameter loc (Tensor of shape (256, 553, 5, 8)) of distribution Normal(loc: torch.Size([256, 553, 5, 8]), scale: torch.Size([256, 553, 5, 8])) to satisfy the constraint Real(), but found invalid values:
tensor([[[[nan, nan, nan,  ..., nan, nan, nan],
          [nan, nan, nan,  ..., nan, na
2024-05-07 22:00:10,608 - Restoring model from epoch 97
2024-05-07 22:00:10,746 - Exception occurred at epoch 96. Expected parameter loc (Tensor of shape (256, 476, 5, 8)) of distribution Normal(loc: torch.Size([256, 476, 5, 8]), scale: torch.Size([256, 476, 5, 8])) to satisfy the constraint Real(), but found invalid values:
tensor([[[[nan, nan, nan,  ..., nan, nan, nan],
          [nan, nan, nan,  ..., nan, na
2024-05-07 22:00:10,746 - Restoring model from epoch 96
2024-05-07 22:00:15,431 - Exception occurred at epoch 87. Expected parameter loc (Tensor of shape (256, 552, 5, 8)) of distribution Normal(loc: torch.Size([256, 552, 5, 8]), scale: torch.Size([256, 552, 5, 8])) to satisfy the constraint Real(), but found invalid values:
tensor([[[[nan, nan, nan,  ..., nan, nan, nan],
          [nan, nan, nan,  ..., nan, na
2024-05-07 22:00:15,431 - Restoring model from epoch 87
2024-05-07 22:00:19,056 - Exception occurred at epoch 87. Expected parameter loc (Tensor of shape (256, 503, 5, 8)) of distribution Normal(loc: torch.Size([256, 503, 5, 8]), scale: torch.Size([256, 503, 5, 8])) to satisfy the constraint Real(), but found invalid values:
tensor([[[[nan, nan, nan,  ..., nan, nan, nan],
          [nan, nan, nan,  ..., nan, na
2024-05-07 22:00:19,056 - Restoring model from epoch 87
2024-05-07 22:00:22,533 - Exception occurred at epoch 87. Expected parameter loc (Tensor of shape (256, 625, 5, 8)) of distribution Normal(loc: torch.Size([256, 625, 5, 8]), scale: torch.Size([256, 625, 5, 8])) to satisfy the constraint Real(), but found invalid values:
tensor([[[[nan, nan, nan,  ..., nan, nan, nan],
          [nan, nan, nan,  ..., nan, na
2024-05-07 22:00:22,534 - Restoring model from epoch 87
2024-05-07 22:00:32,577 - Exception occurred at epoch 84. Expected parameter loc (Tensor of shape (256, 553, 5, 8)) of distribution Normal(loc: torch.Size([256, 553, 5, 8]), scale: torch.Size([256, 553, 5, 8])) to satisfy the constraint Real(), but found invalid values:
tensor([[[[nan, nan, nan,  ..., nan, nan, nan],
          [nan, nan, nan,  ..., nan, na
2024-05-07 22:00:32,578 - Restoring model from epoch 84
2024-05-07 22:00:46,227 - Epoch [80/250], Loss: -23.2140 (-23.3483, 0.1343, 0.0000)
2024-05-07 22:00:46,228 -      ETA: 00:01:32.76
2024-05-07 22:00:59,860 - Epoch [85/250], Loss: -23.0066 (-23.1435, 0.1369, 0.0000)
2024-05-07 22:00:59,860 -      ETA: 00:01:30.00
2024-05-07 22:01:04,461 - Exception occurred at epoch 87. Expected parameter loc (Tensor of shape (256, 462, 5, 8)) of distribution Normal(loc: torch.Size([256, 462, 5, 8]), scale: torch.Size([256, 462, 5, 8])) to satisfy the constraint Real(), but found invalid values:
tensor([[[[nan, nan, nan,  ..., nan, nan, nan],
          [nan, nan, nan,  ..., nan, na
2024-05-07 22:01:04,461 - Restoring model from epoch 87
2024-05-07 22:01:05,850 - Exception occurred at epoch 86. Expected parameter loc (Tensor of shape (256, 580, 5, 8)) of distribution Normal(loc: torch.Size([256, 580, 5, 8]), scale: torch.Size([256, 580, 5, 8])) to satisfy the constraint Real(), but found invalid values:
tensor([[[[nan, nan, nan,  ..., nan, nan, nan],
          [nan, nan, nan,  ..., nan, na
2024-05-07 22:01:05,850 - Restoring model from epoch 86
2024-05-07 22:01:12,417 - Exception occurred at epoch 88. Expected parameter loc (Tensor of shape (256, 503, 5, 8)) of distribution Normal(loc: torch.Size([256, 503, 5, 8]), scale: torch.Size([256, 503, 5, 8])) to satisfy the constraint Real(), but found invalid values:
tensor([[[[nan, nan, nan,  ..., nan, nan, nan],
          [nan, nan, nan,  ..., nan, na
2024-05-07 22:01:12,417 - Restoring model from epoch 88
2024-05-07 22:01:19,271 - Exception occurred at epoch 88. Expected parameter loc (Tensor of shape (256, 631, 5, 8)) of distribution Normal(loc: torch.Size([256, 631, 5, 8]), scale: torch.Size([256, 631, 5, 8])) to satisfy the constraint Real(), but found invalid values:
tensor([[[[nan, nan, nan,  ..., nan, nan, nan],
          [nan, nan, nan,  ..., nan, na
2024-05-07 22:01:19,271 - Restoring model from epoch 88
2024-05-07 22:01:20,807 - Exception occurred at epoch 81. Expected parameter loc (Tensor of shape (256, 660, 5, 8)) of distribution Normal(loc: torch.Size([256, 660, 5, 8]), scale: torch.Size([256, 660, 5, 8])) to satisfy the constraint Real(), but found invalid values:
tensor([[[[nan, nan, nan,  ..., nan, nan, nan],
          [nan, nan, nan,  ..., nan, na
2024-05-07 22:01:20,808 - Restoring model from epoch 81
2024-05-07 22:01:34,411 - Epoch [85/250], Loss: -23.9777 (-24.1104, 0.1327, 0.0000)
2024-05-07 22:01:34,411 -      ETA: 00:01:29.81
2024-05-07 22:01:40,814 - Exception occurred at epoch 88. Expected parameter loc (Tensor of shape (256, 729, 5, 8)) of distribution Normal(loc: torch.Size([256, 729, 5, 8]), scale: torch.Size([256, 729, 5, 8])) to satisfy the constraint Real(), but found invalid values:
tensor([[[[nan, nan, nan,  ..., nan, nan, nan],
          [nan, nan, nan,  ..., nan, na
2024-05-07 22:01:40,814 - Restoring model from epoch 88
2024-05-07 22:01:42,181 - Exception occurred at epoch 86. Expected parameter loc (Tensor of shape (256, 575, 5, 8)) of distribution Normal(loc: torch.Size([256, 575, 5, 8]), scale: torch.Size([256, 575, 5, 8])) to satisfy the constraint Real(), but found invalid values:
tensor([[[[nan, nan, nan,  ..., nan, nan, nan],
          [nan, nan, nan,  ..., nan, na
2024-05-07 22:01:42,181 - Restoring model from epoch 86
2024-05-07 22:01:52,708 - Exception occurred at epoch 89. Expected parameter loc (Tensor of shape (256, 577, 5, 8)) of distribution Normal(loc: torch.Size([256, 577, 5, 8]), scale: torch.Size([256, 577, 5, 8])) to satisfy the constraint Real(), but found invalid values:
tensor([[[[nan, nan, nan,  ..., nan, nan, nan],
          [nan, nan, nan,  ..., nan, na
2024-05-07 22:01:52,708 - Restoring model from epoch 89
2024-05-07 22:01:58,126 - Exception occurred at epoch 87. Expected parameter loc (Tensor of shape (256, 506, 5, 8)) of distribution Normal(loc: torch.Size([256, 506, 5, 8]), scale: torch.Size([256, 506, 5, 8])) to satisfy the constraint Real(), but found invalid values:
tensor([[[[nan, nan, nan,  ..., nan, nan, nan],
          [nan, nan, nan,  ..., nan, na
2024-05-07 22:01:58,127 - Restoring model from epoch 87
2024-05-07 22:02:06,278 - Exception occurred at epoch 83. Expected parameter loc (Tensor of shape (256, 813, 5, 8)) of distribution Normal(loc: torch.Size([256, 813, 5, 8]), scale: torch.Size([256, 813, 5, 8])) to satisfy the constraint Real(), but found invalid values:
tensor([[[[nan, nan, nan,  ..., nan, nan, nan],
          [nan, nan, nan,  ..., nan, na
2024-05-07 22:02:06,278 - Restoring model from epoch 83
2024-05-07 22:02:20,006 - Epoch [80/250], Loss: -23.8207 (-23.9604, 0.1397, 0.0000)
2024-05-07 22:02:20,006 -      ETA: 00:01:32.88
2024-05-07 22:02:33,700 - Epoch [85/250], Loss: -24.1891 (-24.3312, 0.1422, 0.0000)
2024-05-07 22:02:33,700 -      ETA: 00:01:30.52
2024-05-07 22:02:39,825 - Exception occurred at epoch 88. Expected parameter loc (Tensor of shape (256, 801, 5, 8)) of distribution Normal(loc: torch.Size([256, 801, 5, 8]), scale: torch.Size([256, 801, 5, 8])) to satisfy the constraint Real(), but found invalid values:
tensor([[[[nan, nan, nan,  ..., nan, nan, nan],
          [nan, nan, nan,  ..., nan, na
2024-05-07 22:02:39,825 - Restoring model from epoch 88
2024-05-07 22:02:47,831 - Exception occurred at epoch 88. Expected parameter loc (Tensor of shape (256, 623, 5, 8)) of distribution Normal(loc: torch.Size([256, 623, 5, 8]), scale: torch.Size([256, 623, 5, 8])) to satisfy the constraint Real(), but found invalid values:
tensor([[[[nan, nan, nan,  ..., nan, nan, nan],
          [nan, nan, nan,  ..., nan, na
2024-05-07 22:02:47,831 - Restoring model from epoch 88
2024-05-07 22:03:01,590 - Epoch [90/250], Loss: -23.7251 (-23.8669, 0.1418, 0.0000)
2024-05-07 22:03:01,590 -      ETA: 00:01:27.93
2024-05-07 22:03:07,463 - Exception occurred at epoch 93. Expected parameter loc (Tensor of shape (256, 481, 5, 8)) of distribution Normal(loc: torch.Size([256, 481, 5, 8]), scale: torch.Size([256, 481, 5, 8])) to satisfy the constraint Real(), but found invalid values:
tensor([[[[nan, nan, nan,  ..., nan, nan, nan],
          [nan, nan, nan,  ..., nan, na
2024-05-07 22:03:07,463 - Restoring model from epoch 93
2024-05-07 22:03:13,979 - Exception occurred at epoch 93. Expected parameter loc (Tensor of shape (256, 391, 5, 8)) of distribution Normal(loc: torch.Size([256, 391, 5, 8]), scale: torch.Size([256, 391, 5, 8])) to satisfy the constraint Real(), but found invalid values:
tensor([[[[nan, nan, nan,  ..., nan, nan, nan],
          [nan, nan, nan,  ..., nan, na
2024-05-07 22:03:13,979 - Restoring model from epoch 93
2024-05-07 22:03:18,828 - Exception occurred at epoch 92. Expected parameter loc (Tensor of shape (256, 659, 5, 8)) of distribution Normal(loc: torch.Size([256, 659, 5, 8]), scale: torch.Size([256, 659, 5, 8])) to satisfy the constraint Real(), but found invalid values:
tensor([[[[nan, nan, nan,  ..., nan, nan, nan],
          [nan, nan, nan,  ..., nan, na
2024-05-07 22:03:18,828 - Restoring model from epoch 92
2024-05-07 22:03:23,738 - Exception occurred at epoch 92. Expected parameter loc (Tensor of shape (256, 631, 5, 8)) of distribution Normal(loc: torch.Size([256, 631, 5, 8]), scale: torch.Size([256, 631, 5, 8])) to satisfy the constraint Real(), but found invalid values:
tensor([[[[nan, nan, nan,  ..., nan, nan, nan],
          [nan, nan, nan,  ..., nan, na
2024-05-07 22:03:23,738 - Restoring model from epoch 92
2024-05-07 22:03:30,717 - Exception occurred at epoch 88. Expected parameter loc (Tensor of shape (256, 659, 5, 8)) of distribution Normal(loc: torch.Size([256, 659, 5, 8]), scale: torch.Size([256, 659, 5, 8])) to satisfy the constraint Real(), but found invalid values:
tensor([[[[nan, nan, nan,  ..., nan, nan, nan],
          [nan, nan, nan,  ..., nan, na
2024-05-07 22:03:30,717 - Restoring model from epoch 88
2024-05-07 22:03:35,920 - Exception occurred at epoch 82. Expected parameter loc (Tensor of shape (256, 518, 5, 8)) of distribution Normal(loc: torch.Size([256, 518, 5, 8]), scale: torch.Size([256, 518, 5, 8])) to satisfy the constraint Real(), but found invalid values:
tensor([[[[nan, nan, nan,  ..., nan, nan, nan],
          [nan, nan, nan,  ..., nan, na
2024-05-07 22:03:35,920 - Restoring model from epoch 82
2024-05-07 22:03:49,713 - Epoch [85/250], Loss: -24.0027 (-24.1400, 0.1373, 0.0000)
2024-05-07 22:03:49,713 -      ETA: 00:01:30.70
2024-05-07 22:03:49,916 - Exception occurred at epoch 86. Expected parameter loc (Tensor of shape (256, 440, 5, 8)) of distribution Normal(loc: torch.Size([256, 440, 5, 8]), scale: torch.Size([256, 440, 5, 8])) to satisfy the constraint Real(), but found invalid values:
tensor([[[[nan, nan, nan,  ..., nan, nan, nan],
          [nan, nan, nan,  ..., nan, na
2024-05-07 22:03:49,916 - Restoring model from epoch 86
2024-05-07 22:03:50,268 - Exception occurred at epoch 86. Expected parameter loc (Tensor of shape (256, 623, 5, 8)) of distribution Normal(loc: torch.Size([256, 623, 5, 8]), scale: torch.Size([256, 623, 5, 8])) to satisfy the constraint Real(), but found invalid values:
tensor([[[[nan, nan, nan,  ..., nan, nan, nan],
          [nan, nan, nan,  ..., nan, na
2024-05-07 22:03:50,268 - Restoring model from epoch 86
2024-05-07 22:03:51,145 - Exception occurred at epoch 86. Expected parameter loc (Tensor of shape (256, 481, 5, 8)) of distribution Normal(loc: torch.Size([256, 481, 5, 8]), scale: torch.Size([256, 481, 5, 8])) to satisfy the constraint Real(), but found invalid values:
tensor([[[[nan, nan, nan,  ..., nan, nan, nan],
          [nan, nan, nan,  ..., nan, na
2024-05-07 22:03:51,145 - Restoring model from epoch 86
2024-05-07 22:03:51,448 - Exception occurred at epoch 86. Expected parameter loc (Tensor of shape (256, 631, 5, 8)) of distribution Normal(loc: torch.Size([256, 631, 5, 8]), scale: torch.Size([256, 631, 5, 8])) to satisfy the constraint Real(), but found invalid values:
tensor([[[[nan, nan, nan,  ..., nan, nan, nan],
          [nan, nan, nan,  ..., nan, na
2024-05-07 22:03:51,449 - Restoring model from epoch 86
2024-05-07 22:04:05,169 - Epoch [85/250], Loss: -22.6006 (-22.7301, 0.1295, 0.0000)
2024-05-07 22:04:05,169 -      ETA: 00:01:30.48
2024-05-07 22:04:06,111 - Exception occurred at epoch 86. Expected parameter loc (Tensor of shape (256, 580, 5, 8)) of distribution Normal(loc: torch.Size([256, 580, 5, 8]), scale: torch.Size([256, 580, 5, 8])) to satisfy the constraint Real(), but found invalid values:
tensor([[[[nan, nan, nan,  ..., nan, nan, nan],
          [nan, nan, nan,  ..., nan, na
2024-05-07 22:04:06,111 - Restoring model from epoch 86
2024-05-07 22:04:07,922 - Exception occurred at epoch 86. Expected parameter loc (Tensor of shape (256, 518, 5, 8)) of distribution Normal(loc: torch.Size([256, 518, 5, 8]), scale: torch.Size([256, 518, 5, 8])) to satisfy the constraint Real(), but found invalid values:
tensor([[[[nan, nan, nan,  ..., nan, nan, nan],
          [nan, nan, nan,  ..., nan, na
2024-05-07 22:04:07,922 - Restoring model from epoch 86
2024-05-07 22:04:15,671 - Exception occurred at epoch 88. Expected parameter loc (Tensor of shape (256, 631, 5, 8)) of distribution Normal(loc: torch.Size([256, 631, 5, 8]), scale: torch.Size([256, 631, 5, 8])) to satisfy the constraint Real(), but found invalid values:
tensor([[[[nan, nan, nan,  ..., nan, nan, nan],
          [nan, nan, nan,  ..., nan, na
2024-05-07 22:04:15,671 - Restoring model from epoch 88
2024-05-07 22:04:17,808 - Exception occurred at epoch 86. Expected parameter loc (Tensor of shape (256, 660, 5, 8)) of distribution Normal(loc: torch.Size([256, 660, 5, 8]), scale: torch.Size([256, 660, 5, 8])) to satisfy the constraint Real(), but found invalid values:
tensor([[[[nan, nan, nan,  ..., nan, nan, nan],
          [nan, nan, nan,  ..., nan, na
2024-05-07 22:04:17,808 - Restoring model from epoch 86
2024-05-07 22:04:31,584 - Epoch [75/250], Loss: -23.6936 (-23.8228, 0.1291, 0.0000)
2024-05-07 22:04:31,585 -      ETA: 00:01:36.33
2024-05-07 22:04:45,289 - Epoch [80/250], Loss: -23.4042 (-23.5331, 0.1289, 0.0000)
2024-05-07 22:04:45,289 -      ETA: 00:01:33.14
2024-05-07 22:04:48,907 - Exception occurred at epoch 82. Expected parameter loc (Tensor of shape (256, 610, 5, 8)) of distribution Normal(loc: torch.Size([256, 610, 5, 8]), scale: torch.Size([256, 610, 5, 8])) to satisfy the constraint Real(), but found invalid values:
tensor([[[[nan, nan, nan,  ..., nan, nan, nan],
          [nan, nan, nan,  ..., nan, na
2024-05-07 22:04:48,908 - Restoring model from epoch 82
2024-05-07 22:04:50,123 - Exception occurred at epoch 81. Expected parameter loc (Tensor of shape (256, 970, 5, 8)) of distribution Normal(loc: torch.Size([256, 970, 5, 8]), scale: torch.Size([256, 970, 5, 8])) to satisfy the constraint Real(), but found invalid values:
tensor([[[[nan, nan, nan,  ..., nan, nan, nan],
          [nan, nan, nan,  ..., nan, na
2024-05-07 22:04:50,124 - Restoring model from epoch 81
2024-05-07 22:05:03,602 - Exception occurred at epoch 85. Expected parameter loc (Tensor of shape (256, 580, 5, 8)) of distribution Normal(loc: torch.Size([256, 580, 5, 8]), scale: torch.Size([256, 580, 5, 8])) to satisfy the constraint Real(), but found invalid values:
tensor([[[[nan, nan, nan,  ..., nan, nan, nan],
          [nan, nan, nan,  ..., nan, na
2024-05-07 22:05:03,602 - Restoring model from epoch 85
2024-05-07 22:05:08,562 - Exception occurred at epoch 82. Expected parameter loc (Tensor of shape (256, 516, 5, 8)) of distribution Normal(loc: torch.Size([256, 516, 5, 8]), scale: torch.Size([256, 516, 5, 8])) to satisfy the constraint Real(), but found invalid values:
tensor([[[[nan, nan, nan,  ..., nan, nan, nan],
          [nan, nan, nan,  ..., nan, na
2024-05-07 22:05:08,562 - Restoring model from epoch 82
2024-05-07 22:05:22,240 - Epoch [80/250], Loss: -20.6091 (-20.7427, 0.1336, 0.0000)
2024-05-07 22:05:22,240 -      ETA: 00:01:32.79
2024-05-07 22:05:30,876 - Exception occurred at epoch 84. Expected parameter loc (Tensor of shape (256, 631, 5, 8)) of distribution Normal(loc: torch.Size([256, 631, 5, 8]), scale: torch.Size([256, 631, 5, 8])) to satisfy the constraint Real(), but found invalid values:
tensor([[[[nan, nan, nan,  ..., nan, nan, nan],
          [nan, nan, nan,  ..., nan, na
2024-05-07 22:05:30,876 - Restoring model from epoch 84
2024-05-07 22:05:42,438 - Exception occurred at epoch 85. Expected parameter loc (Tensor of shape (256, 518, 5, 8)) of distribution Normal(loc: torch.Size([256, 518, 5, 8]), scale: torch.Size([256, 518, 5, 8])) to satisfy the constraint Real(), but found invalid values:
tensor([[[[nan, nan, nan,  ..., nan, nan, nan],
          [nan, nan, nan,  ..., nan, na
2024-05-07 22:05:42,438 - Restoring model from epoch 85
2024-05-07 22:05:56,220 - Epoch [85/250], Loss: -23.3213 (-23.4637, 0.1424, 0.0000)
2024-05-07 22:05:56,221 -      ETA: 00:01:30.81
2024-05-07 22:05:57,266 - Exception occurred at epoch 86. Expected parameter loc (Tensor of shape (256, 914, 5, 8)) of distribution Normal(loc: torch.Size([256, 914, 5, 8]), scale: torch.Size([256, 914, 5, 8])) to satisfy the constraint Real(), but found invalid values:
tensor([[[[nan, nan, nan,  ..., nan, nan, nan],
          [nan, nan, nan,  ..., nan, na
2024-05-07 22:05:57,266 - Restoring model from epoch 86
2024-05-07 22:05:57,562 - Exception occurred at epoch 86. Expected parameter loc (Tensor of shape (256, 665, 5, 8)) of distribution Normal(loc: torch.Size([256, 665, 5, 8]), scale: torch.Size([256, 665, 5, 8])) to satisfy the constraint Real(), but found invalid values:
tensor([[[[nan, nan, nan,  ..., nan, nan, nan],
          [nan, nan, nan,  ..., nan, na
2024-05-07 22:05:57,562 - Restoring model from epoch 86
2024-05-07 22:05:58,237 - Exception occurred at epoch 86. Expected parameter loc (Tensor of shape (256, 513, 5, 8)) of distribution Normal(loc: torch.Size([256, 513, 5, 8]), scale: torch.Size([256, 513, 5, 8])) to satisfy the constraint Real(), but found invalid values:
tensor([[[[nan, nan, nan,  ..., nan, nan, nan],
          [nan, nan, nan,  ..., nan, na
2024-05-07 22:05:58,237 - Restoring model from epoch 86
2024-05-07 22:06:00,730 - Exception occurred at epoch 86. Expected parameter loc (Tensor of shape (256, 516, 5, 8)) of distribution Normal(loc: torch.Size([256, 516, 5, 8]), scale: torch.Size([256, 516, 5, 8])) to satisfy the constraint Real(), but found invalid values:
tensor([[[[nan, nan, nan,  ..., nan, nan, nan],
          [nan, nan, nan,  ..., nan, na
2024-05-07 22:06:00,730 - Restoring model from epoch 86
2024-05-07 22:06:14,485 - Epoch [85/250], Loss: -23.1506 (-23.2886, 0.1380, 0.0000)
2024-05-07 22:06:14,485 -      ETA: 00:01:30.52
2024-05-07 22:06:18,819 - Exception occurred at epoch 87. Expected parameter loc (Tensor of shape (256, 575, 5, 8)) of distribution Normal(loc: torch.Size([256, 575, 5, 8]), scale: torch.Size([256, 575, 5, 8])) to satisfy the constraint Real(), but found invalid values:
tensor([[[[nan, nan, nan,  ..., nan, nan, nan],
          [nan, nan, nan,  ..., nan, na
2024-05-07 22:06:18,820 - Restoring model from epoch 87
2024-05-07 22:06:21,003 - Exception occurred at epoch 86. Expected parameter loc (Tensor of shape (256, 665, 5, 8)) of distribution Normal(loc: torch.Size([256, 665, 5, 8]), scale: torch.Size([256, 665, 5, 8])) to satisfy the constraint Real(), but found invalid values:
tensor([[[[nan, nan, nan,  ..., nan, nan, nan],
          [nan, nan, nan,  ..., nan, na
2024-05-07 22:06:21,003 - Restoring model from epoch 86
2024-05-07 22:06:26,384 - Exception occurred at epoch 87. Expected parameter loc (Tensor of shape (256, 631, 5, 8)) of distribution Normal(loc: torch.Size([256, 631, 5, 8]), scale: torch.Size([256, 631, 5, 8])) to satisfy the constraint Real(), but found invalid values:
tensor([[[[nan, nan, nan,  ..., nan, nan, nan],
          [nan, nan, nan,  ..., nan, na
2024-05-07 22:06:26,384 - Restoring model from epoch 87
2024-05-07 22:06:27,137 - Exception occurred at epoch 86. Expected parameter loc (Tensor of shape (256, 914, 5, 8)) of distribution Normal(loc: torch.Size([256, 914, 5, 8]), scale: torch.Size([256, 914, 5, 8])) to satisfy the constraint Real(), but found invalid values:
tensor([[[[nan, nan, nan,  ..., nan, nan, nan],
          [nan, nan, nan,  ..., nan, na
2024-05-07 22:06:27,137 - Restoring model from epoch 86
2024-05-07 22:06:40,988 - Epoch [80/250], Loss: -23.9424 (-24.0876, 0.1452, 0.0000)
2024-05-07 22:06:40,988 -      ETA: 00:01:33.83
2024-05-07 22:06:51,351 - Exception occurred at epoch 84. Expected parameter loc (Tensor of shape (256, 631, 5, 8)) of distribution Normal(loc: torch.Size([256, 631, 5, 8]), scale: torch.Size([256, 631, 5, 8])) to satisfy the constraint Real(), but found invalid values:
tensor([[[[nan, nan, nan,  ..., nan, nan, nan],
          [nan, nan, nan,  ..., nan, na
2024-05-07 22:06:51,351 - Restoring model from epoch 84
2024-05-07 22:07:05,010 - Epoch [85/250], Loss: -24.4275 (-24.5697, 0.1422, 0.0000)
2024-05-07 22:07:05,011 -      ETA: 00:01:30.03
2024-05-07 22:07:08,853 - Exception occurred at epoch 87. Expected parameter loc (Tensor of shape (256, 631, 5, 8)) of distribution Normal(loc: torch.Size([256, 631, 5, 8]), scale: torch.Size([256, 631, 5, 8])) to satisfy the constraint Real(), but found invalid values:
tensor([[[[nan, nan, nan,  ..., nan, nan, nan],
          [nan, nan, nan,  ..., nan, na
2024-05-07 22:07:08,853 - Restoring model from epoch 87
2024-05-07 22:07:09,202 - Exception occurred at epoch 86. Expected parameter loc (Tensor of shape (256, 540, 5, 8)) of distribution Normal(loc: torch.Size([256, 540, 5, 8]), scale: torch.Size([256, 540, 5, 8])) to satisfy the constraint Real(), but found invalid values:
tensor([[[[nan, nan, nan,  ..., nan, nan, nan],
          [nan, nan, nan,  ..., nan, na
2024-05-07 22:07:09,203 - Restoring model from epoch 86
2024-05-07 22:07:14,077 - Exception occurred at epoch 87. Expected parameter loc (Tensor of shape (256, 660, 5, 8)) of distribution Normal(loc: torch.Size([256, 660, 5, 8]), scale: torch.Size([256, 660, 5, 8])) to satisfy the constraint Real(), but found invalid values:
tensor([[[[nan, nan, nan,  ..., nan, nan, nan],
          [nan, nan, nan,  ..., nan, na
2024-05-07 22:07:14,077 - Restoring model from epoch 87
2024-05-07 22:07:17,465 - Exception occurred at epoch 87. Expected parameter loc (Tensor of shape (256, 616, 5, 8)) of distribution Normal(loc: torch.Size([256, 616, 5, 8]), scale: torch.Size([256, 616, 5, 8])) to satisfy the constraint Real(), but found invalid values:
tensor([[[[nan, nan, nan,  ..., nan, nan, nan],
          [nan, nan, nan,  ..., nan, na
2024-05-07 22:07:17,466 - Restoring model from epoch 87
2024-05-07 22:07:26,279 - Exception occurred at epoch 84. Expected parameter loc (Tensor of shape (256, 631, 5, 8)) of distribution Normal(loc: torch.Size([256, 631, 5, 8]), scale: torch.Size([256, 631, 5, 8])) to satisfy the constraint Real(), but found invalid values:
tensor([[[[nan, nan, nan,  ..., nan, nan, nan],
          [nan, nan, nan,  ..., nan, na
2024-05-07 22:07:26,279 - Restoring model from epoch 84
2024-05-07 22:07:30,052 - Exception occurred at epoch 82. Expected parameter loc (Tensor of shape (256, 506, 5, 8)) of distribution Normal(loc: torch.Size([256, 506, 5, 8]), scale: torch.Size([256, 506, 5, 8])) to satisfy the constraint Real(), but found invalid values:
tensor([[[[nan, nan, nan,  ..., nan, nan, nan],
          [nan, nan, nan,  ..., nan, na
2024-05-07 22:07:30,052 - Restoring model from epoch 82
2024-05-07 22:07:43,786 - Epoch [80/250], Loss: -23.5553 (-23.6986, 0.1433, 0.0000)
2024-05-07 22:07:43,786 -      ETA: 00:01:33.06
2024-05-07 22:07:56,266 - Exception occurred at epoch 85. Expected parameter loc (Tensor of shape (256, 516, 5, 8)) of distribution Normal(loc: torch.Size([256, 516, 5, 8]), scale: torch.Size([256, 516, 5, 8])) to satisfy the constraint Real(), but found invalid values:
tensor([[[[nan, nan, nan,  ..., nan, nan, nan],
          [nan, nan, nan,  ..., nan, na
2024-05-07 22:07:56,266 - Restoring model from epoch 85
2024-05-07 22:08:02,357 - Exception occurred at epoch 83. Expected parameter loc (Tensor of shape (256, 513, 5, 8)) of distribution Normal(loc: torch.Size([256, 513, 5, 8]), scale: torch.Size([256, 513, 5, 8])) to satisfy the constraint Real(), but found invalid values:
tensor([[[[nan, nan, nan,  ..., nan, nan, nan],
          [nan, nan, nan,  ..., nan, na
2024-05-07 22:08:02,357 - Restoring model from epoch 83
2024-05-07 22:08:16,001 - Epoch [85/250], Loss: -24.1854 (-24.3328, 0.1474, 0.0000)
2024-05-07 22:08:16,002 -      ETA: 00:01:30.06
2024-05-07 22:08:29,647 - Epoch [90/250], Loss: -24.5956 (-24.7311, 0.1355, 0.0000)
2024-05-07 22:08:29,647 -      ETA: 00:01:27.28
2024-05-07 22:08:31,524 - Exception occurred at epoch 91. Expected parameter loc (Tensor of shape (256, 659, 5, 8)) of distribution Normal(loc: torch.Size([256, 659, 5, 8]), scale: torch.Size([256, 659, 5, 8])) to satisfy the constraint Real(), but found invalid values:
tensor([[[[nan, nan, nan,  ..., nan, nan, nan],
          [nan, nan, nan,  ..., nan, na
2024-05-07 22:08:31,524 - Restoring model from epoch 91
2024-05-07 22:08:33,836 - Exception occurred at epoch 91. Expected parameter loc (Tensor of shape (256, 518, 5, 8)) of distribution Normal(loc: torch.Size([256, 518, 5, 8]), scale: torch.Size([256, 518, 5, 8])) to satisfy the constraint Real(), but found invalid values:
tensor([[[[nan, nan, nan,  ..., nan, nan, nan],
          [nan, nan, nan,  ..., nan, na
2024-05-07 22:08:33,836 - Restoring model from epoch 91
2024-05-07 22:08:35,800 - Exception occurred at epoch 91. Expected parameter loc (Tensor of shape (256, 577, 5, 8)) of distribution Normal(loc: torch.Size([256, 577, 5, 8]), scale: torch.Size([256, 577, 5, 8])) to satisfy the constraint Real(), but found invalid values:
tensor([[[[nan, nan, nan,  ..., nan, nan, nan],
          [nan, nan, nan,  ..., nan, na
2024-05-07 22:08:35,800 - Restoring model from epoch 91
2024-05-07 22:08:38,093 - Exception occurred at epoch 91. Expected parameter loc (Tensor of shape (256, 506, 5, 8)) of distribution Normal(loc: torch.Size([256, 506, 5, 8]), scale: torch.Size([256, 506, 5, 8])) to satisfy the constraint Real(), but found invalid values:
tensor([[[[nan, nan, nan,  ..., nan, nan, nan],
          [nan, nan, nan,  ..., nan, na
2024-05-07 22:08:38,093 - Restoring model from epoch 91
2024-05-07 22:08:43,892 - Exception occurred at epoch 88. Expected parameter loc (Tensor of shape (256, 518, 5, 8)) of distribution Normal(loc: torch.Size([256, 518, 5, 8]), scale: torch.Size([256, 518, 5, 8])) to satisfy the constraint Real(), but found invalid values:
tensor([[[[nan, nan, nan,  ..., nan, nan, nan],
          [nan, nan, nan,  ..., nan, na
2024-05-07 22:08:43,892 - Restoring model from epoch 88
2024-05-07 22:08:48,339 - Exception occurred at epoch 87. Expected parameter loc (Tensor of shape (256, 610, 5, 8)) of distribution Normal(loc: torch.Size([256, 610, 5, 8]), scale: torch.Size([256, 610, 5, 8])) to satisfy the constraint Real(), but found invalid values:
tensor([[[[nan, nan, nan,  ..., nan, nan, nan],
          [nan, nan, nan,  ..., nan, na
2024-05-07 22:08:48,339 - Restoring model from epoch 87
2024-05-07 22:08:56,865 - Exception occurred at epoch 89. Expected parameter loc (Tensor of shape (256, 518, 5, 8)) of distribution Normal(loc: torch.Size([256, 518, 5, 8]), scale: torch.Size([256, 518, 5, 8])) to satisfy the constraint Real(), but found invalid values:
tensor([[[[nan, nan, nan,  ..., nan, nan, nan],
          [nan, nan, nan,  ..., nan, na
2024-05-07 22:08:56,865 - Restoring model from epoch 89
2024-05-07 22:09:10,050 - Exception occurred at epoch 85. Expected parameter loc (Tensor of shape (256, 592, 5, 8)) of distribution Normal(loc: torch.Size([256, 592, 5, 8]), scale: torch.Size([256, 592, 5, 8])) to satisfy the constraint Real(), but found invalid values:
tensor([[[[nan, nan, nan,  ..., nan, nan, nan],
          [nan, nan, nan,  ..., nan, na
2024-05-07 22:09:10,050 - Restoring model from epoch 85
2024-05-07 22:09:23,691 - Epoch [75/250], Loss: -23.6713 (-23.8119, 0.1406, 0.0000)
2024-05-07 22:09:23,691 -      ETA: 00:01:35.46
2024-05-07 22:09:37,323 - Epoch [80/250], Loss: -23.3385 (-23.4757, 0.1372, 0.0000)
2024-05-07 22:09:37,323 -      ETA: 00:01:32.76
2024-05-07 22:09:50,950 - Epoch [85/250], Loss: -22.8885 (-23.0304, 0.1419, 0.0000)
2024-05-07 22:09:50,951 -      ETA: 00:01:30.04
2024-05-07 22:10:01,721 - Exception occurred at epoch 89. Expected parameter loc (Tensor of shape (256, 503, 5, 8)) of distribution Normal(loc: torch.Size([256, 503, 5, 8]), scale: torch.Size([256, 503, 5, 8])) to satisfy the constraint Real(), but found invalid values:
tensor([[[[nan, nan, nan,  ..., nan, nan, nan],
          [nan, nan, nan,  ..., nan, na
2024-05-07 22:10:01,722 - Restoring model from epoch 89
2024-05-07 22:10:04,652 - Exception occurred at epoch 87. Expected parameter loc (Tensor of shape (256, 577, 5, 8)) of distribution Normal(loc: torch.Size([256, 577, 5, 8]), scale: torch.Size([256, 577, 5, 8])) to satisfy the constraint Real(), but found invalid values:
tensor([[[[nan, nan, nan,  ..., nan, nan, nan],
          [nan, nan, nan,  ..., nan, na
2024-05-07 22:10:04,652 - Restoring model from epoch 87
2024-05-07 22:10:15,375 - Exception occurred at epoch 89. Expected parameter loc (Tensor of shape (256, 481, 5, 8)) of distribution Normal(loc: torch.Size([256, 481, 5, 8]), scale: torch.Size([256, 481, 5, 8])) to satisfy the constraint Real(), but found invalid values:
tensor([[[[nan, nan, nan,  ..., nan, nan, nan],
          [nan, nan, nan,  ..., nan, na
2024-05-07 22:10:15,376 - Restoring model from epoch 89
2024-05-07 22:10:22,888 - Exception occurred at epoch 88. Expected parameter loc (Tensor of shape (256, 481, 5, 8)) of distribution Normal(loc: torch.Size([256, 481, 5, 8]), scale: torch.Size([256, 481, 5, 8])) to satisfy the constraint Real(), but found invalid values:
tensor([[[[nan, nan, nan,  ..., nan, nan, nan],
          [nan, nan, nan,  ..., nan, na
2024-05-07 22:10:22,888 - Restoring model from epoch 88
2024-05-07 22:10:36,552 - Epoch [85/250], Loss: -23.6149 (-23.7501, 0.1353, 0.0000)
2024-05-07 22:10:36,552 -      ETA: 00:01:29.93
2024-05-07 22:10:45,565 - Exception occurred at epoch 89. Expected parameter loc (Tensor of shape (256, 553, 5, 8)) of distribution Normal(loc: torch.Size([256, 553, 5, 8]), scale: torch.Size([256, 553, 5, 8])) to satisfy the constraint Real(), but found invalid values:
tensor([[[[nan, nan, nan,  ..., nan, nan, nan],
          [nan, nan, nan,  ..., nan, na
2024-05-07 22:10:45,565 - Restoring model from epoch 89
2024-05-07 22:10:54,638 - Exception occurred at epoch 89. Expected parameter loc (Tensor of shape (256, 580, 5, 8)) of distribution Normal(loc: torch.Size([256, 580, 5, 8]), scale: torch.Size([256, 580, 5, 8])) to satisfy the constraint Real(), but found invalid values:
tensor([[[[nan, nan, nan,  ..., nan, nan, nan],
          [nan, nan, nan,  ..., nan, na
2024-05-07 22:10:54,638 - Restoring model from epoch 89
2024-05-07 22:11:08,328 - Epoch [90/250], Loss: -24.0754 (-24.2160, 0.1407, 0.0000)
2024-05-07 22:11:08,329 -      ETA: 00:01:27.59
2024-05-07 22:11:08,958 - Exception occurred at epoch 91. Expected parameter loc (Tensor of shape (256, 659, 5, 8)) of distribution Normal(loc: torch.Size([256, 659, 5, 8]), scale: torch.Size([256, 659, 5, 8])) to satisfy the constraint Real(), but found invalid values:
tensor([[[[nan, nan, nan,  ..., nan, nan, nan],
          [nan, nan, nan,  ..., nan, na
2024-05-07 22:11:08,958 - Restoring model from epoch 91
2024-05-07 22:11:10,446 - Exception occurred at epoch 91. Expected parameter loc (Tensor of shape (256, 575, 5, 8)) of distribution Normal(loc: torch.Size([256, 575, 5, 8]), scale: torch.Size([256, 575, 5, 8])) to satisfy the constraint Real(), but found invalid values:
tensor([[[[nan, nan, nan,  ..., nan, nan, nan],
          [nan, nan, nan,  ..., nan, na
2024-05-07 22:11:10,447 - Restoring model from epoch 91
2024-05-07 22:11:12,153 - Exception occurred at epoch 91. Expected parameter loc (Tensor of shape (256, 503, 5, 8)) of distribution Normal(loc: torch.Size([256, 503, 5, 8]), scale: torch.Size([256, 503, 5, 8])) to satisfy the constraint Real(), but found invalid values:
tensor([[[[nan, nan, nan,  ..., nan, nan, nan],
          [nan, nan, nan,  ..., nan, na
2024-05-07 22:11:12,154 - Restoring model from epoch 91
2024-05-07 22:11:14,891 - Exception occurred at epoch 91. Expected parameter loc (Tensor of shape (256, 914, 5, 8)) of distribution Normal(loc: torch.Size([256, 914, 5, 8]), scale: torch.Size([256, 914, 5, 8])) to satisfy the constraint Real(), but found invalid values:
tensor([[[[nan, nan, nan,  ..., nan, nan, nan],
          [nan, nan, nan,  ..., nan, na
2024-05-07 22:11:14,892 - Restoring model from epoch 91
2024-05-07 22:11:23,569 - Exception occurred at epoch 89. Expected parameter loc (Tensor of shape (256, 813, 5, 8)) of distribution Normal(loc: torch.Size([256, 813, 5, 8]), scale: torch.Size([256, 813, 5, 8])) to satisfy the constraint Real(), but found invalid values:
tensor([[[[nan, nan, nan,  ..., nan, nan, nan],
          [nan, nan, nan,  ..., nan, na
2024-05-07 22:11:23,570 - Restoring model from epoch 89
2024-05-07 22:11:35,041 - Exception occurred at epoch 85. Expected parameter loc (Tensor of shape (256, 503, 5, 8)) of distribution Normal(loc: torch.Size([256, 503, 5, 8]), scale: torch.Size([256, 503, 5, 8])) to satisfy the constraint Real(), but found invalid values:
tensor([[[[nan, nan, nan,  ..., nan, nan, nan],
          [nan, nan, nan,  ..., nan, na
2024-05-07 22:11:35,041 - Restoring model from epoch 85
2024-05-07 22:11:48,820 - Epoch [85/250], Loss: -24.0073 (-24.1475, 0.1401, 0.0000)
2024-05-07 22:11:48,820 -      ETA: 00:01:30.90
2024-05-07 22:11:56,230 - Exception occurred at epoch 88. Expected parameter loc (Tensor of shape (256, 391, 5, 8)) of distribution Normal(loc: torch.Size([256, 391, 5, 8]), scale: torch.Size([256, 391, 5, 8])) to satisfy the constraint Real(), but found invalid values:
tensor([[[[nan, nan, nan,  ..., nan, nan, nan],
          [nan, nan, nan,  ..., nan, na
2024-05-07 22:11:56,230 - Restoring model from epoch 88
2024-05-07 22:12:00,209 - Exception occurred at epoch 87. Expected parameter loc (Tensor of shape (256, 580, 5, 8)) of distribution Normal(loc: torch.Size([256, 580, 5, 8]), scale: torch.Size([256, 580, 5, 8])) to satisfy the constraint Real(), but found invalid values:
tensor([[[[nan, nan, nan,  ..., nan, nan, nan],
          [nan, nan, nan,  ..., nan, na
2024-05-07 22:12:00,209 - Restoring model from epoch 87
2024-05-07 22:12:06,214 - Exception occurred at epoch 88. Expected parameter loc (Tensor of shape (256, 914, 5, 8)) of distribution Normal(loc: torch.Size([256, 914, 5, 8]), scale: torch.Size([256, 914, 5, 8])) to satisfy the constraint Real(), but found invalid values:
tensor([[[[nan, nan, nan,  ..., nan, nan, nan],
          [nan, nan, nan,  ..., nan, na
2024-05-07 22:12:06,214 - Restoring model from epoch 88
2024-05-07 22:12:10,406 - Exception occurred at epoch 87. Expected parameter loc (Tensor of shape (256, 503, 5, 8)) of distribution Normal(loc: torch.Size([256, 503, 5, 8]), scale: torch.Size([256, 503, 5, 8])) to satisfy the constraint Real(), but found invalid values:
tensor([[[[nan, nan, nan,  ..., nan, nan, nan],
          [nan, nan, nan,  ..., nan, na
2024-05-07 22:12:10,406 - Restoring model from epoch 87
2024-05-07 22:12:24,122 - Epoch [80/250], Loss: -23.6062 (-23.7481, 0.1419, 0.0000)
2024-05-07 22:12:24,123 -      ETA: 00:01:33.11
2024-05-07 22:12:35,588 - Exception occurred at epoch 85. Expected parameter loc (Tensor of shape (256, 631, 5, 8)) of distribution Normal(loc: torch.Size([256, 631, 5, 8]), scale: torch.Size([256, 631, 5, 8])) to satisfy the constraint Real(), but found invalid values:
tensor([[[[nan, nan, nan,  ..., nan, nan, nan],
          [nan, nan, nan,  ..., nan, na
2024-05-07 22:12:35,588 - Restoring model from epoch 85
2024-05-07 22:12:48,693 - Exception occurred at epoch 85. Expected parameter loc (Tensor of shape (256, 503, 5, 8)) of distribution Normal(loc: torch.Size([256, 503, 5, 8]), scale: torch.Size([256, 503, 5, 8])) to satisfy the constraint Real(), but found invalid values:
tensor([[[[nan, nan, nan,  ..., nan, nan, nan],
          [nan, nan, nan,  ..., nan, na
2024-05-07 22:12:48,693 - Restoring model from epoch 85
2024-05-07 22:13:02,410 - Epoch [85/250], Loss: -22.2647 (-22.3929, 0.1281, 0.0000)
2024-05-07 22:13:02,410 -      ETA: 00:01:30.28
2024-05-07 22:13:10,547 - Exception occurred at epoch 88. Expected parameter loc (Tensor of shape (256, 516, 5, 8)) of distribution Normal(loc: torch.Size([256, 516, 5, 8]), scale: torch.Size([256, 516, 5, 8])) to satisfy the constraint Real(), but found invalid values:
tensor([[[[nan, nan, nan,  ..., nan, nan, nan],
          [nan, nan, nan,  ..., nan, na
2024-05-07 22:13:10,547 - Restoring model from epoch 88
2024-05-07 22:13:19,085 - Exception occurred at epoch 89. Expected parameter loc (Tensor of shape (256, 660, 5, 8)) of distribution Normal(loc: torch.Size([256, 660, 5, 8]), scale: torch.Size([256, 660, 5, 8])) to satisfy the constraint Real(), but found invalid values:
tensor([[[[nan, nan, nan,  ..., nan, nan, nan],
          [nan, nan, nan,  ..., nan, na
2024-05-07 22:13:19,085 - Restoring model from epoch 89
2024-05-07 22:13:26,040 - Exception occurred at epoch 88. Expected parameter loc (Tensor of shape (256, 462, 5, 8)) of distribution Normal(loc: torch.Size([256, 462, 5, 8]), scale: torch.Size([256, 462, 5, 8])) to satisfy the constraint Real(), but found invalid values:
tensor([[[[nan, nan, nan,  ..., nan, nan, nan],
          [nan, nan, nan,  ..., nan, na
2024-05-07 22:13:26,040 - Restoring model from epoch 88
2024-05-07 22:13:39,696 - Epoch [90/250], Loss: -24.4474 (-24.5813, 0.1339, 0.0000)
2024-05-07 22:13:39,696 -      ETA: 00:01:27.20
2024-05-07 22:13:42,405 - Exception occurred at epoch 91. Expected parameter loc (Tensor of shape (256, 580, 5, 8)) of distribution Normal(loc: torch.Size([256, 580, 5, 8]), scale: torch.Size([256, 580, 5, 8])) to satisfy the constraint Real(), but found invalid values:
tensor([[[[nan, nan, nan,  ..., nan, nan, nan],
          [nan, nan, nan,  ..., nan, na
2024-05-07 22:13:42,406 - Restoring model from epoch 91
2024-05-07 22:13:44,179 - Exception occurred at epoch 91. Expected parameter loc (Tensor of shape (256, 631, 5, 8)) of distribution Normal(loc: torch.Size([256, 631, 5, 8]), scale: torch.Size([256, 631, 5, 8])) to satisfy the constraint Real(), but found invalid values:
tensor([[[[nan, nan, nan,  ..., nan, nan, nan],
          [nan, nan, nan,  ..., nan, na
2024-05-07 22:13:44,180 - Restoring model from epoch 91
2024-05-07 22:13:57,873 - Epoch [95/250], Loss: -24.1986 (-24.3236, 0.1251, 0.0000)
2024-05-07 22:13:57,873 -      ETA: 00:01:25.04
2024-05-07 22:14:11,532 - Epoch [100/250], Loss: -24.2599 (-24.4013, 0.1414, 0.0000)
2024-05-07 22:14:11,533 -      ETA: 00:01:22.14
2024-05-07 22:14:11,586 - == NETWORK SAVED

2024-05-07 22:14:14,991 - Exception occurred at epoch 102. Expected parameter loc (Tensor of shape (256, 623, 5, 8)) of distribution Normal(loc: torch.Size([256, 623, 5, 8]), scale: torch.Size([256, 623, 5, 8])) to satisfy the constraint Real(), but found invalid values:
tensor([[[[nan, nan, nan,  ..., nan, nan, nan],
          [nan, nan, nan,  ..., nan, na
2024-05-07 22:14:14,991 - Restoring model from epoch 102
2024-05-07 22:14:16,178 - Exception occurred at epoch 101. Expected parameter loc (Tensor of shape (256, 553, 5, 8)) of distribution Normal(loc: torch.Size([256, 553, 5, 8]), scale: torch.Size([256, 553, 5, 8])) to satisfy the constraint Real(), but found invalid values:
tensor([[[[nan, nan, nan,  ..., nan, nan, nan],
          [nan, nan, nan,  ..., nan, na
2024-05-07 22:14:16,178 - Restoring model from epoch 101
2024-05-07 22:14:17,311 - Exception occurred at epoch 101. Expected parameter loc (Tensor of shape (256, 481, 5, 8)) of distribution Normal(loc: torch.Size([256, 481, 5, 8]), scale: torch.Size([256, 481, 5, 8])) to satisfy the constraint Real(), but found invalid values:
tensor([[[[nan, nan, nan,  ..., nan, nan, nan],
          [nan, nan, nan,  ..., nan, na
2024-05-07 22:14:17,312 - Restoring model from epoch 101
2024-05-07 22:14:18,281 - Exception occurred at epoch 101. Expected parameter loc (Tensor of shape (256, 503, 5, 8)) of distribution Normal(loc: torch.Size([256, 503, 5, 8]), scale: torch.Size([256, 503, 5, 8])) to satisfy the constraint Real(), but found invalid values:
tensor([[[[nan, nan, nan,  ..., nan, nan, nan],
          [nan, nan, nan,  ..., nan, na
2024-05-07 22:14:18,281 - Restoring model from epoch 101
2024-05-07 22:14:22,030 - Exception occurred at epoch 97. Expected parameter loc (Tensor of shape (256, 854, 5, 8)) of distribution Normal(loc: torch.Size([256, 854, 5, 8]), scale: torch.Size([256, 854, 5, 8])) to satisfy the constraint Real(), but found invalid values:
tensor([[[[nan, nan, nan,  ..., nan, nan, nan],
          [nan, nan, nan,  ..., nan, na
2024-05-07 22:14:22,030 - Restoring model from epoch 97
2024-05-07 22:14:30,055 - Exception occurred at epoch 98. Expected parameter loc (Tensor of shape (256, 518, 5, 8)) of distribution Normal(loc: torch.Size([256, 518, 5, 8]), scale: torch.Size([256, 518, 5, 8])) to satisfy the constraint Real(), but found invalid values:
tensor([[[[nan, nan, nan,  ..., nan, nan, nan],
          [nan, nan, nan,  ..., nan, na
2024-05-07 22:14:30,055 - Restoring model from epoch 98
2024-05-07 22:14:34,565 - Exception occurred at epoch 97. Expected parameter loc (Tensor of shape (256, 594, 5, 8)) of distribution Normal(loc: torch.Size([256, 594, 5, 8]), scale: torch.Size([256, 594, 5, 8])) to satisfy the constraint Real(), but found invalid values:
tensor([[[[nan, nan, nan,  ..., nan, nan, nan],
          [nan, nan, nan,  ..., nan, na
2024-05-07 22:14:34,566 - Restoring model from epoch 97
2024-05-07 22:14:36,657 - Exception occurred at epoch 91. Expected parameter loc (Tensor of shape (256, 575, 5, 8)) of distribution Normal(loc: torch.Size([256, 575, 5, 8]), scale: torch.Size([256, 575, 5, 8])) to satisfy the constraint Real(), but found invalid values:
tensor([[[[nan, nan, nan,  ..., nan, nan, nan],
          [nan, nan, nan,  ..., nan, na
2024-05-07 22:14:36,657 - Restoring model from epoch 91
2024-05-07 22:14:43,518 - Exception occurred at epoch 83. Expected parameter loc (Tensor of shape (256, 503, 5, 8)) of distribution Normal(loc: torch.Size([256, 503, 5, 8]), scale: torch.Size([256, 503, 5, 8])) to satisfy the constraint Real(), but found invalid values:
tensor([[[[nan, nan, nan,  ..., nan, nan, nan],
          [nan, nan, nan,  ..., nan, na
2024-05-07 22:14:43,519 - Restoring model from epoch 83
2024-05-07 22:14:57,203 - Epoch [80/250], Loss: -23.6798 (-23.8268, 0.1471, 0.0000)
2024-05-07 22:14:57,203 -      ETA: 00:01:32.93
2024-05-07 22:15:10,869 - Epoch [85/250], Loss: -23.3898 (-23.5284, 0.1386, 0.0000)
2024-05-07 22:15:10,869 -      ETA: 00:01:30.26
2024-05-07 22:15:15,787 - Exception occurred at epoch 87. Expected parameter loc (Tensor of shape (256, 652, 5, 8)) of distribution Normal(loc: torch.Size([256, 652, 5, 8]), scale: torch.Size([256, 652, 5, 8])) to satisfy the constraint Real(), but found invalid values:
tensor([[[[nan, nan, nan,  ..., nan, nan, nan],
          [nan, nan, nan,  ..., nan, na
2024-05-07 22:15:15,787 - Restoring model from epoch 87
2024-05-07 22:15:16,115 - Exception occurred at epoch 86. Expected parameter loc (Tensor of shape (256, 518, 5, 8)) of distribution Normal(loc: torch.Size([256, 518, 5, 8]), scale: torch.Size([256, 518, 5, 8])) to satisfy the constraint Real(), but found invalid values:
tensor([[[[nan, nan, nan,  ..., nan, nan, nan],
          [nan, nan, nan,  ..., nan, na
2024-05-07 22:15:16,115 - Restoring model from epoch 86
2024-05-07 22:15:16,706 - Exception occurred at epoch 86. Expected parameter loc (Tensor of shape (256, 970, 5, 8)) of distribution Normal(loc: torch.Size([256, 970, 5, 8]), scale: torch.Size([256, 970, 5, 8])) to satisfy the constraint Real(), but found invalid values:
tensor([[[[nan, nan, nan,  ..., nan, nan, nan],
          [nan, nan, nan,  ..., nan, na
2024-05-07 22:15:16,706 - Restoring model from epoch 86
2024-05-07 22:15:20,044 - Exception occurred at epoch 87. Expected parameter loc (Tensor of shape (256, 652, 5, 8)) of distribution Normal(loc: torch.Size([256, 652, 5, 8]), scale: torch.Size([256, 652, 5, 8])) to satisfy the constraint Real(), but found invalid values:
tensor([[[[nan, nan, nan,  ..., nan, nan, nan],
          [nan, nan, nan,  ..., nan, na
2024-05-07 22:15:20,044 - Restoring model from epoch 87
2024-05-07 22:15:30,756 - Exception occurred at epoch 84. Expected parameter loc (Tensor of shape (256, 577, 5, 8)) of distribution Normal(loc: torch.Size([256, 577, 5, 8]), scale: torch.Size([256, 577, 5, 8])) to satisfy the constraint Real(), but found invalid values:
tensor([[[[nan, nan, nan,  ..., nan, nan, nan],
          [nan, nan, nan,  ..., nan, na
2024-05-07 22:15:30,756 - Restoring model from epoch 84
2024-05-07 22:15:44,400 - Epoch [85/250], Loss: -23.5932 (-23.7249, 0.1318, 0.0000)
2024-05-07 22:15:44,401 -      ETA: 00:01:29.94
2024-05-07 22:15:58,027 - Epoch [90/250], Loss: -23.8658 (-24.0059, 0.1401, 0.0000)
2024-05-07 22:15:58,027 -      ETA: 00:01:27.35
2024-05-07 22:16:02,987 - Exception occurred at epoch 92. Expected parameter loc (Tensor of shape (256, 625, 5, 8)) of distribution Normal(loc: torch.Size([256, 625, 5, 8]), scale: torch.Size([256, 625, 5, 8])) to satisfy the constraint Real(), but found invalid values:
tensor([[[[nan, nan, nan,  ..., nan, nan, nan],
          [nan, nan, nan,  ..., nan, na
2024-05-07 22:16:02,987 - Restoring model from epoch 92
2024-05-07 22:16:16,617 - Epoch [95/250], Loss: -24.4525 (-24.5887, 0.1362, 0.0000)
2024-05-07 22:16:16,617 -      ETA: 00:01:24.42
2024-05-07 22:16:20,388 - Exception occurred at epoch 97. Expected parameter loc (Tensor of shape (256, 970, 5, 8)) of distribution Normal(loc: torch.Size([256, 970, 5, 8]), scale: torch.Size([256, 970, 5, 8])) to satisfy the constraint Real(), but found invalid values:
tensor([[[[nan, nan, nan,  ..., nan, nan, nan],
          [nan, nan, nan,  ..., nan, na
2024-05-07 22:16:20,388 - Restoring model from epoch 97
2024-05-07 22:16:28,849 - Exception occurred at epoch 99. Expected parameter loc (Tensor of shape (256, 801, 5, 8)) of distribution Normal(loc: torch.Size([256, 801, 5, 8]), scale: torch.Size([256, 801, 5, 8])) to satisfy the constraint Real(), but found invalid values:
tensor([[[[nan, nan, nan,  ..., nan, nan, nan],
          [nan, nan, nan,  ..., nan, na
2024-05-07 22:16:28,849 - Restoring model from epoch 99
2024-05-07 22:16:35,430 - Exception occurred at epoch 98. Expected parameter loc (Tensor of shape (256, 506, 5, 8)) of distribution Normal(loc: torch.Size([256, 506, 5, 8]), scale: torch.Size([256, 506, 5, 8])) to satisfy the constraint Real(), but found invalid values:
tensor([[[[nan, nan, nan,  ..., nan, nan, nan],
          [nan, nan, nan,  ..., nan, na
2024-05-07 22:16:35,430 - Restoring model from epoch 98
2024-05-07 22:16:39,431 - Exception occurred at epoch 97. Expected parameter loc (Tensor of shape (256, 552, 5, 8)) of distribution Normal(loc: torch.Size([256, 552, 5, 8]), scale: torch.Size([256, 552, 5, 8])) to satisfy the constraint Real(), but found invalid values:
tensor([[[[nan, nan, nan,  ..., nan, nan, nan],
          [nan, nan, nan,  ..., nan, na
2024-05-07 22:16:39,431 - Restoring model from epoch 97
2024-05-07 22:16:52,972 - Exception occurred at epoch 95. Expected parameter loc (Tensor of shape (256, 631, 5, 8)) of distribution Normal(loc: torch.Size([256, 631, 5, 8]), scale: torch.Size([256, 631, 5, 8])) to satisfy the constraint Real(), but found invalid values:
tensor([[[[nan, nan, nan,  ..., nan, nan, nan],
          [nan, nan, nan,  ..., nan, na
2024-05-07 22:16:52,972 - Restoring model from epoch 95
2024-05-07 22:16:59,297 - Exception occurred at epoch 93. Expected parameter loc (Tensor of shape (256, 503, 5, 8)) of distribution Normal(loc: torch.Size([256, 503, 5, 8]), scale: torch.Size([256, 503, 5, 8])) to satisfy the constraint Real(), but found invalid values:
tensor([[[[nan, nan, nan,  ..., nan, nan, nan],
          [nan, nan, nan,  ..., nan, na
2024-05-07 22:16:59,297 - Restoring model from epoch 93
2024-05-07 22:17:09,850 - Exception occurred at epoch 89. Expected parameter loc (Tensor of shape (256, 631, 5, 8)) of distribution Normal(loc: torch.Size([256, 631, 5, 8]), scale: torch.Size([256, 631, 5, 8])) to satisfy the constraint Real(), but found invalid values:
tensor([[[[nan, nan, nan,  ..., nan, nan, nan],
          [nan, nan, nan,  ..., nan, na
2024-05-07 22:17:09,850 - Restoring model from epoch 89
2024-05-07 22:17:19,067 - Exception occurred at epoch 89. Expected parameter loc (Tensor of shape (256, 854, 5, 8)) of distribution Normal(loc: torch.Size([256, 854, 5, 8]), scale: torch.Size([256, 854, 5, 8])) to satisfy the constraint Real(), but found invalid values:
tensor([[[[nan, nan, nan,  ..., nan, nan, nan],
          [nan, nan, nan,  ..., nan, na
2024-05-07 22:17:19,067 - Restoring model from epoch 89
2024-05-07 22:17:31,171 - Exception occurred at epoch 90. Expected parameter loc (Tensor of shape (256, 625, 5, 8)) of distribution Normal(loc: torch.Size([256, 625, 5, 8]), scale: torch.Size([256, 625, 5, 8])) to satisfy the constraint Real(), but found invalid values:
tensor([[[[nan, nan, nan,  ..., nan, nan, nan],
          [nan, nan, nan,  ..., nan, na
2024-05-07 22:17:31,171 - Restoring model from epoch 90
2024-05-07 22:17:44,828 - Epoch [85/250], Loss: -21.4850 (-21.6132, 0.1282, 0.0000)
2024-05-07 22:17:44,828 -      ETA: 00:01:30.12
2024-05-07 22:17:57,169 - Exception occurred at epoch 90. Expected parameter loc (Tensor of shape (256, 970, 5, 8)) of distribution Normal(loc: torch.Size([256, 970, 5, 8]), scale: torch.Size([256, 970, 5, 8])) to satisfy the constraint Real(), but found invalid values:
tensor([[[[nan, nan, nan,  ..., nan, nan, nan],
          [nan, nan, nan,  ..., nan, na
2024-05-07 22:17:57,170 - Restoring model from epoch 90
2024-05-07 22:18:01,872 - Exception occurred at epoch 87. Expected parameter loc (Tensor of shape (256, 552, 5, 8)) of distribution Normal(loc: torch.Size([256, 552, 5, 8]), scale: torch.Size([256, 552, 5, 8])) to satisfy the constraint Real(), but found invalid values:
tensor([[[[nan, nan, nan,  ..., nan, nan, nan],
          [nan, nan, nan,  ..., nan, na
2024-05-07 22:18:01,873 - Restoring model from epoch 87
2024-05-07 22:18:12,644 - Exception occurred at epoch 89. Expected parameter loc (Tensor of shape (256, 516, 5, 8)) of distribution Normal(loc: torch.Size([256, 516, 5, 8]), scale: torch.Size([256, 516, 5, 8])) to satisfy the constraint Real(), but found invalid values:
tensor([[[[nan, nan, nan,  ..., nan, nan, nan],
          [nan, nan, nan,  ..., nan, na
2024-05-07 22:18:12,644 - Restoring model from epoch 89
2024-05-07 22:18:19,430 - Exception occurred at epoch 88. Expected parameter loc (Tensor of shape (256, 518, 5, 8)) of distribution Normal(loc: torch.Size([256, 518, 5, 8]), scale: torch.Size([256, 518, 5, 8])) to satisfy the constraint Real(), but found invalid values:
tensor([[[[nan, nan, nan,  ..., nan, nan, nan],
          [nan, nan, nan,  ..., nan, na
2024-05-07 22:18:19,430 - Restoring model from epoch 88
2024-05-07 22:18:33,092 - Epoch [80/250], Loss: -23.7248 (-23.8526, 0.1277, 0.0000)
2024-05-07 22:18:33,092 -      ETA: 00:01:32.89
2024-05-07 22:18:38,329 - Exception occurred at epoch 82. Expected parameter loc (Tensor of shape (256, 580, 5, 8)) of distribution Normal(loc: torch.Size([256, 580, 5, 8]), scale: torch.Size([256, 580, 5, 8])) to satisfy the constraint Real(), but found invalid values:
tensor([[[[nan, nan, nan,  ..., nan, nan, nan],
          [nan, nan, nan,  ..., nan, na
2024-05-07 22:18:38,329 - Restoring model from epoch 82
2024-05-07 22:18:44,898 - Exception occurred at epoch 83. Expected parameter loc (Tensor of shape (256, 813, 5, 8)) of distribution Normal(loc: torch.Size([256, 813, 5, 8]), scale: torch.Size([256, 813, 5, 8])) to satisfy the constraint Real(), but found invalid values:
tensor([[[[nan, nan, nan,  ..., nan, nan, nan],
          [nan, nan, nan,  ..., nan, na
2024-05-07 22:18:44,898 - Restoring model from epoch 83
2024-05-07 22:18:46,389 - Exception occurred at epoch 81. Expected parameter loc (Tensor of shape (256, 503, 5, 8)) of distribution Normal(loc: torch.Size([256, 503, 5, 8]), scale: torch.Size([256, 503, 5, 8])) to satisfy the constraint Real(), but found invalid values:
tensor([[[[nan, nan, nan,  ..., nan, nan, nan],
          [nan, nan, nan,  ..., nan, na
2024-05-07 22:18:46,389 - Restoring model from epoch 81
2024-05-07 22:18:51,047 - Exception occurred at epoch 82. Expected parameter loc (Tensor of shape (256, 552, 5, 8)) of distribution Normal(loc: torch.Size([256, 552, 5, 8]), scale: torch.Size([256, 552, 5, 8])) to satisfy the constraint Real(), but found invalid values:
tensor([[[[nan, nan, nan,  ..., nan, nan, nan],
          [nan, nan, nan,  ..., nan, na
2024-05-07 22:18:51,047 - Restoring model from epoch 82
2024-05-07 22:19:04,767 - Epoch [75/250], Loss: -23.7234 (-23.8546, 0.1312, 0.0000)
2024-05-07 22:19:04,767 -      ETA: 00:01:35.67
2024-05-07 22:19:18,421 - Epoch [80/250], Loss: -22.4862 (-22.6298, 0.1436, 0.0000)
2024-05-07 22:19:18,421 -      ETA: 00:01:32.83
2024-05-07 22:19:32,098 - Epoch [85/250], Loss: -23.8720 (-24.0142, 0.1422, 0.0000)
2024-05-07 22:19:32,098 -      ETA: 00:01:30.38
2024-05-07 22:19:32,436 - Exception occurred at epoch 86. Expected parameter loc (Tensor of shape (256, 503, 5, 8)) of distribution Normal(loc: torch.Size([256, 503, 5, 8]), scale: torch.Size([256, 503, 5, 8])) to satisfy the constraint Real(), but found invalid values:
tensor([[[[nan, nan, nan,  ..., nan, nan, nan],
          [nan, nan, nan,  ..., nan, na
2024-05-07 22:19:32,436 - Restoring model from epoch 86
2024-05-07 22:19:35,795 - Exception occurred at epoch 87. Expected parameter loc (Tensor of shape (256, 506, 5, 8)) of distribution Normal(loc: torch.Size([256, 506, 5, 8]), scale: torch.Size([256, 506, 5, 8])) to satisfy the constraint Real(), but found invalid values:
tensor([[[[nan, nan, nan,  ..., nan, nan, nan],
          [nan, nan, nan,  ..., nan, na
2024-05-07 22:19:35,795 - Restoring model from epoch 87
2024-05-07 22:19:36,564 - Exception occurred at epoch 86. Expected parameter loc (Tensor of shape (256, 801, 5, 8)) of distribution Normal(loc: torch.Size([256, 801, 5, 8]), scale: torch.Size([256, 801, 5, 8])) to satisfy the constraint Real(), but found invalid values:
tensor([[[[nan, nan, nan,  ..., nan, nan, nan],
          [nan, nan, nan,  ..., nan, na
2024-05-07 22:19:36,564 - Restoring model from epoch 86
2024-05-07 22:19:47,481 - Exception occurred at epoch 89. Expected parameter loc (Tensor of shape (256, 580, 5, 8)) of distribution Normal(loc: torch.Size([256, 580, 5, 8]), scale: torch.Size([256, 580, 5, 8])) to satisfy the constraint Real(), but found invalid values:
tensor([[[[nan, nan, nan,  ..., nan, nan, nan],
          [nan, nan, nan,  ..., nan, na
2024-05-07 22:19:47,481 - Restoring model from epoch 89
2024-05-07 22:19:57,794 - Exception occurred at epoch 84. Expected parameter loc (Tensor of shape (256, 801, 5, 8)) of distribution Normal(loc: torch.Size([256, 801, 5, 8]), scale: torch.Size([256, 801, 5, 8])) to satisfy the constraint Real(), but found invalid values:
tensor([[[[nan, nan, nan,  ..., nan, nan, nan],
          [nan, nan, nan,  ..., nan, na
2024-05-07 22:19:57,794 - Restoring model from epoch 84
2024-05-07 22:20:06,925 - Exception occurred at epoch 84. Expected parameter loc (Tensor of shape (256, 660, 5, 8)) of distribution Normal(loc: torch.Size([256, 660, 5, 8]), scale: torch.Size([256, 660, 5, 8])) to satisfy the constraint Real(), but found invalid values:
tensor([[[[nan, nan, nan,  ..., nan, nan, nan],
          [nan, nan, nan,  ..., nan, na
2024-05-07 22:20:06,925 - Restoring model from epoch 84
2024-05-07 22:20:20,914 - Epoch [85/250], Loss: -23.6070 (-23.7353, 0.1283, 0.0000)
2024-05-07 22:20:20,914 -      ETA: 00:01:32.18
2024-05-07 22:20:22,634 - Exception occurred at epoch 86. Expected parameter loc (Tensor of shape (256, 540, 5, 8)) of distribution Normal(loc: torch.Size([256, 540, 5, 8]), scale: torch.Size([256, 540, 5, 8])) to satisfy the constraint Real(), but found invalid values:
tensor([[[[nan, nan, nan,  ..., nan, nan, nan],
          [nan, nan, nan,  ..., nan, na
2024-05-07 22:20:22,635 - Restoring model from epoch 86
2024-05-07 22:20:28,314 - Exception occurred at epoch 88. Expected parameter loc (Tensor of shape (256, 914, 5, 8)) of distribution Normal(loc: torch.Size([256, 914, 5, 8]), scale: torch.Size([256, 914, 5, 8])) to satisfy the constraint Real(), but found invalid values:
tensor([[[[nan, nan, nan,  ..., nan, nan, nan],
          [nan, nan, nan,  ..., nan, na
2024-05-07 22:20:28,314 - Restoring model from epoch 88
2024-05-07 22:20:34,024 - Exception occurred at epoch 88. Expected parameter loc (Tensor of shape (256, 729, 5, 8)) of distribution Normal(loc: torch.Size([256, 729, 5, 8]), scale: torch.Size([256, 729, 5, 8])) to satisfy the constraint Real(), but found invalid values:
tensor([[[[nan, nan, nan,  ..., nan, nan, nan],
          [nan, nan, nan,  ..., nan, na
2024-05-07 22:20:34,025 - Restoring model from epoch 88
2024-05-07 22:20:47,654 - Epoch [90/250], Loss: -23.2466 (-23.3879, 0.1413, 0.0000)
2024-05-07 22:20:47,654 -      ETA: 00:01:27.26
2024-05-07 22:20:52,968 - Exception occurred at epoch 92. Expected parameter loc (Tensor of shape (256, 481, 5, 8)) of distribution Normal(loc: torch.Size([256, 481, 5, 8]), scale: torch.Size([256, 481, 5, 8])) to satisfy the constraint Real(), but found invalid values:
tensor([[[[nan, nan, nan,  ..., nan, nan, nan],
          [nan, nan, nan,  ..., nan, na
2024-05-07 22:20:52,968 - Restoring model from epoch 92
2024-05-07 22:20:54,211 - Exception occurred at epoch 91. Expected parameter loc (Tensor of shape (256, 970, 5, 8)) of distribution Normal(loc: torch.Size([256, 970, 5, 8]), scale: torch.Size([256, 970, 5, 8])) to satisfy the constraint Real(), but found invalid values:
tensor([[[[nan, nan, nan,  ..., nan, nan, nan],
          [nan, nan, nan,  ..., nan, na
2024-05-07 22:20:54,211 - Restoring model from epoch 91
2024-05-07 22:20:59,632 - Exception occurred at epoch 92. Expected parameter loc (Tensor of shape (256, 729, 5, 8)) of distribution Normal(loc: torch.Size([256, 729, 5, 8]), scale: torch.Size([256, 729, 5, 8])) to satisfy the constraint Real(), but found invalid values:
tensor([[[[nan, nan, nan,  ..., nan, nan, nan],
          [nan, nan, nan,  ..., nan, na
2024-05-07 22:20:59,632 - Restoring model from epoch 92
2024-05-07 22:21:08,240 - Exception occurred at epoch 94. Expected parameter loc (Tensor of shape (256, 616, 5, 8)) of distribution Normal(loc: torch.Size([256, 616, 5, 8]), scale: torch.Size([256, 616, 5, 8])) to satisfy the constraint Real(), but found invalid values:
tensor([[[[nan, nan, nan,  ..., nan, nan, nan],
          [nan, nan, nan,  ..., nan, na
2024-05-07 22:21:08,241 - Restoring model from epoch 94
2024-05-07 22:21:21,914 - Epoch [80/250], Loss: -21.8619 (-21.9991, 0.1372, 0.0000)
2024-05-07 22:21:21,914 -      ETA: 00:01:32.82
2024-05-07 22:21:23,380 - Exception occurred at epoch 81. Expected parameter loc (Tensor of shape (256, 914, 5, 8)) of distribution Normal(loc: torch.Size([256, 914, 5, 8]), scale: torch.Size([256, 914, 5, 8])) to satisfy the constraint Real(), but found invalid values:
tensor([[[[nan, nan, nan,  ..., nan, nan, nan],
          [nan, nan, nan,  ..., nan, na
2024-05-07 22:21:23,380 - Restoring model from epoch 81
2024-05-07 22:21:37,074 - Epoch [85/250], Loss: -23.3337 (-23.4638, 0.1302, 0.0000)
2024-05-07 22:21:37,074 -      ETA: 00:01:30.17
2024-05-07 22:21:37,781 - Exception occurred at epoch 86. Expected parameter loc (Tensor of shape (256, 631, 5, 8)) of distribution Normal(loc: torch.Size([256, 631, 5, 8]), scale: torch.Size([256, 631, 5, 8])) to satisfy the constraint Real(), but found invalid values:
tensor([[[[nan, nan, nan,  ..., nan, nan, nan],
          [nan, nan, nan,  ..., nan, na
2024-05-07 22:21:37,781 - Restoring model from epoch 86
2024-05-07 22:21:39,097 - Exception occurred at epoch 86. Expected parameter loc (Tensor of shape (256, 914, 5, 8)) of distribution Normal(loc: torch.Size([256, 914, 5, 8]), scale: torch.Size([256, 914, 5, 8])) to satisfy the constraint Real(), but found invalid values:
tensor([[[[nan, nan, nan,  ..., nan, nan, nan],
          [nan, nan, nan,  ..., nan, na
2024-05-07 22:21:39,097 - Restoring model from epoch 86
2024-05-07 22:21:41,115 - Exception occurred at epoch 86. Expected parameter loc (Tensor of shape (256, 503, 5, 8)) of distribution Normal(loc: torch.Size([256, 503, 5, 8]), scale: torch.Size([256, 503, 5, 8])) to satisfy the constraint Real(), but found invalid values:
tensor([[[[nan, nan, nan,  ..., nan, nan, nan],
          [nan, nan, nan,  ..., nan, na
2024-05-07 22:21:41,115 - Restoring model from epoch 86
2024-05-07 22:21:52,822 - Exception occurred at epoch 90. Expected parameter loc (Tensor of shape (256, 518, 5, 8)) of distribution Normal(loc: torch.Size([256, 518, 5, 8]), scale: torch.Size([256, 518, 5, 8])) to satisfy the constraint Real(), but found invalid values:
tensor([[[[nan, nan, nan,  ..., nan, nan, nan],
          [nan, nan, nan,  ..., nan, na
2024-05-07 22:21:52,822 - Restoring model from epoch 90
2024-05-07 22:22:06,474 - Epoch [85/250], Loss: -23.9339 (-24.0621, 0.1282, 0.0000)
2024-05-07 22:22:06,474 -      ETA: 00:01:29.98
2024-05-07 22:22:11,277 - Exception occurred at epoch 87. Expected parameter loc (Tensor of shape (256, 625, 5, 8)) of distribution Normal(loc: torch.Size([256, 625, 5, 8]), scale: torch.Size([256, 625, 5, 8])) to satisfy the constraint Real(), but found invalid values:
tensor([[[[nan, nan, nan,  ..., nan, nan, nan],
          [nan, nan, nan,  ..., nan, na
2024-05-07 22:22:11,277 - Restoring model from epoch 87
2024-05-07 22:22:17,881 - Exception occurred at epoch 88. Expected parameter loc (Tensor of shape (256, 592, 5, 8)) of distribution Normal(loc: torch.Size([256, 592, 5, 8]), scale: torch.Size([256, 592, 5, 8])) to satisfy the constraint Real(), but found invalid values:
tensor([[[[nan, nan, nan,  ..., nan, nan, nan],
          [nan, nan, nan,  ..., nan, na
2024-05-07 22:22:17,881 - Restoring model from epoch 88
2024-05-07 22:22:19,353 - Exception occurred at epoch 86. Expected parameter loc (Tensor of shape (256, 631, 5, 8)) of distribution Normal(loc: torch.Size([256, 631, 5, 8]), scale: torch.Size([256, 631, 5, 8])) to satisfy the constraint Real(), but found invalid values:
tensor([[[[nan, nan, nan,  ..., nan, nan, nan],
          [nan, nan, nan,  ..., nan, na
2024-05-07 22:22:19,353 - Restoring model from epoch 86
2024-05-07 22:22:21,969 - Exception occurred at epoch 86. Expected parameter loc (Tensor of shape (256, 665, 5, 8)) of distribution Normal(loc: torch.Size([256, 665, 5, 8]), scale: torch.Size([256, 665, 5, 8])) to satisfy the constraint Real(), but found invalid values:
tensor([[[[nan, nan, nan,  ..., nan, nan, nan],
          [nan, nan, nan,  ..., nan, na
2024-05-07 22:22:21,970 - Restoring model from epoch 86
2024-05-07 22:22:35,684 - Epoch [85/250], Loss: -22.9255 (-23.0541, 0.1286, 0.0000)
2024-05-07 22:22:35,684 -      ETA: 00:01:30.34
2024-05-07 22:22:40,400 - Exception occurred at epoch 87. Expected parameter loc (Tensor of shape (256, 729, 5, 8)) of distribution Normal(loc: torch.Size([256, 729, 5, 8]), scale: torch.Size([256, 729, 5, 8])) to satisfy the constraint Real(), but found invalid values:
tensor([[[[nan, nan, nan,  ..., nan, nan, nan],
          [nan, nan, nan,  ..., nan, na
2024-05-07 22:22:40,400 - Restoring model from epoch 87
2024-05-07 22:22:43,855 - Exception occurred at epoch 87. Expected parameter loc (Tensor of shape (256, 513, 5, 8)) of distribution Normal(loc: torch.Size([256, 513, 5, 8]), scale: torch.Size([256, 513, 5, 8])) to satisfy the constraint Real(), but found invalid values:
tensor([[[[nan, nan, nan,  ..., nan, nan, nan],
          [nan, nan, nan,  ..., nan, na
2024-05-07 22:22:43,855 - Restoring model from epoch 87
2024-05-07 22:22:56,592 - Exception occurred at epoch 90. Expected parameter loc (Tensor of shape (256, 552, 5, 8)) of distribution Normal(loc: torch.Size([256, 552, 5, 8]), scale: torch.Size([256, 552, 5, 8])) to satisfy the constraint Real(), but found invalid values:
tensor([[[[nan, nan, nan,  ..., nan, nan, nan],
          [nan, nan, nan,  ..., nan, na
2024-05-07 22:22:56,592 - Restoring model from epoch 90
2024-05-07 22:23:04,661 - Exception occurred at epoch 88. Expected parameter loc (Tensor of shape (256, 729, 5, 8)) of distribution Normal(loc: torch.Size([256, 729, 5, 8]), scale: torch.Size([256, 729, 5, 8])) to satisfy the constraint Real(), but found invalid values:
tensor([[[[nan, nan, nan,  ..., nan, nan, nan],
          [nan, nan, nan,  ..., nan, na
2024-05-07 22:23:04,661 - Restoring model from epoch 88
2024-05-07 22:23:18,329 - Epoch [80/250], Loss: -23.8842 (-24.0268, 0.1426, 0.0000)
2024-05-07 22:23:18,329 -      ETA: 00:01:32.89
2024-05-07 22:23:28,760 - Exception occurred at epoch 84. Expected parameter loc (Tensor of shape (256, 552, 5, 8)) of distribution Normal(loc: torch.Size([256, 552, 5, 8]), scale: torch.Size([256, 552, 5, 8])) to satisfy the constraint Real(), but found invalid values:
tensor([[[[nan, nan, nan,  ..., nan, nan, nan],
          [nan, nan, nan,  ..., nan, na
2024-05-07 22:23:28,761 - Restoring model from epoch 84
2024-05-07 22:23:42,454 - Epoch [85/250], Loss: -23.5234 (-23.6594, 0.1360, 0.0000)
2024-05-07 22:23:42,454 -      ETA: 00:01:30.11
2024-05-07 22:23:49,408 - Exception occurred at epoch 88. Expected parameter loc (Tensor of shape (256, 580, 5, 8)) of distribution Normal(loc: torch.Size([256, 580, 5, 8]), scale: torch.Size([256, 580, 5, 8])) to satisfy the constraint Real(), but found invalid values:
tensor([[[[nan, nan, nan,  ..., nan, nan, nan],
          [nan, nan, nan,  ..., nan, na
2024-05-07 22:23:49,408 - Restoring model from epoch 88
2024-05-07 22:23:53,990 - Exception occurred at epoch 87. Expected parameter loc (Tensor of shape (256, 518, 5, 8)) of distribution Normal(loc: torch.Size([256, 518, 5, 8]), scale: torch.Size([256, 518, 5, 8])) to satisfy the constraint Real(), but found invalid values:
tensor([[[[nan, nan, nan,  ..., nan, nan, nan],
          [nan, nan, nan,  ..., nan, na
2024-05-07 22:23:53,990 - Restoring model from epoch 87
2024-05-07 22:24:07,664 - Epoch [90/250], Loss: -23.5654 (-23.6973, 0.1319, 0.0000)
2024-05-07 22:24:07,664 -      ETA: 00:01:27.42
2024-05-07 22:24:09,071 - Exception occurred at epoch 91. Expected parameter loc (Tensor of shape (256, 503, 5, 8)) of distribution Normal(loc: torch.Size([256, 503, 5, 8]), scale: torch.Size([256, 503, 5, 8])) to satisfy the constraint Real(), but found invalid values:
tensor([[[[nan, nan, nan,  ..., nan, nan, nan],
          [nan, nan, nan,  ..., nan, na
2024-05-07 22:24:09,071 - Restoring model from epoch 91
2024-05-07 22:24:10,283 - Exception occurred at epoch 91. Expected parameter loc (Tensor of shape (256, 540, 5, 8)) of distribution Normal(loc: torch.Size([256, 540, 5, 8]), scale: torch.Size([256, 540, 5, 8])) to satisfy the constraint Real(), but found invalid values:
tensor([[[[nan, nan, nan,  ..., nan, nan, nan],
          [nan, nan, nan,  ..., nan, na
2024-05-07 22:24:10,283 - Restoring model from epoch 91
2024-05-07 22:24:11,757 - Exception occurred at epoch 91. Expected parameter loc (Tensor of shape (256, 594, 5, 8)) of distribution Normal(loc: torch.Size([256, 594, 5, 8]), scale: torch.Size([256, 594, 5, 8])) to satisfy the constraint Real(), but found invalid values:
tensor([[[[nan, nan, nan,  ..., nan, nan, nan],
          [nan, nan, nan,  ..., nan, na
2024-05-07 22:24:11,758 - Restoring model from epoch 91
2024-05-07 22:24:13,368 - Exception occurred at epoch 91. Expected parameter loc (Tensor of shape (256, 553, 5, 8)) of distribution Normal(loc: torch.Size([256, 553, 5, 8]), scale: torch.Size([256, 553, 5, 8])) to satisfy the constraint Real(), but found invalid values:
tensor([[[[nan, nan, nan,  ..., nan, nan, nan],
          [nan, nan, nan,  ..., nan, na
2024-05-07 22:24:13,368 - Restoring model from epoch 91
2024-05-07 22:24:21,425 - Exception occurred at epoch 88. Expected parameter loc (Tensor of shape (256, 665, 5, 8)) of distribution Normal(loc: torch.Size([256, 665, 5, 8]), scale: torch.Size([256, 665, 5, 8])) to satisfy the constraint Real(), but found invalid values:
tensor([[[[nan, nan, nan,  ..., nan, nan, nan],
          [nan, nan, nan,  ..., nan, na
2024-05-07 22:24:21,426 - Restoring model from epoch 88
2024-05-07 22:24:27,901 - Exception occurred at epoch 83. Expected parameter loc (Tensor of shape (256, 503, 5, 8)) of distribution Normal(loc: torch.Size([256, 503, 5, 8]), scale: torch.Size([256, 503, 5, 8])) to satisfy the constraint Real(), but found invalid values:
tensor([[[[nan, nan, nan,  ..., nan, nan, nan],
          [nan, nan, nan,  ..., nan, na
2024-05-07 22:24:27,901 - Restoring model from epoch 83
2024-05-07 22:24:41,631 - Epoch [85/250], Loss: -24.1206 (-24.2445, 0.1240, 0.0000)
2024-05-07 22:24:41,632 -      ETA: 00:01:30.48
