2024-05-07 21:52:15,055 - Using cuda
2024-05-07 21:52:29,525 - Epoch [5/250], Loss: -13.6338 (-15.4459, 0.1647, 1.6474)
2024-05-07 21:52:29,526 -      ETA: 00:02:19.69
2024-05-07 21:52:43,743 - Epoch [10/250], Loss: -17.9044 (-18.8850, 0.1535, 0.8271)
2024-05-07 21:52:43,744 -      ETA: 00:02:16.69
2024-05-07 21:52:57,979 - Epoch [15/250], Loss: -20.3754 (-21.1117, 0.1533, 0.5830)
2024-05-07 21:52:57,980 -      ETA: 00:02:14.22
2024-05-07 21:53:12,298 - Epoch [20/250], Loss: -21.2988 (-21.9186, 0.1497, 0.4702)
2024-05-07 21:53:12,299 -      ETA: 00:02:12.05
2024-05-07 21:53:26,612 - Epoch [25/250], Loss: -21.4786 (-22.0345, 0.1438, 0.4121)
2024-05-07 21:53:26,613 -      ETA: 00:02:09.17
2024-05-07 21:53:40,924 - Epoch [30/250], Loss: -22.4232 (-22.9772, 0.1313, 0.4226)
2024-05-07 21:53:40,924 -      ETA: 00:02:06.19
2024-05-07 21:53:55,266 - Epoch [35/250], Loss: -22.0095 (-22.5129, 0.1413, 0.3621)
2024-05-07 21:53:55,266 -      ETA: 00:02:03.90
2024-05-07 21:54:09,641 - Epoch [40/250], Loss: -23.0055 (-23.4272, 0.1250, 0.2966)
2024-05-07 21:54:09,641 -      ETA: 00:02:00.93
2024-05-07 21:54:24,033 - Epoch [45/250], Loss: -24.0937 (-24.5379, 0.1314, 0.3129)
2024-05-07 21:54:24,033 -      ETA: 00:01:58.22
2024-05-07 21:54:38,416 - Epoch [50/250], Loss: -24.0982 (-24.5331, 0.1342, 0.3008)
2024-05-07 21:54:38,416 -      ETA: 00:01:55.19
2024-05-07 21:54:38,468 - == NETWORK SAVED

2024-05-07 21:54:52,849 - Epoch [55/250], Loss: -24.0186 (-24.4583, 0.1339, 0.3058)
2024-05-07 21:54:52,849 -      ETA: 00:01:52.48
2024-05-07 21:55:07,246 - Epoch [60/250], Loss: -23.6098 (-23.9829, 0.1192, 0.2539)
2024-05-07 21:55:07,247 -      ETA: 00:01:49.73
2024-05-07 21:55:21,631 - Epoch [65/250], Loss: -24.7177 (-25.1310, 0.1303, 0.2829)
2024-05-07 21:55:21,631 -      ETA: 00:01:46.51
2024-05-07 21:55:35,973 - Epoch [70/250], Loss: -25.4616 (-25.8437, 0.1307, 0.2515)
2024-05-07 21:55:35,973 -      ETA: 00:01:43.58
2024-05-07 21:55:50,352 - Epoch [75/250], Loss: -25.1983 (-25.6118, 0.1236, 0.2898)
2024-05-07 21:55:50,353 -      ETA: 00:01:40.84
2024-05-07 21:56:04,740 - Epoch [80/250], Loss: -25.7089 (-26.0463, 0.1160, 0.2214)
2024-05-07 21:56:04,740 -      ETA: 00:01:37.90
2024-05-07 21:56:19,136 - Epoch [85/250], Loss: -25.7623 (-26.0873, 0.1106, 0.2144)
2024-05-07 21:56:19,137 -      ETA: 00:01:35.23
2024-05-07 21:56:33,535 - Epoch [90/250], Loss: -26.4679 (-26.8012, 0.1234, 0.2099)
2024-05-07 21:56:33,535 -      ETA: 00:01:32.19
2024-05-07 21:56:47,932 - Epoch [95/250], Loss: -26.5240 (-26.8407, 0.1088, 0.2079)
2024-05-07 21:56:47,932 -      ETA: 00:01:29.36
2024-05-07 21:57:02,324 - Epoch [100/250], Loss: -26.2387 (-26.5774, 0.1197, 0.2190)
2024-05-07 21:57:02,325 -      ETA: 00:01:26.47
2024-05-07 21:57:02,385 - == NETWORK SAVED

2024-05-07 21:57:16,761 - Epoch [105/250], Loss: -26.5746 (-26.9138, 0.1180, 0.2211)
2024-05-07 21:57:16,762 -      ETA: 00:01:23.45
2024-05-07 21:57:31,152 - Epoch [110/250], Loss: -26.6754 (-26.9840, 0.1125, 0.1961)
2024-05-07 21:57:31,152 -      ETA: 00:01:20.57
2024-05-07 21:57:45,562 - Epoch [115/250], Loss: -27.0943 (-27.4204, 0.1142, 0.2119)
2024-05-07 21:57:45,562 -      ETA: 00:01:17.83
2024-05-07 21:57:51,802 - Exception occurred at epoch 118. Expected parameter loc (Tensor of shape (256, 575, 5, 8)) of distribution Normal(loc: torch.Size([256, 575, 5, 8]), scale: torch.Size([256, 575, 5, 8])) to satisfy the constraint Real(), but found invalid values:
tensor([[[[nan, nan, nan,  ..., nan, nan, nan],
          [nan, nan, nan,  ..., nan, na
2024-05-07 21:57:51,802 - Restoring model from epoch 118
2024-05-07 21:57:58,514 - Exception occurred at epoch 118. Expected parameter loc (Tensor of shape (256, 610, 5, 8)) of distribution Normal(loc: torch.Size([256, 610, 5, 8]), scale: torch.Size([256, 610, 5, 8])) to satisfy the constraint Real(), but found invalid values:
tensor([[[[nan, nan, nan,  ..., nan, nan, nan],
          [nan, nan, nan,  ..., nan, na
2024-05-07 21:57:58,515 - Restoring model from epoch 118
2024-05-07 21:58:04,759 - Exception occurred at epoch 118. Expected parameter loc (Tensor of shape (256, 440, 5, 8)) of distribution Normal(loc: torch.Size([256, 440, 5, 8]), scale: torch.Size([256, 440, 5, 8])) to satisfy the constraint Real(), but found invalid values:
tensor([[[[nan, nan, nan,  ..., nan, nan, nan],
          [nan, nan, nan,  ..., nan, na
2024-05-07 21:58:04,759 - Restoring model from epoch 118
2024-05-07 21:58:07,428 - Exception occurred at epoch 116. Expected parameter loc (Tensor of shape (256, 553, 5, 8)) of distribution Normal(loc: torch.Size([256, 553, 5, 8]), scale: torch.Size([256, 553, 5, 8])) to satisfy the constraint Real(), but found invalid values:
tensor([[[[nan, nan, nan,  ..., nan, nan, nan],
          [nan, nan, nan,  ..., nan, na
2024-05-07 21:58:07,428 - Restoring model from epoch 116
2024-05-07 21:58:21,786 - Epoch [115/250], Loss: -26.7133 (-27.0095, 0.1053, 0.1908)
2024-05-07 21:58:21,786 -      ETA: 00:01:17.75
2024-05-07 21:58:36,180 - Epoch [120/250], Loss: -27.2260 (-27.5347, 0.1131, 0.1955)
2024-05-07 21:58:36,181 -      ETA: 00:01:14.82
2024-05-07 21:58:38,529 - Exception occurred at epoch 121. Expected parameter loc (Tensor of shape (256, 577, 5, 8)) of distribution Normal(loc: torch.Size([256, 577, 5, 8]), scale: torch.Size([256, 577, 5, 8])) to satisfy the constraint Real(), but found invalid values:
tensor([[[[nan, nan, nan,  ..., nan, nan, nan],
          [nan, nan, nan,  ..., nan, na
2024-05-07 21:58:38,529 - Restoring model from epoch 121
2024-05-07 21:58:52,604 - Exception occurred at epoch 125. Expected parameter loc (Tensor of shape (256, 631, 5, 8)) of distribution Normal(loc: torch.Size([256, 631, 5, 8]), scale: torch.Size([256, 631, 5, 8])) to satisfy the constraint Real(), but found invalid values:
tensor([[[[nan, nan, nan,  ..., nan, nan, nan],
          [nan, nan, nan,  ..., nan, na
2024-05-07 21:58:52,604 - Restoring model from epoch 125
2024-05-07 21:58:57,259 - Exception occurred at epoch 122. Expected parameter loc (Tensor of shape (256, 970, 5, 8)) of distribution Normal(loc: torch.Size([256, 970, 5, 8]), scale: torch.Size([256, 970, 5, 8])) to satisfy the constraint Real(), but found invalid values:
tensor([[[[nan, nan, nan,  ..., nan, nan, nan],
          [nan, nan, nan,  ..., nan, na
2024-05-07 21:58:57,260 - Restoring model from epoch 122
2024-05-07 21:58:58,560 - Exception occurred at epoch 121. Expected parameter loc (Tensor of shape (256, 552, 5, 8)) of distribution Normal(loc: torch.Size([256, 552, 5, 8]), scale: torch.Size([256, 552, 5, 8])) to satisfy the constraint Real(), but found invalid values:
tensor([[[[nan, nan, nan,  ..., nan, nan, nan],
          [nan, nan, nan,  ..., nan, na
2024-05-07 21:58:58,561 - Restoring model from epoch 121
2024-05-07 21:59:12,384 - Exception occurred at epoch 120. Expected parameter loc (Tensor of shape (256, 481, 5, 8)) of distribution Normal(loc: torch.Size([256, 481, 5, 8]), scale: torch.Size([256, 481, 5, 8])) to satisfy the constraint Real(), but found invalid values:
tensor([[[[nan, nan, nan,  ..., nan, nan, nan],
          [nan, nan, nan,  ..., nan, na
2024-05-07 21:59:12,384 - Restoring model from epoch 120
2024-05-07 21:59:26,767 - Epoch [120/250], Loss: -25.7806 (-26.1049, 0.1196, 0.2047)
2024-05-07 21:59:26,767 -      ETA: 00:01:14.75
2024-05-07 21:59:37,286 - Exception occurred at epoch 124. Expected parameter loc (Tensor of shape (256, 518, 5, 8)) of distribution Normal(loc: torch.Size([256, 518, 5, 8]), scale: torch.Size([256, 518, 5, 8])) to satisfy the constraint Real(), but found invalid values:
tensor([[[[nan, nan, nan,  ..., nan, nan, nan],
          [nan, nan, nan,  ..., nan, na
2024-05-07 21:59:37,286 - Restoring model from epoch 124
2024-05-07 21:59:46,500 - Exception occurred at epoch 124. Expected parameter loc (Tensor of shape (256, 592, 5, 8)) of distribution Normal(loc: torch.Size([256, 592, 5, 8]), scale: torch.Size([256, 592, 5, 8])) to satisfy the constraint Real(), but found invalid values:
tensor([[[[nan, nan, nan,  ..., nan, nan, nan],
          [nan, nan, nan,  ..., nan, na
2024-05-07 21:59:46,500 - Restoring model from epoch 124
2024-05-07 21:59:55,449 - Exception occurred at epoch 124. Expected parameter loc (Tensor of shape (256, 513, 5, 8)) of distribution Normal(loc: torch.Size([256, 513, 5, 8]), scale: torch.Size([256, 513, 5, 8])) to satisfy the constraint Real(), but found invalid values:
tensor([[[[nan, nan, nan,  ..., nan, nan, nan],
          [nan, nan, nan,  ..., nan, na
2024-05-07 21:59:55,449 - Restoring model from epoch 124
2024-05-07 22:00:05,492 - Exception occurred at epoch 124. Expected parameter loc (Tensor of shape (256, 391, 5, 8)) of distribution Normal(loc: torch.Size([256, 391, 5, 8]), scale: torch.Size([256, 391, 5, 8])) to satisfy the constraint Real(), but found invalid values:
tensor([[[[nan, nan, nan,  ..., nan, nan, nan],
          [nan, nan, nan,  ..., nan, na
2024-05-07 22:00:05,492 - Restoring model from epoch 124
2024-05-07 22:00:19,968 - Epoch [120/250], Loss: -26.9644 (-27.2834, 0.1156, 0.2034)
2024-05-07 22:00:19,968 -      ETA: 00:01:15.16
2024-05-07 22:00:24,663 - Exception occurred at epoch 122. Expected parameter loc (Tensor of shape (256, 616, 5, 8)) of distribution Normal(loc: torch.Size([256, 616, 5, 8]), scale: torch.Size([256, 616, 5, 8])) to satisfy the constraint Real(), but found invalid values:
tensor([[[[nan, nan, nan,  ..., nan, nan, nan],
          [nan, nan, nan,  ..., nan, na
2024-05-07 22:00:24,663 - Restoring model from epoch 122
2024-05-07 22:00:27,328 - Exception occurred at epoch 121. Expected parameter loc (Tensor of shape (256, 616, 5, 8)) of distribution Normal(loc: torch.Size([256, 616, 5, 8]), scale: torch.Size([256, 616, 5, 8])) to satisfy the constraint Real(), but found invalid values:
tensor([[[[nan, nan, nan,  ..., nan, nan, nan],
          [nan, nan, nan,  ..., nan, na
2024-05-07 22:00:27,328 - Restoring model from epoch 121
2024-05-07 22:00:31,636 - Exception occurred at epoch 122. Expected parameter loc (Tensor of shape (256, 462, 5, 8)) of distribution Normal(loc: torch.Size([256, 462, 5, 8]), scale: torch.Size([256, 462, 5, 8])) to satisfy the constraint Real(), but found invalid values:
tensor([[[[nan, nan, nan,  ..., nan, nan, nan],
          [nan, nan, nan,  ..., nan, na
2024-05-07 22:00:31,636 - Restoring model from epoch 122
2024-05-07 22:00:34,764 - Exception occurred at epoch 122. Expected parameter loc (Tensor of shape (256, 391, 5, 8)) of distribution Normal(loc: torch.Size([256, 391, 5, 8]), scale: torch.Size([256, 391, 5, 8])) to satisfy the constraint Real(), but found invalid values:
tensor([[[[nan, nan, nan,  ..., nan, nan, nan],
          [nan, nan, nan,  ..., nan, na
2024-05-07 22:00:34,765 - Restoring model from epoch 122
2024-05-07 22:00:49,118 - Epoch [115/250], Loss: -26.1590 (-26.4718, 0.1152, 0.1976)
2024-05-07 22:00:49,119 -      ETA: 00:01:17.23
2024-05-07 22:00:52,147 - Exception occurred at epoch 117. Expected parameter loc (Tensor of shape (256, 503, 5, 8)) of distribution Normal(loc: torch.Size([256, 503, 5, 8]), scale: torch.Size([256, 503, 5, 8])) to satisfy the constraint Real(), but found invalid values:
tensor([[[[nan, nan, nan,  ..., nan, nan, nan],
          [nan, nan, nan,  ..., nan, na
2024-05-07 22:00:52,147 - Restoring model from epoch 117
2024-05-07 22:00:55,606 - Exception occurred at epoch 117. Expected parameter loc (Tensor of shape (256, 462, 5, 8)) of distribution Normal(loc: torch.Size([256, 462, 5, 8]), scale: torch.Size([256, 462, 5, 8])) to satisfy the constraint Real(), but found invalid values:
tensor([[[[nan, nan, nan,  ..., nan, nan, nan],
          [nan, nan, nan,  ..., nan, na
2024-05-07 22:00:55,606 - Restoring model from epoch 117
2024-05-07 22:01:01,241 - Exception occurred at epoch 117. Expected parameter loc (Tensor of shape (256, 440, 5, 8)) of distribution Normal(loc: torch.Size([256, 440, 5, 8]), scale: torch.Size([256, 440, 5, 8])) to satisfy the constraint Real(), but found invalid values:
tensor([[[[nan, nan, nan,  ..., nan, nan, nan],
          [nan, nan, nan,  ..., nan, na
2024-05-07 22:01:01,241 - Restoring model from epoch 117
2024-05-07 22:01:04,348 - Exception occurred at epoch 117. Expected parameter loc (Tensor of shape (256, 631, 5, 8)) of distribution Normal(loc: torch.Size([256, 631, 5, 8]), scale: torch.Size([256, 631, 5, 8])) to satisfy the constraint Real(), but found invalid values:
tensor([[[[nan, nan, nan,  ..., nan, nan, nan],
          [nan, nan, nan,  ..., nan, na
2024-05-07 22:01:04,348 - Restoring model from epoch 117
2024-05-07 22:01:18,761 - Epoch [115/250], Loss: -26.4076 (-26.7285, 0.1089, 0.2120)
2024-05-07 22:01:18,761 -      ETA: 00:01:17.62
2024-05-07 22:01:23,128 - Exception occurred at epoch 117. Expected parameter loc (Tensor of shape (256, 665, 5, 8)) of distribution Normal(loc: torch.Size([256, 665, 5, 8]), scale: torch.Size([256, 665, 5, 8])) to satisfy the constraint Real(), but found invalid values:
tensor([[[[nan, nan, nan,  ..., nan, nan, nan],
          [nan, nan, nan,  ..., nan, na
2024-05-07 22:01:23,128 - Restoring model from epoch 117
2024-05-07 22:01:27,573 - Exception occurred at epoch 117. Expected parameter loc (Tensor of shape (256, 513, 5, 8)) of distribution Normal(loc: torch.Size([256, 513, 5, 8]), scale: torch.Size([256, 513, 5, 8])) to satisfy the constraint Real(), but found invalid values:
tensor([[[[nan, nan, nan,  ..., nan, nan, nan],
          [nan, nan, nan,  ..., nan, na
2024-05-07 22:01:27,573 - Restoring model from epoch 117
2024-05-07 22:01:28,387 - Exception occurred at epoch 116. Expected parameter loc (Tensor of shape (256, 481, 5, 8)) of distribution Normal(loc: torch.Size([256, 481, 5, 8]), scale: torch.Size([256, 481, 5, 8])) to satisfy the constraint Real(), but found invalid values:
tensor([[[[nan, nan, nan,  ..., nan, nan, nan],
          [nan, nan, nan,  ..., nan, na
2024-05-07 22:01:28,388 - Restoring model from epoch 116
2024-05-07 22:01:34,130 - Exception occurred at epoch 117. Expected parameter loc (Tensor of shape (256, 476, 5, 8)) of distribution Normal(loc: torch.Size([256, 476, 5, 8]), scale: torch.Size([256, 476, 5, 8])) to satisfy the constraint Real(), but found invalid values:
tensor([[[[nan, nan, nan,  ..., nan, nan, nan],
          [nan, nan, nan,  ..., nan, na
2024-05-07 22:01:34,130 - Restoring model from epoch 117
2024-05-07 22:01:48,497 - Epoch [110/250], Loss: -26.4616 (-26.7568, 0.1067, 0.1885)
2024-05-07 22:01:48,497 -      ETA: 00:01:20.48
2024-05-07 22:02:02,853 - Epoch [115/250], Loss: -27.2494 (-27.5532, 0.1090, 0.1947)
2024-05-07 22:02:02,853 -      ETA: 00:01:17.58
2024-05-07 22:02:17,201 - Epoch [120/250], Loss: -25.9983 (-26.3546, 0.1132, 0.2431)
2024-05-07 22:02:17,201 -      ETA: 00:01:14.61
2024-05-07 22:02:31,546 - Epoch [125/250], Loss: -26.9083 (-27.2226, 0.1164, 0.1979)
2024-05-07 22:02:31,546 -      ETA: 00:01:11.74
2024-05-07 22:02:45,894 - Epoch [130/250], Loss: -27.3138 (-27.5979, 0.1085, 0.1756)
2024-05-07 22:02:45,895 -      ETA: 00:01:08.83
2024-05-07 22:02:54,036 - Exception occurred at epoch 133. Expected parameter loc (Tensor of shape (256, 553, 5, 8)) of distribution Normal(loc: torch.Size([256, 553, 5, 8]), scale: torch.Size([256, 553, 5, 8])) to satisfy the constraint Real(), but found invalid values:
tensor([[[[nan, nan, nan,  ..., nan, nan, nan],
          [nan, nan, nan,  ..., nan, na
2024-05-07 22:02:54,036 - Restoring model from epoch 133
2024-05-07 22:03:01,885 - Exception occurred at epoch 133. Expected parameter loc (Tensor of shape (256, 652, 5, 8)) of distribution Normal(loc: torch.Size([256, 652, 5, 8]), scale: torch.Size([256, 652, 5, 8])) to satisfy the constraint Real(), but found invalid values:
tensor([[[[nan, nan, nan,  ..., nan, nan, nan],
          [nan, nan, nan,  ..., nan, na
2024-05-07 22:03:01,886 - Restoring model from epoch 133
2024-05-07 22:03:04,614 - Exception occurred at epoch 131. Expected parameter loc (Tensor of shape (256, 729, 5, 8)) of distribution Normal(loc: torch.Size([256, 729, 5, 8]), scale: torch.Size([256, 729, 5, 8])) to satisfy the constraint Real(), but found invalid values:
tensor([[[[nan, nan, nan,  ..., nan, nan, nan],
          [nan, nan, nan,  ..., nan, na
2024-05-07 22:03:04,614 - Restoring model from epoch 131
2024-05-07 22:03:09,021 - Exception occurred at epoch 132. Expected parameter loc (Tensor of shape (256, 503, 5, 8)) of distribution Normal(loc: torch.Size([256, 503, 5, 8]), scale: torch.Size([256, 503, 5, 8])) to satisfy the constraint Real(), but found invalid values:
tensor([[[[nan, nan, nan,  ..., nan, nan, nan],
          [nan, nan, nan,  ..., nan, na
2024-05-07 22:03:09,021 - Restoring model from epoch 132
2024-05-07 22:03:21,872 - Exception occurred at epoch 130. Expected parameter loc (Tensor of shape (256, 970, 5, 8)) of distribution Normal(loc: torch.Size([256, 970, 5, 8]), scale: torch.Size([256, 970, 5, 8])) to satisfy the constraint Real(), but found invalid values:
tensor([[[[nan, nan, nan,  ..., nan, nan, nan],
          [nan, nan, nan,  ..., nan, na
2024-05-07 22:03:21,872 - Restoring model from epoch 130
2024-05-07 22:03:30,608 - Exception occurred at epoch 129. Expected parameter loc (Tensor of shape (256, 729, 5, 8)) of distribution Normal(loc: torch.Size([256, 729, 5, 8]), scale: torch.Size([256, 729, 5, 8])) to satisfy the constraint Real(), but found invalid values:
tensor([[[[nan, nan, nan,  ..., nan, nan, nan],
          [nan, nan, nan,  ..., nan, na
2024-05-07 22:03:30,609 - Restoring model from epoch 129
2024-05-07 22:03:41,268 - Exception occurred at epoch 129. Expected parameter loc (Tensor of shape (256, 729, 5, 8)) of distribution Normal(loc: torch.Size([256, 729, 5, 8]), scale: torch.Size([256, 729, 5, 8])) to satisfy the constraint Real(), but found invalid values:
tensor([[[[nan, nan, nan,  ..., nan, nan, nan],
          [nan, nan, nan,  ..., nan, na
2024-05-07 22:03:41,268 - Restoring model from epoch 129
2024-05-07 22:03:52,088 - Exception occurred at epoch 124. Expected parameter loc (Tensor of shape (256, 518, 5, 8)) of distribution Normal(loc: torch.Size([256, 518, 5, 8]), scale: torch.Size([256, 518, 5, 8])) to satisfy the constraint Real(), but found invalid values:
tensor([[[[nan, nan, nan,  ..., nan, nan, nan],
          [nan, nan, nan,  ..., nan, na
2024-05-07 22:03:52,088 - Restoring model from epoch 124
2024-05-07 22:03:53,719 - Exception occurred at epoch 121. Expected parameter loc (Tensor of shape (256, 391, 5, 8)) of distribution Normal(loc: torch.Size([256, 391, 5, 8]), scale: torch.Size([256, 391, 5, 8])) to satisfy the constraint Real(), but found invalid values:
tensor([[[[nan, nan, nan,  ..., nan, nan, nan],
          [nan, nan, nan,  ..., nan, na
2024-05-07 22:03:53,719 - Restoring model from epoch 121
2024-05-07 22:03:58,785 - Exception occurred at epoch 122. Expected parameter loc (Tensor of shape (256, 623, 5, 8)) of distribution Normal(loc: torch.Size([256, 623, 5, 8]), scale: torch.Size([256, 623, 5, 8])) to satisfy the constraint Real(), but found invalid values:
tensor([[[[nan, nan, nan,  ..., nan, nan, nan],
          [nan, nan, nan,  ..., nan, na
2024-05-07 22:03:58,785 - Restoring model from epoch 122
2024-05-07 22:03:59,354 - Exception occurred at epoch 116. Expected parameter loc (Tensor of shape (256, 914, 5, 8)) of distribution Normal(loc: torch.Size([256, 914, 5, 8]), scale: torch.Size([256, 914, 5, 8])) to satisfy the constraint Real(), but found invalid values:
tensor([[[[nan, nan, nan,  ..., nan, nan, nan],
          [nan, nan, nan,  ..., nan, na
2024-05-07 22:03:59,355 - Restoring model from epoch 116
2024-05-07 22:04:09,012 - Exception occurred at epoch 119. Expected parameter loc (Tensor of shape (256, 481, 5, 8)) of distribution Normal(loc: torch.Size([256, 481, 5, 8]), scale: torch.Size([256, 481, 5, 8])) to satisfy the constraint Real(), but found invalid values:
tensor([[[[nan, nan, nan,  ..., nan, nan, nan],
          [nan, nan, nan,  ..., nan, na
2024-05-07 22:04:09,012 - Restoring model from epoch 119
2024-05-07 22:04:09,545 - Exception occurred at epoch 116. Expected parameter loc (Tensor of shape (256, 610, 5, 8)) of distribution Normal(loc: torch.Size([256, 610, 5, 8]), scale: torch.Size([256, 610, 5, 8])) to satisfy the constraint Real(), but found invalid values:
tensor([[[[nan, nan, nan,  ..., nan, nan, nan],
          [nan, nan, nan,  ..., nan, na
2024-05-07 22:04:09,546 - Restoring model from epoch 116
2024-05-07 22:04:23,896 - Epoch [115/250], Loss: -26.9538 (-27.2516, 0.1081, 0.1896)
2024-05-07 22:04:23,897 -      ETA: 00:01:17.62
2024-05-07 22:04:26,457 - Exception occurred at epoch 116. Expected parameter loc (Tensor of shape (256, 575, 5, 8)) of distribution Normal(loc: torch.Size([256, 575, 5, 8]), scale: torch.Size([256, 575, 5, 8])) to satisfy the constraint Real(), but found invalid values:
tensor([[[[nan, nan, nan,  ..., nan, nan, nan],
          [nan, nan, nan,  ..., nan, na
2024-05-07 22:04:26,457 - Restoring model from epoch 116
2024-05-07 22:04:30,479 - Exception occurred at epoch 117. Expected parameter loc (Tensor of shape (256, 631, 5, 8)) of distribution Normal(loc: torch.Size([256, 631, 5, 8]), scale: torch.Size([256, 631, 5, 8])) to satisfy the constraint Real(), but found invalid values:
tensor([[[[nan, nan, nan,  ..., nan, nan, nan],
          [nan, nan, nan,  ..., nan, na
2024-05-07 22:04:30,479 - Restoring model from epoch 117
2024-05-07 22:04:34,104 - Exception occurred at epoch 117. Expected parameter loc (Tensor of shape (256, 552, 5, 8)) of distribution Normal(loc: torch.Size([256, 552, 5, 8]), scale: torch.Size([256, 552, 5, 8])) to satisfy the constraint Real(), but found invalid values:
tensor([[[[nan, nan, nan,  ..., nan, nan, nan],
          [nan, nan, nan,  ..., nan, na
2024-05-07 22:04:34,104 - Restoring model from epoch 117
2024-05-07 22:04:38,479 - Exception occurred at epoch 117. Expected parameter loc (Tensor of shape (256, 503, 5, 8)) of distribution Normal(loc: torch.Size([256, 503, 5, 8]), scale: torch.Size([256, 503, 5, 8])) to satisfy the constraint Real(), but found invalid values:
tensor([[[[nan, nan, nan,  ..., nan, nan, nan],
          [nan, nan, nan,  ..., nan, na
2024-05-07 22:04:38,480 - Restoring model from epoch 117
2024-05-07 22:04:50,717 - Exception occurred at epoch 115. Expected parameter loc (Tensor of shape (256, 462, 5, 8)) of distribution Normal(loc: torch.Size([256, 462, 5, 8]), scale: torch.Size([256, 462, 5, 8])) to satisfy the constraint Real(), but found invalid values:
tensor([[[[nan, nan, nan,  ..., nan, nan, nan],
          [nan, nan, nan,  ..., nan, na
2024-05-07 22:04:50,717 - Restoring model from epoch 115
2024-05-07 22:05:05,155 - Epoch [115/250], Loss: nan (nan, 0.1139, 0.1864)
2024-05-07 22:05:05,155 -      ETA: 00:01:17.80
2024-05-07 22:05:05,217 - Exception occurred at epoch 116. Expected parameter loc (Tensor of shape (256, 652, 5, 8)) of distribution Normal(loc: torch.Size([256, 652, 5, 8]), scale: torch.Size([256, 652, 5, 8])) to satisfy the constraint Real(), but found invalid values:
tensor([[[[nan, nan, nan,  ..., nan, nan, nan],
          [nan, nan, nan,  ..., nan, na
2024-05-07 22:05:05,217 - Restoring model from epoch 116
2024-05-07 22:05:05,291 - Exception occurred at epoch 116. Expected parameter loc (Tensor of shape (256, 552, 5, 8)) of distribution Normal(loc: torch.Size([256, 552, 5, 8]), scale: torch.Size([256, 552, 5, 8])) to satisfy the constraint Real(), but found invalid values:
tensor([[[[nan, nan, nan,  ..., nan, nan, nan],
          [nan, nan, nan,  ..., nan, na
2024-05-07 22:05:05,291 - Restoring model from epoch 116
2024-05-07 22:05:05,358 - Exception occurred at epoch 116. Expected parameter loc (Tensor of shape (256, 914, 5, 8)) of distribution Normal(loc: torch.Size([256, 914, 5, 8]), scale: torch.Size([256, 914, 5, 8])) to satisfy the constraint Real(), but found invalid values:
tensor([[[[nan, nan, nan,  ..., nan, nan, nan],
          [nan, nan, nan,  ..., nan, na
2024-05-07 22:05:05,358 - Restoring model from epoch 116
2024-05-07 22:05:05,423 - Exception occurred at epoch 116. Expected parameter loc (Tensor of shape (256, 777, 5, 8)) of distribution Normal(loc: torch.Size([256, 777, 5, 8]), scale: torch.Size([256, 777, 5, 8])) to satisfy the constraint Real(), but found invalid values:
tensor([[[[nan, nan, nan,  ..., nan, nan, nan],
          [nan, nan, nan,  ..., nan, na
2024-05-07 22:05:05,423 - Restoring model from epoch 116
2024-05-07 22:05:19,799 - Epoch [110/250], Loss: -26.4444 (-26.7517, 0.1120, 0.1953)
2024-05-07 22:05:19,799 -      ETA: 00:01:20.55
2024-05-07 22:05:34,205 - Epoch [115/250], Loss: -26.2339 (-26.5311, 0.1060, 0.1911)
2024-05-07 22:05:34,205 -      ETA: 00:01:17.87
2024-05-07 22:05:42,509 - Exception occurred at epoch 118. Expected parameter loc (Tensor of shape (256, 575, 5, 8)) of distribution Normal(loc: torch.Size([256, 575, 5, 8]), scale: torch.Size([256, 575, 5, 8])) to satisfy the constraint Real(), but found invalid values:
tensor([[[[nan, nan, nan,  ..., nan, nan, nan],
          [nan, nan, nan,  ..., nan, na
2024-05-07 22:05:42,510 - Restoring model from epoch 118
2024-05-07 22:05:49,601 - Exception occurred at epoch 118. Expected parameter loc (Tensor of shape (256, 777, 5, 8)) of distribution Normal(loc: torch.Size([256, 777, 5, 8]), scale: torch.Size([256, 777, 5, 8])) to satisfy the constraint Real(), but found invalid values:
tensor([[[[nan, nan, nan,  ..., nan, nan, nan],
          [nan, nan, nan,  ..., nan, na
2024-05-07 22:05:49,602 - Restoring model from epoch 118
2024-05-07 22:05:57,828 - Exception occurred at epoch 118. Expected parameter loc (Tensor of shape (256, 518, 5, 8)) of distribution Normal(loc: torch.Size([256, 518, 5, 8]), scale: torch.Size([256, 518, 5, 8])) to satisfy the constraint Real(), but found invalid values:
tensor([[[[nan, nan, nan,  ..., nan, nan, nan],
          [nan, nan, nan,  ..., nan, na
2024-05-07 22:05:57,828 - Restoring model from epoch 118
2024-05-07 22:06:07,729 - Exception occurred at epoch 119. Expected parameter loc (Tensor of shape (256, 518, 5, 8)) of distribution Normal(loc: torch.Size([256, 518, 5, 8]), scale: torch.Size([256, 518, 5, 8])) to satisfy the constraint Real(), but found invalid values:
tensor([[[[nan, nan, nan,  ..., nan, nan, nan],
          [nan, nan, nan,  ..., nan, na
2024-05-07 22:06:07,729 - Restoring model from epoch 119
2024-05-07 22:06:22,121 - Epoch [115/250], Loss: -27.4686 (-27.7935, 0.1156, 0.2093)
2024-05-07 22:06:22,121 -      ETA: 00:01:17.58
2024-05-07 22:06:26,776 - Exception occurred at epoch 117. Expected parameter loc (Tensor of shape (256, 503, 5, 8)) of distribution Normal(loc: torch.Size([256, 503, 5, 8]), scale: torch.Size([256, 503, 5, 8])) to satisfy the constraint Real(), but found invalid values:
tensor([[[[nan, nan, nan,  ..., nan, nan, nan],
          [nan, nan, nan,  ..., nan, na
2024-05-07 22:06:26,776 - Restoring model from epoch 117
2024-05-07 22:06:31,561 - Exception occurred at epoch 117. Expected parameter loc (Tensor of shape (256, 481, 5, 8)) of distribution Normal(loc: torch.Size([256, 481, 5, 8]), scale: torch.Size([256, 481, 5, 8])) to satisfy the constraint Real(), but found invalid values:
tensor([[[[nan, nan, nan,  ..., nan, nan, nan],
          [nan, nan, nan,  ..., nan, na
2024-05-07 22:06:31,561 - Restoring model from epoch 117
2024-05-07 22:06:34,312 - Exception occurred at epoch 116. Expected parameter loc (Tensor of shape (256, 659, 5, 8)) of distribution Normal(loc: torch.Size([256, 659, 5, 8]), scale: torch.Size([256, 659, 5, 8])) to satisfy the constraint Real(), but found invalid values:
tensor([[[[nan, nan, nan,  ..., nan, nan, nan],
          [nan, nan, nan,  ..., nan, na
2024-05-07 22:06:34,312 - Restoring model from epoch 116
2024-05-07 22:06:37,085 - Exception occurred at epoch 116. Expected parameter loc (Tensor of shape (256, 503, 5, 8)) of distribution Normal(loc: torch.Size([256, 503, 5, 8]), scale: torch.Size([256, 503, 5, 8])) to satisfy the constraint Real(), but found invalid values:
tensor([[[[nan, nan, nan,  ..., nan, nan, nan],
          [nan, nan, nan,  ..., nan, na
2024-05-07 22:06:37,085 - Restoring model from epoch 116
2024-05-07 22:06:51,493 - Epoch [115/250], Loss: -26.7681 (-27.0759, 0.1088, 0.1990)
2024-05-07 22:06:51,493 -      ETA: 00:01:17.80
2024-05-07 22:06:56,231 - Exception occurred at epoch 117. Expected parameter loc (Tensor of shape (256, 914, 5, 8)) of distribution Normal(loc: torch.Size([256, 914, 5, 8]), scale: torch.Size([256, 914, 5, 8])) to satisfy the constraint Real(), but found invalid values:
tensor([[[[nan, nan, nan,  ..., nan, nan, nan],
          [nan, nan, nan,  ..., nan, na
2024-05-07 22:06:56,231 - Restoring model from epoch 117
2024-05-07 22:07:04,022 - Exception occurred at epoch 118. Expected parameter loc (Tensor of shape (256, 652, 5, 8)) of distribution Normal(loc: torch.Size([256, 652, 5, 8]), scale: torch.Size([256, 652, 5, 8])) to satisfy the constraint Real(), but found invalid values:
tensor([[[[nan, nan, nan,  ..., nan, nan, nan],
          [nan, nan, nan,  ..., nan, na
2024-05-07 22:07:04,023 - Restoring model from epoch 118
2024-05-07 22:07:06,166 - Exception occurred at epoch 116. Expected parameter loc (Tensor of shape (256, 631, 5, 8)) of distribution Normal(loc: torch.Size([256, 631, 5, 8]), scale: torch.Size([256, 631, 5, 8])) to satisfy the constraint Real(), but found invalid values:
tensor([[[[nan, nan, nan,  ..., nan, nan, nan],
          [nan, nan, nan,  ..., nan, na
2024-05-07 22:07:06,166 - Restoring model from epoch 116
2024-05-07 22:07:09,850 - Exception occurred at epoch 117. Expected parameter loc (Tensor of shape (256, 592, 5, 8)) of distribution Normal(loc: torch.Size([256, 592, 5, 8]), scale: torch.Size([256, 592, 5, 8])) to satisfy the constraint Real(), but found invalid values:
tensor([[[[nan, nan, nan,  ..., nan, nan, nan],
          [nan, nan, nan,  ..., nan, na
2024-05-07 22:07:09,850 - Restoring model from epoch 117
2024-05-07 22:07:24,201 - Exception occurred at epoch 115. Expected parameter loc (Tensor of shape (256, 516, 5, 8)) of distribution Normal(loc: torch.Size([256, 516, 5, 8]), scale: torch.Size([256, 516, 5, 8])) to satisfy the constraint Real(), but found invalid values:
tensor([[[[nan, nan, nan,  ..., nan, nan, nan],
          [nan, nan, nan,  ..., nan, na
2024-05-07 22:07:24,201 - Restoring model from epoch 115
2024-05-07 22:07:38,581 - Epoch [110/250], Loss: -26.6352 (-26.9199, 0.1089, 0.1758)
2024-05-07 22:07:38,581 -      ETA: 00:01:20.22
2024-05-07 22:07:52,916 - Epoch [115/250], Loss: -26.5648 (-26.8634, 0.1077, 0.1909)
2024-05-07 22:07:52,916 -      ETA: 00:01:17.35
2024-05-07 22:08:01,194 - Exception occurred at epoch 118. Expected parameter loc (Tensor of shape (256, 616, 5, 8)) of distribution Normal(loc: torch.Size([256, 616, 5, 8]), scale: torch.Size([256, 616, 5, 8])) to satisfy the constraint Real(), but found invalid values:
tensor([[[[nan, nan, nan,  ..., nan, nan, nan],
          [nan, nan, nan,  ..., nan, na
2024-05-07 22:08:01,194 - Restoring model from epoch 118
2024-05-07 22:08:02,973 - Exception occurred at epoch 116. Expected parameter loc (Tensor of shape (256, 914, 5, 8)) of distribution Normal(loc: torch.Size([256, 914, 5, 8]), scale: torch.Size([256, 914, 5, 8])) to satisfy the constraint Real(), but found invalid values:
tensor([[[[nan, nan, nan,  ..., nan, nan, nan],
          [nan, nan, nan,  ..., nan, na
2024-05-07 22:08:02,973 - Restoring model from epoch 116
2024-05-07 22:08:04,989 - Exception occurred at epoch 116. Expected parameter loc (Tensor of shape (256, 481, 5, 8)) of distribution Normal(loc: torch.Size([256, 481, 5, 8]), scale: torch.Size([256, 481, 5, 8])) to satisfy the constraint Real(), but found invalid values:
tensor([[[[nan, nan, nan,  ..., nan, nan, nan],
          [nan, nan, nan,  ..., nan, na
2024-05-07 22:08:04,989 - Restoring model from epoch 116
2024-05-07 22:08:06,732 - Exception occurred at epoch 116. Expected parameter loc (Tensor of shape (256, 391, 5, 8)) of distribution Normal(loc: torch.Size([256, 391, 5, 8]), scale: torch.Size([256, 391, 5, 8])) to satisfy the constraint Real(), but found invalid values:
tensor([[[[nan, nan, nan,  ..., nan, nan, nan],
          [nan, nan, nan,  ..., nan, na
2024-05-07 22:08:06,732 - Restoring model from epoch 116
2024-05-07 22:08:21,090 - Epoch [115/250], Loss: -27.1215 (-27.4279, 0.1150, 0.1913)
2024-05-07 22:08:21,090 -      ETA: 00:01:17.43
2024-05-07 22:08:25,287 - Exception occurred at epoch 117. Expected parameter loc (Tensor of shape (256, 580, 5, 8)) of distribution Normal(loc: torch.Size([256, 580, 5, 8]), scale: torch.Size([256, 580, 5, 8])) to satisfy the constraint Real(), but found invalid values:
tensor([[[[nan, nan, nan,  ..., nan, nan, nan],
          [nan, nan, nan,  ..., nan, na
2024-05-07 22:08:25,288 - Restoring model from epoch 117
2024-05-07 22:08:34,867 - Exception occurred at epoch 119. Expected parameter loc (Tensor of shape (256, 631, 5, 8)) of distribution Normal(loc: torch.Size([256, 631, 5, 8]), scale: torch.Size([256, 631, 5, 8])) to satisfy the constraint Real(), but found invalid values:
tensor([[[[nan, nan, nan,  ..., nan, nan, nan],
          [nan, nan, nan,  ..., nan, na
2024-05-07 22:08:34,867 - Restoring model from epoch 119
2024-05-07 22:08:39,230 - Exception occurred at epoch 117. Expected parameter loc (Tensor of shape (256, 540, 5, 8)) of distribution Normal(loc: torch.Size([256, 540, 5, 8]), scale: torch.Size([256, 540, 5, 8])) to satisfy the constraint Real(), but found invalid values:
tensor([[[[nan, nan, nan,  ..., nan, nan, nan],
          [nan, nan, nan,  ..., nan, na
2024-05-07 22:08:39,231 - Restoring model from epoch 117
2024-05-07 22:08:45,682 - Exception occurred at epoch 118. Expected parameter loc (Tensor of shape (256, 631, 5, 8)) of distribution Normal(loc: torch.Size([256, 631, 5, 8]), scale: torch.Size([256, 631, 5, 8])) to satisfy the constraint Real(), but found invalid values:
tensor([[[[nan, nan, nan,  ..., nan, nan, nan],
          [nan, nan, nan,  ..., nan, na
2024-05-07 22:08:45,682 - Restoring model from epoch 118
2024-05-07 22:09:00,048 - Epoch [115/250], Loss: -25.5015 (-25.8782, 0.1169, 0.2597)
2024-05-07 22:09:00,049 -      ETA: 00:01:17.41
2024-05-07 22:09:03,734 - Exception occurred at epoch 117. Expected parameter loc (Tensor of shape (256, 631, 5, 8)) of distribution Normal(loc: torch.Size([256, 631, 5, 8]), scale: torch.Size([256, 631, 5, 8])) to satisfy the constraint Real(), but found invalid values:
tensor([[[[nan, nan, nan,  ..., nan, nan, nan],
          [nan, nan, nan,  ..., nan, na
2024-05-07 22:09:03,735 - Restoring model from epoch 117
2024-05-07 22:09:07,251 - Exception occurred at epoch 117. Expected parameter loc (Tensor of shape (256, 665, 5, 8)) of distribution Normal(loc: torch.Size([256, 665, 5, 8]), scale: torch.Size([256, 665, 5, 8])) to satisfy the constraint Real(), but found invalid values:
tensor([[[[nan, nan, nan,  ..., nan, nan, nan],
          [nan, nan, nan,  ..., nan, na
2024-05-07 22:09:07,251 - Restoring model from epoch 117
2024-05-07 22:09:11,288 - Exception occurred at epoch 117. Expected parameter loc (Tensor of shape (256, 513, 5, 8)) of distribution Normal(loc: torch.Size([256, 513, 5, 8]), scale: torch.Size([256, 513, 5, 8])) to satisfy the constraint Real(), but found invalid values:
tensor([[[[nan, nan, nan,  ..., nan, nan, nan],
          [nan, nan, nan,  ..., nan, na
2024-05-07 22:09:11,288 - Restoring model from epoch 117
2024-05-07 22:09:17,045 - Exception occurred at epoch 117. Expected parameter loc (Tensor of shape (256, 503, 5, 8)) of distribution Normal(loc: torch.Size([256, 503, 5, 8]), scale: torch.Size([256, 503, 5, 8])) to satisfy the constraint Real(), but found invalid values:
tensor([[[[nan, nan, nan,  ..., nan, nan, nan],
          [nan, nan, nan,  ..., nan, na
2024-05-07 22:09:17,045 - Restoring model from epoch 117
2024-05-07 22:09:31,445 - Epoch [115/250], Loss: -27.1985 (-27.5235, 0.1156, 0.2094)
2024-05-07 22:09:31,445 -      ETA: 00:01:17.67
2024-05-07 22:09:39,345 - Exception occurred at epoch 118. Expected parameter loc (Tensor of shape (256, 813, 5, 8)) of distribution Normal(loc: torch.Size([256, 813, 5, 8]), scale: torch.Size([256, 813, 5, 8])) to satisfy the constraint Real(), but found invalid values:
tensor([[[[nan, nan, nan,  ..., nan, nan, nan],
          [nan, nan, nan,  ..., nan, na
2024-05-07 22:09:39,345 - Restoring model from epoch 118
2024-05-07 22:09:43,382 - Exception occurred at epoch 117. Expected parameter loc (Tensor of shape (256, 513, 5, 8)) of distribution Normal(loc: torch.Size([256, 513, 5, 8]), scale: torch.Size([256, 513, 5, 8])) to satisfy the constraint Real(), but found invalid values:
tensor([[[[nan, nan, nan,  ..., nan, nan, nan],
          [nan, nan, nan,  ..., nan, na
2024-05-07 22:09:43,382 - Restoring model from epoch 117
2024-05-07 22:09:45,418 - Exception occurred at epoch 116. Expected parameter loc (Tensor of shape (256, 481, 5, 8)) of distribution Normal(loc: torch.Size([256, 481, 5, 8]), scale: torch.Size([256, 481, 5, 8])) to satisfy the constraint Real(), but found invalid values:
tensor([[[[nan, nan, nan,  ..., nan, nan, nan],
          [nan, nan, nan,  ..., nan, na
2024-05-07 22:09:45,419 - Restoring model from epoch 116
2024-05-07 22:09:52,565 - Exception occurred at epoch 118. Expected parameter loc (Tensor of shape (256, 540, 5, 8)) of distribution Normal(loc: torch.Size([256, 540, 5, 8]), scale: torch.Size([256, 540, 5, 8])) to satisfy the constraint Real(), but found invalid values:
tensor([[[[nan, nan, nan,  ..., nan, nan, nan],
          [nan, nan, nan,  ..., nan, na
2024-05-07 22:09:52,566 - Restoring model from epoch 118
2024-05-07 22:10:06,995 - Epoch [105/250], Loss: -26.3412 (-26.6551, 0.1164, 0.1974)
2024-05-07 22:10:06,995 -      ETA: 00:01:23.48
2024-05-07 22:10:21,384 - Epoch [110/250], Loss: -26.4201 (-26.7656, 0.1203, 0.2252)
2024-05-07 22:10:21,385 -      ETA: 00:01:20.58
2024-05-07 22:10:35,775 - Epoch [115/250], Loss: -26.5114 (-26.8581, 0.1155, 0.2312)
2024-05-07 22:10:35,776 -      ETA: 00:01:17.74
2024-05-07 22:10:41,166 - Exception occurred at epoch 117. Expected parameter loc (Tensor of shape (256, 391, 5, 8)) of distribution Normal(loc: torch.Size([256, 391, 5, 8]), scale: torch.Size([256, 391, 5, 8])) to satisfy the constraint Real(), but found invalid values:
tensor([[[[nan, nan, nan,  ..., nan, nan, nan],
          [nan, nan, nan,  ..., nan, na
2024-05-07 22:10:41,167 - Restoring model from epoch 117
2024-05-07 22:10:50,238 - Exception occurred at epoch 119. Expected parameter loc (Tensor of shape (256, 577, 5, 8)) of distribution Normal(loc: torch.Size([256, 577, 5, 8]), scale: torch.Size([256, 577, 5, 8])) to satisfy the constraint Real(), but found invalid values:
tensor([[[[nan, nan, nan,  ..., nan, nan, nan],
          [nan, nan, nan,  ..., nan, na
2024-05-07 22:10:50,238 - Restoring model from epoch 119
2024-05-07 22:10:50,951 - Exception occurred at epoch 116. Expected parameter loc (Tensor of shape (256, 594, 5, 8)) of distribution Normal(loc: torch.Size([256, 594, 5, 8]), scale: torch.Size([256, 594, 5, 8])) to satisfy the constraint Real(), but found invalid values:
tensor([[[[nan, nan, nan,  ..., nan, nan, nan],
          [nan, nan, nan,  ..., nan, na
2024-05-07 22:10:50,951 - Restoring model from epoch 116
2024-05-07 22:10:53,500 - Exception occurred at epoch 116. Expected parameter loc (Tensor of shape (256, 854, 5, 8)) of distribution Normal(loc: torch.Size([256, 854, 5, 8]), scale: torch.Size([256, 854, 5, 8])) to satisfy the constraint Real(), but found invalid values:
tensor([[[[nan, nan, nan,  ..., nan, nan, nan],
          [nan, nan, nan,  ..., nan, na
2024-05-07 22:10:53,500 - Restoring model from epoch 116
2024-05-07 22:11:07,899 - Epoch [115/250], Loss: -27.2528 (-27.5710, 0.1156, 0.2026)
2024-05-07 22:11:07,899 -      ETA: 00:01:17.67
2024-05-07 22:11:08,311 - Exception occurred at epoch 116. Expected parameter loc (Tensor of shape (256, 914, 5, 8)) of distribution Normal(loc: torch.Size([256, 914, 5, 8]), scale: torch.Size([256, 914, 5, 8])) to satisfy the constraint Real(), but found invalid values:
tensor([[[[nan, nan, nan,  ..., nan, nan, nan],
          [nan, nan, nan,  ..., nan, na
2024-05-07 22:11:08,312 - Restoring model from epoch 116
2024-05-07 22:11:08,670 - Exception occurred at epoch 116. Expected parameter loc (Tensor of shape (256, 914, 5, 8)) of distribution Normal(loc: torch.Size([256, 914, 5, 8]), scale: torch.Size([256, 914, 5, 8])) to satisfy the constraint Real(), but found invalid values:
tensor([[[[nan, nan, nan,  ..., nan, nan, nan],
          [nan, nan, nan,  ..., nan, na
2024-05-07 22:11:08,670 - Restoring model from epoch 116
2024-05-07 22:11:08,868 - Exception occurred at epoch 116. Expected parameter loc (Tensor of shape (256, 462, 5, 8)) of distribution Normal(loc: torch.Size([256, 462, 5, 8]), scale: torch.Size([256, 462, 5, 8])) to satisfy the constraint Real(), but found invalid values:
tensor([[[[nan, nan, nan,  ..., nan, nan, nan],
          [nan, nan, nan,  ..., nan, na
2024-05-07 22:11:08,868 - Restoring model from epoch 116
2024-05-07 22:11:12,395 - Exception occurred at epoch 117. Expected parameter loc (Tensor of shape (256, 665, 5, 8)) of distribution Normal(loc: torch.Size([256, 665, 5, 8]), scale: torch.Size([256, 665, 5, 8])) to satisfy the constraint Real(), but found invalid values:
tensor([[[[nan, nan, nan,  ..., nan, nan, nan],
          [nan, nan, nan,  ..., nan, na
2024-05-07 22:11:12,395 - Restoring model from epoch 117
2024-05-07 22:11:26,861 - Epoch [115/250], Loss: -26.8152 (-27.1184, 0.1087, 0.1946)
2024-05-07 22:11:26,861 -      ETA: 00:01:17.82
2024-05-07 22:11:31,306 - Exception occurred at epoch 117. Expected parameter loc (Tensor of shape (256, 729, 5, 8)) of distribution Normal(loc: torch.Size([256, 729, 5, 8]), scale: torch.Size([256, 729, 5, 8])) to satisfy the constraint Real(), but found invalid values:
tensor([[[[nan, nan, nan,  ..., nan, nan, nan],
          [nan, nan, nan,  ..., nan, na
2024-05-07 22:11:31,306 - Restoring model from epoch 117
2024-05-07 22:11:39,984 - Exception occurred at epoch 119. Expected parameter loc (Tensor of shape (256, 518, 5, 8)) of distribution Normal(loc: torch.Size([256, 518, 5, 8]), scale: torch.Size([256, 518, 5, 8])) to satisfy the constraint Real(), but found invalid values:
tensor([[[[nan, nan, nan,  ..., nan, nan, nan],
          [nan, nan, nan,  ..., nan, na
2024-05-07 22:11:39,984 - Restoring model from epoch 119
2024-05-07 22:11:43,039 - Exception occurred at epoch 117. Expected parameter loc (Tensor of shape (256, 513, 5, 8)) of distribution Normal(loc: torch.Size([256, 513, 5, 8]), scale: torch.Size([256, 513, 5, 8])) to satisfy the constraint Real(), but found invalid values:
tensor([[[[nan, nan, nan,  ..., nan, nan, nan],
          [nan, nan, nan,  ..., nan, na
2024-05-07 22:11:43,039 - Restoring model from epoch 117
2024-05-07 22:11:52,259 - Exception occurred at epoch 119. Expected parameter loc (Tensor of shape (256, 518, 5, 8)) of distribution Normal(loc: torch.Size([256, 518, 5, 8]), scale: torch.Size([256, 518, 5, 8])) to satisfy the constraint Real(), but found invalid values:
tensor([[[[nan, nan, nan,  ..., nan, nan, nan],
          [nan, nan, nan,  ..., nan, na
2024-05-07 22:11:52,259 - Restoring model from epoch 119
2024-05-07 22:12:06,656 - Epoch [115/250], Loss: -27.0835 (-27.4274, 0.1264, 0.2175)
2024-05-07 22:12:06,656 -      ETA: 00:01:17.73
2024-05-07 22:12:13,989 - Exception occurred at epoch 118. Expected parameter loc (Tensor of shape (256, 631, 5, 8)) of distribution Normal(loc: torch.Size([256, 631, 5, 8]), scale: torch.Size([256, 631, 5, 8])) to satisfy the constraint Real(), but found invalid values:
tensor([[[[nan, nan, nan,  ..., nan, nan, nan],
          [nan, nan, nan,  ..., nan, na
2024-05-07 22:12:13,989 - Restoring model from epoch 118
2024-05-07 22:12:16,639 - Exception occurred at epoch 116. Expected parameter loc (Tensor of shape (256, 914, 5, 8)) of distribution Normal(loc: torch.Size([256, 914, 5, 8]), scale: torch.Size([256, 914, 5, 8])) to satisfy the constraint Real(), but found invalid values:
tensor([[[[nan, nan, nan,  ..., nan, nan, nan],
          [nan, nan, nan,  ..., nan, na
2024-05-07 22:12:16,639 - Restoring model from epoch 116
2024-05-07 22:12:21,813 - Exception occurred at epoch 117. Expected parameter loc (Tensor of shape (256, 631, 5, 8)) of distribution Normal(loc: torch.Size([256, 631, 5, 8]), scale: torch.Size([256, 631, 5, 8])) to satisfy the constraint Real(), but found invalid values:
tensor([[[[nan, nan, nan,  ..., nan, nan, nan],
          [nan, nan, nan,  ..., nan, na
2024-05-07 22:12:21,813 - Restoring model from epoch 117
2024-05-07 22:12:25,954 - Exception occurred at epoch 117. Expected parameter loc (Tensor of shape (256, 970, 5, 8)) of distribution Normal(loc: torch.Size([256, 970, 5, 8]), scale: torch.Size([256, 970, 5, 8])) to satisfy the constraint Real(), but found invalid values:
tensor([[[[nan, nan, nan,  ..., nan, nan, nan],
          [nan, nan, nan,  ..., nan, na
2024-05-07 22:12:25,954 - Restoring model from epoch 117
2024-05-07 22:12:40,341 - Epoch [110/250], Loss: -26.6240 (-26.9518, 0.1216, 0.2063)
2024-05-07 22:12:40,342 -      ETA: 00:01:20.65
2024-05-07 22:12:54,713 - Epoch [115/250], Loss: -27.1005 (-27.4254, 0.1155, 0.2095)
2024-05-07 22:12:54,713 -      ETA: 00:01:17.64
2024-05-07 22:12:58,935 - Exception occurred at epoch 117. Expected parameter loc (Tensor of shape (256, 552, 5, 8)) of distribution Normal(loc: torch.Size([256, 552, 5, 8]), scale: torch.Size([256, 552, 5, 8])) to satisfy the constraint Real(), but found invalid values:
tensor([[[[nan, nan, nan,  ..., nan, nan, nan],
          [nan, nan, nan,  ..., nan, na
2024-05-07 22:12:58,935 - Restoring model from epoch 117
2024-05-07 22:13:03,656 - Exception occurred at epoch 117. Expected parameter loc (Tensor of shape (256, 506, 5, 8)) of distribution Normal(loc: torch.Size([256, 506, 5, 8]), scale: torch.Size([256, 506, 5, 8])) to satisfy the constraint Real(), but found invalid values:
tensor([[[[nan, nan, nan,  ..., nan, nan, nan],
          [nan, nan, nan,  ..., nan, na
2024-05-07 22:13:03,657 - Restoring model from epoch 117
2024-05-07 22:13:12,339 - Exception occurred at epoch 119. Expected parameter loc (Tensor of shape (256, 476, 5, 8)) of distribution Normal(loc: torch.Size([256, 476, 5, 8]), scale: torch.Size([256, 476, 5, 8])) to satisfy the constraint Real(), but found invalid values:
tensor([[[[nan, nan, nan,  ..., nan, nan, nan],
          [nan, nan, nan,  ..., nan, na
2024-05-07 22:13:12,339 - Restoring model from epoch 119
2024-05-07 22:13:26,721 - Epoch [120/250], Loss: -27.0577 (-27.3366, 0.1073, 0.1717)
2024-05-07 22:13:26,721 -      ETA: 00:01:14.71
2024-05-07 22:13:39,477 - Exception occurred at epoch 125. Expected parameter loc (Tensor of shape (256, 623, 5, 8)) of distribution Normal(loc: torch.Size([256, 623, 5, 8]), scale: torch.Size([256, 623, 5, 8])) to satisfy the constraint Real(), but found invalid values:
tensor([[[[nan, nan, nan,  ..., nan, nan, nan],
          [nan, nan, nan,  ..., nan, na
2024-05-07 22:13:39,477 - Restoring model from epoch 125
2024-05-07 22:13:49,892 - Exception occurred at epoch 124. Expected parameter loc (Tensor of shape (256, 391, 5, 8)) of distribution Normal(loc: torch.Size([256, 391, 5, 8]), scale: torch.Size([256, 391, 5, 8])) to satisfy the constraint Real(), but found invalid values:
tensor([[[[nan, nan, nan,  ..., nan, nan, nan],
          [nan, nan, nan,  ..., nan, na
2024-05-07 22:13:49,892 - Restoring model from epoch 124
2024-05-07 22:14:01,955 - Exception occurred at epoch 125. Expected parameter loc (Tensor of shape (256, 631, 5, 8)) of distribution Normal(loc: torch.Size([256, 631, 5, 8]), scale: torch.Size([256, 631, 5, 8])) to satisfy the constraint Real(), but found invalid values:
tensor([[[[nan, nan, nan,  ..., nan, nan, nan],
          [nan, nan, nan,  ..., nan, na
2024-05-07 22:14:01,955 - Restoring model from epoch 125
2024-05-07 22:14:09,396 - Exception occurred at epoch 123. Expected parameter loc (Tensor of shape (256, 914, 5, 8)) of distribution Normal(loc: torch.Size([256, 914, 5, 8]), scale: torch.Size([256, 914, 5, 8])) to satisfy the constraint Real(), but found invalid values:
tensor([[[[nan, nan, nan,  ..., nan, nan, nan],
          [nan, nan, nan,  ..., nan, na
2024-05-07 22:14:09,396 - Restoring model from epoch 123
2024-05-07 22:14:23,819 - Epoch [115/250], Loss: -26.9203 (-27.2519, 0.1153, 0.2164)
2024-05-07 22:14:23,819 -      ETA: 00:01:18.02
2024-05-07 22:14:32,141 - Exception occurred at epoch 118. Expected parameter loc (Tensor of shape (256, 631, 5, 8)) of distribution Normal(loc: torch.Size([256, 631, 5, 8]), scale: torch.Size([256, 631, 5, 8])) to satisfy the constraint Real(), but found invalid values:
tensor([[[[nan, nan, nan,  ..., nan, nan, nan],
          [nan, nan, nan,  ..., nan, na
2024-05-07 22:14:32,142 - Restoring model from epoch 118
2024-05-07 22:14:38,239 - Exception occurred at epoch 118. Expected parameter loc (Tensor of shape (256, 518, 5, 8)) of distribution Normal(loc: torch.Size([256, 518, 5, 8]), scale: torch.Size([256, 518, 5, 8])) to satisfy the constraint Real(), but found invalid values:
tensor([[[[nan, nan, nan,  ..., nan, nan, nan],
          [nan, nan, nan,  ..., nan, na
2024-05-07 22:14:38,239 - Restoring model from epoch 118
2024-05-07 22:14:43,661 - Exception occurred at epoch 117. Expected parameter loc (Tensor of shape (256, 631, 5, 8)) of distribution Normal(loc: torch.Size([256, 631, 5, 8]), scale: torch.Size([256, 631, 5, 8])) to satisfy the constraint Real(), but found invalid values:
tensor([[[[nan, nan, nan,  ..., nan, nan, nan],
          [nan, nan, nan,  ..., nan, na
2024-05-07 22:14:43,662 - Restoring model from epoch 117
2024-05-07 22:14:44,224 - Exception occurred at epoch 116. Expected parameter loc (Tensor of shape (256, 518, 5, 8)) of distribution Normal(loc: torch.Size([256, 518, 5, 8]), scale: torch.Size([256, 518, 5, 8])) to satisfy the constraint Real(), but found invalid values:
tensor([[[[nan, nan, nan,  ..., nan, nan, nan],
          [nan, nan, nan,  ..., nan, na
2024-05-07 22:14:44,224 - Restoring model from epoch 116
2024-05-07 22:14:58,642 - Epoch [115/250], Loss: -26.8220 (-27.1203, 0.1075, 0.1907)
2024-05-07 22:14:58,642 -      ETA: 00:01:17.84
2024-05-07 22:15:03,832 - Exception occurred at epoch 117. Expected parameter loc (Tensor of shape (256, 777, 5, 8)) of distribution Normal(loc: torch.Size([256, 777, 5, 8]), scale: torch.Size([256, 777, 5, 8])) to satisfy the constraint Real(), but found invalid values:
tensor([[[[nan, nan, nan,  ..., nan, nan, nan],
          [nan, nan, nan,  ..., nan, na
2024-05-07 22:15:03,833 - Restoring model from epoch 117
2024-05-07 22:15:04,242 - Exception occurred at epoch 116. Expected parameter loc (Tensor of shape (256, 729, 5, 8)) of distribution Normal(loc: torch.Size([256, 729, 5, 8]), scale: torch.Size([256, 729, 5, 8])) to satisfy the constraint Real(), but found invalid values:
tensor([[[[nan, nan, nan,  ..., nan, nan, nan],
          [nan, nan, nan,  ..., nan, na
2024-05-07 22:15:04,242 - Restoring model from epoch 116
2024-05-07 22:15:07,875 - Exception occurred at epoch 117. Expected parameter loc (Tensor of shape (256, 610, 5, 8)) of distribution Normal(loc: torch.Size([256, 610, 5, 8]), scale: torch.Size([256, 610, 5, 8])) to satisfy the constraint Real(), but found invalid values:
tensor([[[[nan, nan, nan,  ..., nan, nan, nan],
          [nan, nan, nan,  ..., nan, na
2024-05-07 22:15:07,875 - Restoring model from epoch 117
2024-05-07 22:15:08,021 - Exception occurred at epoch 116. Expected parameter loc (Tensor of shape (256, 580, 5, 8)) of distribution Normal(loc: torch.Size([256, 580, 5, 8]), scale: torch.Size([256, 580, 5, 8])) to satisfy the constraint Real(), but found invalid values:
tensor([[[[nan, nan, nan,  ..., nan, nan, nan],
          [nan, nan, nan,  ..., nan, na
2024-05-07 22:15:08,021 - Restoring model from epoch 116
2024-05-07 22:15:22,416 - Epoch [115/250], Loss: -26.7445 (-27.0701, 0.1177, 0.2079)
2024-05-07 22:15:22,416 -      ETA: 00:01:17.85
2024-05-07 22:15:29,737 - Exception occurred at epoch 118. Expected parameter loc (Tensor of shape (256, 575, 5, 8)) of distribution Normal(loc: torch.Size([256, 575, 5, 8]), scale: torch.Size([256, 575, 5, 8])) to satisfy the constraint Real(), but found invalid values:
tensor([[[[nan, nan, nan,  ..., nan, nan, nan],
          [nan, nan, nan,  ..., nan, na
2024-05-07 22:15:29,737 - Restoring model from epoch 118
2024-05-07 22:15:32,275 - Exception occurred at epoch 116. Expected parameter loc (Tensor of shape (256, 580, 5, 8)) of distribution Normal(loc: torch.Size([256, 580, 5, 8]), scale: torch.Size([256, 580, 5, 8])) to satisfy the constraint Real(), but found invalid values:
tensor([[[[nan, nan, nan,  ..., nan, nan, nan],
          [nan, nan, nan,  ..., nan, na
2024-05-07 22:15:32,275 - Restoring model from epoch 116
2024-05-07 22:15:37,894 - Exception occurred at epoch 117. Expected parameter loc (Tensor of shape (256, 625, 5, 8)) of distribution Normal(loc: torch.Size([256, 625, 5, 8]), scale: torch.Size([256, 625, 5, 8])) to satisfy the constraint Real(), but found invalid values:
tensor([[[[nan, nan, nan,  ..., nan, nan, nan],
          [nan, nan, nan,  ..., nan, na
2024-05-07 22:15:37,894 - Restoring model from epoch 117
2024-05-07 22:15:41,624 - Exception occurred at epoch 117. Expected parameter loc (Tensor of shape (256, 631, 5, 8)) of distribution Normal(loc: torch.Size([256, 631, 5, 8]), scale: torch.Size([256, 631, 5, 8])) to satisfy the constraint Real(), but found invalid values:
tensor([[[[nan, nan, nan,  ..., nan, nan, nan],
          [nan, nan, nan,  ..., nan, na
2024-05-07 22:15:41,624 - Restoring model from epoch 117
2024-05-07 22:15:56,042 - Epoch [110/250], Loss: -27.0989 (-27.4383, 0.1190, 0.2204)
2024-05-07 22:15:56,042 -      ETA: 00:01:20.65
2024-05-07 22:16:10,469 - Epoch [115/250], Loss: -26.3527 (-26.7354, 0.1165, 0.2663)
2024-05-07 22:16:10,469 -      ETA: 00:01:17.93
2024-05-07 22:16:16,073 - Exception occurred at epoch 117. Expected parameter loc (Tensor of shape (256, 610, 5, 8)) of distribution Normal(loc: torch.Size([256, 610, 5, 8]), scale: torch.Size([256, 610, 5, 8])) to satisfy the constraint Real(), but found invalid values:
tensor([[[[nan, nan, nan,  ..., nan, nan, nan],
          [nan, nan, nan,  ..., nan, na
2024-05-07 22:16:16,073 - Restoring model from epoch 117
2024-05-07 22:16:24,634 - Exception occurred at epoch 118. Expected parameter loc (Tensor of shape (256, 503, 5, 8)) of distribution Normal(loc: torch.Size([256, 503, 5, 8]), scale: torch.Size([256, 503, 5, 8])) to satisfy the constraint Real(), but found invalid values:
tensor([[[[nan, nan, nan,  ..., nan, nan, nan],
          [nan, nan, nan,  ..., nan, na
2024-05-07 22:16:24,635 - Restoring model from epoch 118
2024-05-07 22:16:28,487 - Exception occurred at epoch 117. Expected parameter loc (Tensor of shape (256, 659, 5, 8)) of distribution Normal(loc: torch.Size([256, 659, 5, 8]), scale: torch.Size([256, 659, 5, 8])) to satisfy the constraint Real(), but found invalid values:
tensor([[[[nan, nan, nan,  ..., nan, nan, nan],
          [nan, nan, nan,  ..., nan, na
2024-05-07 22:16:28,488 - Restoring model from epoch 117
2024-05-07 22:16:31,232 - Exception occurred at epoch 116. Expected parameter loc (Tensor of shape (256, 777, 5, 8)) of distribution Normal(loc: torch.Size([256, 777, 5, 8]), scale: torch.Size([256, 777, 5, 8])) to satisfy the constraint Real(), but found invalid values:
tensor([[[[nan, nan, nan,  ..., nan, nan, nan],
          [nan, nan, nan,  ..., nan, na
2024-05-07 22:16:31,232 - Restoring model from epoch 116
2024-05-07 22:16:45,678 - Epoch [115/250], Loss: -26.6538 (-27.0011, 0.1202, 0.2271)
2024-05-07 22:16:45,678 -      ETA: 00:01:17.76
2024-05-07 22:16:53,704 - Exception occurred at epoch 118. Expected parameter loc (Tensor of shape (256, 577, 5, 8)) of distribution Normal(loc: torch.Size([256, 577, 5, 8]), scale: torch.Size([256, 577, 5, 8])) to satisfy the constraint Real(), but found invalid values:
tensor([[[[nan, nan, nan,  ..., nan, nan, nan],
          [nan, nan, nan,  ..., nan, na
2024-05-07 22:16:53,705 - Restoring model from epoch 118
2024-05-07 22:17:08,150 - Epoch [120/250], Loss: -26.9910 (-27.3380, 0.1256, 0.2214)
2024-05-07 22:17:08,150 -      ETA: 00:01:15.26
2024-05-07 22:17:10,851 - Exception occurred at epoch 121. Expected parameter loc (Tensor of shape (256, 631, 5, 8)) of distribution Normal(loc: torch.Size([256, 631, 5, 8]), scale: torch.Size([256, 631, 5, 8])) to satisfy the constraint Real(), but found invalid values:
tensor([[[[nan, nan, nan,  ..., nan, nan, nan],
          [nan, nan, nan,  ..., nan, na
2024-05-07 22:17:10,851 - Restoring model from epoch 121
2024-05-07 22:17:13,314 - Exception occurred at epoch 121. Expected parameter loc (Tensor of shape (256, 580, 5, 8)) of distribution Normal(loc: torch.Size([256, 580, 5, 8]), scale: torch.Size([256, 580, 5, 8])) to satisfy the constraint Real(), but found invalid values:
tensor([[[[nan, nan, nan,  ..., nan, nan, nan],
          [nan, nan, nan,  ..., nan, na
2024-05-07 22:17:13,315 - Restoring model from epoch 121
2024-05-07 22:17:13,467 - Exception occurred at epoch 121. Expected parameter loc (Tensor of shape (256, 506, 5, 8)) of distribution Normal(loc: torch.Size([256, 506, 5, 8]), scale: torch.Size([256, 506, 5, 8])) to satisfy the constraint Real(), but found invalid values:
tensor([[[[nan, nan, nan,  ..., nan, nan, nan],
          [nan, nan, nan,  ..., nan, na
2024-05-07 22:17:13,467 - Restoring model from epoch 121
2024-05-07 22:17:13,777 - Exception occurred at epoch 121. Expected parameter loc (Tensor of shape (256, 575, 5, 8)) of distribution Normal(loc: torch.Size([256, 575, 5, 8]), scale: torch.Size([256, 575, 5, 8])) to satisfy the constraint Real(), but found invalid values:
tensor([[[[nan, nan, nan,  ..., nan, nan, nan],
          [nan, nan, nan,  ..., nan, na
2024-05-07 22:17:13,777 - Restoring model from epoch 121
2024-05-07 22:17:26,626 - Exception occurred at epoch 120. Expected parameter loc (Tensor of shape (256, 631, 5, 8)) of distribution Normal(loc: torch.Size([256, 631, 5, 8]), scale: torch.Size([256, 631, 5, 8])) to satisfy the constraint Real(), but found invalid values:
tensor([[[[nan, nan, nan,  ..., nan, nan, nan],
          [nan, nan, nan,  ..., nan, na
2024-05-07 22:17:26,626 - Restoring model from epoch 120
2024-05-07 22:17:40,058 - Exception occurred at epoch 120. Expected parameter loc (Tensor of shape (256, 625, 5, 8)) of distribution Normal(loc: torch.Size([256, 625, 5, 8]), scale: torch.Size([256, 625, 5, 8])) to satisfy the constraint Real(), but found invalid values:
tensor([[[[nan, nan, nan,  ..., nan, nan, nan],
          [nan, nan, nan,  ..., nan, na
2024-05-07 22:17:40,058 - Restoring model from epoch 120
2024-05-07 22:17:54,503 - Epoch [115/250], Loss: -26.7044 (-27.0118, 0.1113, 0.1961)
2024-05-07 22:17:54,503 -      ETA: 00:01:17.98
2024-05-07 22:18:05,912 - Exception occurred at epoch 119. Expected parameter loc (Tensor of shape (256, 659, 5, 8)) of distribution Normal(loc: torch.Size([256, 659, 5, 8]), scale: torch.Size([256, 659, 5, 8])) to satisfy the constraint Real(), but found invalid values:
tensor([[[[nan, nan, nan,  ..., nan, nan, nan],
          [nan, nan, nan,  ..., nan, na
2024-05-07 22:18:05,913 - Restoring model from epoch 119
2024-05-07 22:18:16,855 - Exception occurred at epoch 119. Expected parameter loc (Tensor of shape (256, 970, 5, 8)) of distribution Normal(loc: torch.Size([256, 970, 5, 8]), scale: torch.Size([256, 970, 5, 8])) to satisfy the constraint Real(), but found invalid values:
tensor([[[[nan, nan, nan,  ..., nan, nan, nan],
          [nan, nan, nan,  ..., nan, na
2024-05-07 22:18:16,855 - Restoring model from epoch 119
2024-05-07 22:18:23,030 - Exception occurred at epoch 118. Expected parameter loc (Tensor of shape (256, 623, 5, 8)) of distribution Normal(loc: torch.Size([256, 623, 5, 8]), scale: torch.Size([256, 623, 5, 8])) to satisfy the constraint Real(), but found invalid values:
tensor([[[[nan, nan, nan,  ..., nan, nan, nan],
          [nan, nan, nan,  ..., nan, na
2024-05-07 22:18:23,030 - Restoring model from epoch 118
2024-05-07 22:18:36,879 - Exception occurred at epoch 120. Expected parameter loc (Tensor of shape (256, 813, 5, 8)) of distribution Normal(loc: torch.Size([256, 813, 5, 8]), scale: torch.Size([256, 813, 5, 8])) to satisfy the constraint Real(), but found invalid values:
tensor([[[[nan, nan, nan,  ..., nan, nan, nan],
          [nan, nan, nan,  ..., nan, na
2024-05-07 22:18:36,879 - Restoring model from epoch 120
2024-05-07 22:18:51,684 - Epoch [115/250], Loss: -27.0476 (-27.3728, 0.1193, 0.2058)
2024-05-07 22:18:51,685 -      ETA: 00:01:19.94
2024-05-07 22:19:02,076 - Exception occurred at epoch 119. Expected parameter loc (Tensor of shape (256, 503, 5, 8)) of distribution Normal(loc: torch.Size([256, 503, 5, 8]), scale: torch.Size([256, 503, 5, 8])) to satisfy the constraint Real(), but found invalid values:
tensor([[[[nan, nan, nan,  ..., nan, nan, nan],
          [nan, nan, nan,  ..., nan, na
2024-05-07 22:19:02,077 - Restoring model from epoch 119
2024-05-07 22:19:16,513 - Epoch [120/250], Loss: -26.5824 (-26.8845, 0.1136, 0.1885)
2024-05-07 22:19:16,514 -      ETA: 00:01:14.94
2024-05-07 22:19:24,392 - Exception occurred at epoch 123. Expected parameter loc (Tensor of shape (256, 513, 5, 8)) of distribution Normal(loc: torch.Size([256, 513, 5, 8]), scale: torch.Size([256, 513, 5, 8])) to satisfy the constraint Real(), but found invalid values:
tensor([[[[nan, nan, nan,  ..., nan, nan, nan],
          [nan, nan, nan,  ..., nan, na
2024-05-07 22:19:24,392 - Restoring model from epoch 123
2024-05-07 22:19:25,964 - Exception occurred at epoch 121. Expected parameter loc (Tensor of shape (256, 503, 5, 8)) of distribution Normal(loc: torch.Size([256, 503, 5, 8]), scale: torch.Size([256, 503, 5, 8])) to satisfy the constraint Real(), but found invalid values:
tensor([[[[nan, nan, nan,  ..., nan, nan, nan],
          [nan, nan, nan,  ..., nan, na
2024-05-07 22:19:25,964 - Restoring model from epoch 121
2024-05-07 22:19:27,248 - Exception occurred at epoch 121. Expected parameter loc (Tensor of shape (256, 914, 5, 8)) of distribution Normal(loc: torch.Size([256, 914, 5, 8]), scale: torch.Size([256, 914, 5, 8])) to satisfy the constraint Real(), but found invalid values:
tensor([[[[nan, nan, nan,  ..., nan, nan, nan],
          [nan, nan, nan,  ..., nan, na
2024-05-07 22:19:27,248 - Restoring model from epoch 121
2024-05-07 22:19:28,753 - Exception occurred at epoch 121. Expected parameter loc (Tensor of shape (256, 914, 5, 8)) of distribution Normal(loc: torch.Size([256, 914, 5, 8]), scale: torch.Size([256, 914, 5, 8])) to satisfy the constraint Real(), but found invalid values:
tensor([[[[nan, nan, nan,  ..., nan, nan, nan],
          [nan, nan, nan,  ..., nan, na
2024-05-07 22:19:28,753 - Restoring model from epoch 121
2024-05-07 22:19:43,079 - Epoch [120/250], Loss: -27.3309 (-27.6479, 0.1149, 0.2022)
2024-05-07 22:19:43,079 -      ETA: 00:01:14.49
2024-05-07 22:19:47,541 - Exception occurred at epoch 122. Expected parameter loc (Tensor of shape (256, 476, 5, 8)) of distribution Normal(loc: torch.Size([256, 476, 5, 8]), scale: torch.Size([256, 476, 5, 8])) to satisfy the constraint Real(), but found invalid values:
tensor([[[[nan, nan, nan,  ..., nan, nan, nan],
          [nan, nan, nan,  ..., nan, na
2024-05-07 22:19:47,541 - Restoring model from epoch 122
2024-05-07 22:19:52,901 - Exception occurred at epoch 122. Expected parameter loc (Tensor of shape (256, 652, 5, 8)) of distribution Normal(loc: torch.Size([256, 652, 5, 8]), scale: torch.Size([256, 652, 5, 8])) to satisfy the constraint Real(), but found invalid values:
tensor([[[[nan, nan, nan,  ..., nan, nan, nan],
          [nan, nan, nan,  ..., nan, na
2024-05-07 22:19:52,901 - Restoring model from epoch 122
2024-05-07 22:19:57,107 - Exception occurred at epoch 122. Expected parameter loc (Tensor of shape (256, 631, 5, 8)) of distribution Normal(loc: torch.Size([256, 631, 5, 8]), scale: torch.Size([256, 631, 5, 8])) to satisfy the constraint Real(), but found invalid values:
tensor([[[[nan, nan, nan,  ..., nan, nan, nan],
          [nan, nan, nan,  ..., nan, na
2024-05-07 22:19:57,107 - Restoring model from epoch 122
2024-05-07 22:20:00,061 - Exception occurred at epoch 122. Expected parameter loc (Tensor of shape (256, 610, 5, 8)) of distribution Normal(loc: torch.Size([256, 610, 5, 8]), scale: torch.Size([256, 610, 5, 8])) to satisfy the constraint Real(), but found invalid values:
tensor([[[[nan, nan, nan,  ..., nan, nan, nan],
          [nan, nan, nan,  ..., nan, na
2024-05-07 22:20:00,061 - Restoring model from epoch 122
2024-05-07 22:20:13,587 - Exception occurred at epoch 120. Expected parameter loc (Tensor of shape (256, 659, 5, 8)) of distribution Normal(loc: torch.Size([256, 659, 5, 8]), scale: torch.Size([256, 659, 5, 8])) to satisfy the constraint Real(), but found invalid values:
tensor([[[[nan, nan, nan,  ..., nan, nan, nan],
          [nan, nan, nan,  ..., nan, na
2024-05-07 22:20:13,587 - Restoring model from epoch 120
2024-05-07 22:20:28,022 - Epoch [110/250], Loss: -26.9463 (-27.2602, 0.1148, 0.1991)
2024-05-07 22:20:28,023 -      ETA: 00:01:20.94
2024-05-07 22:20:42,474 - Epoch [115/250], Loss: -27.1630 (-27.5124, 0.1152, 0.2343)
2024-05-07 22:20:42,474 -      ETA: 00:01:18.14
2024-05-07 22:20:50,257 - Exception occurred at epoch 118. Expected parameter loc (Tensor of shape (256, 552, 5, 8)) of distribution Normal(loc: torch.Size([256, 552, 5, 8]), scale: torch.Size([256, 552, 5, 8])) to satisfy the constraint Real(), but found invalid values:
tensor([[[[nan, nan, nan,  ..., nan, nan, nan],
          [nan, nan, nan,  ..., nan, na
2024-05-07 22:20:50,257 - Restoring model from epoch 118
2024-05-07 22:20:52,864 - Exception occurred at epoch 116. Expected parameter loc (Tensor of shape (256, 577, 5, 8)) of distribution Normal(loc: torch.Size([256, 577, 5, 8]), scale: torch.Size([256, 577, 5, 8])) to satisfy the constraint Real(), but found invalid values:
tensor([[[[nan, nan, nan,  ..., nan, nan, nan],
          [nan, nan, nan,  ..., nan, na
2024-05-07 22:20:52,864 - Restoring model from epoch 116
2024-05-07 22:20:56,437 - Exception occurred at epoch 117. Expected parameter loc (Tensor of shape (256, 503, 5, 8)) of distribution Normal(loc: torch.Size([256, 503, 5, 8]), scale: torch.Size([256, 503, 5, 8])) to satisfy the constraint Real(), but found invalid values:
tensor([[[[nan, nan, nan,  ..., nan, nan, nan],
          [nan, nan, nan,  ..., nan, na
2024-05-07 22:20:56,437 - Restoring model from epoch 117
2024-05-07 22:21:03,253 - Exception occurred at epoch 118. Expected parameter loc (Tensor of shape (256, 813, 5, 8)) of distribution Normal(loc: torch.Size([256, 813, 5, 8]), scale: torch.Size([256, 813, 5, 8])) to satisfy the constraint Real(), but found invalid values:
tensor([[[[nan, nan, nan,  ..., nan, nan, nan],
          [nan, nan, nan,  ..., nan, na
2024-05-07 22:21:03,253 - Restoring model from epoch 118
2024-05-07 22:21:17,640 - Epoch [115/250], Loss: -26.9589 (-27.2708, 0.1188, 0.1931)
2024-05-07 22:21:17,640 -      ETA: 00:01:17.59
2024-05-07 22:21:20,843 - Exception occurred at epoch 117. Expected parameter loc (Tensor of shape (256, 481, 5, 8)) of distribution Normal(loc: torch.Size([256, 481, 5, 8]), scale: torch.Size([256, 481, 5, 8])) to satisfy the constraint Real(), but found invalid values:
tensor([[[[nan, nan, nan,  ..., nan, nan, nan],
          [nan, nan, nan,  ..., nan, na
2024-05-07 22:21:20,843 - Restoring model from epoch 117
2024-05-07 22:21:27,797 - Exception occurred at epoch 118. Expected parameter loc (Tensor of shape (256, 729, 5, 8)) of distribution Normal(loc: torch.Size([256, 729, 5, 8]), scale: torch.Size([256, 729, 5, 8])) to satisfy the constraint Real(), but found invalid values:
tensor([[[[nan, nan, nan,  ..., nan, nan, nan],
          [nan, nan, nan,  ..., nan, na
2024-05-07 22:21:27,797 - Restoring model from epoch 118
2024-05-07 22:21:29,378 - Exception occurred at epoch 116. Expected parameter loc (Tensor of shape (256, 631, 5, 8)) of distribution Normal(loc: torch.Size([256, 631, 5, 8]), scale: torch.Size([256, 631, 5, 8])) to satisfy the constraint Real(), but found invalid values:
tensor([[[[nan, nan, nan,  ..., nan, nan, nan],
          [nan, nan, nan,  ..., nan, na
2024-05-07 22:21:29,378 - Restoring model from epoch 116
2024-05-07 22:21:31,019 - Exception occurred at epoch 116. Expected parameter loc (Tensor of shape (256, 476, 5, 8)) of distribution Normal(loc: torch.Size([256, 476, 5, 8]), scale: torch.Size([256, 476, 5, 8])) to satisfy the constraint Real(), but found invalid values:
tensor([[[[nan, nan, nan,  ..., nan, nan, nan],
          [nan, nan, nan,  ..., nan, na
2024-05-07 22:21:31,019 - Restoring model from epoch 116
2024-05-07 22:21:45,350 - Exception occurred at epoch 115. Expected parameter loc (Tensor of shape (256, 592, 5, 8)) of distribution Normal(loc: torch.Size([256, 592, 5, 8]), scale: torch.Size([256, 592, 5, 8])) to satisfy the constraint Real(), but found invalid values:
tensor([[[[nan, nan, nan,  ..., nan, nan, nan],
          [nan, nan, nan,  ..., nan, na
2024-05-07 22:21:45,350 - Restoring model from epoch 115
2024-05-07 22:21:59,540 - Exception occurred at epoch 115. Expected parameter loc (Tensor of shape (256, 801, 5, 8)) of distribution Normal(loc: torch.Size([256, 801, 5, 8]), scale: torch.Size([256, 801, 5, 8])) to satisfy the constraint Real(), but found invalid values:
tensor([[[[nan, nan, nan,  ..., nan, nan, nan],
          [nan, nan, nan,  ..., nan, na
2024-05-07 22:21:59,541 - Restoring model from epoch 115
2024-05-07 22:22:13,888 - Epoch [105/250], Loss: -26.4566 (-26.7728, 0.1110, 0.2052)
2024-05-07 22:22:13,888 -      ETA: 00:01:22.96
2024-05-07 22:22:28,212 - Epoch [110/250], Loss: -26.8914 (-27.1966, 0.1102, 0.1950)
2024-05-07 22:22:28,212 -      ETA: 00:01:20.47
2024-05-07 22:22:42,552 - Epoch [115/250], Loss: -26.4641 (-26.7827, 0.1092, 0.2093)
2024-05-07 22:22:42,552 -      ETA: 00:01:17.46
2024-05-07 22:22:50,696 - Exception occurred at epoch 118. Expected parameter loc (Tensor of shape (256, 391, 5, 8)) of distribution Normal(loc: torch.Size([256, 391, 5, 8]), scale: torch.Size([256, 391, 5, 8])) to satisfy the constraint Real(), but found invalid values:
tensor([[[[nan, nan, nan,  ..., nan, nan, nan],
          [nan, nan, nan,  ..., nan, na
2024-05-07 22:22:50,696 - Restoring model from epoch 118
2024-05-07 22:22:54,989 - Exception occurred at epoch 117. Expected parameter loc (Tensor of shape (256, 801, 5, 8)) of distribution Normal(loc: torch.Size([256, 801, 5, 8]), scale: torch.Size([256, 801, 5, 8])) to satisfy the constraint Real(), but found invalid values:
tensor([[[[nan, nan, nan,  ..., nan, nan, nan],
          [nan, nan, nan,  ..., nan, na
2024-05-07 22:22:54,989 - Restoring model from epoch 117
2024-05-07 22:23:00,613 - Exception occurred at epoch 117. Expected parameter loc (Tensor of shape (256, 970, 5, 8)) of distribution Normal(loc: torch.Size([256, 970, 5, 8]), scale: torch.Size([256, 970, 5, 8])) to satisfy the constraint Real(), but found invalid values:
tensor([[[[nan, nan, nan,  ..., nan, nan, nan],
          [nan, nan, nan,  ..., nan, na
2024-05-07 22:23:00,613 - Restoring model from epoch 117
2024-05-07 22:23:08,281 - Exception occurred at epoch 118. Expected parameter loc (Tensor of shape (256, 462, 5, 8)) of distribution Normal(loc: torch.Size([256, 462, 5, 8]), scale: torch.Size([256, 462, 5, 8])) to satisfy the constraint Real(), but found invalid values:
tensor([[[[nan, nan, nan,  ..., nan, nan, nan],
          [nan, nan, nan,  ..., nan, na
2024-05-07 22:23:08,281 - Restoring model from epoch 118
2024-05-07 22:23:23,143 - Epoch [115/250], Loss: -27.1147 (-27.4276, 0.1154, 0.1975)
2024-05-07 22:23:23,143 -      ETA: 00:01:20.24
2024-05-07 22:23:27,958 - Exception occurred at epoch 117. Expected parameter loc (Tensor of shape (256, 518, 5, 8)) of distribution Normal(loc: torch.Size([256, 518, 5, 8]), scale: torch.Size([256, 518, 5, 8])) to satisfy the constraint Real(), but found invalid values:
tensor([[[[nan, nan, nan,  ..., nan, nan, nan],
          [nan, nan, nan,  ..., nan, na
2024-05-07 22:23:27,959 - Restoring model from epoch 117
2024-05-07 22:23:29,256 - Exception occurred at epoch 116. Expected parameter loc (Tensor of shape (256, 854, 5, 8)) of distribution Normal(loc: torch.Size([256, 854, 5, 8]), scale: torch.Size([256, 854, 5, 8])) to satisfy the constraint Real(), but found invalid values:
tensor([[[[nan, nan, nan,  ..., nan, nan, nan],
          [nan, nan, nan,  ..., nan, na
2024-05-07 22:23:29,256 - Restoring model from epoch 116
2024-05-07 22:23:35,250 - Exception occurred at epoch 118. Expected parameter loc (Tensor of shape (256, 623, 5, 8)) of distribution Normal(loc: torch.Size([256, 623, 5, 8]), scale: torch.Size([256, 623, 5, 8])) to satisfy the constraint Real(), but found invalid values:
tensor([[[[nan, nan, nan,  ..., nan, nan, nan],
          [nan, nan, nan,  ..., nan, na
2024-05-07 22:23:35,250 - Restoring model from epoch 118
2024-05-07 22:23:35,939 - Exception occurred at epoch 116. Expected parameter loc (Tensor of shape (256, 503, 5, 8)) of distribution Normal(loc: torch.Size([256, 503, 5, 8]), scale: torch.Size([256, 503, 5, 8])) to satisfy the constraint Real(), but found invalid values:
tensor([[[[nan, nan, nan,  ..., nan, nan, nan],
          [nan, nan, nan,  ..., nan, na
2024-05-07 22:23:35,939 - Restoring model from epoch 116
2024-05-07 22:23:50,764 - Epoch [115/250], Loss: -26.9223 (-27.2541, 0.1176, 0.2141)
2024-05-07 22:23:50,765 -      ETA: 00:01:19.77
2024-05-07 22:23:59,329 - Exception occurred at epoch 118. Expected parameter loc (Tensor of shape (256, 854, 5, 8)) of distribution Normal(loc: torch.Size([256, 854, 5, 8]), scale: torch.Size([256, 854, 5, 8])) to satisfy the constraint Real(), but found invalid values:
tensor([[[[nan, nan, nan,  ..., nan, nan, nan],
          [nan, nan, nan,  ..., nan, na
2024-05-07 22:23:59,329 - Restoring model from epoch 118
2024-05-07 22:24:04,908 - Exception occurred at epoch 117. Expected parameter loc (Tensor of shape (256, 801, 5, 8)) of distribution Normal(loc: torch.Size([256, 801, 5, 8]), scale: torch.Size([256, 801, 5, 8])) to satisfy the constraint Real(), but found invalid values:
tensor([[[[nan, nan, nan,  ..., nan, nan, nan],
          [nan, nan, nan,  ..., nan, na
2024-05-07 22:24:04,908 - Restoring model from epoch 117
2024-05-07 22:24:12,053 - Exception occurred at epoch 118. Expected parameter loc (Tensor of shape (256, 625, 5, 8)) of distribution Normal(loc: torch.Size([256, 625, 5, 8]), scale: torch.Size([256, 625, 5, 8])) to satisfy the constraint Real(), but found invalid values:
tensor([[[[nan, nan, nan,  ..., nan, nan, nan],
          [nan, nan, nan,  ..., nan, na
2024-05-07 22:24:12,053 - Restoring model from epoch 118
2024-05-07 22:24:16,902 - Exception occurred at epoch 117. Expected parameter loc (Tensor of shape (256, 610, 5, 8)) of distribution Normal(loc: torch.Size([256, 610, 5, 8]), scale: torch.Size([256, 610, 5, 8])) to satisfy the constraint Real(), but found invalid values:
tensor([[[[nan, nan, nan,  ..., nan, nan, nan],
          [nan, nan, nan,  ..., nan, na
2024-05-07 22:24:16,902 - Restoring model from epoch 117
2024-05-07 22:24:31,312 - Epoch [115/250], Loss: -26.5870 (-26.9346, 0.1175, 0.2301)
2024-05-07 22:24:31,313 -      ETA: 00:01:17.79
2024-05-07 22:24:35,911 - Exception occurred at epoch 117. Expected parameter loc (Tensor of shape (256, 729, 5, 8)) of distribution Normal(loc: torch.Size([256, 729, 5, 8]), scale: torch.Size([256, 729, 5, 8])) to satisfy the constraint Real(), but found invalid values:
tensor([[[[nan, nan, nan,  ..., nan, nan, nan],
          [nan, nan, nan,  ..., nan, na
2024-05-07 22:24:35,911 - Restoring model from epoch 117
2024-05-07 22:24:37,225 - Exception occurred at epoch 116. Expected parameter loc (Tensor of shape (256, 540, 5, 8)) of distribution Normal(loc: torch.Size([256, 540, 5, 8]), scale: torch.Size([256, 540, 5, 8])) to satisfy the constraint Real(), but found invalid values:
tensor([[[[nan, nan, nan,  ..., nan, nan, nan],
          [nan, nan, nan,  ..., nan, na
2024-05-07 22:24:37,225 - Restoring model from epoch 116
2024-05-07 22:24:38,943 - Exception occurred at epoch 116. Expected parameter loc (Tensor of shape (256, 616, 5, 8)) of distribution Normal(loc: torch.Size([256, 616, 5, 8]), scale: torch.Size([256, 616, 5, 8])) to satisfy the constraint Real(), but found invalid values:
tensor([[[[nan, nan, nan,  ..., nan, nan, nan],
          [nan, nan, nan,  ..., nan, na
2024-05-07 22:24:38,943 - Restoring model from epoch 116
2024-05-07 22:24:42,662 - Exception occurred at epoch 117. Expected parameter loc (Tensor of shape (256, 540, 5, 8)) of distribution Normal(loc: torch.Size([256, 540, 5, 8]), scale: torch.Size([256, 540, 5, 8])) to satisfy the constraint Real(), but found invalid values:
tensor([[[[nan, nan, nan,  ..., nan, nan, nan],
          [nan, nan, nan,  ..., nan, na
2024-05-07 22:24:42,662 - Restoring model from epoch 117
