2024-05-07 21:52:03,464 - Using cuda
2024-05-07 21:52:17,410 - Epoch [5/250], Loss: -13.7398 (-15.6644, 0.1563, 1.7683)
2024-05-07 21:52:17,411 -      ETA: 00:02:16.70
2024-05-07 21:52:31,359 - Epoch [10/250], Loss: -17.5092 (-18.7351, 0.1492, 1.0767)
2024-05-07 21:52:31,359 -      ETA: 00:02:14.03
2024-05-07 21:52:45,389 - Epoch [15/250], Loss: -19.8006 (-20.6417, 0.1471, 0.6940)
2024-05-07 21:52:45,389 -      ETA: 00:02:11.76
2024-05-07 21:52:59,401 - Epoch [20/250], Loss: -19.5989 (-20.2998, 0.1307, 0.5701)
2024-05-07 21:52:59,402 -      ETA: 00:02:09.08
2024-05-07 21:53:13,425 - Epoch [25/250], Loss: -21.5181 (-22.1671, 0.1434, 0.5056)
2024-05-07 21:53:13,425 -      ETA: 00:02:06.63
2024-05-07 21:53:27,413 - Epoch [30/250], Loss: -21.8412 (-22.4203, 0.1386, 0.4405)
2024-05-07 21:53:27,413 -      ETA: 00:02:03.28
2024-05-07 21:53:41,436 - Epoch [35/250], Loss: -20.7536 (-21.3012, 0.1435, 0.4041)
2024-05-07 21:53:41,436 -      ETA: 00:02:00.94
2024-05-07 21:53:55,435 - Epoch [40/250], Loss: -22.2834 (-22.8552, 0.1264, 0.4454)
2024-05-07 21:53:55,435 -      ETA: 00:01:57.72
2024-05-07 21:54:09,431 - Epoch [45/250], Loss: -23.8945 (-24.3610, 0.1261, 0.3405)
2024-05-07 21:54:09,431 -      ETA: 00:01:54.86
2024-05-07 21:54:23,451 - Epoch [50/250], Loss: -23.4918 (-23.9679, 0.1365, 0.3396)
2024-05-07 21:54:23,451 -      ETA: 00:01:52.26
2024-05-07 21:54:23,493 - == NETWORK SAVED

2024-05-07 21:54:37,487 - Epoch [55/250], Loss: -23.5317 (-24.0022, 0.1314, 0.3391)
2024-05-07 21:54:37,488 -      ETA: 00:01:49.41
2024-05-07 21:54:51,516 - Epoch [60/250], Loss: -24.2439 (-24.7015, 0.1263, 0.3313)
2024-05-07 21:54:51,517 -      ETA: 00:01:46.60
2024-05-07 21:55:05,531 - Epoch [65/250], Loss: -24.2915 (-24.6898, 0.1162, 0.2821)
2024-05-07 21:55:05,531 -      ETA: 00:01:43.81
2024-05-07 21:55:19,533 - Epoch [70/250], Loss: -24.6530 (-25.0820, 0.1266, 0.3023)
2024-05-07 21:55:19,533 -      ETA: 00:01:40.91
2024-05-07 21:55:33,519 - Epoch [75/250], Loss: -25.4788 (-25.8629, 0.1212, 0.2629)
2024-05-07 21:55:33,519 -      ETA: 00:01:38.03
2024-05-07 21:55:47,510 - Epoch [80/250], Loss: -25.1346 (-25.5199, 0.1149, 0.2704)
2024-05-07 21:55:47,511 -      ETA: 00:01:35.28
2024-05-07 21:56:01,504 - Epoch [85/250], Loss: -25.0682 (-25.4032, 0.1101, 0.2248)
2024-05-07 21:56:01,504 -      ETA: 00:01:32.37
2024-05-07 21:56:15,486 - Epoch [90/250], Loss: -24.9279 (-25.4460, 0.1311, 0.3870)
2024-05-07 21:56:15,486 -      ETA: 00:01:29.53
2024-05-07 21:56:29,491 - Epoch [95/250], Loss: -26.3575 (-26.7310, 0.1197, 0.2538)
2024-05-07 21:56:29,491 -      ETA: 00:01:26.95
2024-05-07 21:56:43,497 - Epoch [100/250], Loss: -25.1450 (-25.5535, 0.1190, 0.2894)
2024-05-07 21:56:43,498 -      ETA: 00:01:24.13
2024-05-07 21:56:43,559 - == NETWORK SAVED

2024-05-07 21:56:57,538 - Epoch [105/250], Loss: -25.8961 (-26.2684, 0.1105, 0.2618)
2024-05-07 21:56:57,539 -      ETA: 00:01:21.35
2024-05-07 21:57:11,540 - Epoch [110/250], Loss: -25.7750 (-26.1324, 0.1178, 0.2396)
2024-05-07 21:57:11,540 -      ETA: 00:01:18.46
2024-05-07 21:57:25,551 - Epoch [115/250], Loss: -26.6761 (-27.0070, 0.1086, 0.2223)
2024-05-07 21:57:25,551 -      ETA: 00:01:15.65
2024-05-07 21:57:39,562 - Epoch [120/250], Loss: -27.0882 (-27.4222, 0.1159, 0.2181)
2024-05-07 21:57:39,563 -      ETA: 00:01:12.95
2024-05-07 21:57:53,571 - Epoch [125/250], Loss: -27.2172 (-27.5271, 0.1138, 0.1962)
2024-05-07 21:57:53,572 -      ETA: 00:01:10.14
2024-05-07 21:58:07,576 - Epoch [130/250], Loss: -27.0696 (-27.3982, 0.1132, 0.2154)
2024-05-07 21:58:07,576 -      ETA: 00:01:07.19
2024-05-07 21:58:21,564 - Epoch [135/250], Loss: -27.8077 (-28.1043, 0.0998, 0.1967)
2024-05-07 21:58:21,565 -      ETA: 00:01:04.44
2024-05-07 21:58:35,576 - Epoch [140/250], Loss: -27.2296 (-27.5185, 0.1004, 0.1884)
2024-05-07 21:58:35,576 -      ETA: 00:01:01.74
2024-05-07 21:58:49,580 - Epoch [145/250], Loss: -27.6154 (-27.9003, 0.0977, 0.1872)
2024-05-07 21:58:49,580 -      ETA: 00:00:58.70
2024-05-07 21:59:03,565 - Epoch [150/250], Loss: -27.5285 (-27.8243, 0.0972, 0.1985)
2024-05-07 21:59:03,565 -      ETA: 00:00:55.95
2024-05-07 21:59:03,637 - == NETWORK SAVED

2024-05-07 21:59:17,597 - Epoch [155/250], Loss: -28.1491 (-28.4465, 0.1047, 0.1927)
2024-05-07 21:59:17,597 -      ETA: 00:00:53.16
2024-05-07 21:59:31,590 - Epoch [160/250], Loss: -28.4342 (-28.7352, 0.1045, 0.1965)
2024-05-07 21:59:31,590 -      ETA: 00:00:50.41
2024-05-07 21:59:45,567 - Epoch [165/250], Loss: -27.4919 (-27.7997, 0.1044, 0.2035)
2024-05-07 21:59:45,567 -      ETA: 00:00:47.59
2024-05-07 21:59:59,542 - Epoch [170/250], Loss: -26.5544 (-26.8964, 0.1049, 0.2371)
2024-05-07 21:59:59,542 -      ETA: 00:00:44.73
2024-05-07 22:00:13,527 - Epoch [175/250], Loss: -28.1345 (-28.4060, 0.1031, 0.1684)
2024-05-07 22:00:13,527 -      ETA: 00:00:41.94
2024-05-07 22:00:27,513 - Epoch [180/250], Loss: -28.6130 (-28.8958, 0.0999, 0.1829)
2024-05-07 22:00:27,514 -      ETA: 00:00:39.19
2024-05-07 22:00:41,505 - Epoch [185/250], Loss: -28.3529 (-28.6249, 0.0982, 0.1737)
2024-05-07 22:00:41,505 -      ETA: 00:00:36.41
2024-05-07 22:00:55,480 - Epoch [190/250], Loss: -28.5213 (-28.8031, 0.1003, 0.1815)
2024-05-07 22:00:55,480 -      ETA: 00:00:33.54
2024-05-07 22:01:09,476 - Epoch [195/250], Loss: -28.8103 (-29.0870, 0.0998, 0.1769)
2024-05-07 22:01:09,476 -      ETA: 00:00:30.78
2024-05-07 22:01:23,479 - Epoch [200/250], Loss: -29.2628 (-29.5329, 0.0969, 0.1732)
2024-05-07 22:01:23,479 -      ETA: 00:00:27.99
2024-05-07 22:01:23,567 - == NETWORK SAVED

2024-05-07 22:01:37,531 - Epoch [205/250], Loss: -28.2694 (-28.5333, 0.0955, 0.1684)
2024-05-07 22:01:37,532 -      ETA: 00:00:25.18
2024-05-07 22:01:51,525 - Epoch [210/250], Loss: -29.2300 (-29.4908, 0.0972, 0.1636)
2024-05-07 22:01:51,525 -      ETA: 00:00:22.40
2024-05-07 22:02:05,509 - Epoch [215/250], Loss: -29.4193 (-29.6576, 0.0868, 0.1516)
2024-05-07 22:02:05,510 -      ETA: 00:00:19.57
2024-05-07 22:02:19,508 - Epoch [220/250], Loss: -28.9687 (-29.2306, 0.0980, 0.1639)
2024-05-07 22:02:19,509 -      ETA: 00:00:16.81
2024-05-07 22:02:33,494 - Epoch [225/250], Loss: -29.1221 (-29.3581, 0.0856, 0.1505)
2024-05-07 22:02:33,495 -      ETA: 00:00:13.98
2024-05-07 22:02:43,565 - Exception occurred at epoch 229. Expected parameter loc (Tensor of shape (256, 506, 5, 8)) of distribution Normal(loc: torch.Size([256, 506, 5, 8]), scale: torch.Size([256, 506, 5, 8])) to satisfy the constraint Real(), but found invalid values:
tensor([[[[nan, nan, nan,  ..., nan, nan, nan],
          [nan, nan, nan,  ..., nan, na
2024-05-07 22:02:43,566 - Restoring model from epoch 229
2024-05-07 22:02:57,563 - Epoch [230/250], Loss: -29.9261 (-30.1866, 0.0944, 0.1661)
2024-05-07 22:02:57,563 -      ETA: 00:00:11.17
2024-05-07 22:03:11,548 - Epoch [235/250], Loss: -29.3459 (-29.5818, 0.0850, 0.1510)
2024-05-07 22:03:11,548 -      ETA: 00:00:08.38
2024-05-07 22:03:25,496 - Epoch [240/250], Loss: -29.6450 (-29.9155, 0.0988, 0.1717)
2024-05-07 22:03:25,496 -      ETA: 00:00:05.57
2024-05-07 22:03:39,436 - Epoch [245/250], Loss: -29.9100 (-30.1600, 0.0899, 0.1601)
2024-05-07 22:03:39,436 -      ETA: 00:00:02.79
2024-05-07 22:03:53,400 - Epoch [250/250], Loss: -29.6993 (-29.9459, 0.0890, 0.1576)
2024-05-07 22:03:53,401 -      ETA: 00:00:00.00
2024-05-07 22:03:53,502 - == NETWORK SAVED

