2024-05-07 21:52:02,146 - Using cuda
2024-05-07 21:52:09,813 - Epoch [5/250], Loss: -13.2981 (-14.8220, 0.1486, 1.3753)
2024-05-07 21:52:09,813 -      ETA: 00:01:14.92
2024-05-07 21:52:17,470 - Epoch [10/250], Loss: -16.4266 (-17.4343, 0.1559, 0.8518)
2024-05-07 21:52:17,470 -      ETA: 00:01:13.87
2024-05-07 21:52:25,148 - Epoch [15/250], Loss: -19.0534 (-19.7719, 0.1371, 0.5813)
2024-05-07 21:52:25,148 -      ETA: 00:01:12.34
2024-05-07 21:52:32,869 - Epoch [20/250], Loss: -20.1836 (-20.7701, 0.1389, 0.4477)
2024-05-07 21:52:32,869 -      ETA: 00:01:11.20
2024-05-07 21:52:40,641 - Epoch [25/250], Loss: -21.4976 (-21.9865, 0.1364, 0.3525)
2024-05-07 21:52:40,641 -      ETA: 00:01:09.59
2024-05-07 21:52:48,405 - Epoch [30/250], Loss: -21.7505 (-22.2120, 0.1553, 0.3061)
2024-05-07 21:52:48,405 -      ETA: 00:01:08.16
2024-05-07 21:52:56,158 - Epoch [35/250], Loss: -21.4745 (-21.8468, 0.1281, 0.2441)
2024-05-07 21:52:56,158 -      ETA: 00:01:06.70
2024-05-07 21:53:03,912 - Epoch [40/250], Loss: -22.2902 (-22.6623, 0.1361, 0.2360)
2024-05-07 21:53:03,913 -      ETA: 00:01:05.23
2024-05-07 21:53:11,707 - Epoch [45/250], Loss: -23.0856 (-23.4097, 0.1256, 0.1985)
2024-05-07 21:53:11,707 -      ETA: 00:01:04.02
2024-05-07 21:53:19,504 - Epoch [50/250], Loss: -23.6921 (-24.0335, 0.1364, 0.2051)
2024-05-07 21:53:19,504 -      ETA: 00:01:02.36
2024-05-07 21:53:19,544 - == NETWORK SAVED

2024-05-07 21:53:27,337 - Epoch [55/250], Loss: -23.4064 (-23.7450, 0.1316, 0.2070)
2024-05-07 21:53:27,337 -      ETA: 00:01:00.90
2024-05-07 21:53:35,140 - Epoch [60/250], Loss: -24.2283 (-24.5525, 0.1322, 0.1919)
2024-05-07 21:53:35,141 -      ETA: 00:00:59.34
2024-05-07 21:53:42,938 - Epoch [65/250], Loss: -24.6223 (-24.9418, 0.1313, 0.1882)
2024-05-07 21:53:42,938 -      ETA: 00:00:57.70
2024-05-07 21:53:50,781 - Epoch [70/250], Loss: -23.3249 (-23.6186, 0.1194, 0.1743)
2024-05-07 21:53:50,781 -      ETA: 00:00:56.10
2024-05-07 21:53:58,573 - Epoch [75/250], Loss: -24.0811 (-24.3829, 0.1220, 0.1799)
2024-05-07 21:53:58,573 -      ETA: 00:00:54.63
2024-05-07 21:54:06,358 - Epoch [80/250], Loss: -24.8785 (-25.1668, 0.1211, 0.1672)
2024-05-07 21:54:06,359 -      ETA: 00:00:52.86
2024-05-07 21:54:14,144 - Epoch [85/250], Loss: -25.2745 (-25.5660, 0.1306, 0.1609)
2024-05-07 21:54:14,144 -      ETA: 00:00:51.35
2024-05-07 21:54:21,929 - Epoch [90/250], Loss: -25.4877 (-25.8005, 0.1400, 0.1728)
2024-05-07 21:54:21,929 -      ETA: 00:00:49.87
2024-05-07 21:54:29,714 - Epoch [95/250], Loss: -25.9581 (-26.2359, 0.1250, 0.1528)
2024-05-07 21:54:29,714 -      ETA: 00:00:48.24
2024-05-07 21:54:37,501 - Epoch [100/250], Loss: -26.0856 (-26.3730, 0.1284, 0.1591)
2024-05-07 21:54:37,501 -      ETA: 00:00:46.80
2024-05-07 21:54:37,547 - == NETWORK SAVED

2024-05-07 21:54:45,332 - Epoch [105/250], Loss: -26.1757 (-26.4305, 0.1129, 0.1419)
2024-05-07 21:54:45,332 -      ETA: 00:00:45.23
2024-05-07 21:54:53,132 - Epoch [110/250], Loss: -26.2355 (-26.5132, 0.1151, 0.1626)
2024-05-07 21:54:53,132 -      ETA: 00:00:43.64
2024-05-07 21:55:00,931 - Epoch [115/250], Loss: -26.9336 (-27.1889, 0.1217, 0.1337)
2024-05-07 21:55:00,931 -      ETA: 00:00:42.14
2024-05-07 21:55:08,723 - Epoch [120/250], Loss: -26.4722 (-26.7410, 0.1276, 0.1412)
2024-05-07 21:55:08,723 -      ETA: 00:00:40.50
2024-05-07 21:55:16,521 - Epoch [125/250], Loss: -26.8624 (-27.1274, 0.1213, 0.1436)
2024-05-07 21:55:16,521 -      ETA: 00:00:38.99
2024-05-07 21:55:24,320 - Epoch [130/250], Loss: -27.1753 (-27.4269, 0.1192, 0.1323)
2024-05-07 21:55:24,320 -      ETA: 00:00:37.39
2024-05-07 21:55:32,114 - Epoch [135/250], Loss: -27.2738 (-27.4997, 0.1061, 0.1198)
2024-05-07 21:55:32,114 -      ETA: 00:00:35.87
2024-05-07 21:55:39,920 - Epoch [140/250], Loss: -27.7533 (-28.0100, 0.1234, 0.1334)
2024-05-07 21:55:39,920 -      ETA: 00:00:34.34
2024-05-07 21:55:47,725 - Epoch [145/250], Loss: -27.9537 (-28.1743, 0.1085, 0.1121)
2024-05-07 21:55:47,725 -      ETA: 00:00:32.79
2024-05-07 21:55:55,529 - Epoch [150/250], Loss: -27.9615 (-28.2048, 0.1099, 0.1334)
2024-05-07 21:55:55,529 -      ETA: 00:00:31.24
2024-05-07 21:55:55,604 - == NETWORK SAVED

2024-05-07 21:56:03,385 - Epoch [155/250], Loss: -27.5975 (-27.8194, 0.1106, 0.1112)
2024-05-07 21:56:03,385 -      ETA: 00:00:29.66
2024-05-07 21:56:11,189 - Epoch [160/250], Loss: -28.3829 (-28.5806, 0.1015, 0.0962)
2024-05-07 21:56:11,189 -      ETA: 00:00:28.03
2024-05-07 21:56:18,986 - Epoch [165/250], Loss: -28.3797 (-28.5855, 0.1023, 0.1035)
2024-05-07 21:56:18,986 -      ETA: 00:00:26.49
2024-05-07 21:56:26,784 - Epoch [170/250], Loss: -28.2342 (-28.4467, 0.1120, 0.1005)
2024-05-07 21:56:26,784 -      ETA: 00:00:24.96
2024-05-07 21:56:34,602 - Epoch [175/250], Loss: -28.1616 (-28.3710, 0.1058, 0.1036)
2024-05-07 21:56:34,602 -      ETA: 00:00:23.51
2024-05-07 21:56:38,744 - Exception occurred at epoch 178. Expected parameter loc (Tensor of shape (256, 503, 5, 8)) of distribution Normal(loc: torch.Size([256, 503, 5, 8]), scale: torch.Size([256, 503, 5, 8])) to satisfy the constraint Real(), but found invalid values:
tensor([[[[nan, nan, nan,  ..., nan, nan, nan],
          [nan, nan, nan,  ..., nan, na
2024-05-07 21:56:38,744 - Restoring model from epoch 178
2024-05-07 21:56:46,607 - Epoch [180/250], Loss: -28.8190 (-29.0167, 0.1016, 0.0961)
2024-05-07 21:56:46,607 -      ETA: 00:00:21.98
2024-05-07 21:56:54,452 - Epoch [185/250], Loss: -28.7098 (-28.9223, 0.1049, 0.1076)
2024-05-07 21:56:54,453 -      ETA: 00:00:20.38
2024-05-07 21:56:58,527 - Exception occurred at epoch 188. Expected parameter loc (Tensor of shape (256, 440, 5, 8)) of distribution Normal(loc: torch.Size([256, 440, 5, 8]), scale: torch.Size([256, 440, 5, 8])) to satisfy the constraint Real(), but found invalid values:
tensor([[[[nan, nan, nan,  ..., nan, nan, nan],
          [nan, nan, nan,  ..., nan, na
2024-05-07 21:56:58,527 - Restoring model from epoch 188
2024-05-07 21:57:00,805 - Exception occurred at epoch 187. Expected parameter loc (Tensor of shape (256, 580, 5, 8)) of distribution Normal(loc: torch.Size([256, 580, 5, 8]), scale: torch.Size([256, 580, 5, 8])) to satisfy the constraint Real(), but found invalid values:
tensor([[[[nan, nan, nan,  ..., nan, nan, nan],
          [nan, nan, nan,  ..., nan, na
2024-05-07 21:57:00,805 - Restoring model from epoch 187
2024-05-07 21:57:06,159 - Exception occurred at epoch 189. Expected parameter loc (Tensor of shape (256, 516, 5, 8)) of distribution Normal(loc: torch.Size([256, 516, 5, 8]), scale: torch.Size([256, 516, 5, 8])) to satisfy the constraint Real(), but found invalid values:
tensor([[[[nan, nan, nan,  ..., nan, nan, nan],
          [nan, nan, nan,  ..., nan, na
2024-05-07 21:57:06,160 - Restoring model from epoch 189
2024-05-07 21:57:08,982 - Exception occurred at epoch 187. Expected parameter loc (Tensor of shape (256, 631, 5, 8)) of distribution Normal(loc: torch.Size([256, 631, 5, 8]), scale: torch.Size([256, 631, 5, 8])) to satisfy the constraint Real(), but found invalid values:
tensor([[[[nan, nan, nan,  ..., nan, nan, nan],
          [nan, nan, nan,  ..., nan, na
2024-05-07 21:57:08,982 - Restoring model from epoch 187
2024-05-07 21:57:12,704 - Exception occurred at epoch 183. Expected parameter loc (Tensor of shape (256, 592, 5, 8)) of distribution Normal(loc: torch.Size([256, 592, 5, 8]), scale: torch.Size([256, 592, 5, 8])) to satisfy the constraint Real(), but found invalid values:
tensor([[[[nan, nan, nan,  ..., nan, nan, nan],
          [nan, nan, nan,  ..., nan, na
2024-05-07 21:57:12,704 - Restoring model from epoch 183
2024-05-07 21:57:15,385 - Exception occurred at epoch 182. Expected parameter loc (Tensor of shape (256, 516, 5, 8)) of distribution Normal(loc: torch.Size([256, 516, 5, 8]), scale: torch.Size([256, 516, 5, 8])) to satisfy the constraint Real(), but found invalid values:
tensor([[[[nan, nan, nan,  ..., nan, nan, nan],
          [nan, nan, nan,  ..., nan, na
2024-05-07 21:57:15,385 - Restoring model from epoch 182
2024-05-07 21:57:16,999 - Exception occurred at epoch 182. Expected parameter loc (Tensor of shape (256, 777, 5, 8)) of distribution Normal(loc: torch.Size([256, 777, 5, 8]), scale: torch.Size([256, 777, 5, 8])) to satisfy the constraint Real(), but found invalid values:
tensor([[[[nan, nan, nan,  ..., nan, nan, nan],
          [nan, nan, nan,  ..., nan, na
2024-05-07 21:57:16,999 - Restoring model from epoch 182
2024-05-07 21:57:24,855 - Epoch [180/250], Loss: -28.4333 (-28.6424, 0.1032, 0.1059)
2024-05-07 21:57:24,855 -      ETA: 00:00:21.96
2024-05-07 21:57:28,237 - Exception occurred at epoch 183. Expected parameter loc (Tensor of shape (256, 777, 5, 8)) of distribution Normal(loc: torch.Size([256, 777, 5, 8]), scale: torch.Size([256, 777, 5, 8])) to satisfy the constraint Real(), but found invalid values:
tensor([[[[nan, nan, nan,  ..., nan, nan, nan],
          [nan, nan, nan,  ..., nan, na
2024-05-07 21:57:28,237 - Restoring model from epoch 183
2024-05-07 21:57:36,085 - Epoch [185/250], Loss: -28.4098 (-28.6058, 0.0984, 0.0977)
2024-05-07 21:57:36,085 -      ETA: 00:00:20.39
2024-05-07 21:57:40,369 - Exception occurred at epoch 188. Expected parameter loc (Tensor of shape (256, 914, 5, 8)) of distribution Normal(loc: torch.Size([256, 914, 5, 8]), scale: torch.Size([256, 914, 5, 8])) to satisfy the constraint Real(), but found invalid values:
tensor([[[[nan, nan, nan,  ..., nan, nan, nan],
          [nan, nan, nan,  ..., nan, na
2024-05-07 21:57:40,369 - Restoring model from epoch 188
2024-05-07 21:57:41,675 - Exception occurred at epoch 186. Expected parameter loc (Tensor of shape (256, 801, 5, 8)) of distribution Normal(loc: torch.Size([256, 801, 5, 8]), scale: torch.Size([256, 801, 5, 8])) to satisfy the constraint Real(), but found invalid values:
tensor([[[[nan, nan, nan,  ..., nan, nan, nan],
          [nan, nan, nan,  ..., nan, na
2024-05-07 21:57:41,675 - Restoring model from epoch 186
2024-05-07 21:57:46,566 - Exception occurred at epoch 189. Expected parameter loc (Tensor of shape (256, 516, 5, 8)) of distribution Normal(loc: torch.Size([256, 516, 5, 8]), scale: torch.Size([256, 516, 5, 8])) to satisfy the constraint Real(), but found invalid values:
tensor([[[[nan, nan, nan,  ..., nan, nan, nan],
          [nan, nan, nan,  ..., nan, na
2024-05-07 21:57:46,567 - Restoring model from epoch 189
2024-05-07 21:57:51,426 - Exception occurred at epoch 189. Expected parameter loc (Tensor of shape (256, 440, 5, 8)) of distribution Normal(loc: torch.Size([256, 440, 5, 8]), scale: torch.Size([256, 440, 5, 8])) to satisfy the constraint Real(), but found invalid values:
tensor([[[[nan, nan, nan,  ..., nan, nan, nan],
          [nan, nan, nan,  ..., nan, na
2024-05-07 21:57:51,426 - Restoring model from epoch 189
2024-05-07 21:57:55,090 - Exception occurred at epoch 183. Expected parameter loc (Tensor of shape (256, 970, 5, 8)) of distribution Normal(loc: torch.Size([256, 970, 5, 8]), scale: torch.Size([256, 970, 5, 8])) to satisfy the constraint Real(), but found invalid values:
tensor([[[[nan, nan, nan,  ..., nan, nan, nan],
          [nan, nan, nan,  ..., nan, na
2024-05-07 21:57:55,090 - Restoring model from epoch 183
2024-05-07 21:58:02,935 - Epoch [185/250], Loss: -28.5612 (-28.7654, 0.1023, 0.1019)
2024-05-07 21:58:02,935 -      ETA: 00:00:20.34
2024-05-07 21:58:03,518 - Exception occurred at epoch 186. Expected parameter loc (Tensor of shape (256, 631, 5, 8)) of distribution Normal(loc: torch.Size([256, 631, 5, 8]), scale: torch.Size([256, 631, 5, 8])) to satisfy the constraint Real(), but found invalid values:
tensor([[[[nan, nan, nan,  ..., nan, nan, nan],
          [nan, nan, nan,  ..., nan, na
2024-05-07 21:58:03,519 - Restoring model from epoch 186
2024-05-07 21:58:06,842 - Exception occurred at epoch 188. Expected parameter loc (Tensor of shape (256, 481, 5, 8)) of distribution Normal(loc: torch.Size([256, 481, 5, 8]), scale: torch.Size([256, 481, 5, 8])) to satisfy the constraint Real(), but found invalid values:
tensor([[[[nan, nan, nan,  ..., nan, nan, nan],
          [nan, nan, nan,  ..., nan, na
2024-05-07 21:58:06,842 - Restoring model from epoch 188
2024-05-07 21:58:07,961 - Exception occurred at epoch 186. Expected parameter loc (Tensor of shape (256, 592, 5, 8)) of distribution Normal(loc: torch.Size([256, 592, 5, 8]), scale: torch.Size([256, 592, 5, 8])) to satisfy the constraint Real(), but found invalid values:
tensor([[[[nan, nan, nan,  ..., nan, nan, nan],
          [nan, nan, nan,  ..., nan, na
2024-05-07 21:58:07,961 - Restoring model from epoch 186
2024-05-07 21:58:08,661 - Exception occurred at epoch 186. Expected parameter loc (Tensor of shape (256, 729, 5, 8)) of distribution Normal(loc: torch.Size([256, 729, 5, 8]), scale: torch.Size([256, 729, 5, 8])) to satisfy the constraint Real(), but found invalid values:
tensor([[[[nan, nan, nan,  ..., nan, nan, nan],
          [nan, nan, nan,  ..., nan, na
2024-05-07 21:58:08,661 - Restoring model from epoch 186
2024-05-07 21:58:16,516 - Epoch [180/250], Loss: -28.4663 (-28.6665, 0.0990, 0.1011)
2024-05-07 21:58:16,516 -      ETA: 00:00:22.01
2024-05-07 21:58:24,381 - Epoch [185/250], Loss: -28.8752 (-29.0668, 0.0957, 0.0959)
2024-05-07 21:58:24,381 -      ETA: 00:00:20.42
2024-05-07 21:58:27,524 - Exception occurred at epoch 187. Expected parameter loc (Tensor of shape (256, 575, 5, 8)) of distribution Normal(loc: torch.Size([256, 575, 5, 8]), scale: torch.Size([256, 575, 5, 8])) to satisfy the constraint Real(), but found invalid values:
tensor([[[[nan, nan, nan,  ..., nan, nan, nan],
          [nan, nan, nan,  ..., nan, na
2024-05-07 21:58:27,524 - Restoring model from epoch 187
2024-05-07 21:58:34,947 - Exception occurred at epoch 190. Expected parameter loc (Tensor of shape (256, 580, 5, 8)) of distribution Normal(loc: torch.Size([256, 580, 5, 8]), scale: torch.Size([256, 580, 5, 8])) to satisfy the constraint Real(), but found invalid values:
tensor([[[[nan, nan, nan,  ..., nan, nan, nan],
          [nan, nan, nan,  ..., nan, na
2024-05-07 21:58:34,947 - Restoring model from epoch 190
2024-05-07 21:58:35,247 - Exception occurred at epoch 186. Expected parameter loc (Tensor of shape (256, 503, 5, 8)) of distribution Normal(loc: torch.Size([256, 503, 5, 8]), scale: torch.Size([256, 503, 5, 8])) to satisfy the constraint Real(), but found invalid values:
tensor([[[[nan, nan, nan,  ..., nan, nan, nan],
          [nan, nan, nan,  ..., nan, na
2024-05-07 21:58:35,247 - Restoring model from epoch 186
2024-05-07 21:58:39,497 - Exception occurred at epoch 188. Expected parameter loc (Tensor of shape (256, 625, 5, 8)) of distribution Normal(loc: torch.Size([256, 625, 5, 8]), scale: torch.Size([256, 625, 5, 8])) to satisfy the constraint Real(), but found invalid values:
tensor([[[[nan, nan, nan,  ..., nan, nan, nan],
          [nan, nan, nan,  ..., nan, na
2024-05-07 21:58:39,497 - Restoring model from epoch 188
2024-05-07 21:58:43,282 - Exception occurred at epoch 183. Expected parameter loc (Tensor of shape (256, 660, 5, 8)) of distribution Normal(loc: torch.Size([256, 660, 5, 8]), scale: torch.Size([256, 660, 5, 8])) to satisfy the constraint Real(), but found invalid values:
tensor([[[[nan, nan, nan,  ..., nan, nan, nan],
          [nan, nan, nan,  ..., nan, na
2024-05-07 21:58:43,282 - Restoring model from epoch 183
2024-05-07 21:58:50,511 - Exception occurred at epoch 185. Expected parameter loc (Tensor of shape (256, 616, 5, 8)) of distribution Normal(loc: torch.Size([256, 616, 5, 8]), scale: torch.Size([256, 616, 5, 8])) to satisfy the constraint Real(), but found invalid values:
tensor([[[[nan, nan, nan,  ..., nan, nan, nan],
          [nan, nan, nan,  ..., nan, na
2024-05-07 21:58:50,511 - Restoring model from epoch 185
2024-05-07 21:58:51,427 - Exception occurred at epoch 181. Expected parameter loc (Tensor of shape (256, 659, 5, 8)) of distribution Normal(loc: torch.Size([256, 659, 5, 8]), scale: torch.Size([256, 659, 5, 8])) to satisfy the constraint Real(), but found invalid values:
tensor([[[[nan, nan, nan,  ..., nan, nan, nan],
          [nan, nan, nan,  ..., nan, na
2024-05-07 21:58:51,427 - Restoring model from epoch 181
2024-05-07 21:58:59,306 - Epoch [175/250], Loss: -28.6302 (-28.8479, 0.1084, 0.1093)
2024-05-07 21:58:59,306 -      ETA: 00:00:23.65
2024-05-07 21:59:07,192 - Epoch [180/250], Loss: -29.0047 (-29.2282, 0.1138, 0.1097)
2024-05-07 21:59:07,192 -      ETA: 00:00:22.01
2024-05-07 21:59:08,777 - Exception occurred at epoch 181. Expected parameter loc (Tensor of shape (256, 503, 5, 8)) of distribution Normal(loc: torch.Size([256, 503, 5, 8]), scale: torch.Size([256, 503, 5, 8])) to satisfy the constraint Real(), but found invalid values:
tensor([[[[nan, nan, nan,  ..., nan, nan, nan],
          [nan, nan, nan,  ..., nan, na
2024-05-07 21:59:08,777 - Restoring model from epoch 181
2024-05-07 21:59:16,664 - Epoch [185/250], Loss: -28.9964 (-29.1876, 0.0957, 0.0955)
2024-05-07 21:59:16,664 -      ETA: 00:00:20.44
2024-05-07 21:59:21,505 - Exception occurred at epoch 189. Expected parameter loc (Tensor of shape (256, 631, 5, 8)) of distribution Normal(loc: torch.Size([256, 631, 5, 8]), scale: torch.Size([256, 631, 5, 8])) to satisfy the constraint Real(), but found invalid values:
tensor([[[[nan, nan, nan,  ..., nan, nan, nan],
          [nan, nan, nan,  ..., nan, na
2024-05-07 21:59:21,506 - Restoring model from epoch 189
2024-05-07 21:59:22,964 - Exception occurred at epoch 186. Expected parameter loc (Tensor of shape (256, 801, 5, 8)) of distribution Normal(loc: torch.Size([256, 801, 5, 8]), scale: torch.Size([256, 801, 5, 8])) to satisfy the constraint Real(), but found invalid values:
tensor([[[[nan, nan, nan,  ..., nan, nan, nan],
          [nan, nan, nan,  ..., nan, na
2024-05-07 21:59:22,964 - Restoring model from epoch 186
2024-05-07 21:59:24,438 - Exception occurred at epoch 186. Expected parameter loc (Tensor of shape (256, 516, 5, 8)) of distribution Normal(loc: torch.Size([256, 516, 5, 8]), scale: torch.Size([256, 516, 5, 8])) to satisfy the constraint Real(), but found invalid values:
tensor([[[[nan, nan, nan,  ..., nan, nan, nan],
          [nan, nan, nan,  ..., nan, na
2024-05-07 21:59:24,438 - Restoring model from epoch 186
2024-05-07 21:59:32,327 - Epoch [190/250], Loss: -27.9695 (-28.1773, 0.1052, 0.1025)
2024-05-07 21:59:32,327 -      ETA: 00:00:18.92
2024-05-07 21:59:34,042 - Exception occurred at epoch 192. Expected parameter loc (Tensor of shape (256, 503, 5, 8)) of distribution Normal(loc: torch.Size([256, 503, 5, 8]), scale: torch.Size([256, 503, 5, 8])) to satisfy the constraint Real(), but found invalid values:
tensor([[[[nan, nan, nan,  ..., nan, nan, nan],
          [nan, nan, nan,  ..., nan, na
2024-05-07 21:59:34,042 - Restoring model from epoch 192
2024-05-07 21:59:41,952 - Epoch [195/250], Loss: -28.7575 (-28.9590, 0.1015, 0.1000)
2024-05-07 21:59:41,953 -      ETA: 00:00:17.37
2024-05-07 21:59:43,223 - Exception occurred at epoch 196. Expected parameter loc (Tensor of shape (256, 665, 5, 8)) of distribution Normal(loc: torch.Size([256, 665, 5, 8]), scale: torch.Size([256, 665, 5, 8])) to satisfy the constraint Real(), but found invalid values:
tensor([[[[nan, nan, nan,  ..., nan, nan, nan],
          [nan, nan, nan,  ..., nan, na
2024-05-07 21:59:43,223 - Restoring model from epoch 196
2024-05-07 21:59:48,971 - Exception occurred at epoch 199. Expected parameter loc (Tensor of shape (256, 577, 5, 8)) of distribution Normal(loc: torch.Size([256, 577, 5, 8]), scale: torch.Size([256, 577, 5, 8])) to satisfy the constraint Real(), but found invalid values:
tensor([[[[nan, nan, nan,  ..., nan, nan, nan],
          [nan, nan, nan,  ..., nan, na
2024-05-07 21:59:48,971 - Restoring model from epoch 199
2024-05-07 21:59:56,860 - Epoch [200/250], Loss: -29.4844 (-29.6551, 0.1020, 0.0687)
2024-05-07 21:59:56,860 -      ETA: 00:00:15.79
2024-05-07 21:59:56,941 - == NETWORK SAVED

2024-05-07 22:00:04,806 - Epoch [205/250], Loss: -28.7435 (-28.9446, 0.1004, 0.1007)
2024-05-07 22:00:04,806 -      ETA: 00:00:14.19
2024-05-07 22:00:12,705 - Epoch [210/250], Loss: -29.4695 (-29.6499, 0.0884, 0.0920)
2024-05-07 22:00:12,705 -      ETA: 00:00:12.61
2024-05-07 22:00:20,599 - Epoch [215/250], Loss: -29.0676 (-29.2643, 0.1008, 0.0959)
2024-05-07 22:00:20,599 -      ETA: 00:00:11.04
2024-05-07 22:00:28,479 - Epoch [220/250], Loss: -29.0365 (-29.2180, 0.0923, 0.0892)
2024-05-07 22:00:28,479 -      ETA: 00:00:09.45
2024-05-07 22:00:36,371 - Epoch [225/250], Loss: -29.4714 (-29.6658, 0.0987, 0.0957)
2024-05-07 22:00:36,371 -      ETA: 00:00:07.89
2024-05-07 22:00:44,262 - Epoch [230/250], Loss: -29.2393 (-29.4152, 0.0928, 0.0831)
2024-05-07 22:00:44,262 -      ETA: 00:00:06.31
2024-05-07 22:00:52,163 - Epoch [235/250], Loss: -29.5614 (-29.7340, 0.0878, 0.0848)
2024-05-07 22:00:52,163 -      ETA: 00:00:04.74
2024-05-07 22:00:59,994 - Epoch [240/250], Loss: -29.5695 (-29.7521, 0.0930, 0.0895)
2024-05-07 22:00:59,994 -      ETA: 00:00:03.17
2024-05-07 22:01:07,913 - Epoch [245/250], Loss: -29.6856 (-29.8699, 0.0968, 0.0874)
2024-05-07 22:01:07,913 -      ETA: 00:00:01.58
2024-05-07 22:01:15,835 - Epoch [250/250], Loss: -29.9941 (-30.1721, 0.0925, 0.0855)
2024-05-07 22:01:15,835 -      ETA: 00:00:00.00
2024-05-07 22:01:15,919 - == NETWORK SAVED

