2024-05-07 21:52:03,521 - Using cuda
2024-05-07 21:52:17,447 - Epoch [5/250], Loss: -14.0208 (-15.9833, 0.1594, 1.8031)
2024-05-07 21:52:17,448 -      ETA: 00:02:16.14
2024-05-07 21:52:31,367 - Epoch [10/250], Loss: -18.0158 (-19.1694, 0.1411, 1.0124)
2024-05-07 21:52:31,367 -      ETA: 00:02:13.70
2024-05-07 21:52:45,315 - Epoch [15/250], Loss: -19.4836 (-20.3159, 0.1439, 0.6885)
2024-05-07 21:52:45,316 -      ETA: 00:02:11.01
2024-05-07 21:52:59,246 - Epoch [20/250], Loss: -20.5331 (-21.2171, 0.1421, 0.5419)
2024-05-07 21:52:59,247 -      ETA: 00:02:08.39
2024-05-07 21:53:13,184 - Epoch [25/250], Loss: -21.1208 (-21.7846, 0.1506, 0.5133)
2024-05-07 21:53:13,184 -      ETA: 00:02:05.82
2024-05-07 21:53:27,100 - Epoch [30/250], Loss: -21.7637 (-22.2851, 0.1361, 0.3852)
2024-05-07 21:53:27,100 -      ETA: 00:02:02.70
2024-05-07 21:53:41,075 - Epoch [35/250], Loss: -22.3994 (-22.8864, 0.1258, 0.3613)
2024-05-07 21:53:41,075 -      ETA: 00:02:00.72
2024-05-07 21:53:55,099 - Epoch [40/250], Loss: -23.5015 (-23.9828, 0.1307, 0.3507)
2024-05-07 21:53:55,099 -      ETA: 00:01:57.94
2024-05-07 21:54:09,125 - Epoch [45/250], Loss: -23.4411 (-23.9565, 0.1407, 0.3747)
2024-05-07 21:54:09,125 -      ETA: 00:01:55.23
2024-05-07 21:54:23,171 - Epoch [50/250], Loss: -23.6881 (-24.1472, 0.1325, 0.3267)
2024-05-07 21:54:23,172 -      ETA: 00:01:52.59
2024-05-07 21:54:23,216 - == NETWORK SAVED

2024-05-07 21:54:37,254 - Epoch [55/250], Loss: -24.2128 (-24.6291, 0.1191, 0.2973)
2024-05-07 21:54:37,254 -      ETA: 00:01:49.69
2024-05-07 21:54:51,313 - Epoch [60/250], Loss: -24.3138 (-24.7330, 0.1177, 0.3015)
2024-05-07 21:54:51,313 -      ETA: 00:01:46.83
2024-05-07 21:55:05,336 - Epoch [65/250], Loss: -25.2647 (-25.7181, 0.1367, 0.3168)
2024-05-07 21:55:05,336 -      ETA: 00:01:44.10
2024-05-07 21:55:19,375 - Epoch [70/250], Loss: -24.3961 (-24.8170, 0.1225, 0.2983)
2024-05-07 21:55:19,375 -      ETA: 00:01:41.24
2024-05-07 21:55:33,395 - Epoch [75/250], Loss: -24.4963 (-24.8689, 0.1131, 0.2595)
2024-05-07 21:55:33,395 -      ETA: 00:01:38.22
2024-05-07 21:55:47,440 - Epoch [80/250], Loss: -25.1714 (-25.5621, 0.1143, 0.2764)
2024-05-07 21:55:47,440 -      ETA: 00:01:35.76
2024-05-07 21:56:01,487 - Epoch [85/250], Loss: -25.8026 (-26.1868, 0.1174, 0.2667)
2024-05-07 21:56:01,488 -      ETA: 00:01:32.72
2024-05-07 21:56:15,503 - Epoch [90/250], Loss: -26.0459 (-26.4388, 0.1190, 0.2738)
2024-05-07 21:56:15,503 -      ETA: 00:01:29.87
2024-05-07 21:56:29,536 - Epoch [95/250], Loss: -26.4327 (-26.8158, 0.1204, 0.2627)
2024-05-07 21:56:29,536 -      ETA: 00:01:27.19
2024-05-07 21:56:43,573 - Epoch [100/250], Loss: -26.4962 (-26.8595, 0.1174, 0.2459)
2024-05-07 21:56:43,574 -      ETA: 00:01:24.26
2024-05-07 21:56:43,632 - == NETWORK SAVED

2024-05-07 21:56:57,658 - Epoch [105/250], Loss: -26.1624 (-26.5407, 0.1140, 0.2644)
2024-05-07 21:56:57,659 -      ETA: 00:01:21.56
2024-05-07 21:57:11,705 - Epoch [110/250], Loss: -27.2057 (-27.5718, 0.1188, 0.2473)
2024-05-07 21:57:11,705 -      ETA: 00:01:18.75
2024-05-07 21:57:25,758 - Epoch [115/250], Loss: -26.9925 (-27.3393, 0.1154, 0.2314)
2024-05-07 21:57:25,758 -      ETA: 00:01:15.93
2024-05-07 21:57:39,793 - Epoch [120/250], Loss: -26.8083 (-27.1638, 0.1163, 0.2392)
2024-05-07 21:57:39,793 -      ETA: 00:01:13.15
2024-05-07 21:57:53,850 - Epoch [125/250], Loss: -27.0867 (-27.4254, 0.1144, 0.2243)
2024-05-07 21:57:53,851 -      ETA: 00:01:10.31
2024-05-07 21:57:58,313 - Exception occurred at epoch 127. Expected parameter loc (Tensor of shape (256, 518, 5, 8)) of distribution Normal(loc: torch.Size([256, 518, 5, 8]), scale: torch.Size([256, 518, 5, 8])) to satisfy the constraint Real(), but found invalid values:
tensor([[[[nan, nan, nan,  ..., nan, nan, nan],
          [nan, nan, nan,  ..., nan, na
2024-05-07 21:57:58,313 - Restoring model from epoch 127
2024-05-07 21:58:12,423 - Epoch [130/250], Loss: -27.4210 (-27.7292, 0.1024, 0.2058)
2024-05-07 21:58:12,423 -      ETA: 00:01:07.35
2024-05-07 21:58:20,106 - Exception occurred at epoch 133. Expected parameter loc (Tensor of shape (256, 625, 5, 8)) of distribution Normal(loc: torch.Size([256, 625, 5, 8]), scale: torch.Size([256, 625, 5, 8])) to satisfy the constraint Real(), but found invalid values:
tensor([[[[nan, nan, nan,  ..., nan, nan, nan],
          [nan, nan, nan,  ..., nan, na
2024-05-07 21:58:20,106 - Restoring model from epoch 133
2024-05-07 21:58:22,390 - Exception occurred at epoch 131. Expected parameter loc (Tensor of shape (256, 440, 5, 8)) of distribution Normal(loc: torch.Size([256, 440, 5, 8]), scale: torch.Size([256, 440, 5, 8])) to satisfy the constraint Real(), but found invalid values:
tensor([[[[nan, nan, nan,  ..., nan, nan, nan],
          [nan, nan, nan,  ..., nan, na
2024-05-07 21:58:22,390 - Restoring model from epoch 131
2024-05-07 21:58:24,270 - Exception occurred at epoch 131. Expected parameter loc (Tensor of shape (256, 970, 5, 8)) of distribution Normal(loc: torch.Size([256, 970, 5, 8]), scale: torch.Size([256, 970, 5, 8])) to satisfy the constraint Real(), but found invalid values:
tensor([[[[nan, nan, nan,  ..., nan, nan, nan],
          [nan, nan, nan,  ..., nan, na
2024-05-07 21:58:24,270 - Restoring model from epoch 131
2024-05-07 21:58:31,720 - Exception occurred at epoch 133. Expected parameter loc (Tensor of shape (256, 813, 5, 8)) of distribution Normal(loc: torch.Size([256, 813, 5, 8]), scale: torch.Size([256, 813, 5, 8])) to satisfy the constraint Real(), but found invalid values:
tensor([[[[nan, nan, nan,  ..., nan, nan, nan],
          [nan, nan, nan,  ..., nan, na
2024-05-07 21:58:31,721 - Restoring model from epoch 133
2024-05-07 21:58:37,199 - Exception occurred at epoch 127. Expected parameter loc (Tensor of shape (256, 631, 5, 8)) of distribution Normal(loc: torch.Size([256, 631, 5, 8]), scale: torch.Size([256, 631, 5, 8])) to satisfy the constraint Real(), but found invalid values:
tensor([[[[nan, nan, nan,  ..., nan, nan, nan],
          [nan, nan, nan,  ..., nan, na
2024-05-07 21:58:37,199 - Restoring model from epoch 127
2024-05-07 21:58:41,729 - Exception occurred at epoch 127. Expected parameter loc (Tensor of shape (256, 506, 5, 8)) of distribution Normal(loc: torch.Size([256, 506, 5, 8]), scale: torch.Size([256, 506, 5, 8])) to satisfy the constraint Real(), but found invalid values:
tensor([[[[nan, nan, nan,  ..., nan, nan, nan],
          [nan, nan, nan,  ..., nan, na
2024-05-07 21:58:41,730 - Restoring model from epoch 127
2024-05-07 21:58:54,266 - Exception occurred at epoch 125. Expected parameter loc (Tensor of shape (256, 440, 5, 8)) of distribution Normal(loc: torch.Size([256, 440, 5, 8]), scale: torch.Size([256, 440, 5, 8])) to satisfy the constraint Real(), but found invalid values:
tensor([[[[nan, nan, nan,  ..., nan, nan, nan],
          [nan, nan, nan,  ..., nan, na
2024-05-07 21:58:54,267 - Restoring model from epoch 125
2024-05-07 21:59:08,384 - Epoch [125/250], Loss: -27.6053 (-27.9340, 0.1116, 0.2170)
2024-05-07 21:59:08,385 -      ETA: 00:01:10.46
2024-05-07 21:59:18,680 - Exception occurred at epoch 129. Expected parameter loc (Tensor of shape (256, 540, 5, 8)) of distribution Normal(loc: torch.Size([256, 540, 5, 8]), scale: torch.Size([256, 540, 5, 8])) to satisfy the constraint Real(), but found invalid values:
tensor([[[[nan, nan, nan,  ..., nan, nan, nan],
          [nan, nan, nan,  ..., nan, na
2024-05-07 21:59:18,680 - Restoring model from epoch 129
2024-05-07 21:59:28,128 - Exception occurred at epoch 129. Expected parameter loc (Tensor of shape (256, 729, 5, 8)) of distribution Normal(loc: torch.Size([256, 729, 5, 8]), scale: torch.Size([256, 729, 5, 8])) to satisfy the constraint Real(), but found invalid values:
tensor([[[[nan, nan, nan,  ..., nan, nan, nan],
          [nan, nan, nan,  ..., nan, na
2024-05-07 21:59:28,128 - Restoring model from epoch 129
2024-05-07 21:59:36,993 - Exception occurred at epoch 129. Expected parameter loc (Tensor of shape (256, 518, 5, 8)) of distribution Normal(loc: torch.Size([256, 518, 5, 8]), scale: torch.Size([256, 518, 5, 8])) to satisfy the constraint Real(), but found invalid values:
tensor([[[[nan, nan, nan,  ..., nan, nan, nan],
          [nan, nan, nan,  ..., nan, na
2024-05-07 21:59:36,993 - Restoring model from epoch 129
2024-05-07 21:59:42,459 - Exception occurred at epoch 127. Expected parameter loc (Tensor of shape (256, 592, 5, 8)) of distribution Normal(loc: torch.Size([256, 592, 5, 8]), scale: torch.Size([256, 592, 5, 8])) to satisfy the constraint Real(), but found invalid values:
tensor([[[[nan, nan, nan,  ..., nan, nan, nan],
          [nan, nan, nan,  ..., nan, na
2024-05-07 21:59:42,459 - Restoring model from epoch 127
2024-05-07 21:59:56,526 - Epoch [125/250], Loss: -27.2704 (-27.5886, 0.1120, 0.2063)
2024-05-07 21:59:56,526 -      ETA: 00:01:10.25
2024-05-07 22:00:10,578 - Epoch [130/250], Loss: -26.9930 (-27.2981, 0.1077, 0.1974)
2024-05-07 22:00:10,578 -      ETA: 00:01:07.45
2024-05-07 22:00:13,440 - Exception occurred at epoch 132. Expected parameter loc (Tensor of shape (256, 580, 5, 8)) of distribution Normal(loc: torch.Size([256, 580, 5, 8]), scale: torch.Size([256, 580, 5, 8])) to satisfy the constraint Real(), but found invalid values:
tensor([[[[nan, nan, nan,  ..., nan, nan, nan],
          [nan, nan, nan,  ..., nan, na
2024-05-07 22:00:13,440 - Restoring model from epoch 132
2024-05-07 22:00:17,951 - Exception occurred at epoch 132. Expected parameter loc (Tensor of shape (256, 610, 5, 8)) of distribution Normal(loc: torch.Size([256, 610, 5, 8]), scale: torch.Size([256, 610, 5, 8])) to satisfy the constraint Real(), but found invalid values:
tensor([[[[nan, nan, nan,  ..., nan, nan, nan],
          [nan, nan, nan,  ..., nan, na
2024-05-07 22:00:17,951 - Restoring model from epoch 132
2024-05-07 22:00:20,429 - Exception occurred at epoch 131. Expected parameter loc (Tensor of shape (256, 592, 5, 8)) of distribution Normal(loc: torch.Size([256, 592, 5, 8]), scale: torch.Size([256, 592, 5, 8])) to satisfy the constraint Real(), but found invalid values:
tensor([[[[nan, nan, nan,  ..., nan, nan, nan],
          [nan, nan, nan,  ..., nan, na
2024-05-07 22:00:20,429 - Restoring model from epoch 131
2024-05-07 22:00:25,279 - Exception occurred at epoch 132. Expected parameter loc (Tensor of shape (256, 503, 5, 8)) of distribution Normal(loc: torch.Size([256, 503, 5, 8]), scale: torch.Size([256, 503, 5, 8])) to satisfy the constraint Real(), but found invalid values:
tensor([[[[nan, nan, nan,  ..., nan, nan, nan],
          [nan, nan, nan,  ..., nan, na
2024-05-07 22:00:25,280 - Restoring model from epoch 132
2024-05-07 22:00:36,142 - Exception occurred at epoch 129. Expected parameter loc (Tensor of shape (256, 729, 5, 8)) of distribution Normal(loc: torch.Size([256, 729, 5, 8]), scale: torch.Size([256, 729, 5, 8])) to satisfy the constraint Real(), but found invalid values:
tensor([[[[nan, nan, nan,  ..., nan, nan, nan],
          [nan, nan, nan,  ..., nan, na
2024-05-07 22:00:36,142 - Restoring model from epoch 129
2024-05-07 22:00:40,150 - Exception occurred at epoch 127. Expected parameter loc (Tensor of shape (256, 652, 5, 8)) of distribution Normal(loc: torch.Size([256, 652, 5, 8]), scale: torch.Size([256, 652, 5, 8])) to satisfy the constraint Real(), but found invalid values:
tensor([[[[nan, nan, nan,  ..., nan, nan, nan],
          [nan, nan, nan,  ..., nan, na
2024-05-07 22:00:40,151 - Restoring model from epoch 127
2024-05-07 22:00:52,638 - Exception occurred at epoch 130. Expected parameter loc (Tensor of shape (256, 553, 5, 8)) of distribution Normal(loc: torch.Size([256, 553, 5, 8]), scale: torch.Size([256, 553, 5, 8])) to satisfy the constraint Real(), but found invalid values:
tensor([[[[nan, nan, nan,  ..., nan, nan, nan],
          [nan, nan, nan,  ..., nan, na
2024-05-07 22:00:52,638 - Restoring model from epoch 130
2024-05-07 22:01:06,749 - Epoch [120/250], Loss: -27.2098 (-27.5907, 0.1135, 0.2674)
2024-05-07 22:01:06,750 -      ETA: 00:01:13.42
2024-05-07 22:01:16,729 - Exception occurred at epoch 124. Expected parameter loc (Tensor of shape (256, 813, 5, 8)) of distribution Normal(loc: torch.Size([256, 813, 5, 8]), scale: torch.Size([256, 813, 5, 8])) to satisfy the constraint Real(), but found invalid values:
tensor([[[[nan, nan, nan,  ..., nan, nan, nan],
          [nan, nan, nan,  ..., nan, na
2024-05-07 22:01:16,729 - Restoring model from epoch 124
2024-05-07 22:01:30,771 - Epoch [125/250], Loss: -27.1451 (-27.4792, 0.1141, 0.2200)
2024-05-07 22:01:30,771 -      ETA: 00:01:10.18
2024-05-07 22:01:35,162 - Exception occurred at epoch 127. Expected parameter loc (Tensor of shape (256, 594, 5, 8)) of distribution Normal(loc: torch.Size([256, 594, 5, 8]), scale: torch.Size([256, 594, 5, 8])) to satisfy the constraint Real(), but found invalid values:
tensor([[[[nan, nan, nan,  ..., nan, nan, nan],
          [nan, nan, nan,  ..., nan, na
2024-05-07 22:01:35,163 - Restoring model from epoch 127
2024-05-07 22:01:37,338 - Exception occurred at epoch 126. Expected parameter loc (Tensor of shape (256, 623, 5, 8)) of distribution Normal(loc: torch.Size([256, 623, 5, 8]), scale: torch.Size([256, 623, 5, 8])) to satisfy the constraint Real(), but found invalid values:
tensor([[[[nan, nan, nan,  ..., nan, nan, nan],
          [nan, nan, nan,  ..., nan, na
2024-05-07 22:01:37,338 - Restoring model from epoch 126
2024-05-07 22:01:39,133 - Exception occurred at epoch 126. Expected parameter loc (Tensor of shape (256, 610, 5, 8)) of distribution Normal(loc: torch.Size([256, 610, 5, 8]), scale: torch.Size([256, 610, 5, 8])) to satisfy the constraint Real(), but found invalid values:
tensor([[[[nan, nan, nan,  ..., nan, nan, nan],
          [nan, nan, nan,  ..., nan, na
2024-05-07 22:01:39,133 - Restoring model from epoch 126
2024-05-07 22:01:43,796 - Exception occurred at epoch 127. Expected parameter loc (Tensor of shape (256, 610, 5, 8)) of distribution Normal(loc: torch.Size([256, 610, 5, 8]), scale: torch.Size([256, 610, 5, 8])) to satisfy the constraint Real(), but found invalid values:
tensor([[[[nan, nan, nan,  ..., nan, nan, nan],
          [nan, nan, nan,  ..., nan, na
2024-05-07 22:01:43,796 - Restoring model from epoch 127
2024-05-07 22:01:57,969 - Epoch [125/250], Loss: -27.6309 (-27.9827, 0.1184, 0.2334)
2024-05-07 22:01:57,969 -      ETA: 00:01:10.80
2024-05-07 22:02:04,705 - Exception occurred at epoch 128. Expected parameter loc (Tensor of shape (256, 970, 5, 8)) of distribution Normal(loc: torch.Size([256, 970, 5, 8]), scale: torch.Size([256, 970, 5, 8])) to satisfy the constraint Real(), but found invalid values:
tensor([[[[nan, nan, nan,  ..., nan, nan, nan],
          [nan, nan, nan,  ..., nan, na
2024-05-07 22:02:04,705 - Restoring model from epoch 128
2024-05-07 22:02:12,847 - Exception occurred at epoch 128. Expected parameter loc (Tensor of shape (256, 610, 5, 8)) of distribution Normal(loc: torch.Size([256, 610, 5, 8]), scale: torch.Size([256, 610, 5, 8])) to satisfy the constraint Real(), but found invalid values:
tensor([[[[nan, nan, nan,  ..., nan, nan, nan],
          [nan, nan, nan,  ..., nan, na
2024-05-07 22:02:12,847 - Restoring model from epoch 128
2024-05-07 22:02:17,226 - Exception occurred at epoch 127. Expected parameter loc (Tensor of shape (256, 516, 5, 8)) of distribution Normal(loc: torch.Size([256, 516, 5, 8]), scale: torch.Size([256, 516, 5, 8])) to satisfy the constraint Real(), but found invalid values:
tensor([[[[nan, nan, nan,  ..., nan, nan, nan],
          [nan, nan, nan,  ..., nan, na
2024-05-07 22:02:17,227 - Restoring model from epoch 127
2024-05-07 22:02:20,395 - Exception occurred at epoch 127. Expected parameter loc (Tensor of shape (256, 854, 5, 8)) of distribution Normal(loc: torch.Size([256, 854, 5, 8]), scale: torch.Size([256, 854, 5, 8])) to satisfy the constraint Real(), but found invalid values:
tensor([[[[nan, nan, nan,  ..., nan, nan, nan],
          [nan, nan, nan,  ..., nan, na
2024-05-07 22:02:20,395 - Restoring model from epoch 127
2024-05-07 22:02:34,418 - Epoch [125/250], Loss: -26.4684 (-26.8299, 0.1190, 0.2425)
2024-05-07 22:02:34,418 -      ETA: 00:01:10.14
2024-05-07 22:02:48,444 - Epoch [130/250], Loss: -27.7936 (-28.0572, 0.1092, 0.1544)
2024-05-07 22:02:48,445 -      ETA: 00:01:07.35
2024-05-07 22:03:02,455 - Epoch [135/250], Loss: -27.7939 (-28.1086, 0.1077, 0.2070)
2024-05-07 22:03:02,455 -      ETA: 00:01:04.56
2024-05-07 22:03:16,454 - Epoch [140/250], Loss: -27.3293 (-27.6494, 0.1019, 0.2182)
2024-05-07 22:03:16,454 -      ETA: 00:01:01.66
2024-05-07 22:03:30,438 - Epoch [145/250], Loss: -28.1890 (-28.4764, 0.0983, 0.1892)
2024-05-07 22:03:30,438 -      ETA: 00:00:58.70
2024-05-07 22:03:44,415 - Epoch [150/250], Loss: -28.3579 (-28.6661, 0.1087, 0.1995)
2024-05-07 22:03:44,415 -      ETA: 00:00:56.06
2024-05-07 22:03:44,485 - == NETWORK SAVED

2024-05-07 22:03:58,474 - Epoch [155/250], Loss: -28.4936 (-28.7957, 0.1056, 0.1966)
2024-05-07 22:03:58,474 -      ETA: 00:00:53.28
2024-05-07 22:04:12,511 - Epoch [160/250], Loss: -28.4546 (-28.7459, 0.1072, 0.1842)
2024-05-07 22:04:12,511 -      ETA: 00:00:50.52
2024-05-07 22:04:26,546 - Epoch [165/250], Loss: -28.3825 (-28.6553, 0.0974, 0.1754)
2024-05-07 22:04:26,546 -      ETA: 00:00:47.75
2024-05-07 22:04:31,551 - Exception occurred at epoch 167. Expected parameter loc (Tensor of shape (256, 518, 5, 8)) of distribution Normal(loc: torch.Size([256, 518, 5, 8]), scale: torch.Size([256, 518, 5, 8])) to satisfy the constraint Real(), but found invalid values:
tensor([[[[nan, nan, nan,  ..., nan, nan, nan],
          [nan, nan, nan,  ..., nan, na
2024-05-07 22:04:31,552 - Restoring model from epoch 167
2024-05-07 22:04:40,136 - Exception occurred at epoch 169. Expected parameter loc (Tensor of shape (256, 631, 5, 8)) of distribution Normal(loc: torch.Size([256, 631, 5, 8]), scale: torch.Size([256, 631, 5, 8])) to satisfy the constraint Real(), but found invalid values:
tensor([[[[nan, nan, nan,  ..., nan, nan, nan],
          [nan, nan, nan,  ..., nan, na
2024-05-07 22:04:40,136 - Restoring model from epoch 169
2024-05-07 22:04:48,204 - Exception occurred at epoch 168. Expected parameter loc (Tensor of shape (256, 729, 5, 8)) of distribution Normal(loc: torch.Size([256, 729, 5, 8]), scale: torch.Size([256, 729, 5, 8])) to satisfy the constraint Real(), but found invalid values:
tensor([[[[nan, nan, nan,  ..., nan, nan, nan],
          [nan, nan, nan,  ..., nan, na
2024-05-07 22:04:48,204 - Restoring model from epoch 168
2024-05-07 22:04:50,169 - Exception occurred at epoch 166. Expected parameter loc (Tensor of shape (256, 476, 5, 8)) of distribution Normal(loc: torch.Size([256, 476, 5, 8]), scale: torch.Size([256, 476, 5, 8])) to satisfy the constraint Real(), but found invalid values:
tensor([[[[nan, nan, nan,  ..., nan, nan, nan],
          [nan, nan, nan,  ..., nan, na
2024-05-07 22:04:50,170 - Restoring model from epoch 166
2024-05-07 22:05:04,248 - Epoch [165/250], Loss: -28.1905 (-28.4653, 0.0967, 0.1781)
2024-05-07 22:05:04,248 -      ETA: 00:00:47.81
2024-05-07 22:05:12,741 - Exception occurred at epoch 169. Expected parameter loc (Tensor of shape (256, 914, 5, 8)) of distribution Normal(loc: torch.Size([256, 914, 5, 8]), scale: torch.Size([256, 914, 5, 8])) to satisfy the constraint Real(), but found invalid values:
tensor([[[[nan, nan, nan,  ..., nan, nan, nan],
          [nan, nan, nan,  ..., nan, na
2024-05-07 22:05:12,741 - Restoring model from epoch 169
2024-05-07 22:05:26,814 - Epoch [170/250], Loss: -28.3124 (-28.6108, 0.0998, 0.1986)
2024-05-07 22:05:26,814 -      ETA: 00:00:45.10
2024-05-07 22:05:33,826 - Exception occurred at epoch 173. Expected parameter loc (Tensor of shape (256, 777, 5, 8)) of distribution Normal(loc: torch.Size([256, 777, 5, 8]), scale: torch.Size([256, 777, 5, 8])) to satisfy the constraint Real(), but found invalid values:
tensor([[[[nan, nan, nan,  ..., nan, nan, nan],
          [nan, nan, nan,  ..., nan, na
2024-05-07 22:05:33,826 - Restoring model from epoch 173
2024-05-07 22:05:47,894 - Epoch [175/250], Loss: -28.9619 (-29.2322, 0.1048, 0.1656)
2024-05-07 22:05:47,894 -      ETA: 00:00:42.09
2024-05-07 22:05:50,110 - Exception occurred at epoch 176. Expected parameter loc (Tensor of shape (256, 513, 5, 8)) of distribution Normal(loc: torch.Size([256, 513, 5, 8]), scale: torch.Size([256, 513, 5, 8])) to satisfy the constraint Real(), but found invalid values:
tensor([[[[nan, nan, nan,  ..., nan, nan, nan],
          [nan, nan, nan,  ..., nan, na
2024-05-07 22:05:50,110 - Restoring model from epoch 176
2024-05-07 22:05:52,129 - Exception occurred at epoch 176. Expected parameter loc (Tensor of shape (256, 594, 5, 8)) of distribution Normal(loc: torch.Size([256, 594, 5, 8]), scale: torch.Size([256, 594, 5, 8])) to satisfy the constraint Real(), but found invalid values:
tensor([[[[nan, nan, nan,  ..., nan, nan, nan],
          [nan, nan, nan,  ..., nan, na
2024-05-07 22:05:52,130 - Restoring model from epoch 176
2024-05-07 22:05:59,202 - Exception occurred at epoch 178. Expected parameter loc (Tensor of shape (256, 813, 5, 8)) of distribution Normal(loc: torch.Size([256, 813, 5, 8]), scale: torch.Size([256, 813, 5, 8])) to satisfy the constraint Real(), but found invalid values:
tensor([[[[nan, nan, nan,  ..., nan, nan, nan],
          [nan, nan, nan,  ..., nan, na
2024-05-07 22:05:59,202 - Restoring model from epoch 178
2024-05-07 22:06:10,480 - Exception occurred at epoch 179. Expected parameter loc (Tensor of shape (256, 631, 5, 8)) of distribution Normal(loc: torch.Size([256, 631, 5, 8]), scale: torch.Size([256, 631, 5, 8])) to satisfy the constraint Real(), but found invalid values:
tensor([[[[nan, nan, nan,  ..., nan, nan, nan],
          [nan, nan, nan,  ..., nan, na
2024-05-07 22:06:10,480 - Restoring model from epoch 179
2024-05-07 22:06:24,574 - Epoch [175/250], Loss: -28.7505 (-29.0262, 0.1029, 0.1729)
2024-05-07 22:06:24,574 -      ETA: 00:00:42.21
2024-05-07 22:06:32,897 - Exception occurred at epoch 178. Expected parameter loc (Tensor of shape (256, 914, 5, 8)) of distribution Normal(loc: torch.Size([256, 914, 5, 8]), scale: torch.Size([256, 914, 5, 8])) to satisfy the constraint Real(), but found invalid values:
tensor([[[[nan, nan, nan,  ..., nan, nan, nan],
          [nan, nan, nan,  ..., nan, na
2024-05-07 22:06:32,897 - Restoring model from epoch 178
2024-05-07 22:06:47,024 - Epoch [180/250], Loss: -28.7085 (-28.9773, 0.0963, 0.1725)
2024-05-07 22:06:47,024 -      ETA: 00:00:39.60
2024-05-07 22:06:50,972 - Exception occurred at epoch 182. Expected parameter loc (Tensor of shape (256, 660, 5, 8)) of distribution Normal(loc: torch.Size([256, 660, 5, 8]), scale: torch.Size([256, 660, 5, 8])) to satisfy the constraint Real(), but found invalid values:
tensor([[[[nan, nan, nan,  ..., nan, nan, nan],
          [nan, nan, nan,  ..., nan, na
2024-05-07 22:06:50,972 - Restoring model from epoch 182
2024-05-07 22:06:52,760 - Exception occurred at epoch 181. Expected parameter loc (Tensor of shape (256, 970, 5, 8)) of distribution Normal(loc: torch.Size([256, 970, 5, 8]), scale: torch.Size([256, 970, 5, 8])) to satisfy the constraint Real(), but found invalid values:
tensor([[[[nan, nan, nan,  ..., nan, nan, nan],
          [nan, nan, nan,  ..., nan, na
2024-05-07 22:06:52,760 - Restoring model from epoch 181
2024-05-07 22:06:55,864 - Exception occurred at epoch 182. Expected parameter loc (Tensor of shape (256, 506, 5, 8)) of distribution Normal(loc: torch.Size([256, 506, 5, 8]), scale: torch.Size([256, 506, 5, 8])) to satisfy the constraint Real(), but found invalid values:
tensor([[[[nan, nan, nan,  ..., nan, nan, nan],
          [nan, nan, nan,  ..., nan, na
2024-05-07 22:06:55,864 - Restoring model from epoch 182
2024-05-07 22:06:56,106 - Exception occurred at epoch 181. Expected parameter loc (Tensor of shape (256, 575, 5, 8)) of distribution Normal(loc: torch.Size([256, 575, 5, 8]), scale: torch.Size([256, 575, 5, 8])) to satisfy the constraint Real(), but found invalid values:
tensor([[[[nan, nan, nan,  ..., nan, nan, nan],
          [nan, nan, nan,  ..., nan, na
2024-05-07 22:06:56,106 - Restoring model from epoch 181
2024-05-07 22:07:06,038 - Exception occurred at epoch 179. Expected parameter loc (Tensor of shape (256, 516, 5, 8)) of distribution Normal(loc: torch.Size([256, 516, 5, 8]), scale: torch.Size([256, 516, 5, 8])) to satisfy the constraint Real(), but found invalid values:
tensor([[[[nan, nan, nan,  ..., nan, nan, nan],
          [nan, nan, nan,  ..., nan, na
2024-05-07 22:07:06,038 - Restoring model from epoch 179
2024-05-07 22:07:12,193 - Exception occurred at epoch 178. Expected parameter loc (Tensor of shape (256, 631, 5, 8)) of distribution Normal(loc: torch.Size([256, 631, 5, 8]), scale: torch.Size([256, 631, 5, 8])) to satisfy the constraint Real(), but found invalid values:
tensor([[[[nan, nan, nan,  ..., nan, nan, nan],
          [nan, nan, nan,  ..., nan, na
2024-05-07 22:07:12,193 - Restoring model from epoch 178
2024-05-07 22:07:17,470 - Exception occurred at epoch 172. Expected parameter loc (Tensor of shape (256, 631, 5, 8)) of distribution Normal(loc: torch.Size([256, 631, 5, 8]), scale: torch.Size([256, 631, 5, 8])) to satisfy the constraint Real(), but found invalid values:
tensor([[[[nan, nan, nan,  ..., nan, nan, nan],
          [nan, nan, nan,  ..., nan, na
2024-05-07 22:07:17,470 - Restoring model from epoch 172
2024-05-07 22:07:26,583 - Exception occurred at epoch 169. Expected parameter loc (Tensor of shape (256, 631, 5, 8)) of distribution Normal(loc: torch.Size([256, 631, 5, 8]), scale: torch.Size([256, 631, 5, 8])) to satisfy the constraint Real(), but found invalid values:
tensor([[[[nan, nan, nan,  ..., nan, nan, nan],
          [nan, nan, nan,  ..., nan, na
2024-05-07 22:07:26,583 - Restoring model from epoch 169
2024-05-07 22:07:40,685 - Epoch [170/250], Loss: -28.7375 (-29.0102, 0.0986, 0.1741)
2024-05-07 22:07:40,686 -      ETA: 00:00:45.18
2024-05-07 22:07:54,814 - Epoch [175/250], Loss: -28.8881 (-29.1599, 0.0981, 0.1736)
2024-05-07 22:07:54,814 -      ETA: 00:00:42.43
2024-05-07 22:07:55,155 - Exception occurred at epoch 176. Expected parameter loc (Tensor of shape (256, 553, 5, 8)) of distribution Normal(loc: torch.Size([256, 553, 5, 8]), scale: torch.Size([256, 553, 5, 8])) to satisfy the constraint Real(), but found invalid values:
tensor([[[[nan, nan, nan,  ..., nan, nan, nan],
          [nan, nan, nan,  ..., nan, na
2024-05-07 22:07:55,155 - Restoring model from epoch 176
2024-05-07 22:08:06,816 - Exception occurred at epoch 180. Expected parameter loc (Tensor of shape (256, 631, 5, 8)) of distribution Normal(loc: torch.Size([256, 631, 5, 8]), scale: torch.Size([256, 631, 5, 8])) to satisfy the constraint Real(), but found invalid values:
tensor([[[[nan, nan, nan,  ..., nan, nan, nan],
          [nan, nan, nan,  ..., nan, na
2024-05-07 22:08:06,816 - Restoring model from epoch 180
2024-05-07 22:08:07,103 - Exception occurred at epoch 176. Expected parameter loc (Tensor of shape (256, 592, 5, 8)) of distribution Normal(loc: torch.Size([256, 592, 5, 8]), scale: torch.Size([256, 592, 5, 8])) to satisfy the constraint Real(), but found invalid values:
tensor([[[[nan, nan, nan,  ..., nan, nan, nan],
          [nan, nan, nan,  ..., nan, na
2024-05-07 22:08:07,103 - Restoring model from epoch 176
2024-05-07 22:08:21,195 - Epoch [180/250], Loss: -27.3311 (-27.5995, 0.0928, 0.1757)
2024-05-07 22:08:21,195 -      ETA: 00:00:39.49
2024-05-07 22:08:23,288 - Exception occurred at epoch 181. Expected parameter loc (Tensor of shape (256, 518, 5, 8)) of distribution Normal(loc: torch.Size([256, 518, 5, 8]), scale: torch.Size([256, 518, 5, 8])) to satisfy the constraint Real(), but found invalid values:
tensor([[[[nan, nan, nan,  ..., nan, nan, nan],
          [nan, nan, nan,  ..., nan, na
2024-05-07 22:08:23,288 - Restoring model from epoch 181
2024-05-07 22:08:25,247 - Exception occurred at epoch 181. Expected parameter loc (Tensor of shape (256, 440, 5, 8)) of distribution Normal(loc: torch.Size([256, 440, 5, 8]), scale: torch.Size([256, 440, 5, 8])) to satisfy the constraint Real(), but found invalid values:
tensor([[[[nan, nan, nan,  ..., nan, nan, nan],
          [nan, nan, nan,  ..., nan, na
2024-05-07 22:08:25,247 - Restoring model from epoch 181
2024-05-07 22:08:27,378 - Exception occurred at epoch 181. Expected parameter loc (Tensor of shape (256, 665, 5, 8)) of distribution Normal(loc: torch.Size([256, 665, 5, 8]), scale: torch.Size([256, 665, 5, 8])) to satisfy the constraint Real(), but found invalid values:
tensor([[[[nan, nan, nan,  ..., nan, nan, nan],
          [nan, nan, nan,  ..., nan, na
2024-05-07 22:08:27,378 - Restoring model from epoch 181
2024-05-07 22:08:30,197 - Exception occurred at epoch 181. Expected parameter loc (Tensor of shape (256, 610, 5, 8)) of distribution Normal(loc: torch.Size([256, 610, 5, 8]), scale: torch.Size([256, 610, 5, 8])) to satisfy the constraint Real(), but found invalid values:
tensor([[[[nan, nan, nan,  ..., nan, nan, nan],
          [nan, nan, nan,  ..., nan, na
2024-05-07 22:08:30,197 - Restoring model from epoch 181
2024-05-07 22:08:44,304 - Epoch [175/250], Loss: -27.6812 (-28.0543, 0.1018, 0.2713)
2024-05-07 22:08:44,304 -      ETA: 00:00:42.28
2024-05-07 22:08:48,231 - Exception occurred at epoch 177. Expected parameter loc (Tensor of shape (256, 577, 5, 8)) of distribution Normal(loc: torch.Size([256, 577, 5, 8]), scale: torch.Size([256, 577, 5, 8])) to satisfy the constraint Real(), but found invalid values:
tensor([[[[nan, nan, nan,  ..., nan, nan, nan],
          [nan, nan, nan,  ..., nan, na
2024-05-07 22:08:48,231 - Restoring model from epoch 177
2024-05-07 22:08:53,947 - Exception occurred at epoch 178. Expected parameter loc (Tensor of shape (256, 777, 5, 8)) of distribution Normal(loc: torch.Size([256, 777, 5, 8]), scale: torch.Size([256, 777, 5, 8])) to satisfy the constraint Real(), but found invalid values:
tensor([[[[nan, nan, nan,  ..., nan, nan, nan],
          [nan, nan, nan,  ..., nan, na
2024-05-07 22:08:53,947 - Restoring model from epoch 178
2024-05-07 22:08:58,755 - Exception occurred at epoch 177. Expected parameter loc (Tensor of shape (256, 659, 5, 8)) of distribution Normal(loc: torch.Size([256, 659, 5, 8]), scale: torch.Size([256, 659, 5, 8])) to satisfy the constraint Real(), but found invalid values:
tensor([[[[nan, nan, nan,  ..., nan, nan, nan],
          [nan, nan, nan,  ..., nan, na
2024-05-07 22:08:58,755 - Restoring model from epoch 177
2024-05-07 22:09:12,849 - Exception occurred at epoch 180. Expected parameter loc (Tensor of shape (256, 503, 5, 8)) of distribution Normal(loc: torch.Size([256, 503, 5, 8]), scale: torch.Size([256, 503, 5, 8])) to satisfy the constraint Real(), but found invalid values:
tensor([[[[nan, nan, nan,  ..., nan, nan, nan],
          [nan, nan, nan,  ..., nan, na
2024-05-07 22:09:12,849 - Restoring model from epoch 180
2024-05-07 22:09:22,811 - Exception occurred at epoch 174. Expected parameter loc (Tensor of shape (256, 659, 5, 8)) of distribution Normal(loc: torch.Size([256, 659, 5, 8]), scale: torch.Size([256, 659, 5, 8])) to satisfy the constraint Real(), but found invalid values:
tensor([[[[nan, nan, nan,  ..., nan, nan, nan],
          [nan, nan, nan,  ..., nan, na
2024-05-07 22:09:22,812 - Restoring model from epoch 174
2024-05-07 22:09:27,264 - Exception occurred at epoch 172. Expected parameter loc (Tensor of shape (256, 540, 5, 8)) of distribution Normal(loc: torch.Size([256, 540, 5, 8]), scale: torch.Size([256, 540, 5, 8])) to satisfy the constraint Real(), but found invalid values:
tensor([[[[nan, nan, nan,  ..., nan, nan, nan],
          [nan, nan, nan,  ..., nan, na
2024-05-07 22:09:27,265 - Restoring model from epoch 172
2024-05-07 22:09:41,375 - Epoch [165/250], Loss: -28.3500 (-28.6413, 0.1043, 0.1870)
2024-05-07 22:09:41,376 -      ETA: 00:00:47.91
2024-05-07 22:09:46,773 - Exception occurred at epoch 167. Expected parameter loc (Tensor of shape (256, 970, 5, 8)) of distribution Normal(loc: torch.Size([256, 970, 5, 8]), scale: torch.Size([256, 970, 5, 8])) to satisfy the constraint Real(), but found invalid values:
tensor([[[[nan, nan, nan,  ..., nan, nan, nan],
          [nan, nan, nan,  ..., nan, na
2024-05-07 22:09:46,773 - Restoring model from epoch 167
2024-05-07 22:10:00,495 - Exception occurred at epoch 170. Expected parameter loc (Tensor of shape (256, 665, 5, 8)) of distribution Normal(loc: torch.Size([256, 665, 5, 8]), scale: torch.Size([256, 665, 5, 8])) to satisfy the constraint Real(), but found invalid values:
tensor([[[[nan, nan, nan,  ..., nan, nan, nan],
          [nan, nan, nan,  ..., nan, na
2024-05-07 22:10:00,496 - Restoring model from epoch 170
2024-05-07 22:10:02,320 - Exception occurred at epoch 166. Expected parameter loc (Tensor of shape (256, 665, 5, 8)) of distribution Normal(loc: torch.Size([256, 665, 5, 8]), scale: torch.Size([256, 665, 5, 8])) to satisfy the constraint Real(), but found invalid values:
tensor([[[[nan, nan, nan,  ..., nan, nan, nan],
          [nan, nan, nan,  ..., nan, na
2024-05-07 22:10:02,320 - Restoring model from epoch 166
2024-05-07 22:10:03,394 - Exception occurred at epoch 166. Expected parameter loc (Tensor of shape (256, 513, 5, 8)) of distribution Normal(loc: torch.Size([256, 513, 5, 8]), scale: torch.Size([256, 513, 5, 8])) to satisfy the constraint Real(), but found invalid values:
tensor([[[[nan, nan, nan,  ..., nan, nan, nan],
          [nan, nan, nan,  ..., nan, na
2024-05-07 22:10:03,394 - Restoring model from epoch 166
2024-05-07 22:10:17,489 - Epoch [165/250], Loss: -28.0882 (-28.3796, 0.1049, 0.1865)
2024-05-07 22:10:17,489 -      ETA: 00:00:47.88
2024-05-07 22:10:20,821 - Exception occurred at epoch 167. Expected parameter loc (Tensor of shape (256, 594, 5, 8)) of distribution Normal(loc: torch.Size([256, 594, 5, 8]), scale: torch.Size([256, 594, 5, 8])) to satisfy the constraint Real(), but found invalid values:
tensor([[[[nan, nan, nan,  ..., nan, nan, nan],
          [nan, nan, nan,  ..., nan, na
2024-05-07 22:10:20,821 - Restoring model from epoch 167
2024-05-07 22:10:21,149 - Exception occurred at epoch 166. Expected parameter loc (Tensor of shape (256, 729, 5, 8)) of distribution Normal(loc: torch.Size([256, 729, 5, 8]), scale: torch.Size([256, 729, 5, 8])) to satisfy the constraint Real(), but found invalid values:
tensor([[[[nan, nan, nan,  ..., nan, nan, nan],
          [nan, nan, nan,  ..., nan, na
2024-05-07 22:10:21,150 - Restoring model from epoch 166
2024-05-07 22:10:25,574 - Exception occurred at epoch 167. Expected parameter loc (Tensor of shape (256, 592, 5, 8)) of distribution Normal(loc: torch.Size([256, 592, 5, 8]), scale: torch.Size([256, 592, 5, 8])) to satisfy the constraint Real(), but found invalid values:
tensor([[[[nan, nan, nan,  ..., nan, nan, nan],
          [nan, nan, nan,  ..., nan, na
2024-05-07 22:10:25,574 - Restoring model from epoch 167
2024-05-07 22:10:39,682 - Epoch [170/250], Loss: -28.4111 (-28.6965, 0.0986, 0.1867)
2024-05-07 22:10:39,682 -      ETA: 00:00:45.07
2024-05-07 22:10:44,924 - Exception occurred at epoch 172. Expected parameter loc (Tensor of shape (256, 631, 5, 8)) of distribution Normal(loc: torch.Size([256, 631, 5, 8]), scale: torch.Size([256, 631, 5, 8])) to satisfy the constraint Real(), but found invalid values:
tensor([[[[nan, nan, nan,  ..., nan, nan, nan],
          [nan, nan, nan,  ..., nan, na
2024-05-07 22:10:44,924 - Restoring model from epoch 172
2024-05-07 22:10:48,006 - Exception occurred at epoch 172. Expected parameter loc (Tensor of shape (256, 813, 5, 8)) of distribution Normal(loc: torch.Size([256, 813, 5, 8]), scale: torch.Size([256, 813, 5, 8])) to satisfy the constraint Real(), but found invalid values:
tensor([[[[nan, nan, nan,  ..., nan, nan, nan],
          [nan, nan, nan,  ..., nan, na
2024-05-07 22:10:48,006 - Restoring model from epoch 172
2024-05-07 22:11:00,294 - Exception occurred at epoch 175. Expected parameter loc (Tensor of shape (256, 516, 5, 8)) of distribution Normal(loc: torch.Size([256, 516, 5, 8]), scale: torch.Size([256, 516, 5, 8])) to satisfy the constraint Real(), but found invalid values:
tensor([[[[nan, nan, nan,  ..., nan, nan, nan],
          [nan, nan, nan,  ..., nan, na
2024-05-07 22:11:00,295 - Restoring model from epoch 175
2024-05-07 22:11:03,352 - Exception occurred at epoch 172. Expected parameter loc (Tensor of shape (256, 854, 5, 8)) of distribution Normal(loc: torch.Size([256, 854, 5, 8]), scale: torch.Size([256, 854, 5, 8])) to satisfy the constraint Real(), but found invalid values:
tensor([[[[nan, nan, nan,  ..., nan, nan, nan],
          [nan, nan, nan,  ..., nan, na
2024-05-07 22:11:03,352 - Restoring model from epoch 172
2024-05-07 22:11:17,432 - Epoch [160/250], Loss: -28.0549 (-28.3430, 0.1030, 0.1851)
2024-05-07 22:11:17,432 -      ETA: 00:00:50.76
2024-05-07 22:11:21,173 - Exception occurred at epoch 162. Expected parameter loc (Tensor of shape (256, 518, 5, 8)) of distribution Normal(loc: torch.Size([256, 518, 5, 8]), scale: torch.Size([256, 518, 5, 8])) to satisfy the constraint Real(), but found invalid values:
tensor([[[[nan, nan, nan,  ..., nan, nan, nan],
          [nan, nan, nan,  ..., nan, na
2024-05-07 22:11:21,173 - Restoring model from epoch 162
2024-05-07 22:11:35,374 - Epoch [165/250], Loss: -27.0167 (-27.2772, 0.0932, 0.1674)
2024-05-07 22:11:35,374 -      ETA: 00:00:48.26
2024-05-07 22:11:39,438 - Exception occurred at epoch 167. Expected parameter loc (Tensor of shape (256, 813, 5, 8)) of distribution Normal(loc: torch.Size([256, 813, 5, 8]), scale: torch.Size([256, 813, 5, 8])) to satisfy the constraint Real(), but found invalid values:
tensor([[[[nan, nan, nan,  ..., nan, nan, nan],
          [nan, nan, nan,  ..., nan, na
2024-05-07 22:11:39,438 - Restoring model from epoch 167
2024-05-07 22:11:45,010 - Exception occurred at epoch 167. Expected parameter loc (Tensor of shape (256, 503, 5, 8)) of distribution Normal(loc: torch.Size([256, 503, 5, 8]), scale: torch.Size([256, 503, 5, 8])) to satisfy the constraint Real(), but found invalid values:
tensor([[[[nan, nan, nan,  ..., nan, nan, nan],
          [nan, nan, nan,  ..., nan, na
2024-05-07 22:11:45,011 - Restoring model from epoch 167
2024-05-07 22:11:50,217 - Exception occurred at epoch 167. Expected parameter loc (Tensor of shape (256, 625, 5, 8)) of distribution Normal(loc: torch.Size([256, 625, 5, 8]), scale: torch.Size([256, 625, 5, 8])) to satisfy the constraint Real(), but found invalid values:
tensor([[[[nan, nan, nan,  ..., nan, nan, nan],
          [nan, nan, nan,  ..., nan, na
2024-05-07 22:11:50,217 - Restoring model from epoch 167
2024-05-07 22:11:53,965 - Exception occurred at epoch 167. Expected parameter loc (Tensor of shape (256, 575, 5, 8)) of distribution Normal(loc: torch.Size([256, 575, 5, 8]), scale: torch.Size([256, 575, 5, 8])) to satisfy the constraint Real(), but found invalid values:
tensor([[[[nan, nan, nan,  ..., nan, nan, nan],
          [nan, nan, nan,  ..., nan, na
2024-05-07 22:11:53,965 - Restoring model from epoch 167
2024-05-07 22:12:07,666 - Exception occurred at epoch 165. Expected parameter loc (Tensor of shape (256, 506, 5, 8)) of distribution Normal(loc: torch.Size([256, 506, 5, 8]), scale: torch.Size([256, 506, 5, 8])) to satisfy the constraint Real(), but found invalid values:
tensor([[[[nan, nan, nan,  ..., nan, nan, nan],
          [nan, nan, nan,  ..., nan, na
2024-05-07 22:12:07,666 - Restoring model from epoch 165
2024-05-07 22:12:13,164 - Exception occurred at epoch 162. Expected parameter loc (Tensor of shape (256, 659, 5, 8)) of distribution Normal(loc: torch.Size([256, 659, 5, 8]), scale: torch.Size([256, 659, 5, 8])) to satisfy the constraint Real(), but found invalid values:
tensor([[[[nan, nan, nan,  ..., nan, nan, nan],
          [nan, nan, nan,  ..., nan, na
2024-05-07 22:12:13,164 - Restoring model from epoch 162
2024-05-07 22:12:27,281 - Epoch [160/250], Loss: -28.2490 (-28.5529, 0.1058, 0.1980)
2024-05-07 22:12:27,281 -      ETA: 00:00:50.73
2024-05-07 22:12:29,774 - Exception occurred at epoch 161. Expected parameter loc (Tensor of shape (256, 914, 5, 8)) of distribution Normal(loc: torch.Size([256, 914, 5, 8]), scale: torch.Size([256, 914, 5, 8])) to satisfy the constraint Real(), but found invalid values:
tensor([[[[nan, nan, nan,  ..., nan, nan, nan],
          [nan, nan, nan,  ..., nan, na
2024-05-07 22:12:29,774 - Restoring model from epoch 161
2024-05-07 22:12:32,403 - Exception occurred at epoch 161. Expected parameter loc (Tensor of shape (256, 391, 5, 8)) of distribution Normal(loc: torch.Size([256, 391, 5, 8]), scale: torch.Size([256, 391, 5, 8])) to satisfy the constraint Real(), but found invalid values:
tensor([[[[nan, nan, nan,  ..., nan, nan, nan],
          [nan, nan, nan,  ..., nan, na
2024-05-07 22:12:32,403 - Restoring model from epoch 161
2024-05-07 22:12:34,432 - Exception occurred at epoch 161. Expected parameter loc (Tensor of shape (256, 665, 5, 8)) of distribution Normal(loc: torch.Size([256, 665, 5, 8]), scale: torch.Size([256, 665, 5, 8])) to satisfy the constraint Real(), but found invalid values:
tensor([[[[nan, nan, nan,  ..., nan, nan, nan],
          [nan, nan, nan,  ..., nan, na
2024-05-07 22:12:34,432 - Restoring model from epoch 161
2024-05-07 22:12:37,552 - Exception occurred at epoch 162. Expected parameter loc (Tensor of shape (256, 553, 5, 8)) of distribution Normal(loc: torch.Size([256, 553, 5, 8]), scale: torch.Size([256, 553, 5, 8])) to satisfy the constraint Real(), but found invalid values:
tensor([[[[nan, nan, nan,  ..., nan, nan, nan],
          [nan, nan, nan,  ..., nan, na
2024-05-07 22:12:37,552 - Restoring model from epoch 162
2024-05-07 22:12:51,608 - Epoch [160/250], Loss: -28.3347 (-28.6359, 0.1056, 0.1956)
2024-05-07 22:12:51,609 -      ETA: 00:00:50.54
2024-05-07 22:12:54,693 - Exception occurred at epoch 162. Expected parameter loc (Tensor of shape (256, 513, 5, 8)) of distribution Normal(loc: torch.Size([256, 513, 5, 8]), scale: torch.Size([256, 513, 5, 8])) to satisfy the constraint Real(), but found invalid values:
tensor([[[[nan, nan, nan,  ..., nan, nan, nan],
          [nan, nan, nan,  ..., nan, na
2024-05-07 22:12:54,693 - Restoring model from epoch 162
2024-05-07 22:13:01,021 - Exception occurred at epoch 163. Expected parameter loc (Tensor of shape (256, 665, 5, 8)) of distribution Normal(loc: torch.Size([256, 665, 5, 8]), scale: torch.Size([256, 665, 5, 8])) to satisfy the constraint Real(), but found invalid values:
tensor([[[[nan, nan, nan,  ..., nan, nan, nan],
          [nan, nan, nan,  ..., nan, na
2024-05-07 22:13:01,021 - Restoring model from epoch 163
2024-05-07 22:13:03,060 - Exception occurred at epoch 161. Expected parameter loc (Tensor of shape (256, 553, 5, 8)) of distribution Normal(loc: torch.Size([256, 553, 5, 8]), scale: torch.Size([256, 553, 5, 8])) to satisfy the constraint Real(), but found invalid values:
tensor([[[[nan, nan, nan,  ..., nan, nan, nan],
          [nan, nan, nan,  ..., nan, na
2024-05-07 22:13:03,060 - Restoring model from epoch 161
2024-05-07 22:13:12,819 - Exception occurred at epoch 164. Expected parameter loc (Tensor of shape (256, 481, 5, 8)) of distribution Normal(loc: torch.Size([256, 481, 5, 8]), scale: torch.Size([256, 481, 5, 8])) to satisfy the constraint Real(), but found invalid values:
tensor([[[[nan, nan, nan,  ..., nan, nan, nan],
          [nan, nan, nan,  ..., nan, na
2024-05-07 22:13:12,819 - Restoring model from epoch 164
2024-05-07 22:13:26,935 - Epoch [155/250], Loss: -27.5629 (-27.8628, 0.1066, 0.1934)
2024-05-07 22:13:26,935 -      ETA: 00:00:53.64
2024-05-07 22:13:41,032 - Epoch [160/250], Loss: -28.5052 (-28.7903, 0.1033, 0.1818)
2024-05-07 22:13:41,032 -      ETA: 00:00:50.65
2024-05-07 22:13:55,118 - Epoch [165/250], Loss: -28.3235 (-28.5756, 0.0953, 0.1569)
2024-05-07 22:13:55,119 -      ETA: 00:00:47.89
2024-05-07 22:14:09,190 - Epoch [170/250], Loss: -27.9808 (-28.2742, 0.1039, 0.1895)
2024-05-07 22:14:09,190 -      ETA: 00:00:45.05
2024-05-07 22:14:11,973 - Exception occurred at epoch 171. Expected parameter loc (Tensor of shape (256, 854, 5, 8)) of distribution Normal(loc: torch.Size([256, 854, 5, 8]), scale: torch.Size([256, 854, 5, 8])) to satisfy the constraint Real(), but found invalid values:
tensor([[[[nan, nan, nan,  ..., nan, nan, nan],
          [nan, nan, nan,  ..., nan, na
2024-05-07 22:14:11,973 - Restoring model from epoch 171
2024-05-07 22:14:14,467 - Exception occurred at epoch 171. Expected parameter loc (Tensor of shape (256, 610, 5, 8)) of distribution Normal(loc: torch.Size([256, 610, 5, 8]), scale: torch.Size([256, 610, 5, 8])) to satisfy the constraint Real(), but found invalid values:
tensor([[[[nan, nan, nan,  ..., nan, nan, nan],
          [nan, nan, nan,  ..., nan, na
2024-05-07 22:14:14,467 - Restoring model from epoch 171
2024-05-07 22:14:17,097 - Exception occurred at epoch 171. Expected parameter loc (Tensor of shape (256, 506, 5, 8)) of distribution Normal(loc: torch.Size([256, 506, 5, 8]), scale: torch.Size([256, 506, 5, 8])) to satisfy the constraint Real(), but found invalid values:
tensor([[[[nan, nan, nan,  ..., nan, nan, nan],
          [nan, nan, nan,  ..., nan, na
2024-05-07 22:14:17,097 - Restoring model from epoch 171
2024-05-07 22:14:21,059 - Exception occurred at epoch 172. Expected parameter loc (Tensor of shape (256, 575, 5, 8)) of distribution Normal(loc: torch.Size([256, 575, 5, 8]), scale: torch.Size([256, 575, 5, 8])) to satisfy the constraint Real(), but found invalid values:
tensor([[[[nan, nan, nan,  ..., nan, nan, nan],
          [nan, nan, nan,  ..., nan, na
2024-05-07 22:14:21,059 - Restoring model from epoch 172
2024-05-07 22:14:30,967 - Exception occurred at epoch 169. Expected parameter loc (Tensor of shape (256, 616, 5, 8)) of distribution Normal(loc: torch.Size([256, 616, 5, 8]), scale: torch.Size([256, 616, 5, 8])) to satisfy the constraint Real(), but found invalid values:
tensor([[[[nan, nan, nan,  ..., nan, nan, nan],
          [nan, nan, nan,  ..., nan, na
2024-05-07 22:14:30,967 - Restoring model from epoch 169
2024-05-07 22:14:45,128 - Epoch [170/250], Loss: -28.1590 (-28.4528, 0.0994, 0.1945)
2024-05-07 22:14:45,129 -      ETA: 00:00:45.40
2024-05-07 22:14:47,543 - Exception occurred at epoch 171. Expected parameter loc (Tensor of shape (256, 631, 5, 8)) of distribution Normal(loc: torch.Size([256, 631, 5, 8]), scale: torch.Size([256, 631, 5, 8])) to satisfy the constraint Real(), but found invalid values:
tensor([[[[nan, nan, nan,  ..., nan, nan, nan],
          [nan, nan, nan,  ..., nan, na
2024-05-07 22:14:47,543 - Restoring model from epoch 171
2024-05-07 22:14:59,126 - Exception occurred at epoch 175. Expected parameter loc (Tensor of shape (256, 729, 5, 8)) of distribution Normal(loc: torch.Size([256, 729, 5, 8]), scale: torch.Size([256, 729, 5, 8])) to satisfy the constraint Real(), but found invalid values:
tensor([[[[nan, nan, nan,  ..., nan, nan, nan],
          [nan, nan, nan,  ..., nan, na
2024-05-07 22:14:59,126 - Restoring model from epoch 175
2024-05-07 22:15:00,917 - Exception occurred at epoch 171. Expected parameter loc (Tensor of shape (256, 631, 5, 8)) of distribution Normal(loc: torch.Size([256, 631, 5, 8]), scale: torch.Size([256, 631, 5, 8])) to satisfy the constraint Real(), but found invalid values:
tensor([[[[nan, nan, nan,  ..., nan, nan, nan],
          [nan, nan, nan,  ..., nan, na
2024-05-07 22:15:00,917 - Restoring model from epoch 171
2024-05-07 22:15:03,430 - Exception occurred at epoch 171. Expected parameter loc (Tensor of shape (256, 577, 5, 8)) of distribution Normal(loc: torch.Size([256, 577, 5, 8]), scale: torch.Size([256, 577, 5, 8])) to satisfy the constraint Real(), but found invalid values:
tensor([[[[nan, nan, nan,  ..., nan, nan, nan],
          [nan, nan, nan,  ..., nan, na
2024-05-07 22:15:03,430 - Restoring model from epoch 171
2024-05-07 22:15:17,577 - Epoch [170/250], Loss: -28.3887 (-28.6700, 0.0997, 0.1817)
2024-05-07 22:15:17,577 -      ETA: 00:00:45.25
2024-05-07 22:15:22,128 - Exception occurred at epoch 172. Expected parameter loc (Tensor of shape (256, 594, 5, 8)) of distribution Normal(loc: torch.Size([256, 594, 5, 8]), scale: torch.Size([256, 594, 5, 8])) to satisfy the constraint Real(), but found invalid values:
tensor([[[[nan, nan, nan,  ..., nan, nan, nan],
          [nan, nan, nan,  ..., nan, na
2024-05-07 22:15:22,128 - Restoring model from epoch 172
2024-05-07 22:15:28,433 - Exception occurred at epoch 173. Expected parameter loc (Tensor of shape (256, 652, 5, 8)) of distribution Normal(loc: torch.Size([256, 652, 5, 8]), scale: torch.Size([256, 652, 5, 8])) to satisfy the constraint Real(), but found invalid values:
tensor([[[[nan, nan, nan,  ..., nan, nan, nan],
          [nan, nan, nan,  ..., nan, na
2024-05-07 22:15:28,433 - Restoring model from epoch 173
2024-05-07 22:15:31,921 - Exception occurred at epoch 172. Expected parameter loc (Tensor of shape (256, 503, 5, 8)) of distribution Normal(loc: torch.Size([256, 503, 5, 8]), scale: torch.Size([256, 503, 5, 8])) to satisfy the constraint Real(), but found invalid values:
tensor([[[[nan, nan, nan,  ..., nan, nan, nan],
          [nan, nan, nan,  ..., nan, na
2024-05-07 22:15:31,921 - Restoring model from epoch 172
2024-05-07 22:15:36,086 - Exception occurred at epoch 172. Expected parameter loc (Tensor of shape (256, 594, 5, 8)) of distribution Normal(loc: torch.Size([256, 594, 5, 8]), scale: torch.Size([256, 594, 5, 8])) to satisfy the constraint Real(), but found invalid values:
tensor([[[[nan, nan, nan,  ..., nan, nan, nan],
          [nan, nan, nan,  ..., nan, na
2024-05-07 22:15:36,086 - Restoring model from epoch 172
2024-05-07 22:15:50,218 - Epoch [165/250], Loss: -27.8036 (-28.0737, 0.0996, 0.1706)
2024-05-07 22:15:50,218 -      ETA: 00:00:47.96
2024-05-07 22:16:04,355 - Epoch [170/250], Loss: -28.6965 (-28.9880, 0.1018, 0.1896)
2024-05-07 22:16:04,355 -      ETA: 00:00:45.24
2024-05-07 22:16:09,405 - Exception occurred at epoch 172. Expected parameter loc (Tensor of shape (256, 540, 5, 8)) of distribution Normal(loc: torch.Size([256, 540, 5, 8]), scale: torch.Size([256, 540, 5, 8])) to satisfy the constraint Real(), but found invalid values:
tensor([[[[nan, nan, nan,  ..., nan, nan, nan],
          [nan, nan, nan,  ..., nan, na
2024-05-07 22:16:09,405 - Restoring model from epoch 172
2024-05-07 22:16:23,548 - Epoch [175/250], Loss: -27.5616 (-27.8612, 0.0960, 0.2036)
2024-05-07 22:16:23,548 -      ETA: 00:00:42.40
2024-05-07 22:16:32,432 - Exception occurred at epoch 179. Expected parameter loc (Tensor of shape (256, 970, 5, 8)) of distribution Normal(loc: torch.Size([256, 970, 5, 8]), scale: torch.Size([256, 970, 5, 8])) to satisfy the constraint Real(), but found invalid values:
tensor([[[[nan, nan, nan,  ..., nan, nan, nan],
          [nan, nan, nan,  ..., nan, na
2024-05-07 22:16:32,433 - Restoring model from epoch 179
2024-05-07 22:16:40,487 - Exception occurred at epoch 178. Expected parameter loc (Tensor of shape (256, 540, 5, 8)) of distribution Normal(loc: torch.Size([256, 540, 5, 8]), scale: torch.Size([256, 540, 5, 8])) to satisfy the constraint Real(), but found invalid values:
tensor([[[[nan, nan, nan,  ..., nan, nan, nan],
          [nan, nan, nan,  ..., nan, na
2024-05-07 22:16:40,488 - Restoring model from epoch 178
2024-05-07 22:16:41,286 - Exception occurred at epoch 176. Expected parameter loc (Tensor of shape (256, 575, 5, 8)) of distribution Normal(loc: torch.Size([256, 575, 5, 8]), scale: torch.Size([256, 575, 5, 8])) to satisfy the constraint Real(), but found invalid values:
tensor([[[[nan, nan, nan,  ..., nan, nan, nan],
          [nan, nan, nan,  ..., nan, na
2024-05-07 22:16:41,287 - Restoring model from epoch 176
2024-05-07 22:16:53,516 - Exception occurred at epoch 180. Expected parameter loc (Tensor of shape (256, 503, 5, 8)) of distribution Normal(loc: torch.Size([256, 503, 5, 8]), scale: torch.Size([256, 503, 5, 8])) to satisfy the constraint Real(), but found invalid values:
tensor([[[[nan, nan, nan,  ..., nan, nan, nan],
          [nan, nan, nan,  ..., nan, na
2024-05-07 22:16:53,516 - Restoring model from epoch 180
2024-05-07 22:16:54,147 - Exception occurred at epoch 171. Expected parameter loc (Tensor of shape (256, 513, 5, 8)) of distribution Normal(loc: torch.Size([256, 513, 5, 8]), scale: torch.Size([256, 513, 5, 8])) to satisfy the constraint Real(), but found invalid values:
tensor([[[[nan, nan, nan,  ..., nan, nan, nan],
          [nan, nan, nan,  ..., nan, na
2024-05-07 22:16:54,147 - Restoring model from epoch 171
2024-05-07 22:17:00,860 - Exception occurred at epoch 173. Expected parameter loc (Tensor of shape (256, 516, 5, 8)) of distribution Normal(loc: torch.Size([256, 516, 5, 8]), scale: torch.Size([256, 516, 5, 8])) to satisfy the constraint Real(), but found invalid values:
tensor([[[[nan, nan, nan,  ..., nan, nan, nan],
          [nan, nan, nan,  ..., nan, na
2024-05-07 22:17:00,860 - Restoring model from epoch 173
2024-05-07 22:17:13,244 - Exception occurred at epoch 170. Expected parameter loc (Tensor of shape (256, 914, 5, 8)) of distribution Normal(loc: torch.Size([256, 914, 5, 8]), scale: torch.Size([256, 914, 5, 8])) to satisfy the constraint Real(), but found invalid values:
tensor([[[[nan, nan, nan,  ..., nan, nan, nan],
          [nan, nan, nan,  ..., nan, na
2024-05-07 22:17:13,244 - Restoring model from epoch 170
2024-05-07 22:17:27,293 - Exception occurred at epoch 170. Expected parameter loc (Tensor of shape (256, 575, 5, 8)) of distribution Normal(loc: torch.Size([256, 575, 5, 8]), scale: torch.Size([256, 575, 5, 8])) to satisfy the constraint Real(), but found invalid values:
tensor([[[[nan, nan, nan,  ..., nan, nan, nan],
          [nan, nan, nan,  ..., nan, na
2024-05-07 22:17:27,293 - Restoring model from epoch 170
2024-05-07 22:17:41,449 - Epoch [170/250], Loss: -28.6777 (-28.9452, 0.0923, 0.1752)
2024-05-07 22:17:41,450 -      ETA: 00:00:45.27
2024-05-07 22:17:54,193 - Exception occurred at epoch 175. Expected parameter loc (Tensor of shape (256, 665, 5, 8)) of distribution Normal(loc: torch.Size([256, 665, 5, 8]), scale: torch.Size([256, 665, 5, 8])) to satisfy the constraint Real(), but found invalid values:
tensor([[[[nan, nan, nan,  ..., nan, nan, nan],
          [nan, nan, nan,  ..., nan, na
2024-05-07 22:17:54,193 - Restoring model from epoch 175
2024-05-07 22:18:05,233 - Exception occurred at epoch 174. Expected parameter loc (Tensor of shape (256, 553, 5, 8)) of distribution Normal(loc: torch.Size([256, 553, 5, 8]), scale: torch.Size([256, 553, 5, 8])) to satisfy the constraint Real(), but found invalid values:
tensor([[[[nan, nan, nan,  ..., nan, nan, nan],
          [nan, nan, nan,  ..., nan, na
2024-05-07 22:18:05,233 - Restoring model from epoch 174
2024-05-07 22:18:17,770 - Exception occurred at epoch 175. Expected parameter loc (Tensor of shape (256, 610, 5, 8)) of distribution Normal(loc: torch.Size([256, 610, 5, 8]), scale: torch.Size([256, 610, 5, 8])) to satisfy the constraint Real(), but found invalid values:
tensor([[[[nan, nan, nan,  ..., nan, nan, nan],
          [nan, nan, nan,  ..., nan, na
2024-05-07 22:18:17,770 - Restoring model from epoch 175
2024-05-07 22:18:31,936 - Epoch [175/250], Loss: -27.7135 (-28.0095, 0.0997, 0.1963)
2024-05-07 22:18:31,936 -      ETA: 00:00:42.49
2024-05-07 22:18:42,662 - Exception occurred at epoch 179. Expected parameter loc (Tensor of shape (256, 552, 5, 8)) of distribution Normal(loc: torch.Size([256, 552, 5, 8]), scale: torch.Size([256, 552, 5, 8])) to satisfy the constraint Real(), but found invalid values:
tensor([[[[nan, nan, nan,  ..., nan, nan, nan],
          [nan, nan, nan,  ..., nan, na
2024-05-07 22:18:42,662 - Restoring model from epoch 179
2024-05-07 22:18:52,443 - Exception occurred at epoch 179. Expected parameter loc (Tensor of shape (256, 631, 5, 8)) of distribution Normal(loc: torch.Size([256, 631, 5, 8]), scale: torch.Size([256, 631, 5, 8])) to satisfy the constraint Real(), but found invalid values:
tensor([[[[nan, nan, nan,  ..., nan, nan, nan],
          [nan, nan, nan,  ..., nan, na
2024-05-07 22:18:52,443 - Restoring model from epoch 179
2024-05-07 22:19:01,555 - Exception occurred at epoch 179. Expected parameter loc (Tensor of shape (256, 610, 5, 8)) of distribution Normal(loc: torch.Size([256, 610, 5, 8]), scale: torch.Size([256, 610, 5, 8])) to satisfy the constraint Real(), but found invalid values:
tensor([[[[nan, nan, nan,  ..., nan, nan, nan],
          [nan, nan, nan,  ..., nan, na
2024-05-07 22:19:01,556 - Restoring model from epoch 179
2024-05-07 22:19:04,436 - Exception occurred at epoch 177. Expected parameter loc (Tensor of shape (256, 580, 5, 8)) of distribution Normal(loc: torch.Size([256, 580, 5, 8]), scale: torch.Size([256, 580, 5, 8])) to satisfy the constraint Real(), but found invalid values:
tensor([[[[nan, nan, nan,  ..., nan, nan, nan],
          [nan, nan, nan,  ..., nan, na
2024-05-07 22:19:04,436 - Restoring model from epoch 177
2024-05-07 22:19:18,589 - Epoch [165/250], Loss: -28.0965 (-28.3697, 0.0974, 0.1758)
2024-05-07 22:19:18,589 -      ETA: 00:00:48.01
2024-05-07 22:19:28,780 - Exception occurred at epoch 169. Expected parameter loc (Tensor of shape (256, 652, 5, 8)) of distribution Normal(loc: torch.Size([256, 652, 5, 8]), scale: torch.Size([256, 652, 5, 8])) to satisfy the constraint Real(), but found invalid values:
tensor([[[[nan, nan, nan,  ..., nan, nan, nan],
          [nan, nan, nan,  ..., nan, na
2024-05-07 22:19:28,780 - Restoring model from epoch 169
2024-05-07 22:19:35,953 - Exception occurred at epoch 168. Expected parameter loc (Tensor of shape (256, 553, 5, 8)) of distribution Normal(loc: torch.Size([256, 553, 5, 8]), scale: torch.Size([256, 553, 5, 8])) to satisfy the constraint Real(), but found invalid values:
tensor([[[[nan, nan, nan,  ..., nan, nan, nan],
          [nan, nan, nan,  ..., nan, na
2024-05-07 22:19:35,953 - Restoring model from epoch 168
2024-05-07 22:19:50,109 - Epoch [170/250], Loss: -28.2882 (-28.5678, 0.1045, 0.1751)
2024-05-07 22:19:50,109 -      ETA: 00:00:45.21
2024-05-07 22:20:02,115 - Exception occurred at epoch 175. Expected parameter loc (Tensor of shape (256, 625, 5, 8)) of distribution Normal(loc: torch.Size([256, 625, 5, 8]), scale: torch.Size([256, 625, 5, 8])) to satisfy the constraint Real(), but found invalid values:
tensor([[[[nan, nan, nan,  ..., nan, nan, nan],
          [nan, nan, nan,  ..., nan, na
2024-05-07 22:20:02,115 - Restoring model from epoch 175
2024-05-07 22:20:03,896 - Exception occurred at epoch 171. Expected parameter loc (Tensor of shape (256, 592, 5, 8)) of distribution Normal(loc: torch.Size([256, 592, 5, 8]), scale: torch.Size([256, 592, 5, 8])) to satisfy the constraint Real(), but found invalid values:
tensor([[[[nan, nan, nan,  ..., nan, nan, nan],
          [nan, nan, nan,  ..., nan, na
2024-05-07 22:20:03,896 - Restoring model from epoch 171
2024-05-07 22:20:07,829 - Exception occurred at epoch 172. Expected parameter loc (Tensor of shape (256, 625, 5, 8)) of distribution Normal(loc: torch.Size([256, 625, 5, 8]), scale: torch.Size([256, 625, 5, 8])) to satisfy the constraint Real(), but found invalid values:
tensor([[[[nan, nan, nan,  ..., nan, nan, nan],
          [nan, nan, nan,  ..., nan, na
2024-05-07 22:20:07,829 - Restoring model from epoch 172
2024-05-07 22:20:16,732 - Exception occurred at epoch 174. Expected parameter loc (Tensor of shape (256, 391, 5, 8)) of distribution Normal(loc: torch.Size([256, 391, 5, 8]), scale: torch.Size([256, 391, 5, 8])) to satisfy the constraint Real(), but found invalid values:
tensor([[[[nan, nan, nan,  ..., nan, nan, nan],
          [nan, nan, nan,  ..., nan, na
2024-05-07 22:20:16,732 - Restoring model from epoch 174
2024-05-07 22:20:25,605 - Exception occurred at epoch 169. Expected parameter loc (Tensor of shape (256, 970, 5, 8)) of distribution Normal(loc: torch.Size([256, 970, 5, 8]), scale: torch.Size([256, 970, 5, 8])) to satisfy the constraint Real(), but found invalid values:
tensor([[[[nan, nan, nan,  ..., nan, nan, nan],
          [nan, nan, nan,  ..., nan, na
2024-05-07 22:20:25,605 - Restoring model from epoch 169
2024-05-07 22:20:39,714 - Epoch [165/250], Loss: -28.6276 (-28.9101, 0.1056, 0.1769)
2024-05-07 22:20:39,714 -      ETA: 00:00:47.88
2024-05-07 22:20:53,814 - Epoch [170/250], Loss: -28.0486 (-28.3057, 0.0915, 0.1657)
2024-05-07 22:20:53,815 -      ETA: 00:00:45.02
2024-05-07 22:20:57,754 - Exception occurred at epoch 172. Expected parameter loc (Tensor of shape (256, 631, 5, 8)) of distribution Normal(loc: torch.Size([256, 631, 5, 8]), scale: torch.Size([256, 631, 5, 8])) to satisfy the constraint Real(), but found invalid values:
tensor([[[[nan, nan, nan,  ..., nan, nan, nan],
          [nan, nan, nan,  ..., nan, na
2024-05-07 22:20:57,754 - Restoring model from epoch 172
2024-05-07 22:21:03,651 - Exception occurred at epoch 173. Expected parameter loc (Tensor of shape (256, 503, 5, 8)) of distribution Normal(loc: torch.Size([256, 503, 5, 8]), scale: torch.Size([256, 503, 5, 8])) to satisfy the constraint Real(), but found invalid values:
tensor([[[[nan, nan, nan,  ..., nan, nan, nan],
          [nan, nan, nan,  ..., nan, na
2024-05-07 22:21:03,651 - Restoring model from epoch 173
2024-05-07 22:21:11,799 - Exception occurred at epoch 173. Expected parameter loc (Tensor of shape (256, 577, 5, 8)) of distribution Normal(loc: torch.Size([256, 577, 5, 8]), scale: torch.Size([256, 577, 5, 8])) to satisfy the constraint Real(), but found invalid values:
tensor([[[[nan, nan, nan,  ..., nan, nan, nan],
          [nan, nan, nan,  ..., nan, na
2024-05-07 22:21:11,799 - Restoring model from epoch 173
2024-05-07 22:21:21,721 - Exception occurred at epoch 174. Expected parameter loc (Tensor of shape (256, 660, 5, 8)) of distribution Normal(loc: torch.Size([256, 660, 5, 8]), scale: torch.Size([256, 660, 5, 8])) to satisfy the constraint Real(), but found invalid values:
tensor([[[[nan, nan, nan,  ..., nan, nan, nan],
          [nan, nan, nan,  ..., nan, na
2024-05-07 22:21:21,721 - Restoring model from epoch 174
2024-05-07 22:21:35,830 - Epoch [170/250], Loss: -28.3396 (-28.6206, 0.0997, 0.1813)
2024-05-07 22:21:35,830 -      ETA: 00:00:45.13
2024-05-07 22:21:38,348 - Exception occurred at epoch 171. Expected parameter loc (Tensor of shape (256, 813, 5, 8)) of distribution Normal(loc: torch.Size([256, 813, 5, 8]), scale: torch.Size([256, 813, 5, 8])) to satisfy the constraint Real(), but found invalid values:
tensor([[[[nan, nan, nan,  ..., nan, nan, nan],
          [nan, nan, nan,  ..., nan, na
2024-05-07 22:21:38,348 - Restoring model from epoch 171
2024-05-07 22:21:52,514 - Epoch [175/250], Loss: -28.7033 (-28.9653, 0.0941, 0.1679)
2024-05-07 22:21:52,514 -      ETA: 00:00:42.48
2024-05-07 22:22:06,708 - Epoch [180/250], Loss: -29.0429 (-29.3103, 0.1038, 0.1636)
2024-05-07 22:22:06,708 -      ETA: 00:00:39.75
2024-05-07 22:22:20,915 - Epoch [185/250], Loss: -28.8139 (-29.0586, 0.0877, 0.1571)
2024-05-07 22:22:20,915 -      ETA: 00:00:36.91
2024-05-07 22:22:35,119 - Epoch [190/250], Loss: -28.7853 (-29.0195, 0.0891, 0.1451)
2024-05-07 22:22:35,120 -      ETA: 00:00:34.09
2024-05-07 22:22:49,301 - Epoch [195/250], Loss: -29.1623 (-29.4154, 0.0886, 0.1645)
2024-05-07 22:22:49,301 -      ETA: 00:00:31.24
2024-05-07 22:22:55,564 - Exception occurred at epoch 198. Expected parameter loc (Tensor of shape (256, 476, 5, 8)) of distribution Normal(loc: torch.Size([256, 476, 5, 8]), scale: torch.Size([256, 476, 5, 8])) to satisfy the constraint Real(), but found invalid values:
tensor([[[[nan, nan, nan,  ..., nan, nan, nan],
          [nan, nan, nan,  ..., nan, na
2024-05-07 22:22:55,564 - Restoring model from epoch 198
2024-05-07 22:22:59,765 - Exception occurred at epoch 197. Expected parameter loc (Tensor of shape (256, 391, 5, 8)) of distribution Normal(loc: torch.Size([256, 391, 5, 8]), scale: torch.Size([256, 391, 5, 8])) to satisfy the constraint Real(), but found invalid values:
tensor([[[[nan, nan, nan,  ..., nan, nan, nan],
          [nan, nan, nan,  ..., nan, na
2024-05-07 22:22:59,765 - Restoring model from epoch 197
2024-05-07 22:23:03,822 - Exception occurred at epoch 197. Expected parameter loc (Tensor of shape (256, 577, 5, 8)) of distribution Normal(loc: torch.Size([256, 577, 5, 8]), scale: torch.Size([256, 577, 5, 8])) to satisfy the constraint Real(), but found invalid values:
tensor([[[[nan, nan, nan,  ..., nan, nan, nan],
          [nan, nan, nan,  ..., nan, na
2024-05-07 22:23:03,822 - Restoring model from epoch 197
2024-05-07 22:23:18,012 - Epoch [200/250], Loss: -28.7649 (-29.0204, 0.0898, 0.1657)
2024-05-07 22:23:18,012 -      ETA: 00:00:28.31
2024-05-07 22:23:18,107 - == NETWORK SAVED

2024-05-07 22:23:32,287 - Epoch [205/250], Loss: -29.7031 (-29.9556, 0.0913, 0.1612)
2024-05-07 22:23:32,287 -      ETA: 00:00:25.54
2024-05-07 22:23:46,516 - Epoch [210/250], Loss: -29.7199 (-29.9770, 0.0936, 0.1635)
2024-05-07 22:23:46,516 -      ETA: 00:00:22.70
2024-05-07 22:23:47,665 - Exception occurred at epoch 211. Expected parameter loc (Tensor of shape (256, 970, 5, 8)) of distribution Normal(loc: torch.Size([256, 970, 5, 8]), scale: torch.Size([256, 970, 5, 8])) to satisfy the constraint Real(), but found invalid values:
tensor([[[[nan, nan, nan,  ..., nan, nan, nan],
          [nan, nan, nan,  ..., nan, na
2024-05-07 22:23:47,665 - Restoring model from epoch 211
2024-05-07 22:23:48,956 - Exception occurred at epoch 211. Expected parameter loc (Tensor of shape (256, 462, 5, 8)) of distribution Normal(loc: torch.Size([256, 462, 5, 8]), scale: torch.Size([256, 462, 5, 8])) to satisfy the constraint Real(), but found invalid values:
tensor([[[[nan, nan, nan,  ..., nan, nan, nan],
          [nan, nan, nan,  ..., nan, na
2024-05-07 22:23:48,957 - Restoring model from epoch 211
2024-05-07 22:23:50,252 - Exception occurred at epoch 211. Expected parameter loc (Tensor of shape (256, 631, 5, 8)) of distribution Normal(loc: torch.Size([256, 631, 5, 8]), scale: torch.Size([256, 631, 5, 8])) to satisfy the constraint Real(), but found invalid values:
tensor([[[[nan, nan, nan,  ..., nan, nan, nan],
          [nan, nan, nan,  ..., nan, na
2024-05-07 22:23:50,252 - Restoring model from epoch 211
2024-05-07 22:23:51,382 - Exception occurred at epoch 211. Expected parameter loc (Tensor of shape (256, 914, 5, 8)) of distribution Normal(loc: torch.Size([256, 914, 5, 8]), scale: torch.Size([256, 914, 5, 8])) to satisfy the constraint Real(), but found invalid values:
tensor([[[[nan, nan, nan,  ..., nan, nan, nan],
          [nan, nan, nan,  ..., nan, na
2024-05-07 22:23:51,383 - Restoring model from epoch 211
2024-05-07 22:24:05,551 - Epoch [210/250], Loss: -29.5558 (-29.8029, 0.0888, 0.1582)
2024-05-07 22:24:05,551 -      ETA: 00:00:22.72
2024-05-07 22:24:19,717 - Epoch [215/250], Loss: -29.7078 (-29.9624, 0.0919, 0.1627)
2024-05-07 22:24:19,717 -      ETA: 00:00:19.80
2024-05-07 22:24:33,856 - Epoch [220/250], Loss: -28.6595 (-28.9338, 0.0867, 0.1877)
2024-05-07 22:24:33,856 -      ETA: 00:00:17.01
2024-05-07 22:24:37,288 - Exception occurred at epoch 222. Expected parameter loc (Tensor of shape (256, 594, 5, 8)) of distribution Normal(loc: torch.Size([256, 594, 5, 8]), scale: torch.Size([256, 594, 5, 8])) to satisfy the constraint Real(), but found invalid values:
tensor([[[[nan, nan, nan,  ..., nan, nan, nan],
          [nan, nan, nan,  ..., nan, na
2024-05-07 22:24:37,289 - Restoring model from epoch 222
