2024-05-07 21:52:03,785 - Using cuda
2024-05-07 21:52:17,155 - Epoch [5/250], Loss: -14.3373 (-14.4987, 0.1613, 0.0000)
2024-05-07 21:52:17,157 -      ETA: 00:02:11.05
2024-05-07 21:52:30,517 - Epoch [10/250], Loss: -17.6660 (-17.8160, 0.1500, 0.0000)
2024-05-07 21:52:30,518 -      ETA: 00:02:08.63
2024-05-07 21:52:43,912 - Epoch [15/250], Loss: -18.3380 (-18.5023, 0.1643, 0.0000)
2024-05-07 21:52:43,912 -      ETA: 00:02:06.11
2024-05-07 21:52:57,316 - Epoch [20/250], Loss: -19.7605 (-19.8977, 0.1372, 0.0000)
2024-05-07 21:52:57,317 -      ETA: 00:02:03.45
2024-05-07 21:53:10,716 - Epoch [25/250], Loss: -19.9776 (-20.1185, 0.1409, 0.0000)
2024-05-07 21:53:10,716 -      ETA: 00:02:00.58
2024-05-07 21:53:24,115 - Epoch [30/250], Loss: -20.1563 (-20.3032, 0.1469, 0.0000)
2024-05-07 21:53:24,116 -      ETA: 00:01:58.05
2024-05-07 21:53:37,520 - Epoch [35/250], Loss: -20.6707 (-20.8127, 0.1420, 0.0000)
2024-05-07 21:53:37,520 -      ETA: 00:01:55.45
2024-05-07 21:53:50,916 - Epoch [40/250], Loss: -20.6069 (-20.7526, 0.1458, 0.0000)
2024-05-07 21:53:50,917 -      ETA: 00:01:52.70
2024-05-07 21:54:04,325 - Epoch [45/250], Loss: -21.7291 (-21.8713, 0.1422, 0.0000)
2024-05-07 21:54:04,326 -      ETA: 00:01:50.15
2024-05-07 21:54:15,224 - Exception occurred at epoch 50. Expected parameter loc (Tensor of shape (256, 854, 5, 8)) of distribution Normal(loc: torch.Size([256, 854, 5, 8]), scale: torch.Size([256, 854, 5, 8])) to satisfy the constraint Real(), but found invalid values:
tensor([[[[nan, nan, nan,  ..., nan, nan, nan],
          [nan, nan, nan,  ..., nan, na
2024-05-07 21:54:15,224 - Restoring model from epoch 50
2024-05-07 21:54:28,734 - Epoch [50/250], Loss: -22.2188 (-22.3633, 0.1445, 0.0000)
2024-05-07 21:54:28,734 -      ETA: 00:01:47.81
2024-05-07 21:54:28,776 - == NETWORK SAVED

2024-05-07 21:54:29,566 - Exception occurred at epoch 51. Expected parameter loc (Tensor of shape (256, 391, 5, 8)) of distribution Normal(loc: torch.Size([256, 391, 5, 8]), scale: torch.Size([256, 391, 5, 8])) to satisfy the constraint Real(), but found invalid values:
tensor([[[[nan, nan, nan,  ..., nan, nan, nan],
          [nan, nan, nan,  ..., nan, na
2024-05-07 21:54:29,566 - Restoring model from epoch 51
2024-05-07 21:54:30,795 - Exception occurred at epoch 51. Expected parameter loc (Tensor of shape (256, 631, 5, 8)) of distribution Normal(loc: torch.Size([256, 631, 5, 8]), scale: torch.Size([256, 631, 5, 8])) to satisfy the constraint Real(), but found invalid values:
tensor([[[[nan, nan, nan,  ..., nan, nan, nan],
          [nan, nan, nan,  ..., nan, na
2024-05-07 21:54:30,795 - Restoring model from epoch 51
2024-05-07 21:54:32,855 - Exception occurred at epoch 51. Expected parameter loc (Tensor of shape (256, 518, 5, 8)) of distribution Normal(loc: torch.Size([256, 518, 5, 8]), scale: torch.Size([256, 518, 5, 8])) to satisfy the constraint Real(), but found invalid values:
tensor([[[[nan, nan, nan,  ..., nan, nan, nan],
          [nan, nan, nan,  ..., nan, na
2024-05-07 21:54:32,856 - Restoring model from epoch 51
2024-05-07 21:54:33,704 - Exception occurred at epoch 51. Expected parameter loc (Tensor of shape (256, 616, 5, 8)) of distribution Normal(loc: torch.Size([256, 616, 5, 8]), scale: torch.Size([256, 616, 5, 8])) to satisfy the constraint Real(), but found invalid values:
tensor([[[[nan, nan, nan,  ..., nan, nan, nan],
          [nan, nan, nan,  ..., nan, na
2024-05-07 21:54:33,705 - Restoring model from epoch 51
2024-05-07 21:54:43,483 - Exception occurred at epoch 49. Expected parameter loc (Tensor of shape (256, 610, 5, 8)) of distribution Normal(loc: torch.Size([256, 610, 5, 8]), scale: torch.Size([256, 610, 5, 8])) to satisfy the constraint Real(), but found invalid values:
tensor([[[[nan, nan, nan,  ..., nan, nan, nan],
          [nan, nan, nan,  ..., nan, na
2024-05-07 21:54:43,483 - Restoring model from epoch 49
2024-05-07 21:54:56,966 - Epoch [50/250], Loss: -21.6701 (-21.8172, 0.1471, 0.0000)
2024-05-07 21:54:56,966 -      ETA: 00:01:47.78
2024-05-07 21:54:57,009 - == NETWORK SAVED

2024-05-07 21:55:01,189 - Exception occurred at epoch 52. Expected parameter loc (Tensor of shape (256, 616, 5, 8)) of distribution Normal(loc: torch.Size([256, 616, 5, 8]), scale: torch.Size([256, 616, 5, 8])) to satisfy the constraint Real(), but found invalid values:
tensor([[[[nan, nan, nan,  ..., nan, nan, nan],
          [nan, nan, nan,  ..., nan, na
2024-05-07 21:55:01,189 - Restoring model from epoch 52
2024-05-07 21:55:03,699 - Exception occurred at epoch 51. Expected parameter loc (Tensor of shape (256, 610, 5, 8)) of distribution Normal(loc: torch.Size([256, 610, 5, 8]), scale: torch.Size([256, 610, 5, 8])) to satisfy the constraint Real(), but found invalid values:
tensor([[[[nan, nan, nan,  ..., nan, nan, nan],
          [nan, nan, nan,  ..., nan, na
2024-05-07 21:55:03,699 - Restoring model from epoch 51
2024-05-07 21:55:04,226 - Exception occurred at epoch 51. Expected parameter loc (Tensor of shape (256, 503, 5, 8)) of distribution Normal(loc: torch.Size([256, 503, 5, 8]), scale: torch.Size([256, 503, 5, 8])) to satisfy the constraint Real(), but found invalid values:
tensor([[[[nan, nan, nan,  ..., nan, nan, nan],
          [nan, nan, nan,  ..., nan, na
2024-05-07 21:55:04,227 - Restoring model from epoch 51
2024-05-07 21:55:06,856 - Exception occurred at epoch 51. Expected parameter loc (Tensor of shape (256, 513, 5, 8)) of distribution Normal(loc: torch.Size([256, 513, 5, 8]), scale: torch.Size([256, 513, 5, 8])) to satisfy the constraint Real(), but found invalid values:
tensor([[[[nan, nan, nan,  ..., nan, nan, nan],
          [nan, nan, nan,  ..., nan, na
2024-05-07 21:55:06,856 - Restoring model from epoch 51
2024-05-07 21:55:20,315 - Epoch [45/250], Loss: -21.3677 (-21.4995, 0.1318, 0.0000)
2024-05-07 21:55:20,315 -      ETA: 00:01:50.02
2024-05-07 21:55:33,730 - Epoch [50/250], Loss: -22.1146 (-22.2533, 0.1387, 0.0000)
2024-05-07 21:55:33,730 -      ETA: 00:01:47.45
2024-05-07 21:55:33,774 - == NETWORK SAVED

2024-05-07 21:55:35,839 - Exception occurred at epoch 51. Expected parameter loc (Tensor of shape (256, 391, 5, 8)) of distribution Normal(loc: torch.Size([256, 391, 5, 8]), scale: torch.Size([256, 391, 5, 8])) to satisfy the constraint Real(), but found invalid values:
tensor([[[[nan, nan, nan,  ..., nan, nan, nan],
          [nan, nan, nan,  ..., nan, na
2024-05-07 21:55:35,839 - Restoring model from epoch 51
2024-05-07 21:55:36,561 - Exception occurred at epoch 51. Expected parameter loc (Tensor of shape (256, 631, 5, 8)) of distribution Normal(loc: torch.Size([256, 631, 5, 8]), scale: torch.Size([256, 631, 5, 8])) to satisfy the constraint Real(), but found invalid values:
tensor([[[[nan, nan, nan,  ..., nan, nan, nan],
          [nan, nan, nan,  ..., nan, na
2024-05-07 21:55:36,561 - Restoring model from epoch 51
2024-05-07 21:55:38,222 - Exception occurred at epoch 51. Expected parameter loc (Tensor of shape (256, 610, 5, 8)) of distribution Normal(loc: torch.Size([256, 610, 5, 8]), scale: torch.Size([256, 610, 5, 8])) to satisfy the constraint Real(), but found invalid values:
tensor([[[[nan, nan, nan,  ..., nan, nan, nan],
          [nan, nan, nan,  ..., nan, na
2024-05-07 21:55:38,222 - Restoring model from epoch 51
2024-05-07 21:55:44,990 - Exception occurred at epoch 53. Expected parameter loc (Tensor of shape (256, 516, 5, 8)) of distribution Normal(loc: torch.Size([256, 516, 5, 8]), scale: torch.Size([256, 516, 5, 8])) to satisfy the constraint Real(), but found invalid values:
tensor([[[[nan, nan, nan,  ..., nan, nan, nan],
          [nan, nan, nan,  ..., nan, na
2024-05-07 21:55:44,990 - Restoring model from epoch 53
2024-05-07 21:55:57,441 - Exception occurred at epoch 50. Expected parameter loc (Tensor of shape (256, 503, 5, 8)) of distribution Normal(loc: torch.Size([256, 503, 5, 8]), scale: torch.Size([256, 503, 5, 8])) to satisfy the constraint Real(), but found invalid values:
tensor([[[[nan, nan, nan,  ..., nan, nan, nan],
          [nan, nan, nan,  ..., nan, na
2024-05-07 21:55:57,441 - Restoring model from epoch 50
2024-05-07 21:56:10,932 - Epoch [50/250], Loss: -22.1313 (-22.2752, 0.1439, 0.0000)
2024-05-07 21:56:10,933 -      ETA: 00:01:47.77
2024-05-07 21:56:10,976 - == NETWORK SAVED

2024-05-07 21:56:15,509 - Exception occurred at epoch 52. Expected parameter loc (Tensor of shape (256, 540, 5, 8)) of distribution Normal(loc: torch.Size([256, 540, 5, 8]), scale: torch.Size([256, 540, 5, 8])) to satisfy the constraint Real(), but found invalid values:
tensor([[[[nan, nan, nan,  ..., nan, nan, nan],
          [nan, nan, nan,  ..., nan, na
2024-05-07 21:56:15,509 - Restoring model from epoch 52
2024-05-07 21:56:23,424 - Exception occurred at epoch 53. Expected parameter loc (Tensor of shape (256, 513, 5, 8)) of distribution Normal(loc: torch.Size([256, 513, 5, 8]), scale: torch.Size([256, 513, 5, 8])) to satisfy the constraint Real(), but found invalid values:
tensor([[[[nan, nan, nan,  ..., nan, nan, nan],
          [nan, nan, nan,  ..., nan, na
2024-05-07 21:56:23,424 - Restoring model from epoch 53
2024-05-07 21:56:23,704 - Exception occurred at epoch 51. Expected parameter loc (Tensor of shape (256, 625, 5, 8)) of distribution Normal(loc: torch.Size([256, 625, 5, 8]), scale: torch.Size([256, 625, 5, 8])) to satisfy the constraint Real(), but found invalid values:
tensor([[[[nan, nan, nan,  ..., nan, nan, nan],
          [nan, nan, nan,  ..., nan, na
2024-05-07 21:56:23,704 - Restoring model from epoch 51
2024-05-07 21:56:24,465 - Exception occurred at epoch 51. Expected parameter loc (Tensor of shape (256, 503, 5, 8)) of distribution Normal(loc: torch.Size([256, 503, 5, 8]), scale: torch.Size([256, 503, 5, 8])) to satisfy the constraint Real(), but found invalid values:
tensor([[[[nan, nan, nan,  ..., nan, nan, nan],
          [nan, nan, nan,  ..., nan, na
2024-05-07 21:56:24,465 - Restoring model from epoch 51
2024-05-07 21:56:37,883 - Epoch [50/250], Loss: -22.1213 (-22.2567, 0.1354, 0.0000)
2024-05-07 21:56:37,883 -      ETA: 00:01:47.42
2024-05-07 21:56:37,926 - == NETWORK SAVED

2024-05-07 21:56:41,805 - Exception occurred at epoch 52. Expected parameter loc (Tensor of shape (256, 631, 5, 8)) of distribution Normal(loc: torch.Size([256, 631, 5, 8]), scale: torch.Size([256, 631, 5, 8])) to satisfy the constraint Real(), but found invalid values:
tensor([[[[nan, nan, nan,  ..., nan, nan, nan],
          [nan, nan, nan,  ..., nan, na
2024-05-07 21:56:41,805 - Restoring model from epoch 52
2024-05-07 21:56:49,452 - Exception occurred at epoch 53. Expected parameter loc (Tensor of shape (256, 631, 5, 8)) of distribution Normal(loc: torch.Size([256, 631, 5, 8]), scale: torch.Size([256, 631, 5, 8])) to satisfy the constraint Real(), but found invalid values:
tensor([[[[nan, nan, nan,  ..., nan, nan, nan],
          [nan, nan, nan,  ..., nan, na
2024-05-07 21:56:49,453 - Restoring model from epoch 53
2024-05-07 21:56:52,768 - Exception occurred at epoch 52. Expected parameter loc (Tensor of shape (256, 777, 5, 8)) of distribution Normal(loc: torch.Size([256, 777, 5, 8]), scale: torch.Size([256, 777, 5, 8])) to satisfy the constraint Real(), but found invalid values:
tensor([[[[nan, nan, nan,  ..., nan, nan, nan],
          [nan, nan, nan,  ..., nan, na
2024-05-07 21:56:52,768 - Restoring model from epoch 52
2024-05-07 21:57:02,374 - Exception occurred at epoch 54. Expected parameter loc (Tensor of shape (256, 577, 5, 8)) of distribution Normal(loc: torch.Size([256, 577, 5, 8]), scale: torch.Size([256, 577, 5, 8])) to satisfy the constraint Real(), but found invalid values:
tensor([[[[nan, nan, nan,  ..., nan, nan, nan],
          [nan, nan, nan,  ..., nan, na
2024-05-07 21:57:02,374 - Restoring model from epoch 54
2024-05-07 21:57:15,893 - Epoch [45/250], Loss: -21.9054 (-22.0480, 0.1425, 0.0000)
2024-05-07 21:57:15,893 -      ETA: 00:01:50.88
2024-05-07 21:57:20,919 - Exception occurred at epoch 47. Expected parameter loc (Tensor of shape (256, 631, 5, 8)) of distribution Normal(loc: torch.Size([256, 631, 5, 8]), scale: torch.Size([256, 631, 5, 8])) to satisfy the constraint Real(), but found invalid values:
tensor([[[[nan, nan, nan,  ..., nan, nan, nan],
          [nan, nan, nan,  ..., nan, na
2024-05-07 21:57:20,919 - Restoring model from epoch 47
2024-05-07 21:57:28,980 - Exception occurred at epoch 48. Expected parameter loc (Tensor of shape (256, 914, 5, 8)) of distribution Normal(loc: torch.Size([256, 914, 5, 8]), scale: torch.Size([256, 914, 5, 8])) to satisfy the constraint Real(), but found invalid values:
tensor([[[[nan, nan, nan,  ..., nan, nan, nan],
          [nan, nan, nan,  ..., nan, na
2024-05-07 21:57:28,980 - Restoring model from epoch 48
2024-05-07 21:57:36,303 - Exception occurred at epoch 48. Expected parameter loc (Tensor of shape (256, 652, 5, 8)) of distribution Normal(loc: torch.Size([256, 652, 5, 8]), scale: torch.Size([256, 652, 5, 8])) to satisfy the constraint Real(), but found invalid values:
tensor([[[[nan, nan, nan,  ..., nan, nan, nan],
          [nan, nan, nan,  ..., nan, na
2024-05-07 21:57:36,303 - Restoring model from epoch 48
2024-05-07 21:57:50,160 - Epoch [50/250], Loss: -22.3515 (-22.4970, 0.1454, 0.0000)
2024-05-07 21:57:50,161 -      ETA: 00:01:50.96
2024-05-07 21:57:50,203 - == NETWORK SAVED

2024-05-07 21:57:54,603 - Exception occurred at epoch 52. Expected parameter loc (Tensor of shape (256, 391, 5, 8)) of distribution Normal(loc: torch.Size([256, 391, 5, 8]), scale: torch.Size([256, 391, 5, 8])) to satisfy the constraint Real(), but found invalid values:
tensor([[[[nan, nan, nan,  ..., nan, nan, nan],
          [nan, nan, nan,  ..., nan, na
2024-05-07 21:57:54,603 - Restoring model from epoch 52
2024-05-07 21:58:04,449 - Exception occurred at epoch 54. Expected parameter loc (Tensor of shape (256, 594, 5, 8)) of distribution Normal(loc: torch.Size([256, 594, 5, 8]), scale: torch.Size([256, 594, 5, 8])) to satisfy the constraint Real(), but found invalid values:
tensor([[[[nan, nan, nan,  ..., nan, nan, nan],
          [nan, nan, nan,  ..., nan, na
2024-05-07 21:58:04,449 - Restoring model from epoch 54
2024-05-07 21:58:14,901 - Exception occurred at epoch 54. Expected parameter loc (Tensor of shape (256, 777, 5, 8)) of distribution Normal(loc: torch.Size([256, 777, 5, 8]), scale: torch.Size([256, 777, 5, 8])) to satisfy the constraint Real(), but found invalid values:
tensor([[[[nan, nan, nan,  ..., nan, nan, nan],
          [nan, nan, nan,  ..., nan, na
2024-05-07 21:58:14,901 - Restoring model from epoch 54
2024-05-07 21:58:24,543 - Exception occurred at epoch 54. Expected parameter loc (Tensor of shape (256, 914, 5, 8)) of distribution Normal(loc: torch.Size([256, 914, 5, 8]), scale: torch.Size([256, 914, 5, 8])) to satisfy the constraint Real(), but found invalid values:
tensor([[[[nan, nan, nan,  ..., nan, nan, nan],
          [nan, nan, nan,  ..., nan, na
2024-05-07 21:58:24,543 - Restoring model from epoch 54
2024-05-07 21:58:38,085 - Epoch [45/250], Loss: -19.9795 (-20.1128, 0.1333, 0.0000)
2024-05-07 21:58:38,086 -      ETA: 00:01:50.96
2024-05-07 21:58:51,621 - Epoch [50/250], Loss: -21.4509 (-21.5861, 0.1352, 0.0000)
2024-05-07 21:58:51,621 -      ETA: 00:01:48.40
2024-05-07 21:58:51,665 - == NETWORK SAVED

2024-05-07 21:58:53,912 - Exception occurred at epoch 51. Expected parameter loc (Tensor of shape (256, 462, 5, 8)) of distribution Normal(loc: torch.Size([256, 462, 5, 8]), scale: torch.Size([256, 462, 5, 8])) to satisfy the constraint Real(), but found invalid values:
tensor([[[[nan, nan, nan,  ..., nan, nan, nan],
          [nan, nan, nan,  ..., nan, na
2024-05-07 21:58:53,912 - Restoring model from epoch 51
2024-05-07 21:59:03,306 - Exception occurred at epoch 54. Expected parameter loc (Tensor of shape (256, 518, 5, 8)) of distribution Normal(loc: torch.Size([256, 518, 5, 8]), scale: torch.Size([256, 518, 5, 8])) to satisfy the constraint Real(), but found invalid values:
tensor([[[[nan, nan, nan,  ..., nan, nan, nan],
          [nan, nan, nan,  ..., nan, na
2024-05-07 21:59:03,306 - Restoring model from epoch 54
2024-05-07 21:59:12,517 - Exception occurred at epoch 54. Expected parameter loc (Tensor of shape (256, 518, 5, 8)) of distribution Normal(loc: torch.Size([256, 518, 5, 8]), scale: torch.Size([256, 518, 5, 8])) to satisfy the constraint Real(), but found invalid values:
tensor([[[[nan, nan, nan,  ..., nan, nan, nan],
          [nan, nan, nan,  ..., nan, na
2024-05-07 21:59:12,517 - Restoring model from epoch 54
2024-05-07 21:59:17,557 - Exception occurred at epoch 52. Expected parameter loc (Tensor of shape (256, 391, 5, 8)) of distribution Normal(loc: torch.Size([256, 391, 5, 8]), scale: torch.Size([256, 391, 5, 8])) to satisfy the constraint Real(), but found invalid values:
tensor([[[[nan, nan, nan,  ..., nan, nan, nan],
          [nan, nan, nan,  ..., nan, na
2024-05-07 21:59:17,557 - Restoring model from epoch 52
2024-05-07 21:59:31,060 - Exception occurred at epoch 50. Expected parameter loc (Tensor of shape (256, 476, 5, 8)) of distribution Normal(loc: torch.Size([256, 476, 5, 8]), scale: torch.Size([256, 476, 5, 8])) to satisfy the constraint Real(), but found invalid values:
tensor([[[[nan, nan, nan,  ..., nan, nan, nan],
          [nan, nan, nan,  ..., nan, na
2024-05-07 21:59:31,060 - Restoring model from epoch 50
2024-05-07 21:59:44,620 - Epoch [50/250], Loss: -21.9634 (-22.1018, 0.1384, 0.0000)
2024-05-07 21:59:44,621 -      ETA: 00:01:48.37
2024-05-07 21:59:44,669 - == NETWORK SAVED

2024-05-07 21:59:52,108 - Exception occurred at epoch 53. Expected parameter loc (Tensor of shape (256, 552, 5, 8)) of distribution Normal(loc: torch.Size([256, 552, 5, 8]), scale: torch.Size([256, 552, 5, 8])) to satisfy the constraint Real(), but found invalid values:
tensor([[[[nan, nan, nan,  ..., nan, nan, nan],
          [nan, nan, nan,  ..., nan, na
2024-05-07 21:59:52,108 - Restoring model from epoch 53
2024-05-07 21:59:55,201 - Exception occurred at epoch 52. Expected parameter loc (Tensor of shape (256, 610, 5, 8)) of distribution Normal(loc: torch.Size([256, 610, 5, 8]), scale: torch.Size([256, 610, 5, 8])) to satisfy the constraint Real(), but found invalid values:
tensor([[[[nan, nan, nan,  ..., nan, nan, nan],
          [nan, nan, nan,  ..., nan, na
2024-05-07 21:59:55,201 - Restoring model from epoch 52
2024-05-07 22:00:01,276 - Exception occurred at epoch 53. Expected parameter loc (Tensor of shape (256, 914, 5, 8)) of distribution Normal(loc: torch.Size([256, 914, 5, 8]), scale: torch.Size([256, 914, 5, 8])) to satisfy the constraint Real(), but found invalid values:
tensor([[[[nan, nan, nan,  ..., nan, nan, nan],
          [nan, nan, nan,  ..., nan, na
2024-05-07 22:00:01,276 - Restoring model from epoch 53
2024-05-07 22:00:11,704 - Exception occurred at epoch 54. Expected parameter loc (Tensor of shape (256, 623, 5, 8)) of distribution Normal(loc: torch.Size([256, 623, 5, 8]), scale: torch.Size([256, 623, 5, 8])) to satisfy the constraint Real(), but found invalid values:
tensor([[[[nan, nan, nan,  ..., nan, nan, nan],
          [nan, nan, nan,  ..., nan, na
2024-05-07 22:00:11,704 - Restoring model from epoch 54
2024-05-07 22:00:22,354 - Exception occurred at epoch 49. Expected parameter loc (Tensor of shape (256, 440, 5, 8)) of distribution Normal(loc: torch.Size([256, 440, 5, 8]), scale: torch.Size([256, 440, 5, 8])) to satisfy the constraint Real(), but found invalid values:
tensor([[[[nan, nan, nan,  ..., nan, nan, nan],
          [nan, nan, nan,  ..., nan, na
2024-05-07 22:00:22,354 - Restoring model from epoch 49
2024-05-07 22:00:35,866 - Epoch [40/250], Loss: -20.9099 (-21.0499, 0.1400, 0.0000)
2024-05-07 22:00:35,867 -      ETA: 00:01:53.25
2024-05-07 22:00:49,343 - Epoch [45/250], Loss: -21.6657 (-21.8104, 0.1448, 0.0000)
2024-05-07 22:00:49,343 -      ETA: 00:01:50.64
2024-05-07 22:01:02,814 - Epoch [50/250], Loss: -21.9280 (-22.0692, 0.1412, 0.0000)
2024-05-07 22:01:02,814 -      ETA: 00:01:47.82
2024-05-07 22:01:02,856 - == NETWORK SAVED

2024-05-07 22:01:16,313 - Epoch [55/250], Loss: -21.7917 (-21.9230, 0.1313, 0.0000)
2024-05-07 22:01:16,313 -      ETA: 00:01:45.08
2024-05-07 22:01:29,754 - Epoch [60/250], Loss: -22.3475 (-22.4876, 0.1401, 0.0000)
2024-05-07 22:01:29,754 -      ETA: 00:01:42.30
2024-05-07 22:01:43,209 - Epoch [65/250], Loss: -22.7732 (-22.9176, 0.1444, 0.0000)
2024-05-07 22:01:43,209 -      ETA: 00:01:39.66
2024-05-07 22:01:56,659 - Epoch [70/250], Loss: -23.0991 (-23.2273, 0.1281, 0.0000)
2024-05-07 22:01:56,659 -      ETA: 00:01:36.95
2024-05-07 22:02:10,152 - Epoch [75/250], Loss: -23.3219 (-23.4503, 0.1284, 0.0000)
2024-05-07 22:02:10,152 -      ETA: 00:01:34.56
2024-05-07 22:02:15,308 - Exception occurred at epoch 77. Expected parameter loc (Tensor of shape (256, 481, 5, 8)) of distribution Normal(loc: torch.Size([256, 481, 5, 8]), scale: torch.Size([256, 481, 5, 8])) to satisfy the constraint Real(), but found invalid values:
tensor([[[[nan, nan, nan,  ..., nan, nan, nan],
          [nan, nan, nan,  ..., nan, na
2024-05-07 22:02:15,309 - Restoring model from epoch 77
2024-05-07 22:02:28,851 - Epoch [80/250], Loss: -22.4560 (-22.5928, 0.1368, 0.0000)
2024-05-07 22:02:28,851 -      ETA: 00:01:31.85
2024-05-07 22:02:37,408 - Exception occurred at epoch 84. Expected parameter loc (Tensor of shape (256, 625, 5, 8)) of distribution Normal(loc: torch.Size([256, 625, 5, 8]), scale: torch.Size([256, 625, 5, 8])) to satisfy the constraint Real(), but found invalid values:
tensor([[[[nan, nan, nan,  ..., nan, nan, nan],
          [nan, nan, nan,  ..., nan, na
2024-05-07 22:02:37,408 - Restoring model from epoch 84
2024-05-07 22:02:47,444 - Exception occurred at epoch 84. Expected parameter loc (Tensor of shape (256, 729, 5, 8)) of distribution Normal(loc: torch.Size([256, 729, 5, 8]), scale: torch.Size([256, 729, 5, 8])) to satisfy the constraint Real(), but found invalid values:
tensor([[[[nan, nan, nan,  ..., nan, nan, nan],
          [nan, nan, nan,  ..., nan, na
2024-05-07 22:02:47,444 - Restoring model from epoch 84
2024-05-07 22:03:01,040 - Epoch [85/250], Loss: -23.6898 (-23.8325, 0.1426, 0.0000)
2024-05-07 22:03:01,041 -      ETA: 00:01:29.45
2024-05-07 22:03:14,610 - Epoch [90/250], Loss: -23.3094 (-23.4493, 0.1399, 0.0000)
2024-05-07 22:03:14,610 -      ETA: 00:01:26.90
2024-05-07 22:03:28,181 - Epoch [95/250], Loss: -24.0235 (-24.1610, 0.1376, 0.0000)
2024-05-07 22:03:28,182 -      ETA: 00:01:24.34
2024-05-07 22:03:41,748 - Epoch [100/250], Loss: -24.4045 (-24.5259, 0.1214, 0.0000)
2024-05-07 22:03:41,748 -      ETA: 00:01:21.34
2024-05-07 22:03:41,800 - == NETWORK SAVED

2024-05-07 22:03:55,354 - Epoch [105/250], Loss: -24.3745 (-24.5189, 0.1443, 0.0000)
2024-05-07 22:03:55,354 -      ETA: 00:01:18.64
2024-05-07 22:04:08,923 - Epoch [110/250], Loss: -23.8415 (-23.9647, 0.1233, 0.0000)
2024-05-07 22:04:08,923 -      ETA: 00:01:16.19
2024-05-07 22:04:22,497 - Epoch [115/250], Loss: -24.3746 (-24.5080, 0.1334, 0.0000)
2024-05-07 22:04:22,497 -      ETA: 00:01:13.30
2024-05-07 22:04:35,852 - Exception occurred at epoch 120. Expected parameter loc (Tensor of shape (256, 659, 5, 8)) of distribution Normal(loc: torch.Size([256, 659, 5, 8]), scale: torch.Size([256, 659, 5, 8])) to satisfy the constraint Real(), but found invalid values:
tensor([[[[nan, nan, nan,  ..., nan, nan, nan],
          [nan, nan, nan,  ..., nan, na
2024-05-07 22:04:35,853 - Restoring model from epoch 120
2024-05-07 22:04:49,446 - Epoch [120/250], Loss: -24.9216 (-25.0476, 0.1259, 0.0000)
2024-05-07 22:04:49,446 -      ETA: 00:01:10.71
2024-05-07 22:04:59,824 - Exception occurred at epoch 124. Expected parameter loc (Tensor of shape (256, 540, 5, 8)) of distribution Normal(loc: torch.Size([256, 540, 5, 8]), scale: torch.Size([256, 540, 5, 8])) to satisfy the constraint Real(), but found invalid values:
tensor([[[[nan, nan, nan,  ..., nan, nan, nan],
          [nan, nan, nan,  ..., nan, na
2024-05-07 22:04:59,825 - Restoring model from epoch 124
2024-05-07 22:05:13,422 - Epoch [125/250], Loss: -24.3737 (-24.5011, 0.1274, 0.0000)
2024-05-07 22:05:13,422 -      ETA: 00:01:07.89
2024-05-07 22:05:26,986 - Epoch [130/250], Loss: -25.4273 (-25.5562, 0.1289, 0.0000)
2024-05-07 22:05:26,986 -      ETA: 00:01:05.16
2024-05-07 22:05:40,561 - Epoch [135/250], Loss: -25.6532 (-25.7807, 0.1275, 0.0000)
2024-05-07 22:05:40,561 -      ETA: 00:01:02.51
2024-05-07 22:05:54,165 - Epoch [140/250], Loss: -25.1607 (-25.2830, 0.1224, 0.0000)
2024-05-07 22:05:54,165 -      ETA: 00:01:00.02
2024-05-07 22:06:07,762 - Epoch [145/250], Loss: -25.4985 (-25.6245, 0.1260, 0.0000)
2024-05-07 22:06:07,762 -      ETA: 00:00:57.15
2024-05-07 22:06:11,310 - Exception occurred at epoch 147. Expected parameter loc (Tensor of shape (256, 462, 5, 8)) of distribution Normal(loc: torch.Size([256, 462, 5, 8]), scale: torch.Size([256, 462, 5, 8])) to satisfy the constraint Real(), but found invalid values:
tensor([[[[nan, nan, nan,  ..., nan, nan, nan],
          [nan, nan, nan,  ..., nan, na
2024-05-07 22:06:11,310 - Restoring model from epoch 147
2024-05-07 22:06:13,987 - Exception occurred at epoch 146. Expected parameter loc (Tensor of shape (256, 610, 5, 8)) of distribution Normal(loc: torch.Size([256, 610, 5, 8]), scale: torch.Size([256, 610, 5, 8])) to satisfy the constraint Real(), but found invalid values:
tensor([[[[nan, nan, nan,  ..., nan, nan, nan],
          [nan, nan, nan,  ..., nan, na
2024-05-07 22:06:13,987 - Restoring model from epoch 146
2024-05-07 22:06:20,069 - Exception occurred at epoch 148. Expected parameter loc (Tensor of shape (256, 970, 5, 8)) of distribution Normal(loc: torch.Size([256, 970, 5, 8]), scale: torch.Size([256, 970, 5, 8])) to satisfy the constraint Real(), but found invalid values:
tensor([[[[nan, nan, nan,  ..., nan, nan, nan],
          [nan, nan, nan,  ..., nan, na
2024-05-07 22:06:20,070 - Restoring model from epoch 148
2024-05-07 22:06:28,924 - Exception occurred at epoch 149. Expected parameter loc (Tensor of shape (256, 518, 5, 8)) of distribution Normal(loc: torch.Size([256, 518, 5, 8]), scale: torch.Size([256, 518, 5, 8])) to satisfy the constraint Real(), but found invalid values:
tensor([[[[nan, nan, nan,  ..., nan, nan, nan],
          [nan, nan, nan,  ..., nan, na
2024-05-07 22:06:28,925 - Restoring model from epoch 149
2024-05-07 22:06:42,517 - Epoch [145/250], Loss: -25.5468 (-25.6686, 0.1218, 0.0000)
2024-05-07 22:06:42,517 -      ETA: 00:00:56.97
2024-05-07 22:06:46,622 - Exception occurred at epoch 147. Expected parameter loc (Tensor of shape (256, 481, 5, 8)) of distribution Normal(loc: torch.Size([256, 481, 5, 8]), scale: torch.Size([256, 481, 5, 8])) to satisfy the constraint Real(), but found invalid values:
tensor([[[[nan, nan, nan,  ..., nan, nan, nan],
          [nan, nan, nan,  ..., nan, na
2024-05-07 22:06:46,622 - Restoring model from epoch 147
2024-05-07 22:06:55,301 - Exception occurred at epoch 149. Expected parameter loc (Tensor of shape (256, 729, 5, 8)) of distribution Normal(loc: torch.Size([256, 729, 5, 8]), scale: torch.Size([256, 729, 5, 8])) to satisfy the constraint Real(), but found invalid values:
tensor([[[[nan, nan, nan,  ..., nan, nan, nan],
          [nan, nan, nan,  ..., nan, na
2024-05-07 22:06:55,302 - Restoring model from epoch 149
2024-05-07 22:07:01,383 - Exception occurred at epoch 148. Expected parameter loc (Tensor of shape (256, 575, 5, 8)) of distribution Normal(loc: torch.Size([256, 575, 5, 8]), scale: torch.Size([256, 575, 5, 8])) to satisfy the constraint Real(), but found invalid values:
tensor([[[[nan, nan, nan,  ..., nan, nan, nan],
          [nan, nan, nan,  ..., nan, na
2024-05-07 22:07:01,383 - Restoring model from epoch 148
2024-05-07 22:07:09,507 - Exception occurred at epoch 148. Expected parameter loc (Tensor of shape (256, 625, 5, 8)) of distribution Normal(loc: torch.Size([256, 625, 5, 8]), scale: torch.Size([256, 625, 5, 8])) to satisfy the constraint Real(), but found invalid values:
tensor([[[[nan, nan, nan,  ..., nan, nan, nan],
          [nan, nan, nan,  ..., nan, na
2024-05-07 22:07:09,508 - Restoring model from epoch 148
2024-05-07 22:07:22,817 - Exception occurred at epoch 145. Expected parameter loc (Tensor of shape (256, 552, 5, 8)) of distribution Normal(loc: torch.Size([256, 552, 5, 8]), scale: torch.Size([256, 552, 5, 8])) to satisfy the constraint Real(), but found invalid values:
tensor([[[[nan, nan, nan,  ..., nan, nan, nan],
          [nan, nan, nan,  ..., nan, na
2024-05-07 22:07:22,818 - Restoring model from epoch 145
2024-05-07 22:07:24,038 - Exception occurred at epoch 141. Expected parameter loc (Tensor of shape (256, 970, 5, 8)) of distribution Normal(loc: torch.Size([256, 970, 5, 8]), scale: torch.Size([256, 970, 5, 8])) to satisfy the constraint Real(), but found invalid values:
tensor([[[[nan, nan, nan,  ..., nan, nan, nan],
          [nan, nan, nan,  ..., nan, na
2024-05-07 22:07:24,038 - Restoring model from epoch 141
2024-05-07 22:07:37,633 - Epoch [140/250], Loss: -24.1929 (-24.3154, 0.1224, 0.0000)
2024-05-07 22:07:37,634 -      ETA: 00:00:59.75
2024-05-07 22:07:51,224 - Epoch [145/250], Loss: -24.9943 (-25.1193, 0.1250, 0.0000)
2024-05-07 22:07:51,224 -      ETA: 00:00:57.03
2024-05-07 22:08:04,294 - Exception occurred at epoch 150. Expected parameter loc (Tensor of shape (256, 970, 5, 8)) of distribution Normal(loc: torch.Size([256, 970, 5, 8]), scale: torch.Size([256, 970, 5, 8])) to satisfy the constraint Real(), but found invalid values:
tensor([[[[nan, nan, nan,  ..., nan, nan, nan],
          [nan, nan, nan,  ..., nan, na
2024-05-07 22:08:04,294 - Restoring model from epoch 150
2024-05-07 22:08:16,327 - Exception occurred at epoch 150. Expected parameter loc (Tensor of shape (256, 462, 5, 8)) of distribution Normal(loc: torch.Size([256, 462, 5, 8]), scale: torch.Size([256, 462, 5, 8])) to satisfy the constraint Real(), but found invalid values:
tensor([[[[nan, nan, nan,  ..., nan, nan, nan],
          [nan, nan, nan,  ..., nan, na
2024-05-07 22:08:16,327 - Restoring model from epoch 150
2024-05-07 22:08:29,886 - Epoch [150/250], Loss: -26.0593 (-26.1799, 0.1205, 0.0000)
2024-05-07 22:08:29,886 -      ETA: 00:00:54.16
2024-05-07 22:08:29,970 - == NETWORK SAVED

2024-05-07 22:08:30,759 - Exception occurred at epoch 151. Expected parameter loc (Tensor of shape (256, 513, 5, 8)) of distribution Normal(loc: torch.Size([256, 513, 5, 8]), scale: torch.Size([256, 513, 5, 8])) to satisfy the constraint Real(), but found invalid values:
tensor([[[[nan, nan, nan,  ..., nan, nan, nan],
          [nan, nan, nan,  ..., nan, na
2024-05-07 22:08:30,759 - Restoring model from epoch 151
2024-05-07 22:08:31,340 - Exception occurred at epoch 151. Expected parameter loc (Tensor of shape (256, 391, 5, 8)) of distribution Normal(loc: torch.Size([256, 391, 5, 8]), scale: torch.Size([256, 391, 5, 8])) to satisfy the constraint Real(), but found invalid values:
tensor([[[[nan, nan, nan,  ..., nan, nan, nan],
          [nan, nan, nan,  ..., nan, na
2024-05-07 22:08:31,341 - Restoring model from epoch 151
2024-05-07 22:08:40,225 - Exception occurred at epoch 154. Expected parameter loc (Tensor of shape (256, 631, 5, 8)) of distribution Normal(loc: torch.Size([256, 631, 5, 8]), scale: torch.Size([256, 631, 5, 8])) to satisfy the constraint Real(), but found invalid values:
tensor([[[[nan, nan, nan,  ..., nan, nan, nan],
          [nan, nan, nan,  ..., nan, na
2024-05-07 22:08:40,225 - Restoring model from epoch 154
2024-05-07 22:08:42,950 - Exception occurred at epoch 151. Expected parameter loc (Tensor of shape (256, 503, 5, 8)) of distribution Normal(loc: torch.Size([256, 503, 5, 8]), scale: torch.Size([256, 503, 5, 8])) to satisfy the constraint Real(), but found invalid values:
tensor([[[[nan, nan, nan,  ..., nan, nan, nan],
          [nan, nan, nan,  ..., nan, na
2024-05-07 22:08:42,950 - Restoring model from epoch 151
2024-05-07 22:08:56,232 - Exception occurred at epoch 150. Expected parameter loc (Tensor of shape (256, 970, 5, 8)) of distribution Normal(loc: torch.Size([256, 970, 5, 8]), scale: torch.Size([256, 970, 5, 8])) to satisfy the constraint Real(), but found invalid values:
tensor([[[[nan, nan, nan,  ..., nan, nan, nan],
          [nan, nan, nan,  ..., nan, na
2024-05-07 22:08:56,232 - Restoring model from epoch 150
2024-05-07 22:09:09,793 - Epoch [145/250], Loss: -25.7465 (-25.8669, 0.1204, 0.0000)
2024-05-07 22:09:09,794 -      ETA: 00:00:56.86
2024-05-07 22:09:14,498 - Exception occurred at epoch 147. Expected parameter loc (Tensor of shape (256, 440, 5, 8)) of distribution Normal(loc: torch.Size([256, 440, 5, 8]), scale: torch.Size([256, 440, 5, 8])) to satisfy the constraint Real(), but found invalid values:
tensor([[[[nan, nan, nan,  ..., nan, nan, nan],
          [nan, nan, nan,  ..., nan, na
2024-05-07 22:09:14,499 - Restoring model from epoch 147
2024-05-07 22:09:17,272 - Exception occurred at epoch 147. Expected parameter loc (Tensor of shape (256, 580, 5, 8)) of distribution Normal(loc: torch.Size([256, 580, 5, 8]), scale: torch.Size([256, 580, 5, 8])) to satisfy the constraint Real(), but found invalid values:
tensor([[[[nan, nan, nan,  ..., nan, nan, nan],
          [nan, nan, nan,  ..., nan, na
2024-05-07 22:09:17,272 - Restoring model from epoch 147
2024-05-07 22:09:23,449 - Exception occurred at epoch 148. Expected parameter loc (Tensor of shape (256, 503, 5, 8)) of distribution Normal(loc: torch.Size([256, 503, 5, 8]), scale: torch.Size([256, 503, 5, 8])) to satisfy the constraint Real(), but found invalid values:
tensor([[[[nan, nan, nan,  ..., nan, nan, nan],
          [nan, nan, nan,  ..., nan, na
2024-05-07 22:09:23,449 - Restoring model from epoch 148
2024-05-07 22:09:37,044 - Epoch [150/250], Loss: -25.7662 (-25.8790, 0.1128, 0.0000)
2024-05-07 22:09:37,044 -      ETA: 00:00:54.32
2024-05-07 22:09:37,137 - == NETWORK SAVED

2024-05-07 22:09:39,239 - Exception occurred at epoch 151. Expected parameter loc (Tensor of shape (256, 592, 5, 8)) of distribution Normal(loc: torch.Size([256, 592, 5, 8]), scale: torch.Size([256, 592, 5, 8])) to satisfy the constraint Real(), but found invalid values:
tensor([[[[nan, nan, nan,  ..., nan, nan, nan],
          [nan, nan, nan,  ..., nan, na
2024-05-07 22:09:39,239 - Restoring model from epoch 151
2024-05-07 22:09:44,194 - Exception occurred at epoch 152. Expected parameter loc (Tensor of shape (256, 729, 5, 8)) of distribution Normal(loc: torch.Size([256, 729, 5, 8]), scale: torch.Size([256, 729, 5, 8])) to satisfy the constraint Real(), but found invalid values:
tensor([[[[nan, nan, nan,  ..., nan, nan, nan],
          [nan, nan, nan,  ..., nan, na
2024-05-07 22:09:44,194 - Restoring model from epoch 152
2024-05-07 22:09:49,714 - Exception occurred at epoch 153. Expected parameter loc (Tensor of shape (256, 854, 5, 8)) of distribution Normal(loc: torch.Size([256, 854, 5, 8]), scale: torch.Size([256, 854, 5, 8])) to satisfy the constraint Real(), but found invalid values:
tensor([[[[nan, nan, nan,  ..., nan, nan, nan],
          [nan, nan, nan,  ..., nan, na
2024-05-07 22:09:49,714 - Restoring model from epoch 153
2024-05-07 22:10:00,066 - Exception occurred at epoch 154. Expected parameter loc (Tensor of shape (256, 616, 5, 8)) of distribution Normal(loc: torch.Size([256, 616, 5, 8]), scale: torch.Size([256, 616, 5, 8])) to satisfy the constraint Real(), but found invalid values:
tensor([[[[nan, nan, nan,  ..., nan, nan, nan],
          [nan, nan, nan,  ..., nan, na
2024-05-07 22:10:00,066 - Restoring model from epoch 154
2024-05-07 22:10:13,581 - Epoch [145/250], Loss: -25.4178 (-25.5405, 0.1227, 0.0000)
2024-05-07 22:10:13,582 -      ETA: 00:00:56.69
2024-05-07 22:10:18,964 - Exception occurred at epoch 147. Expected parameter loc (Tensor of shape (256, 540, 5, 8)) of distribution Normal(loc: torch.Size([256, 540, 5, 8]), scale: torch.Size([256, 540, 5, 8])) to satisfy the constraint Real(), but found invalid values:
tensor([[[[nan, nan, nan,  ..., nan, nan, nan],
          [nan, nan, nan,  ..., nan, na
2024-05-07 22:10:18,964 - Restoring model from epoch 147
2024-05-07 22:10:26,038 - Exception occurred at epoch 148. Expected parameter loc (Tensor of shape (256, 616, 5, 8)) of distribution Normal(loc: torch.Size([256, 616, 5, 8]), scale: torch.Size([256, 616, 5, 8])) to satisfy the constraint Real(), but found invalid values:
tensor([[[[nan, nan, nan,  ..., nan, nan, nan],
          [nan, nan, nan,  ..., nan, na
2024-05-07 22:10:26,038 - Restoring model from epoch 148
2024-05-07 22:10:33,424 - Exception occurred at epoch 148. Expected parameter loc (Tensor of shape (256, 610, 5, 8)) of distribution Normal(loc: torch.Size([256, 610, 5, 8]), scale: torch.Size([256, 610, 5, 8])) to satisfy the constraint Real(), but found invalid values:
tensor([[[[nan, nan, nan,  ..., nan, nan, nan],
          [nan, nan, nan,  ..., nan, na
2024-05-07 22:10:33,424 - Restoring model from epoch 148
2024-05-07 22:10:47,048 - Epoch [150/250], Loss: -26.3835 (-26.4978, 0.1143, 0.0000)
2024-05-07 22:10:47,048 -      ETA: 00:00:54.39
2024-05-07 22:10:47,113 - == NETWORK SAVED

2024-05-07 22:10:47,800 - Exception occurred at epoch 151. Expected parameter loc (Tensor of shape (256, 914, 5, 8)) of distribution Normal(loc: torch.Size([256, 914, 5, 8]), scale: torch.Size([256, 914, 5, 8])) to satisfy the constraint Real(), but found invalid values:
tensor([[[[nan, nan, nan,  ..., nan, nan, nan],
          [nan, nan, nan,  ..., nan, na
2024-05-07 22:10:47,800 - Restoring model from epoch 151
2024-05-07 22:10:50,578 - Exception occurred at epoch 152. Expected parameter loc (Tensor of shape (256, 440, 5, 8)) of distribution Normal(loc: torch.Size([256, 440, 5, 8]), scale: torch.Size([256, 440, 5, 8])) to satisfy the constraint Real(), but found invalid values:
tensor([[[[nan, nan, nan,  ..., nan, nan, nan],
          [nan, nan, nan,  ..., nan, na
2024-05-07 22:10:50,578 - Restoring model from epoch 152
2024-05-07 22:10:52,577 - Exception occurred at epoch 151. Expected parameter loc (Tensor of shape (256, 577, 5, 8)) of distribution Normal(loc: torch.Size([256, 577, 5, 8]), scale: torch.Size([256, 577, 5, 8])) to satisfy the constraint Real(), but found invalid values:
tensor([[[[nan, nan, nan,  ..., nan, nan, nan],
          [nan, nan, nan,  ..., nan, na
2024-05-07 22:10:52,577 - Restoring model from epoch 151
2024-05-07 22:10:55,012 - Exception occurred at epoch 151. Expected parameter loc (Tensor of shape (256, 631, 5, 8)) of distribution Normal(loc: torch.Size([256, 631, 5, 8]), scale: torch.Size([256, 631, 5, 8])) to satisfy the constraint Real(), but found invalid values:
tensor([[[[nan, nan, nan,  ..., nan, nan, nan],
          [nan, nan, nan,  ..., nan, na
2024-05-07 22:10:55,013 - Restoring model from epoch 151
2024-05-07 22:11:08,571 - Epoch [145/250], Loss: -25.5172 (-25.6452, 0.1281, 0.0000)
2024-05-07 22:11:08,571 -      ETA: 00:00:56.89
2024-05-07 22:11:16,487 - Exception occurred at epoch 148. Expected parameter loc (Tensor of shape (256, 914, 5, 8)) of distribution Normal(loc: torch.Size([256, 914, 5, 8]), scale: torch.Size([256, 914, 5, 8])) to satisfy the constraint Real(), but found invalid values:
tensor([[[[nan, nan, nan,  ..., nan, nan, nan],
          [nan, nan, nan,  ..., nan, na
2024-05-07 22:11:16,487 - Restoring model from epoch 148
2024-05-07 22:11:18,057 - Exception occurred at epoch 146. Expected parameter loc (Tensor of shape (256, 540, 5, 8)) of distribution Normal(loc: torch.Size([256, 540, 5, 8]), scale: torch.Size([256, 540, 5, 8])) to satisfy the constraint Real(), but found invalid values:
tensor([[[[nan, nan, nan,  ..., nan, nan, nan],
          [nan, nan, nan,  ..., nan, na
2024-05-07 22:11:18,057 - Restoring model from epoch 146
2024-05-07 22:11:23,005 - Exception occurred at epoch 147. Expected parameter loc (Tensor of shape (256, 729, 5, 8)) of distribution Normal(loc: torch.Size([256, 729, 5, 8]), scale: torch.Size([256, 729, 5, 8])) to satisfy the constraint Real(), but found invalid values:
tensor([[[[nan, nan, nan,  ..., nan, nan, nan],
          [nan, nan, nan,  ..., nan, na
2024-05-07 22:11:23,005 - Restoring model from epoch 147
2024-05-07 22:11:30,494 - Exception occurred at epoch 148. Expected parameter loc (Tensor of shape (256, 970, 5, 8)) of distribution Normal(loc: torch.Size([256, 970, 5, 8]), scale: torch.Size([256, 970, 5, 8])) to satisfy the constraint Real(), but found invalid values:
tensor([[[[nan, nan, nan,  ..., nan, nan, nan],
          [nan, nan, nan,  ..., nan, na
2024-05-07 22:11:30,495 - Restoring model from epoch 148
2024-05-07 22:11:44,058 - Epoch [140/250], Loss: -25.6007 (-25.7180, 0.1173, 0.0000)
2024-05-07 22:11:44,058 -      ETA: 00:00:59.66
2024-05-07 22:11:55,012 - Exception occurred at epoch 145. Expected parameter loc (Tensor of shape (256, 516, 5, 8)) of distribution Normal(loc: torch.Size([256, 516, 5, 8]), scale: torch.Size([256, 516, 5, 8])) to satisfy the constraint Real(), but found invalid values:
tensor([[[[nan, nan, nan,  ..., nan, nan, nan],
          [nan, nan, nan,  ..., nan, na
2024-05-07 22:11:55,012 - Restoring model from epoch 145
2024-05-07 22:12:08,525 - Epoch [145/250], Loss: -25.7189 (-25.8386, 0.1197, 0.0000)
2024-05-07 22:12:08,525 -      ETA: 00:00:56.66
2024-05-07 22:12:19,276 - Exception occurred at epoch 149. Expected parameter loc (Tensor of shape (256, 580, 5, 8)) of distribution Normal(loc: torch.Size([256, 580, 5, 8]), scale: torch.Size([256, 580, 5, 8])) to satisfy the constraint Real(), but found invalid values:
tensor([[[[nan, nan, nan,  ..., nan, nan, nan],
          [nan, nan, nan,  ..., nan, na
2024-05-07 22:12:19,277 - Restoring model from epoch 149
2024-05-07 22:12:24,200 - Exception occurred at epoch 147. Expected parameter loc (Tensor of shape (256, 594, 5, 8)) of distribution Normal(loc: torch.Size([256, 594, 5, 8]), scale: torch.Size([256, 594, 5, 8])) to satisfy the constraint Real(), but found invalid values:
tensor([[[[nan, nan, nan,  ..., nan, nan, nan],
          [nan, nan, nan,  ..., nan, na
2024-05-07 22:12:24,200 - Restoring model from epoch 147
2024-05-07 22:12:29,380 - Exception occurred at epoch 147. Expected parameter loc (Tensor of shape (256, 592, 5, 8)) of distribution Normal(loc: torch.Size([256, 592, 5, 8]), scale: torch.Size([256, 592, 5, 8])) to satisfy the constraint Real(), but found invalid values:
tensor([[[[nan, nan, nan,  ..., nan, nan, nan],
          [nan, nan, nan,  ..., nan, na
2024-05-07 22:12:29,380 - Restoring model from epoch 147
2024-05-07 22:12:34,641 - Exception occurred at epoch 147. Expected parameter loc (Tensor of shape (256, 481, 5, 8)) of distribution Normal(loc: torch.Size([256, 481, 5, 8]), scale: torch.Size([256, 481, 5, 8])) to satisfy the constraint Real(), but found invalid values:
tensor([[[[nan, nan, nan,  ..., nan, nan, nan],
          [nan, nan, nan,  ..., nan, na
2024-05-07 22:12:34,641 - Restoring model from epoch 147
2024-05-07 22:12:41,334 - Exception occurred at epoch 143. Expected parameter loc (Tensor of shape (256, 592, 5, 8)) of distribution Normal(loc: torch.Size([256, 592, 5, 8]), scale: torch.Size([256, 592, 5, 8])) to satisfy the constraint Real(), but found invalid values:
tensor([[[[nan, nan, nan,  ..., nan, nan, nan],
          [nan, nan, nan,  ..., nan, na
2024-05-07 22:12:41,334 - Restoring model from epoch 143
2024-05-07 22:12:43,322 - Exception occurred at epoch 141. Expected parameter loc (Tensor of shape (256, 729, 5, 8)) of distribution Normal(loc: torch.Size([256, 729, 5, 8]), scale: torch.Size([256, 729, 5, 8])) to satisfy the constraint Real(), but found invalid values:
tensor([[[[nan, nan, nan,  ..., nan, nan, nan],
          [nan, nan, nan,  ..., nan, na
2024-05-07 22:12:43,322 - Restoring model from epoch 141
2024-05-07 22:12:49,780 - Exception occurred at epoch 138. Expected parameter loc (Tensor of shape (256, 540, 5, 8)) of distribution Normal(loc: torch.Size([256, 540, 5, 8]), scale: torch.Size([256, 540, 5, 8])) to satisfy the constraint Real(), but found invalid values:
tensor([[[[nan, nan, nan,  ..., nan, nan, nan],
          [nan, nan, nan,  ..., nan, na
2024-05-07 22:12:49,781 - Restoring model from epoch 138
2024-05-07 22:13:03,371 - Epoch [135/250], Loss: -24.9998 (-25.1242, 0.1244, 0.0000)
2024-05-07 22:13:03,372 -      ETA: 00:01:02.34
2024-05-07 22:13:10,548 - Exception occurred at epoch 138. Expected parameter loc (Tensor of shape (256, 777, 5, 8)) of distribution Normal(loc: torch.Size([256, 777, 5, 8]), scale: torch.Size([256, 777, 5, 8])) to satisfy the constraint Real(), but found invalid values:
tensor([[[[nan, nan, nan,  ..., nan, nan, nan],
          [nan, nan, nan,  ..., nan, na
2024-05-07 22:13:10,548 - Restoring model from epoch 138
2024-05-07 22:13:24,224 - Epoch [140/250], Loss: -25.2508 (-25.3764, 0.1256, 0.0000)
2024-05-07 22:13:24,225 -      ETA: 00:01:00.10
2024-05-07 22:13:35,396 - Exception occurred at epoch 145. Expected parameter loc (Tensor of shape (256, 631, 5, 8)) of distribution Normal(loc: torch.Size([256, 631, 5, 8]), scale: torch.Size([256, 631, 5, 8])) to satisfy the constraint Real(), but found invalid values:
tensor([[[[nan, nan, nan,  ..., nan, nan, nan],
          [nan, nan, nan,  ..., nan, na
2024-05-07 22:13:35,396 - Restoring model from epoch 145
2024-05-07 22:13:45,556 - Exception occurred at epoch 144. Expected parameter loc (Tensor of shape (256, 813, 5, 8)) of distribution Normal(loc: torch.Size([256, 813, 5, 8]), scale: torch.Size([256, 813, 5, 8])) to satisfy the constraint Real(), but found invalid values:
tensor([[[[nan, nan, nan,  ..., nan, nan, nan],
          [nan, nan, nan,  ..., nan, na
2024-05-07 22:13:45,556 - Restoring model from epoch 144
2024-05-07 22:13:51,025 - Exception occurred at epoch 143. Expected parameter loc (Tensor of shape (256, 631, 5, 8)) of distribution Normal(loc: torch.Size([256, 631, 5, 8]), scale: torch.Size([256, 631, 5, 8])) to satisfy the constraint Real(), but found invalid values:
tensor([[[[nan, nan, nan,  ..., nan, nan, nan],
          [nan, nan, nan,  ..., nan, na
2024-05-07 22:13:51,025 - Restoring model from epoch 143
2024-05-07 22:14:01,111 - Exception occurred at epoch 144. Expected parameter loc (Tensor of shape (256, 729, 5, 8)) of distribution Normal(loc: torch.Size([256, 729, 5, 8]), scale: torch.Size([256, 729, 5, 8])) to satisfy the constraint Real(), but found invalid values:
tensor([[[[nan, nan, nan,  ..., nan, nan, nan],
          [nan, nan, nan,  ..., nan, na
2024-05-07 22:14:01,111 - Restoring model from epoch 144
2024-05-07 22:14:11,698 - Exception occurred at epoch 139. Expected parameter loc (Tensor of shape (256, 506, 5, 8)) of distribution Normal(loc: torch.Size([256, 506, 5, 8]), scale: torch.Size([256, 506, 5, 8])) to satisfy the constraint Real(), but found invalid values:
tensor([[[[nan, nan, nan,  ..., nan, nan, nan],
          [nan, nan, nan,  ..., nan, na
2024-05-07 22:14:11,698 - Restoring model from epoch 139
2024-05-07 22:14:17,298 - Exception occurred at epoch 138. Expected parameter loc (Tensor of shape (256, 914, 5, 8)) of distribution Normal(loc: torch.Size([256, 914, 5, 8]), scale: torch.Size([256, 914, 5, 8])) to satisfy the constraint Real(), but found invalid values:
tensor([[[[nan, nan, nan,  ..., nan, nan, nan],
          [nan, nan, nan,  ..., nan, na
2024-05-07 22:14:17,298 - Restoring model from epoch 138
2024-05-07 22:14:30,837 - Epoch [135/250], Loss: -24.0907 (-24.2172, 0.1265, 0.0000)
2024-05-07 22:14:30,837 -      ETA: 00:01:02.23
2024-05-07 22:14:39,787 - Exception occurred at epoch 139. Expected parameter loc (Tensor of shape (256, 476, 5, 8)) of distribution Normal(loc: torch.Size([256, 476, 5, 8]), scale: torch.Size([256, 476, 5, 8])) to satisfy the constraint Real(), but found invalid values:
tensor([[[[nan, nan, nan,  ..., nan, nan, nan],
          [nan, nan, nan,  ..., nan, na
2024-05-07 22:14:39,787 - Restoring model from epoch 139
2024-05-07 22:14:42,342 - Exception occurred at epoch 136. Expected parameter loc (Tensor of shape (256, 801, 5, 8)) of distribution Normal(loc: torch.Size([256, 801, 5, 8]), scale: torch.Size([256, 801, 5, 8])) to satisfy the constraint Real(), but found invalid values:
tensor([[[[nan, nan, nan,  ..., nan, nan, nan],
          [nan, nan, nan,  ..., nan, na
2024-05-07 22:14:42,342 - Restoring model from epoch 136
2024-05-07 22:14:55,936 - Epoch [140/250], Loss: -25.7351 (-25.8625, 0.1274, 0.0000)
2024-05-07 22:14:55,937 -      ETA: 00:00:59.79
2024-05-07 22:15:06,037 - Exception occurred at epoch 144. Expected parameter loc (Tensor of shape (256, 631, 5, 8)) of distribution Normal(loc: torch.Size([256, 631, 5, 8]), scale: torch.Size([256, 631, 5, 8])) to satisfy the constraint Real(), but found invalid values:
tensor([[[[nan, nan, nan,  ..., nan, nan, nan],
          [nan, nan, nan,  ..., nan, na
2024-05-07 22:15:06,037 - Restoring model from epoch 144
2024-05-07 22:15:16,105 - Exception occurred at epoch 144. Expected parameter loc (Tensor of shape (256, 513, 5, 8)) of distribution Normal(loc: torch.Size([256, 513, 5, 8]), scale: torch.Size([256, 513, 5, 8])) to satisfy the constraint Real(), but found invalid values:
tensor([[[[nan, nan, nan,  ..., nan, nan, nan],
          [nan, nan, nan,  ..., nan, na
2024-05-07 22:15:16,106 - Restoring model from epoch 144
2024-05-07 22:15:16,433 - Exception occurred at epoch 141. Expected parameter loc (Tensor of shape (256, 914, 5, 8)) of distribution Normal(loc: torch.Size([256, 914, 5, 8]), scale: torch.Size([256, 914, 5, 8])) to satisfy the constraint Real(), but found invalid values:
tensor([[[[nan, nan, nan,  ..., nan, nan, nan],
          [nan, nan, nan,  ..., nan, na
2024-05-07 22:15:16,433 - Restoring model from epoch 141
2024-05-07 22:15:28,814 - Exception occurred at epoch 145. Expected parameter loc (Tensor of shape (256, 580, 5, 8)) of distribution Normal(loc: torch.Size([256, 580, 5, 8]), scale: torch.Size([256, 580, 5, 8])) to satisfy the constraint Real(), but found invalid values:
tensor([[[[nan, nan, nan,  ..., nan, nan, nan],
          [nan, nan, nan,  ..., nan, na
2024-05-07 22:15:28,814 - Restoring model from epoch 145
2024-05-07 22:15:42,353 - Epoch [140/250], Loss: -25.5969 (-25.7308, 0.1339, 0.0000)
2024-05-07 22:15:42,354 -      ETA: 00:00:59.58
2024-05-07 22:15:45,283 - Exception occurred at epoch 142. Expected parameter loc (Tensor of shape (256, 854, 5, 8)) of distribution Normal(loc: torch.Size([256, 854, 5, 8]), scale: torch.Size([256, 854, 5, 8])) to satisfy the constraint Real(), but found invalid values:
tensor([[[[nan, nan, nan,  ..., nan, nan, nan],
          [nan, nan, nan,  ..., nan, na
2024-05-07 22:15:45,283 - Restoring model from epoch 142
2024-05-07 22:15:58,788 - Epoch [145/250], Loss: -25.8256 (-25.9541, 0.1285, 0.0000)
2024-05-07 22:15:58,789 -      ETA: 00:00:56.64
2024-05-07 22:16:00,932 - Exception occurred at epoch 146. Expected parameter loc (Tensor of shape (256, 777, 5, 8)) of distribution Normal(loc: torch.Size([256, 777, 5, 8]), scale: torch.Size([256, 777, 5, 8])) to satisfy the constraint Real(), but found invalid values:
tensor([[[[nan, nan, nan,  ..., nan, nan, nan],
          [nan, nan, nan,  ..., nan, na
2024-05-07 22:16:00,933 - Restoring model from epoch 146
2024-05-07 22:16:06,325 - Exception occurred at epoch 147. Expected parameter loc (Tensor of shape (256, 513, 5, 8)) of distribution Normal(loc: torch.Size([256, 513, 5, 8]), scale: torch.Size([256, 513, 5, 8])) to satisfy the constraint Real(), but found invalid values:
tensor([[[[nan, nan, nan,  ..., nan, nan, nan],
          [nan, nan, nan,  ..., nan, na
2024-05-07 22:16:06,325 - Restoring model from epoch 147
2024-05-07 22:16:09,392 - Exception occurred at epoch 147. Expected parameter loc (Tensor of shape (256, 577, 5, 8)) of distribution Normal(loc: torch.Size([256, 577, 5, 8]), scale: torch.Size([256, 577, 5, 8])) to satisfy the constraint Real(), but found invalid values:
tensor([[[[nan, nan, nan,  ..., nan, nan, nan],
          [nan, nan, nan,  ..., nan, na
2024-05-07 22:16:09,392 - Restoring model from epoch 147
2024-05-07 22:16:11,895 - Exception occurred at epoch 146. Expected parameter loc (Tensor of shape (256, 577, 5, 8)) of distribution Normal(loc: torch.Size([256, 577, 5, 8]), scale: torch.Size([256, 577, 5, 8])) to satisfy the constraint Real(), but found invalid values:
tensor([[[[nan, nan, nan,  ..., nan, nan, nan],
          [nan, nan, nan,  ..., nan, na
2024-05-07 22:16:11,895 - Restoring model from epoch 146
2024-05-07 22:16:13,625 - Exception occurred at epoch 141. Expected parameter loc (Tensor of shape (256, 503, 5, 8)) of distribution Normal(loc: torch.Size([256, 503, 5, 8]), scale: torch.Size([256, 503, 5, 8])) to satisfy the constraint Real(), but found invalid values:
tensor([[[[nan, nan, nan,  ..., nan, nan, nan],
          [nan, nan, nan,  ..., nan, na
2024-05-07 22:16:13,625 - Restoring model from epoch 141
2024-05-07 22:16:16,340 - Exception occurred at epoch 141. Expected parameter loc (Tensor of shape (256, 631, 5, 8)) of distribution Normal(loc: torch.Size([256, 631, 5, 8]), scale: torch.Size([256, 631, 5, 8])) to satisfy the constraint Real(), but found invalid values:
tensor([[[[nan, nan, nan,  ..., nan, nan, nan],
          [nan, nan, nan,  ..., nan, na
2024-05-07 22:16:16,341 - Restoring model from epoch 141
2024-05-07 22:16:26,966 - Exception occurred at epoch 134. Expected parameter loc (Tensor of shape (256, 575, 5, 8)) of distribution Normal(loc: torch.Size([256, 575, 5, 8]), scale: torch.Size([256, 575, 5, 8])) to satisfy the constraint Real(), but found invalid values:
tensor([[[[nan, nan, nan,  ..., nan, nan, nan],
          [nan, nan, nan,  ..., nan, na
2024-05-07 22:16:26,966 - Restoring model from epoch 134
2024-05-07 22:16:40,480 - Epoch [130/250], Loss: -25.1751 (-25.2934, 0.1183, 0.0000)
2024-05-07 22:16:40,481 -      ETA: 00:01:04.90
2024-05-07 22:16:53,981 - Epoch [135/250], Loss: -26.2430 (-26.3787, 0.1356, 0.0000)
2024-05-07 22:16:53,981 -      ETA: 00:01:02.14
2024-05-07 22:16:55,745 - Exception occurred at epoch 136. Expected parameter loc (Tensor of shape (256, 518, 5, 8)) of distribution Normal(loc: torch.Size([256, 518, 5, 8]), scale: torch.Size([256, 518, 5, 8])) to satisfy the constraint Real(), but found invalid values:
tensor([[[[nan, nan, nan,  ..., nan, nan, nan],
          [nan, nan, nan,  ..., nan, na
2024-05-07 22:16:55,745 - Restoring model from epoch 136
2024-05-07 22:17:01,520 - Exception occurred at epoch 138. Expected parameter loc (Tensor of shape (256, 616, 5, 8)) of distribution Normal(loc: torch.Size([256, 616, 5, 8]), scale: torch.Size([256, 616, 5, 8])) to satisfy the constraint Real(), but found invalid values:
tensor([[[[nan, nan, nan,  ..., nan, nan, nan],
          [nan, nan, nan,  ..., nan, na
2024-05-07 22:17:01,520 - Restoring model from epoch 138
2024-05-07 22:17:15,046 - Epoch [140/250], Loss: -25.6222 (-25.7453, 0.1231, 0.0000)
2024-05-07 22:17:15,046 -      ETA: 00:00:59.35
2024-05-07 22:17:17,220 - Exception occurred at epoch 141. Expected parameter loc (Tensor of shape (256, 503, 5, 8)) of distribution Normal(loc: torch.Size([256, 503, 5, 8]), scale: torch.Size([256, 503, 5, 8])) to satisfy the constraint Real(), but found invalid values:
tensor([[[[nan, nan, nan,  ..., nan, nan, nan],
          [nan, nan, nan,  ..., nan, na
2024-05-07 22:17:17,220 - Restoring model from epoch 141
2024-05-07 22:17:21,659 - Exception occurred at epoch 142. Expected parameter loc (Tensor of shape (256, 552, 5, 8)) of distribution Normal(loc: torch.Size([256, 552, 5, 8]), scale: torch.Size([256, 552, 5, 8])) to satisfy the constraint Real(), but found invalid values:
tensor([[[[nan, nan, nan,  ..., nan, nan, nan],
          [nan, nan, nan,  ..., nan, na
2024-05-07 22:17:21,659 - Restoring model from epoch 142
2024-05-07 22:17:26,194 - Exception occurred at epoch 142. Expected parameter loc (Tensor of shape (256, 623, 5, 8)) of distribution Normal(loc: torch.Size([256, 623, 5, 8]), scale: torch.Size([256, 623, 5, 8])) to satisfy the constraint Real(), but found invalid values:
tensor([[[[nan, nan, nan,  ..., nan, nan, nan],
          [nan, nan, nan,  ..., nan, na
2024-05-07 22:17:26,194 - Restoring model from epoch 142
2024-05-07 22:17:33,741 - Exception occurred at epoch 143. Expected parameter loc (Tensor of shape (256, 476, 5, 8)) of distribution Normal(loc: torch.Size([256, 476, 5, 8]), scale: torch.Size([256, 476, 5, 8])) to satisfy the constraint Real(), but found invalid values:
tensor([[[[nan, nan, nan,  ..., nan, nan, nan],
          [nan, nan, nan,  ..., nan, na
2024-05-07 22:17:33,741 - Restoring model from epoch 143
2024-05-07 22:17:35,224 - Exception occurred at epoch 136. Expected parameter loc (Tensor of shape (256, 660, 5, 8)) of distribution Normal(loc: torch.Size([256, 660, 5, 8]), scale: torch.Size([256, 660, 5, 8])) to satisfy the constraint Real(), but found invalid values:
tensor([[[[nan, nan, nan,  ..., nan, nan, nan],
          [nan, nan, nan,  ..., nan, na
2024-05-07 22:17:35,224 - Restoring model from epoch 136
2024-05-07 22:17:48,823 - Epoch [135/250], Loss: -25.2951 (-25.4223, 0.1272, 0.0000)
2024-05-07 22:17:48,823 -      ETA: 00:01:02.58
2024-05-07 22:18:02,408 - Epoch [140/250], Loss: -25.7518 (-25.8797, 0.1279, 0.0000)
2024-05-07 22:18:02,408 -      ETA: 00:00:59.88
2024-05-07 22:18:04,426 - Exception occurred at epoch 141. Expected parameter loc (Tensor of shape (256, 729, 5, 8)) of distribution Normal(loc: torch.Size([256, 729, 5, 8]), scale: torch.Size([256, 729, 5, 8])) to satisfy the constraint Real(), but found invalid values:
tensor([[[[nan, nan, nan,  ..., nan, nan, nan],
          [nan, nan, nan,  ..., nan, na
2024-05-07 22:18:04,427 - Restoring model from epoch 141
2024-05-07 22:18:16,035 - Exception occurred at epoch 145. Expected parameter loc (Tensor of shape (256, 665, 5, 8)) of distribution Normal(loc: torch.Size([256, 665, 5, 8]), scale: torch.Size([256, 665, 5, 8])) to satisfy the constraint Real(), but found invalid values:
tensor([[[[nan, nan, nan,  ..., nan, nan, nan],
          [nan, nan, nan,  ..., nan, na
2024-05-07 22:18:16,035 - Restoring model from epoch 145
2024-05-07 22:18:29,607 - Epoch [145/250], Loss: -26.2608 (-26.3796, 0.1188, 0.0000)
2024-05-07 22:18:29,607 -      ETA: 00:00:57.16
2024-05-07 22:18:30,469 - Exception occurred at epoch 146. Expected parameter loc (Tensor of shape (256, 729, 5, 8)) of distribution Normal(loc: torch.Size([256, 729, 5, 8]), scale: torch.Size([256, 729, 5, 8])) to satisfy the constraint Real(), but found invalid values:
tensor([[[[nan, nan, nan,  ..., nan, nan, nan],
          [nan, nan, nan,  ..., nan, na
2024-05-07 22:18:30,469 - Restoring model from epoch 146
2024-05-07 22:18:30,687 - Exception occurred at epoch 146. Expected parameter loc (Tensor of shape (256, 625, 5, 8)) of distribution Normal(loc: torch.Size([256, 625, 5, 8]), scale: torch.Size([256, 625, 5, 8])) to satisfy the constraint Real(), but found invalid values:
tensor([[[[nan, nan, nan,  ..., nan, nan, nan],
          [nan, nan, nan,  ..., nan, na
2024-05-07 22:18:30,687 - Restoring model from epoch 146
2024-05-07 22:18:31,739 - Exception occurred at epoch 146. Expected parameter loc (Tensor of shape (256, 631, 5, 8)) of distribution Normal(loc: torch.Size([256, 631, 5, 8]), scale: torch.Size([256, 631, 5, 8])) to satisfy the constraint Real(), but found invalid values:
tensor([[[[nan, nan, nan,  ..., nan, nan, nan],
          [nan, nan, nan,  ..., nan, na
2024-05-07 22:18:31,739 - Restoring model from epoch 146
2024-05-07 22:18:32,467 - Exception occurred at epoch 146. Expected parameter loc (Tensor of shape (256, 580, 5, 8)) of distribution Normal(loc: torch.Size([256, 580, 5, 8]), scale: torch.Size([256, 580, 5, 8])) to satisfy the constraint Real(), but found invalid values:
tensor([[[[nan, nan, nan,  ..., nan, nan, nan],
          [nan, nan, nan,  ..., nan, na
2024-05-07 22:18:32,467 - Restoring model from epoch 146
2024-05-07 22:18:44,435 - Exception occurred at epoch 145. Expected parameter loc (Tensor of shape (256, 553, 5, 8)) of distribution Normal(loc: torch.Size([256, 553, 5, 8]), scale: torch.Size([256, 553, 5, 8])) to satisfy the constraint Real(), but found invalid values:
tensor([[[[nan, nan, nan,  ..., nan, nan, nan],
          [nan, nan, nan,  ..., nan, na
2024-05-07 22:18:44,436 - Restoring model from epoch 145
2024-05-07 22:18:47,894 - Exception occurred at epoch 137. Expected parameter loc (Tensor of shape (256, 631, 5, 8)) of distribution Normal(loc: torch.Size([256, 631, 5, 8]), scale: torch.Size([256, 631, 5, 8])) to satisfy the constraint Real(), but found invalid values:
tensor([[[[nan, nan, nan,  ..., nan, nan, nan],
          [nan, nan, nan,  ..., nan, na
2024-05-07 22:18:47,895 - Restoring model from epoch 137
2024-05-07 22:19:01,457 - Epoch [140/250], Loss: -24.3679 (-24.4883, 0.1204, 0.0000)
2024-05-07 22:19:01,457 -      ETA: 00:00:59.61
2024-05-07 22:19:12,006 - Exception occurred at epoch 144. Expected parameter loc (Tensor of shape (256, 462, 5, 8)) of distribution Normal(loc: torch.Size([256, 462, 5, 8]), scale: torch.Size([256, 462, 5, 8])) to satisfy the constraint Real(), but found invalid values:
tensor([[[[nan, nan, nan,  ..., nan, nan, nan],
          [nan, nan, nan,  ..., nan, na
2024-05-07 22:19:12,006 - Restoring model from epoch 144
2024-05-07 22:19:18,052 - Exception occurred at epoch 143. Expected parameter loc (Tensor of shape (256, 777, 5, 8)) of distribution Normal(loc: torch.Size([256, 777, 5, 8]), scale: torch.Size([256, 777, 5, 8])) to satisfy the constraint Real(), but found invalid values:
tensor([[[[nan, nan, nan,  ..., nan, nan, nan],
          [nan, nan, nan,  ..., nan, na
2024-05-07 22:19:18,052 - Restoring model from epoch 143
2024-05-07 22:19:27,081 - Exception occurred at epoch 144. Expected parameter loc (Tensor of shape (256, 660, 5, 8)) of distribution Normal(loc: torch.Size([256, 660, 5, 8]), scale: torch.Size([256, 660, 5, 8])) to satisfy the constraint Real(), but found invalid values:
tensor([[[[nan, nan, nan,  ..., nan, nan, nan],
          [nan, nan, nan,  ..., nan, na
2024-05-07 22:19:27,081 - Restoring model from epoch 144
2024-05-07 22:19:31,625 - Exception occurred at epoch 142. Expected parameter loc (Tensor of shape (256, 440, 5, 8)) of distribution Normal(loc: torch.Size([256, 440, 5, 8]), scale: torch.Size([256, 440, 5, 8])) to satisfy the constraint Real(), but found invalid values:
tensor([[[[nan, nan, nan,  ..., nan, nan, nan],
          [nan, nan, nan,  ..., nan, na
2024-05-07 22:19:31,626 - Restoring model from epoch 142
2024-05-07 22:19:45,155 - Epoch [140/250], Loss: -25.4925 (-25.6150, 0.1225, 0.0000)
2024-05-07 22:19:45,155 -      ETA: 00:00:59.47
2024-05-07 22:19:52,480 - Exception occurred at epoch 143. Expected parameter loc (Tensor of shape (256, 652, 5, 8)) of distribution Normal(loc: torch.Size([256, 652, 5, 8]), scale: torch.Size([256, 652, 5, 8])) to satisfy the constraint Real(), but found invalid values:
tensor([[[[nan, nan, nan,  ..., nan, nan, nan],
          [nan, nan, nan,  ..., nan, na
2024-05-07 22:19:52,480 - Restoring model from epoch 143
2024-05-07 22:20:00,967 - Exception occurred at epoch 144. Expected parameter loc (Tensor of shape (256, 623, 5, 8)) of distribution Normal(loc: torch.Size([256, 623, 5, 8]), scale: torch.Size([256, 623, 5, 8])) to satisfy the constraint Real(), but found invalid values:
tensor([[[[nan, nan, nan,  ..., nan, nan, nan],
          [nan, nan, nan,  ..., nan, na
2024-05-07 22:20:00,967 - Restoring model from epoch 144
2024-05-07 22:20:07,788 - Exception occurred at epoch 143. Expected parameter loc (Tensor of shape (256, 503, 5, 8)) of distribution Normal(loc: torch.Size([256, 503, 5, 8]), scale: torch.Size([256, 503, 5, 8])) to satisfy the constraint Real(), but found invalid values:
tensor([[[[nan, nan, nan,  ..., nan, nan, nan],
          [nan, nan, nan,  ..., nan, na
2024-05-07 22:20:07,788 - Restoring model from epoch 143
2024-05-07 22:20:17,087 - Exception occurred at epoch 144. Expected parameter loc (Tensor of shape (256, 577, 5, 8)) of distribution Normal(loc: torch.Size([256, 577, 5, 8]), scale: torch.Size([256, 577, 5, 8])) to satisfy the constraint Real(), but found invalid values:
tensor([[[[nan, nan, nan,  ..., nan, nan, nan],
          [nan, nan, nan,  ..., nan, na
2024-05-07 22:20:17,087 - Restoring model from epoch 144
2024-05-07 22:20:30,659 - Epoch [135/250], Loss: -25.2044 (-25.3182, 0.1138, 0.0000)
2024-05-07 22:20:30,659 -      ETA: 00:01:02.30
2024-05-07 22:20:42,537 - Exception occurred at epoch 140. Expected parameter loc (Tensor of shape (256, 610, 5, 8)) of distribution Normal(loc: torch.Size([256, 610, 5, 8]), scale: torch.Size([256, 610, 5, 8])) to satisfy the constraint Real(), but found invalid values:
tensor([[[[nan, nan, nan,  ..., nan, nan, nan],
          [nan, nan, nan,  ..., nan, na
2024-05-07 22:20:42,537 - Restoring model from epoch 140
2024-05-07 22:20:48,455 - Exception occurred at epoch 138. Expected parameter loc (Tensor of shape (256, 665, 5, 8)) of distribution Normal(loc: torch.Size([256, 665, 5, 8]), scale: torch.Size([256, 665, 5, 8])) to satisfy the constraint Real(), but found invalid values:
tensor([[[[nan, nan, nan,  ..., nan, nan, nan],
          [nan, nan, nan,  ..., nan, na
2024-05-07 22:20:48,455 - Restoring model from epoch 138
2024-05-07 22:21:02,044 - Epoch [140/250], Loss: -25.6753 (-25.7873, 0.1120, 0.0000)
2024-05-07 22:21:02,044 -      ETA: 00:00:59.65
2024-05-07 22:21:03,689 - Exception occurred at epoch 141. Expected parameter loc (Tensor of shape (256, 970, 5, 8)) of distribution Normal(loc: torch.Size([256, 970, 5, 8]), scale: torch.Size([256, 970, 5, 8])) to satisfy the constraint Real(), but found invalid values:
tensor([[[[nan, nan, nan,  ..., nan, nan, nan],
          [nan, nan, nan,  ..., nan, na
2024-05-07 22:21:03,689 - Restoring model from epoch 141
2024-05-07 22:21:03,983 - Exception occurred at epoch 141. Expected parameter loc (Tensor of shape (256, 553, 5, 8)) of distribution Normal(loc: torch.Size([256, 553, 5, 8]), scale: torch.Size([256, 553, 5, 8])) to satisfy the constraint Real(), but found invalid values:
tensor([[[[nan, nan, nan,  ..., nan, nan, nan],
          [nan, nan, nan,  ..., nan, na
2024-05-07 22:21:03,983 - Restoring model from epoch 141
2024-05-07 22:21:05,398 - Exception occurred at epoch 141. Expected parameter loc (Tensor of shape (256, 575, 5, 8)) of distribution Normal(loc: torch.Size([256, 575, 5, 8]), scale: torch.Size([256, 575, 5, 8])) to satisfy the constraint Real(), but found invalid values:
tensor([[[[nan, nan, nan,  ..., nan, nan, nan],
          [nan, nan, nan,  ..., nan, na
2024-05-07 22:21:05,398 - Restoring model from epoch 141
2024-05-07 22:21:06,515 - Exception occurred at epoch 141. Expected parameter loc (Tensor of shape (256, 625, 5, 8)) of distribution Normal(loc: torch.Size([256, 625, 5, 8]), scale: torch.Size([256, 625, 5, 8])) to satisfy the constraint Real(), but found invalid values:
tensor([[[[nan, nan, nan,  ..., nan, nan, nan],
          [nan, nan, nan,  ..., nan, na
2024-05-07 22:21:06,515 - Restoring model from epoch 141
2024-05-07 22:21:20,093 - Epoch [140/250], Loss: -26.1819 (-26.3161, 0.1342, 0.0000)
2024-05-07 22:21:20,093 -      ETA: 00:00:59.66
2024-05-07 22:21:27,329 - Exception occurred at epoch 143. Expected parameter loc (Tensor of shape (256, 914, 5, 8)) of distribution Normal(loc: torch.Size([256, 914, 5, 8]), scale: torch.Size([256, 914, 5, 8])) to satisfy the constraint Real(), but found invalid values:
tensor([[[[nan, nan, nan,  ..., nan, nan, nan],
          [nan, nan, nan,  ..., nan, na
2024-05-07 22:21:27,330 - Restoring model from epoch 143
2024-05-07 22:21:40,819 - Exception occurred at epoch 145. Expected parameter loc (Tensor of shape (256, 518, 5, 8)) of distribution Normal(loc: torch.Size([256, 518, 5, 8]), scale: torch.Size([256, 518, 5, 8])) to satisfy the constraint Real(), but found invalid values:
tensor([[[[nan, nan, nan,  ..., nan, nan, nan],
          [nan, nan, nan,  ..., nan, na
2024-05-07 22:21:40,820 - Restoring model from epoch 145
2024-05-07 22:21:43,682 - Exception occurred at epoch 142. Expected parameter loc (Tensor of shape (256, 518, 5, 8)) of distribution Normal(loc: torch.Size([256, 518, 5, 8]), scale: torch.Size([256, 518, 5, 8])) to satisfy the constraint Real(), but found invalid values:
tensor([[[[nan, nan, nan,  ..., nan, nan, nan],
          [nan, nan, nan,  ..., nan, na
2024-05-07 22:21:43,682 - Restoring model from epoch 142
2024-05-07 22:21:49,527 - Exception occurred at epoch 143. Expected parameter loc (Tensor of shape (256, 914, 5, 8)) of distribution Normal(loc: torch.Size([256, 914, 5, 8]), scale: torch.Size([256, 914, 5, 8])) to satisfy the constraint Real(), but found invalid values:
tensor([[[[nan, nan, nan,  ..., nan, nan, nan],
          [nan, nan, nan,  ..., nan, na
2024-05-07 22:21:49,528 - Restoring model from epoch 143
2024-05-07 22:22:03,039 - Epoch [135/250], Loss: -25.2192 (-25.3437, 0.1245, 0.0000)
2024-05-07 22:22:03,039 -      ETA: 00:01:02.19
2024-05-07 22:22:04,440 - Exception occurred at epoch 136. Expected parameter loc (Tensor of shape (256, 503, 5, 8)) of distribution Normal(loc: torch.Size([256, 503, 5, 8]), scale: torch.Size([256, 503, 5, 8])) to satisfy the constraint Real(), but found invalid values:
tensor([[[[nan, nan, nan,  ..., nan, nan, nan],
          [nan, nan, nan,  ..., nan, na
2024-05-07 22:22:04,440 - Restoring model from epoch 136
2024-05-07 22:22:17,913 - Exception occurred at epoch 140. Expected parameter loc (Tensor of shape (256, 580, 5, 8)) of distribution Normal(loc: torch.Size([256, 580, 5, 8]), scale: torch.Size([256, 580, 5, 8])) to satisfy the constraint Real(), but found invalid values:
tensor([[[[nan, nan, nan,  ..., nan, nan, nan],
          [nan, nan, nan,  ..., nan, na
2024-05-07 22:22:17,913 - Restoring model from epoch 140
2024-05-07 22:22:31,449 - Epoch [140/250], Loss: -25.6075 (-25.7246, 0.1171, 0.0000)
2024-05-07 22:22:31,449 -      ETA: 00:00:59.57
2024-05-07 22:22:31,781 - Exception occurred at epoch 141. Expected parameter loc (Tensor of shape (256, 623, 5, 8)) of distribution Normal(loc: torch.Size([256, 623, 5, 8]), scale: torch.Size([256, 623, 5, 8])) to satisfy the constraint Real(), but found invalid values:
tensor([[[[nan, nan, nan,  ..., nan, nan, nan],
          [nan, nan, nan,  ..., nan, na
2024-05-07 22:22:31,781 - Restoring model from epoch 141
2024-05-07 22:22:33,751 - Exception occurred at epoch 141. Expected parameter loc (Tensor of shape (256, 516, 5, 8)) of distribution Normal(loc: torch.Size([256, 516, 5, 8]), scale: torch.Size([256, 516, 5, 8])) to satisfy the constraint Real(), but found invalid values:
tensor([[[[nan, nan, nan,  ..., nan, nan, nan],
          [nan, nan, nan,  ..., nan, na
2024-05-07 22:22:33,751 - Restoring model from epoch 141
2024-05-07 22:22:45,153 - Exception occurred at epoch 145. Expected parameter loc (Tensor of shape (256, 506, 5, 8)) of distribution Normal(loc: torch.Size([256, 506, 5, 8]), scale: torch.Size([256, 506, 5, 8])) to satisfy the constraint Real(), but found invalid values:
tensor([[[[nan, nan, nan,  ..., nan, nan, nan],
          [nan, nan, nan,  ..., nan, na
2024-05-07 22:22:45,153 - Restoring model from epoch 145
2024-05-07 22:22:50,332 - Exception occurred at epoch 142. Expected parameter loc (Tensor of shape (256, 625, 5, 8)) of distribution Normal(loc: torch.Size([256, 625, 5, 8]), scale: torch.Size([256, 625, 5, 8])) to satisfy the constraint Real(), but found invalid values:
tensor([[[[nan, nan, nan,  ..., nan, nan, nan],
          [nan, nan, nan,  ..., nan, na
2024-05-07 22:22:50,332 - Restoring model from epoch 142
2024-05-07 22:22:55,335 - Exception occurred at epoch 137. Expected parameter loc (Tensor of shape (256, 462, 5, 8)) of distribution Normal(loc: torch.Size([256, 462, 5, 8]), scale: torch.Size([256, 462, 5, 8])) to satisfy the constraint Real(), but found invalid values:
tensor([[[[nan, nan, nan,  ..., nan, nan, nan],
          [nan, nan, nan,  ..., nan, na
2024-05-07 22:22:55,335 - Restoring model from epoch 137
2024-05-07 22:23:08,881 - Epoch [130/250], Loss: -25.2449 (-25.3707, 0.1259, 0.0000)
2024-05-07 22:23:08,881 -      ETA: 00:01:04.84
2024-05-07 22:23:16,555 - Exception occurred at epoch 133. Expected parameter loc (Tensor of shape (256, 592, 5, 8)) of distribution Normal(loc: torch.Size([256, 592, 5, 8]), scale: torch.Size([256, 592, 5, 8])) to satisfy the constraint Real(), but found invalid values:
tensor([[[[nan, nan, nan,  ..., nan, nan, nan],
          [nan, nan, nan,  ..., nan, na
2024-05-07 22:23:16,555 - Restoring model from epoch 133
2024-05-07 22:23:30,234 - Epoch [135/250], Loss: -23.4902 (-23.6171, 0.1269, 0.0000)
2024-05-07 22:23:30,234 -      ETA: 00:01:02.68
2024-05-07 22:23:38,830 - Exception occurred at epoch 139. Expected parameter loc (Tensor of shape (256, 440, 5, 8)) of distribution Normal(loc: torch.Size([256, 440, 5, 8]), scale: torch.Size([256, 440, 5, 8])) to satisfy the constraint Real(), but found invalid values:
tensor([[[[nan, nan, nan,  ..., nan, nan, nan],
          [nan, nan, nan,  ..., nan, na
2024-05-07 22:23:38,830 - Restoring model from epoch 139
2024-05-07 22:23:52,476 - Epoch [140/250], Loss: -25.2530 (-25.3676, 0.1146, 0.0000)
2024-05-07 22:23:52,477 -      ETA: 00:00:59.88
2024-05-07 22:23:56,187 - Exception occurred at epoch 142. Expected parameter loc (Tensor of shape (256, 516, 5, 8)) of distribution Normal(loc: torch.Size([256, 516, 5, 8]), scale: torch.Size([256, 516, 5, 8])) to satisfy the constraint Real(), but found invalid values:
tensor([[[[nan, nan, nan,  ..., nan, nan, nan],
          [nan, nan, nan,  ..., nan, na
2024-05-07 22:23:56,187 - Restoring model from epoch 142
2024-05-07 22:24:03,510 - Exception occurred at epoch 143. Expected parameter loc (Tensor of shape (256, 652, 5, 8)) of distribution Normal(loc: torch.Size([256, 652, 5, 8]), scale: torch.Size([256, 652, 5, 8])) to satisfy the constraint Real(), but found invalid values:
tensor([[[[nan, nan, nan,  ..., nan, nan, nan],
          [nan, nan, nan,  ..., nan, na
2024-05-07 22:24:03,510 - Restoring model from epoch 143
2024-05-07 22:24:17,469 - Epoch [145/250], Loss: -26.3507 (-26.4767, 0.1261, 0.0000)
2024-05-07 22:24:17,469 -      ETA: 00:00:58.47
2024-05-07 22:24:19,407 - Exception occurred at epoch 146. Expected parameter loc (Tensor of shape (256, 440, 5, 8)) of distribution Normal(loc: torch.Size([256, 440, 5, 8]), scale: torch.Size([256, 440, 5, 8])) to satisfy the constraint Real(), but found invalid values:
tensor([[[[nan, nan, nan,  ..., nan, nan, nan],
          [nan, nan, nan,  ..., nan, na
2024-05-07 22:24:19,407 - Restoring model from epoch 146
2024-05-07 22:24:20,778 - Exception occurred at epoch 146. Expected parameter loc (Tensor of shape (256, 970, 5, 8)) of distribution Normal(loc: torch.Size([256, 970, 5, 8]), scale: torch.Size([256, 970, 5, 8])) to satisfy the constraint Real(), but found invalid values:
tensor([[[[nan, nan, nan,  ..., nan, nan, nan],
          [nan, nan, nan,  ..., nan, na
2024-05-07 22:24:20,778 - Restoring model from epoch 146
2024-05-07 22:24:22,077 - Exception occurred at epoch 146. Expected parameter loc (Tensor of shape (256, 660, 5, 8)) of distribution Normal(loc: torch.Size([256, 660, 5, 8]), scale: torch.Size([256, 660, 5, 8])) to satisfy the constraint Real(), but found invalid values:
tensor([[[[nan, nan, nan,  ..., nan, nan, nan],
          [nan, nan, nan,  ..., nan, na
2024-05-07 22:24:22,077 - Restoring model from epoch 146
2024-05-07 22:24:22,294 - Exception occurred at epoch 146. Expected parameter loc (Tensor of shape (256, 854, 5, 8)) of distribution Normal(loc: torch.Size([256, 854, 5, 8]), scale: torch.Size([256, 854, 5, 8])) to satisfy the constraint Real(), but found invalid values:
tensor([[[[nan, nan, nan,  ..., nan, nan, nan],
          [nan, nan, nan,  ..., nan, na
2024-05-07 22:24:22,294 - Restoring model from epoch 146
2024-05-07 22:24:35,859 - Epoch [145/250], Loss: -24.6833 (-24.8151, 0.1318, 0.0000)
2024-05-07 22:24:35,859 -      ETA: 00:00:56.97
2024-05-07 22:24:40,993 - Exception occurred at epoch 147. Expected parameter loc (Tensor of shape (256, 540, 5, 8)) of distribution Normal(loc: torch.Size([256, 540, 5, 8]), scale: torch.Size([256, 540, 5, 8])) to satisfy the constraint Real(), but found invalid values:
tensor([[[[nan, nan, nan,  ..., nan, nan, nan],
          [nan, nan, nan,  ..., nan, na
2024-05-07 22:24:40,993 - Restoring model from epoch 147
