2024-05-07 21:52:15,053 - Using cuda
2024-05-07 21:52:29,299 - Epoch [5/250], Loss: -14.1238 (-15.9641, 0.1385, 1.7018)
2024-05-07 21:52:29,300 -      ETA: 00:02:16.58
2024-05-07 21:52:43,213 - Epoch [10/250], Loss: -16.6443 (-17.9408, 0.1504, 1.1461)
2024-05-07 21:52:43,214 -      ETA: 00:02:13.83
2024-05-07 21:52:57,127 - Epoch [15/250], Loss: -19.9461 (-20.9557, 0.1486, 0.8611)
2024-05-07 21:52:57,127 -      ETA: 00:02:11.11
2024-05-07 21:53:11,061 - Epoch [20/250], Loss: -19.5457 (-20.2538, 0.1490, 0.5591)
2024-05-07 21:53:11,061 -      ETA: 00:02:08.67
2024-05-07 21:53:24,993 - Epoch [25/250], Loss: -20.9975 (-21.6759, 0.1264, 0.5520)
2024-05-07 21:53:24,993 -      ETA: 00:02:05.71
2024-05-07 21:53:38,960 - Epoch [30/250], Loss: -22.9159 (-23.4817, 0.1515, 0.4143)
2024-05-07 21:53:38,961 -      ETA: 00:02:03.13
2024-05-07 21:53:52,952 - Epoch [35/250], Loss: -22.5482 (-23.0745, 0.1396, 0.3867)
2024-05-07 21:53:52,953 -      ETA: 00:02:00.63
2024-05-07 21:54:06,940 - Epoch [40/250], Loss: -23.4477 (-23.9573, 0.1386, 0.3710)
2024-05-07 21:54:06,941 -      ETA: 00:01:57.47
2024-05-07 21:54:20,938 - Epoch [45/250], Loss: -23.2736 (-23.7638, 0.1393, 0.3509)
2024-05-07 21:54:20,938 -      ETA: 00:01:54.92
2024-05-07 21:54:34,928 - Epoch [50/250], Loss: -23.5041 (-23.9351, 0.1323, 0.2987)
2024-05-07 21:54:34,929 -      ETA: 00:01:52.05
2024-05-07 21:54:34,979 - == NETWORK SAVED

2024-05-07 21:54:48,956 - Epoch [55/250], Loss: -23.6480 (-24.0956, 0.1320, 0.3156)
2024-05-07 21:54:48,956 -      ETA: 00:01:49.26
2024-05-07 21:55:02,944 - Epoch [60/250], Loss: -24.4070 (-24.8608, 0.1404, 0.3133)
2024-05-07 21:55:02,944 -      ETA: 00:01:46.41
2024-05-07 21:55:16,960 - Epoch [65/250], Loss: -25.5406 (-25.9916, 0.1430, 0.3080)
2024-05-07 21:55:16,960 -      ETA: 00:01:43.73
2024-05-07 21:55:30,920 - Epoch [70/250], Loss: -24.4788 (-24.8928, 0.1304, 0.2837)
2024-05-07 21:55:30,920 -      ETA: 00:01:40.43
2024-05-07 21:55:44,904 - Epoch [75/250], Loss: -24.8488 (-25.2426, 0.1184, 0.2754)
2024-05-07 21:55:44,905 -      ETA: 00:01:38.15
2024-05-07 21:55:58,905 - Epoch [80/250], Loss: -25.3439 (-25.7176, 0.1139, 0.2598)
2024-05-07 21:55:58,906 -      ETA: 00:01:35.35
2024-05-07 21:56:12,916 - Epoch [85/250], Loss: -25.8223 (-26.1990, 0.1196, 0.2571)
2024-05-07 21:56:12,916 -      ETA: 00:01:32.70
2024-05-07 21:56:26,927 - Epoch [90/250], Loss: -26.0415 (-26.4275, 0.1246, 0.2614)
2024-05-07 21:56:26,927 -      ETA: 00:01:29.68
2024-05-07 21:56:40,936 - Epoch [95/250], Loss: -26.6486 (-27.0106, 0.1120, 0.2499)
2024-05-07 21:56:40,937 -      ETA: 00:01:26.98
2024-05-07 21:56:54,936 - Epoch [100/250], Loss: -23.9950 (-24.4288, 0.1234, 0.3105)
2024-05-07 21:56:54,936 -      ETA: 00:01:24.10
2024-05-07 21:56:55,001 - == NETWORK SAVED

2024-05-07 21:57:08,992 - Epoch [105/250], Loss: -26.1724 (-26.5484, 0.1153, 0.2607)
2024-05-07 21:57:08,993 -      ETA: 00:01:21.41
2024-05-07 21:57:23,002 - Epoch [110/250], Loss: -27.2840 (-27.6415, 0.1212, 0.2362)
2024-05-07 21:57:23,002 -      ETA: 00:01:18.54
2024-05-07 21:57:37,010 - Epoch [115/250], Loss: -26.4239 (-26.7539, 0.1067, 0.2232)
2024-05-07 21:57:37,010 -      ETA: 00:01:15.73
2024-05-07 21:57:51,024 - Epoch [120/250], Loss: -26.9847 (-27.3180, 0.1162, 0.2171)
2024-05-07 21:57:51,024 -      ETA: 00:01:12.87
2024-05-07 21:58:05,014 - Epoch [125/250], Loss: -26.2863 (-26.6658, 0.1118, 0.2677)
2024-05-07 21:58:05,014 -      ETA: 00:01:09.83
2024-05-07 21:58:18,984 - Epoch [130/250], Loss: -27.8753 (-28.2025, 0.1146, 0.2126)
2024-05-07 21:58:18,984 -      ETA: 00:01:07.29
2024-05-07 21:58:32,998 - Epoch [135/250], Loss: -27.4872 (-27.7909, 0.1024, 0.2013)
2024-05-07 21:58:32,998 -      ETA: 00:01:04.36
2024-05-07 21:58:47,023 - Epoch [140/250], Loss: -27.9231 (-28.2332, 0.1121, 0.1980)
2024-05-07 21:58:47,024 -      ETA: 00:01:01.59
2024-05-07 21:59:01,035 - Epoch [145/250], Loss: -27.4681 (-27.8092, 0.1128, 0.2282)
2024-05-07 21:59:01,035 -      ETA: 00:00:58.76
2024-05-07 21:59:15,061 - Epoch [150/250], Loss: -28.3136 (-28.6251, 0.1108, 0.2007)
2024-05-07 21:59:15,061 -      ETA: 00:00:56.02
2024-05-07 21:59:15,150 - == NETWORK SAVED

2024-05-07 21:59:17,600 - Exception occurred at epoch 151. Expected parameter loc (Tensor of shape (256, 914, 5, 8)) of distribution Normal(loc: torch.Size([256, 914, 5, 8]), scale: torch.Size([256, 914, 5, 8])) to satisfy the constraint Real(), but found invalid values:
tensor([[[[nan, nan, nan,  ..., nan, nan, nan],
          [nan, nan, nan,  ..., nan, na
2024-05-07 21:59:17,600 - Restoring model from epoch 151
2024-05-07 21:59:25,213 - Exception occurred at epoch 153. Expected parameter loc (Tensor of shape (256, 631, 5, 8)) of distribution Normal(loc: torch.Size([256, 631, 5, 8]), scale: torch.Size([256, 631, 5, 8])) to satisfy the constraint Real(), but found invalid values:
tensor([[[[nan, nan, nan,  ..., nan, nan, nan],
          [nan, nan, nan,  ..., nan, na
2024-05-07 21:59:25,213 - Restoring model from epoch 153
2024-05-07 21:59:31,979 - Exception occurred at epoch 153. Expected parameter loc (Tensor of shape (256, 777, 5, 8)) of distribution Normal(loc: torch.Size([256, 777, 5, 8]), scale: torch.Size([256, 777, 5, 8])) to satisfy the constraint Real(), but found invalid values:
tensor([[[[nan, nan, nan,  ..., nan, nan, nan],
          [nan, nan, nan,  ..., nan, na
2024-05-07 21:59:31,979 - Restoring model from epoch 153
2024-05-07 21:59:46,057 - Epoch [155/250], Loss: -28.0539 (-28.3556, 0.1098, 0.1919)
2024-05-07 21:59:46,057 -      ETA: 00:00:53.47
2024-05-07 22:00:00,133 - Epoch [160/250], Loss: -28.2841 (-28.6054, 0.1119, 0.2094)
2024-05-07 22:00:00,133 -      ETA: 00:00:50.65
2024-05-07 22:00:05,240 - Exception occurred at epoch 162. Expected parameter loc (Tensor of shape (256, 594, 5, 8)) of distribution Normal(loc: torch.Size([256, 594, 5, 8]), scale: torch.Size([256, 594, 5, 8])) to satisfy the constraint Real(), but found invalid values:
tensor([[[[nan, nan, nan,  ..., nan, nan, nan],
          [nan, nan, nan,  ..., nan, na
2024-05-07 22:00:05,240 - Restoring model from epoch 162
2024-05-07 22:00:19,281 - Epoch [165/250], Loss: -28.4708 (-28.7971, 0.1089, 0.2174)
2024-05-07 22:00:19,281 -      ETA: 00:00:47.74
2024-05-07 22:00:33,321 - Epoch [170/250], Loss: -28.4879 (-28.7802, 0.0969, 0.1954)
2024-05-07 22:00:33,322 -      ETA: 00:00:44.96
2024-05-07 22:00:47,336 - Epoch [175/250], Loss: -27.4928 (-27.7893, 0.1064, 0.1901)
2024-05-07 22:00:47,336 -      ETA: 00:00:41.98
2024-05-07 22:01:01,341 - Epoch [180/250], Loss: -28.8554 (-29.1458, 0.1028, 0.1875)
2024-05-07 22:01:01,342 -      ETA: 00:00:39.27
2024-05-07 22:01:15,377 - Epoch [185/250], Loss: -28.9227 (-29.2317, 0.1135, 0.1956)
2024-05-07 22:01:15,377 -      ETA: 00:00:36.46
2024-05-07 22:01:22,230 - Exception occurred at epoch 188. Expected parameter loc (Tensor of shape (256, 914, 5, 8)) of distribution Normal(loc: torch.Size([256, 914, 5, 8]), scale: torch.Size([256, 914, 5, 8])) to satisfy the constraint Real(), but found invalid values:
tensor([[[[nan, nan, nan,  ..., nan, nan, nan],
          [nan, nan, nan,  ..., nan, na
2024-05-07 22:01:22,230 - Restoring model from epoch 188
2024-05-07 22:01:35,173 - Exception occurred at epoch 190. Expected parameter loc (Tensor of shape (256, 462, 5, 8)) of distribution Normal(loc: torch.Size([256, 462, 5, 8]), scale: torch.Size([256, 462, 5, 8])) to satisfy the constraint Real(), but found invalid values:
tensor([[[[nan, nan, nan,  ..., nan, nan, nan],
          [nan, nan, nan,  ..., nan, na
2024-05-07 22:01:35,174 - Restoring model from epoch 190
2024-05-07 22:01:39,811 - Exception occurred at epoch 187. Expected parameter loc (Tensor of shape (256, 914, 5, 8)) of distribution Normal(loc: torch.Size([256, 914, 5, 8]), scale: torch.Size([256, 914, 5, 8])) to satisfy the constraint Real(), but found invalid values:
tensor([[[[nan, nan, nan,  ..., nan, nan, nan],
          [nan, nan, nan,  ..., nan, na
2024-05-07 22:01:39,811 - Restoring model from epoch 187
2024-05-07 22:01:43,938 - Exception occurred at epoch 187. Expected parameter loc (Tensor of shape (256, 970, 5, 8)) of distribution Normal(loc: torch.Size([256, 970, 5, 8]), scale: torch.Size([256, 970, 5, 8])) to satisfy the constraint Real(), but found invalid values:
tensor([[[[nan, nan, nan,  ..., nan, nan, nan],
          [nan, nan, nan,  ..., nan, na
2024-05-07 22:01:43,938 - Restoring model from epoch 187
2024-05-07 22:01:58,071 - Epoch [185/250], Loss: -28.9651 (-29.2595, 0.1064, 0.1880)
2024-05-07 22:01:58,071 -      ETA: 00:00:36.70
2024-05-07 22:02:12,170 - Epoch [190/250], Loss: -28.9442 (-29.2322, 0.1075, 0.1806)
2024-05-07 22:02:12,170 -      ETA: 00:00:33.87
2024-05-07 22:02:26,263 - Epoch [195/250], Loss: -29.3974 (-29.6724, 0.1008, 0.1742)
2024-05-07 22:02:26,263 -      ETA: 00:00:31.01
2024-05-07 22:02:27,286 - Exception occurred at epoch 196. Expected parameter loc (Tensor of shape (256, 516, 5, 8)) of distribution Normal(loc: torch.Size([256, 516, 5, 8]), scale: torch.Size([256, 516, 5, 8])) to satisfy the constraint Real(), but found invalid values:
tensor([[[[nan, nan, nan,  ..., nan, nan, nan],
          [nan, nan, nan,  ..., nan, na
2024-05-07 22:02:27,286 - Restoring model from epoch 196
2024-05-07 22:02:28,081 - Exception occurred at epoch 196. Expected parameter loc (Tensor of shape (256, 970, 5, 8)) of distribution Normal(loc: torch.Size([256, 970, 5, 8]), scale: torch.Size([256, 970, 5, 8])) to satisfy the constraint Real(), but found invalid values:
tensor([[[[nan, nan, nan,  ..., nan, nan, nan],
          [nan, nan, nan,  ..., nan, na
2024-05-07 22:02:28,082 - Restoring model from epoch 196
2024-05-07 22:02:29,137 - Exception occurred at epoch 196. Expected parameter loc (Tensor of shape (256, 513, 5, 8)) of distribution Normal(loc: torch.Size([256, 513, 5, 8]), scale: torch.Size([256, 513, 5, 8])) to satisfy the constraint Real(), but found invalid values:
tensor([[[[nan, nan, nan,  ..., nan, nan, nan],
          [nan, nan, nan,  ..., nan, na
2024-05-07 22:02:29,137 - Restoring model from epoch 196
2024-05-07 22:02:43,190 - Epoch [200/250], Loss: -28.9364 (-29.2126, 0.0993, 0.1770)
2024-05-07 22:02:43,190 -      ETA: 00:00:28.08
2024-05-07 22:02:43,279 - == NETWORK SAVED

2024-05-07 22:02:57,317 - Epoch [205/250], Loss: -28.8463 (-29.1460, 0.1006, 0.1990)
2024-05-07 22:02:57,317 -      ETA: 00:00:25.34
2024-05-07 22:03:10,176 - Exception occurred at epoch 210. Expected parameter loc (Tensor of shape (256, 777, 5, 8)) of distribution Normal(loc: torch.Size([256, 777, 5, 8]), scale: torch.Size([256, 777, 5, 8])) to satisfy the constraint Real(), but found invalid values:
tensor([[[[nan, nan, nan,  ..., nan, nan, nan],
          [nan, nan, nan,  ..., nan, na
2024-05-07 22:03:10,176 - Restoring model from epoch 210
2024-05-07 22:03:24,254 - Epoch [210/250], Loss: -29.3726 (-29.6300, 0.0933, 0.1641)
2024-05-07 22:03:24,254 -      ETA: 00:00:22.45
2024-05-07 22:03:38,283 - Epoch [215/250], Loss: -29.7493 (-30.0091, 0.0927, 0.1671)
2024-05-07 22:03:38,283 -      ETA: 00:00:19.67
2024-05-07 22:03:40,893 - Exception occurred at epoch 216. Expected parameter loc (Tensor of shape (256, 553, 5, 8)) of distribution Normal(loc: torch.Size([256, 553, 5, 8]), scale: torch.Size([256, 553, 5, 8])) to satisfy the constraint Real(), but found invalid values:
tensor([[[[nan, nan, nan,  ..., nan, nan, nan],
          [nan, nan, nan,  ..., nan, na
2024-05-07 22:03:40,894 - Restoring model from epoch 216
2024-05-07 22:03:41,829 - Exception occurred at epoch 216. Expected parameter loc (Tensor of shape (256, 631, 5, 8)) of distribution Normal(loc: torch.Size([256, 631, 5, 8]), scale: torch.Size([256, 631, 5, 8])) to satisfy the constraint Real(), but found invalid values:
tensor([[[[nan, nan, nan,  ..., nan, nan, nan],
          [nan, nan, nan,  ..., nan, na
2024-05-07 22:03:41,829 - Restoring model from epoch 216
2024-05-07 22:03:45,751 - Exception occurred at epoch 217. Expected parameter loc (Tensor of shape (256, 503, 5, 8)) of distribution Normal(loc: torch.Size([256, 503, 5, 8]), scale: torch.Size([256, 503, 5, 8])) to satisfy the constraint Real(), but found invalid values:
tensor([[[[nan, nan, nan,  ..., nan, nan, nan],
          [nan, nan, nan,  ..., nan, na
2024-05-07 22:03:45,751 - Restoring model from epoch 217
2024-05-07 22:03:48,563 - Exception occurred at epoch 216. Expected parameter loc (Tensor of shape (256, 540, 5, 8)) of distribution Normal(loc: torch.Size([256, 540, 5, 8]), scale: torch.Size([256, 540, 5, 8])) to satisfy the constraint Real(), but found invalid values:
tensor([[[[nan, nan, nan,  ..., nan, nan, nan],
          [nan, nan, nan,  ..., nan, na
2024-05-07 22:03:48,563 - Restoring model from epoch 216
2024-05-07 22:03:57,468 - Exception occurred at epoch 214. Expected parameter loc (Tensor of shape (256, 462, 5, 8)) of distribution Normal(loc: torch.Size([256, 462, 5, 8]), scale: torch.Size([256, 462, 5, 8])) to satisfy the constraint Real(), but found invalid values:
tensor([[[[nan, nan, nan,  ..., nan, nan, nan],
          [nan, nan, nan,  ..., nan, na
2024-05-07 22:03:57,468 - Restoring model from epoch 214
2024-05-07 22:04:11,928 - Epoch [215/250], Loss: -29.7679 (-30.0382, 0.1028, 0.1674)
2024-05-07 22:04:11,928 -      ETA: 00:00:20.21
2024-05-07 22:04:26,363 - Epoch [220/250], Loss: -29.1722 (-29.4170, 0.0886, 0.1562)
2024-05-07 22:04:26,363 -      ETA: 00:00:17.33
2024-05-07 22:04:40,782 - Epoch [225/250], Loss: -29.3529 (-29.6128, 0.0899, 0.1699)
2024-05-07 22:04:40,782 -      ETA: 00:00:14.43
2024-05-07 22:04:50,536 - Exception occurred at epoch 229. Expected parameter loc (Tensor of shape (256, 540, 5, 8)) of distribution Normal(loc: torch.Size([256, 540, 5, 8]), scale: torch.Size([256, 540, 5, 8])) to satisfy the constraint Real(), but found invalid values:
tensor([[[[nan, nan, nan,  ..., nan, nan, nan],
          [nan, nan, nan,  ..., nan, na
2024-05-07 22:04:50,537 - Restoring model from epoch 229
2024-05-07 22:05:04,667 - Epoch [230/250], Loss: -29.6500 (-29.9065, 0.0975, 0.1590)
2024-05-07 22:05:04,667 -      ETA: 00:00:11.30
2024-05-07 22:05:08,438 - Exception occurred at epoch 232. Expected parameter loc (Tensor of shape (256, 914, 5, 8)) of distribution Normal(loc: torch.Size([256, 914, 5, 8]), scale: torch.Size([256, 914, 5, 8])) to satisfy the constraint Real(), but found invalid values:
tensor([[[[nan, nan, nan,  ..., nan, nan, nan],
          [nan, nan, nan,  ..., nan, na
2024-05-07 22:05:08,438 - Restoring model from epoch 232
2024-05-07 22:05:22,555 - Epoch [235/250], Loss: -29.7575 (-30.0181, 0.0951, 0.1655)
2024-05-07 22:05:22,556 -      ETA: 00:00:08.47
2024-05-07 22:05:36,653 - Epoch [240/250], Loss: -29.5621 (-29.8270, 0.0978, 0.1671)
2024-05-07 22:05:36,654 -      ETA: 00:00:05.64
2024-05-07 22:05:50,760 - Epoch [245/250], Loss: -29.8680 (-30.1094, 0.0896, 0.1519)
2024-05-07 22:05:50,760 -      ETA: 00:00:02.82
2024-05-07 22:06:04,853 - Epoch [250/250], Loss: -29.9902 (-30.2347, 0.0975, 0.1470)
2024-05-07 22:06:04,853 -      ETA: 00:00:00.00
2024-05-07 22:06:04,963 - == NETWORK SAVED

